<?xml version="1.0" encoding="UTF-8"?>
<testsuite name="com.itachallenge.challenge.services.ChallengeServiceImpTest" tests="1" skipped="0" failures="0" errors="0" timestamp="2023-05-22T14:01:02" hostname="PC-TORTOSALA" time="0.135">
  <properties/>
  <testcase name="test()" classname="com.itachallenge.challenge.services.ChallengeServiceImpTest" time="0.135"/>
  <system-out><![CDATA[16:00:49.892 [Test worker] DEBUG org.springframework.test.context.BootstrapUtils - Instantiating CacheAwareContextLoaderDelegate from class [org.springframework.test.context.cache.DefaultCacheAwareContextLoaderDelegate]
16:00:49.973 [Test worker] DEBUG org.springframework.test.context.BootstrapUtils - Instantiating BootstrapContext using constructor [public org.springframework.test.context.support.DefaultBootstrapContext(java.lang.Class,org.springframework.test.context.CacheAwareContextLoaderDelegate)]
16:00:50.216 [Test worker] DEBUG org.springframework.test.context.BootstrapUtils - Instantiating TestContextBootstrapper for test class [com.itachallenge.challenge.services.ChallengeServiceImpTest] from class [org.springframework.boot.test.autoconfigure.web.reactive.WebFluxTestContextBootstrapper]
16:00:50.278 [Test worker] INFO org.springframework.boot.test.autoconfigure.web.reactive.WebFluxTestContextBootstrapper - Neither @ContextConfiguration nor @ContextHierarchy found for test class [com.itachallenge.challenge.services.ChallengeServiceImpTest], using SpringBootContextLoader
16:00:50.312 [Test worker] DEBUG org.springframework.test.context.support.AbstractContextLoader - Did not detect default resource location for test class [com.itachallenge.challenge.services.ChallengeServiceImpTest]: class path resource [com/itachallenge/challenge/services/ChallengeServiceImpTest-context.xml] does not exist
16:00:50.315 [Test worker] DEBUG org.springframework.test.context.support.AbstractContextLoader - Did not detect default resource location for test class [com.itachallenge.challenge.services.ChallengeServiceImpTest]: class path resource [com/itachallenge/challenge/services/ChallengeServiceImpTestContext.groovy] does not exist
16:00:50.315 [Test worker] INFO org.springframework.test.context.support.AbstractContextLoader - Could not detect default resource locations for test class [com.itachallenge.challenge.services.ChallengeServiceImpTest]: no resource found for suffixes {-context.xml, Context.groovy}.
16:00:50.318 [Test worker] INFO org.springframework.test.context.support.AnnotationConfigContextLoaderUtils - Could not detect default configuration classes for test class [com.itachallenge.challenge.services.ChallengeServiceImpTest]: ChallengeServiceImpTest does not declare any static, non-private, non-final, nested classes annotated with @Configuration.
16:00:50.685 [Test worker] DEBUG org.springframework.test.context.support.ActiveProfilesUtils - Could not find an 'annotation declaring class' for annotation type [org.springframework.test.context.ActiveProfiles] and class [com.itachallenge.challenge.services.ChallengeServiceImpTest]
16:00:51.070 [Test worker] DEBUG org.springframework.context.annotation.ClassPathScanningCandidateComponentProvider - Identified candidate component class: file [C:\Users\Usuario\Desktop\IT Academy\ita-challenges-backend\itachallenge-challenge\build\classes\java\main\com\itachallenge\challenge\App.class]
16:00:51.073 [Test worker] INFO org.springframework.boot.test.context.SpringBootTestContextBootstrapper - Found @SpringBootConfiguration com.itachallenge.challenge.App for test class com.itachallenge.challenge.services.ChallengeServiceImpTest
16:00:51.091 [Test worker] DEBUG org.springframework.boot.test.autoconfigure.web.reactive.WebFluxTestContextBootstrapper - @TestExecutionListeners is not present for class [com.itachallenge.challenge.services.ChallengeServiceImpTest]: using defaults.
16:00:51.093 [Test worker] INFO org.springframework.boot.test.autoconfigure.web.reactive.WebFluxTestContextBootstrapper - Loaded default TestExecutionListener class names from location [META-INF/spring.factories]: [org.springframework.boot.test.autoconfigure.restdocs.RestDocsTestExecutionListener, org.springframework.boot.test.autoconfigure.web.client.MockRestServiceServerResetTestExecutionListener, org.springframework.boot.test.autoconfigure.web.servlet.MockMvcPrintOnlyOnFailureTestExecutionListener, org.springframework.boot.test.autoconfigure.web.servlet.WebDriverTestExecutionListener, org.springframework.boot.test.autoconfigure.webservices.client.MockWebServiceServerTestExecutionListener, org.springframework.test.context.web.ServletTestExecutionListener, org.springframework.test.context.support.DirtiesContextBeforeModesTestExecutionListener, org.springframework.test.context.event.ApplicationEventsTestExecutionListener, org.springframework.test.context.support.DependencyInjectionTestExecutionListener, org.springframework.test.context.support.DirtiesContextTestExecutionListener, org.springframework.test.context.transaction.TransactionalTestExecutionListener, org.springframework.test.context.jdbc.SqlScriptsTestExecutionListener, org.springframework.test.context.event.EventPublishingTestExecutionListener, org.springframework.boot.test.mock.mockito.MockitoTestExecutionListener, org.springframework.boot.test.mock.mockito.ResetMocksTestExecutionListener]
16:00:51.201 [Test worker] INFO org.springframework.boot.test.autoconfigure.web.reactive.WebFluxTestContextBootstrapper - Using TestExecutionListeners: [org.springframework.test.context.web.ServletTestExecutionListener@4a901445, org.springframework.test.context.support.DirtiesContextBeforeModesTestExecutionListener@67f77f6e, org.springframework.test.context.event.ApplicationEventsTestExecutionListener@2b0b7e5a, org.springframework.boot.test.mock.mockito.MockitoTestExecutionListener@7be1ce6a, org.springframework.boot.test.autoconfigure.SpringBootDependencyInjectionTestExecutionListener@3119cf6f, org.springframework.test.context.support.DirtiesContextTestExecutionListener@6dc9da2d, org.springframework.test.context.transaction.TransactionalTestExecutionListener@1d408060, org.springframework.test.context.jdbc.SqlScriptsTestExecutionListener@68a78f3c, org.springframework.test.context.event.EventPublishingTestExecutionListener@17ba57f0, org.springframework.boot.test.autoconfigure.restdocs.RestDocsTestExecutionListener@3481ff98, org.springframework.boot.test.autoconfigure.web.client.MockRestServiceServerResetTestExecutionListener@2ddb3ae8, org.springframework.boot.test.autoconfigure.web.servlet.MockMvcPrintOnlyOnFailureTestExecutionListener@79518e00, org.springframework.boot.test.autoconfigure.web.servlet.WebDriverTestExecutionListener@3c91530d, org.springframework.boot.test.autoconfigure.webservices.client.MockWebServiceServerTestExecutionListener@7d70638, org.springframework.boot.test.mock.mockito.ResetMocksTestExecutionListener@732f6050]
16:00:51.223 [Test worker] DEBUG org.springframework.test.context.support.AbstractDirtiesContextTestExecutionListener - Before test class: context [DefaultTestContext@4ed4a7e4 testClass = ChallengeServiceImpTest, testInstance = [null], testMethod = [null], testException = [null], mergedContextConfiguration = [ReactiveWebMergedContextConfiguration@1c7350b0 testClass = ChallengeServiceImpTest, locations = '{}', classes = '{class com.itachallenge.challenge.App}', contextInitializerClasses = '[]', activeProfiles = '{}', propertySourceLocations = '{}', propertySourceProperties = '{org.springframework.boot.test.autoconfigure.web.reactive.WebFluxTestContextBootstrapper=true}', contextCustomizers = set[org.springframework.boot.test.autoconfigure.OverrideAutoConfigurationContextCustomizerFactory$DisableAutoConfigurationContextCustomizer@18460128, org.springframework.boot.test.autoconfigure.actuate.metrics.MetricsExportContextCustomizerFactory$DisableMetricExportContextCustomizer@53830483, org.springframework.boot.test.autoconfigure.filter.TypeExcludeFiltersContextCustomizer@93cba7c2, org.springframework.boot.test.autoconfigure.properties.PropertyMappingContextCustomizer@945fed36, org.springframework.boot.test.autoconfigure.web.servlet.WebDriverContextCustomizerFactory$Customizer@17d32e9b, [ImportsContextCustomizer@55651434 key = [org.springframework.boot.autoconfigure.cache.CacheAutoConfiguration, org.springframework.boot.autoconfigure.gson.GsonAutoConfiguration, org.springframework.boot.autoconfigure.jackson.JacksonAutoConfiguration, org.springframework.boot.autoconfigure.jsonb.JsonbAutoConfiguration, org.springframework.boot.autoconfigure.context.MessageSourceAutoConfiguration, org.springframework.boot.autoconfigure.freemarker.FreeMarkerAutoConfiguration, org.springframework.boot.autoconfigure.http.codec.CodecsAutoConfiguration, org.springframework.boot.autoconfigure.mustache.MustacheAutoConfiguration, org.springframework.boot.autoconfigure.thymeleaf.ThymeleafAutoConfiguration, org.springframework.boot.autoconfigure.validation.ValidationAutoConfiguration, org.springframework.boot.autoconfigure.web.reactive.WebFluxAutoConfiguration, org.springframework.boot.autoconfigure.web.reactive.error.ErrorWebFluxAutoConfiguration, org.springframework.boot.autoconfigure.security.oauth2.client.reactive.ReactiveOAuth2ClientAutoConfiguration, org.springframework.boot.autoconfigure.security.oauth2.resource.reactive.ReactiveOAuth2ResourceServerAutoConfiguration, org.springframework.boot.autoconfigure.security.reactive.ReactiveSecurityAutoConfiguration, org.springframework.boot.autoconfigure.security.reactive.ReactiveUserDetailsServiceAutoConfiguration, org.springframework.boot.test.autoconfigure.web.reactive.WebTestClientAutoConfiguration]], org.springframework.boot.test.context.filter.ExcludeFilterContextCustomizer@5292ceca, org.springframework.boot.test.json.DuplicateJsonObjectContextCustomizerFactory$DuplicateJsonObjectContextCustomizer@4110765e, org.springframework.boot.test.mock.mockito.MockitoContextCustomizer@6e556880, org.springframework.boot.test.context.SpringBootTestArgs@1, org.springframework.boot.test.context.SpringBootTestWebEnvironment@0], contextLoader = 'org.springframework.boot.test.context.SpringBootContextLoader', parent = [null]], attributes = map[[empty]]], class annotated with @DirtiesContext [false] with mode [null].
16:00:54.852 [Test worker] DEBUG org.springframework.boot.ApplicationReactiveWebEnvironment - Activating profiles []
16:00:54.977 [Test worker] DEBUG org.springframework.test.context.support.TestPropertySourceUtils - Adding inlined properties to environment: {spring.jmx.enabled=false, org.springframework.boot.test.autoconfigure.web.reactive.WebFluxTestContextBootstrapper=true}

  .   ____          _            __ _ _
 /\\ / ___'_ __ _ _(_)_ __  __ _ \ \ \ \
( ( )\___ | '_ | '_| | '_ \/ _` | \ \ \ \
 \\/  ___)| |_)| | | | | || (_| |  ) ) ) )
  '  |____| .__|_| |_|_| |_\__, | / / / /
 =========|_|==============|___/=/_/_/_/
 :: Spring Boot ::                (v2.6.2)

2023-05-22 16:00:57.356  INFO 15308 --- [    Test worker] c.i.c.services.ChallengeServiceImpTest   : Starting ChallengeServiceImpTest using Java 17.0.7 on PC-TortoSala with PID 15308 (started by Usuario in C:\Users\Usuario\Desktop\IT Academy\ita-challenges-backend\itachallenge-challenge)
2023-05-22 16:00:57.361  INFO 15308 --- [    Test worker] c.i.c.services.ChallengeServiceImpTest   : No active profile set, falling back to default profiles: default
2023-05-22 16:01:02.232  INFO 15308 --- [    Test worker] c.i.c.services.ChallengeServiceImpTest   : Started ChallengeServiceImpTest in 7.25 seconds (JVM running for 17.169)
]]></system-out>
  <system-err><![CDATA[]]></system-err>
</testsuite>
