<?xml version="1.0" encoding="UTF-8"?>
<testsuite name="com.itachallenge.challenge.services.ChallengeServiceImpTest" tests="5" skipped="0" failures="0" errors="0" timestamp="2023-05-31T07:46:48" hostname="PC-TORTOSALA" time="1.483">
  <properties/>
  <testcase name="test()" classname="com.itachallenge.challenge.services.ChallengeServiceImpTest" time="0.374"/>
  <testcase name="testIsValidUUID_Ok()" classname="com.itachallenge.challenge.services.ChallengeServiceImpTest" time="0.042"/>
  <testcase name="testIsValidUUID_NotValid()" classname="com.itachallenge.challenge.services.ChallengeServiceImpTest" time="0.047"/>
  <testcase name="testGetChallengeId_Empty()" classname="com.itachallenge.challenge.services.ChallengeServiceImpTest" time="0.73"/>
  <testcase name="testGetChallengeId_Valid()" classname="com.itachallenge.challenge.services.ChallengeServiceImpTest" time="0.194"/>
  <system-out><![CDATA[09:46:21.252 [Test worker] DEBUG org.springframework.test.context.BootstrapUtils - Instantiating CacheAwareContextLoaderDelegate from class [org.springframework.test.context.cache.DefaultCacheAwareContextLoaderDelegate]
09:46:21.364 [Test worker] DEBUG org.springframework.test.context.BootstrapUtils - Instantiating BootstrapContext using constructor [public org.springframework.test.context.support.DefaultBootstrapContext(java.lang.Class,org.springframework.test.context.CacheAwareContextLoaderDelegate)]
09:46:21.655 [Test worker] DEBUG org.springframework.test.context.BootstrapUtils - Instantiating TestContextBootstrapper for test class [com.itachallenge.challenge.services.ChallengeServiceImpTest] from class [org.springframework.boot.test.autoconfigure.web.reactive.WebFluxTestContextBootstrapper]
09:46:21.751 [Test worker] INFO org.springframework.boot.test.autoconfigure.web.reactive.WebFluxTestContextBootstrapper - Neither @ContextConfiguration nor @ContextHierarchy found for test class [com.itachallenge.challenge.services.ChallengeServiceImpTest], using SpringBootContextLoader
09:46:21.804 [Test worker] DEBUG org.springframework.test.context.support.AbstractContextLoader - Did not detect default resource location for test class [com.itachallenge.challenge.services.ChallengeServiceImpTest]: class path resource [com/itachallenge/challenge/services/ChallengeServiceImpTest-context.xml] does not exist
09:46:21.807 [Test worker] DEBUG org.springframework.test.context.support.AbstractContextLoader - Did not detect default resource location for test class [com.itachallenge.challenge.services.ChallengeServiceImpTest]: class path resource [com/itachallenge/challenge/services/ChallengeServiceImpTestContext.groovy] does not exist
09:46:21.811 [Test worker] INFO org.springframework.test.context.support.AbstractContextLoader - Could not detect default resource locations for test class [com.itachallenge.challenge.services.ChallengeServiceImpTest]: no resource found for suffixes {-context.xml, Context.groovy}.
09:46:21.867 [Test worker] INFO org.springframework.test.context.support.AnnotationConfigContextLoaderUtils - Could not detect default configuration classes for test class [com.itachallenge.challenge.services.ChallengeServiceImpTest]: ChallengeServiceImpTest does not declare any static, non-private, non-final, nested classes annotated with @Configuration.
09:46:22.680 [Test worker] DEBUG org.springframework.test.context.support.ActiveProfilesUtils - Could not find an 'annotation declaring class' for annotation type [org.springframework.test.context.ActiveProfiles] and class [com.itachallenge.challenge.services.ChallengeServiceImpTest]
09:46:23.199 [Test worker] DEBUG org.springframework.context.annotation.ClassPathScanningCandidateComponentProvider - Identified candidate component class: file [C:\Users\Usuario\Desktop\IT Academy\ita-challenges-backend\itachallenge-challenge\build\classes\java\main\com\itachallenge\challenge\App.class]
09:46:23.204 [Test worker] INFO org.springframework.boot.test.context.SpringBootTestContextBootstrapper - Found @SpringBootConfiguration com.itachallenge.challenge.App for test class com.itachallenge.challenge.services.ChallengeServiceImpTest
09:46:23.229 [Test worker] DEBUG org.springframework.boot.test.autoconfigure.web.reactive.WebFluxTestContextBootstrapper - @TestExecutionListeners is not present for class [com.itachallenge.challenge.services.ChallengeServiceImpTest]: using defaults.
09:46:23.234 [Test worker] INFO org.springframework.boot.test.autoconfigure.web.reactive.WebFluxTestContextBootstrapper - Loaded default TestExecutionListener class names from location [META-INF/spring.factories]: [org.springframework.boot.test.autoconfigure.restdocs.RestDocsTestExecutionListener, org.springframework.boot.test.autoconfigure.web.client.MockRestServiceServerResetTestExecutionListener, org.springframework.boot.test.autoconfigure.web.servlet.MockMvcPrintOnlyOnFailureTestExecutionListener, org.springframework.boot.test.autoconfigure.web.servlet.WebDriverTestExecutionListener, org.springframework.boot.test.autoconfigure.webservices.client.MockWebServiceServerTestExecutionListener, org.springframework.test.context.web.ServletTestExecutionListener, org.springframework.test.context.support.DirtiesContextBeforeModesTestExecutionListener, org.springframework.test.context.event.ApplicationEventsTestExecutionListener, org.springframework.test.context.support.DependencyInjectionTestExecutionListener, org.springframework.test.context.support.DirtiesContextTestExecutionListener, org.springframework.test.context.transaction.TransactionalTestExecutionListener, org.springframework.test.context.jdbc.SqlScriptsTestExecutionListener, org.springframework.test.context.event.EventPublishingTestExecutionListener, org.springframework.boot.test.mock.mockito.MockitoTestExecutionListener, org.springframework.boot.test.mock.mockito.ResetMocksTestExecutionListener]
09:46:23.370 [Test worker] INFO org.springframework.boot.test.autoconfigure.web.reactive.WebFluxTestContextBootstrapper - Using TestExecutionListeners: [org.springframework.test.context.web.ServletTestExecutionListener@41a374be, org.springframework.test.context.support.DirtiesContextBeforeModesTestExecutionListener@11f9535b, org.springframework.test.context.event.ApplicationEventsTestExecutionListener@8cc8cdb, org.springframework.boot.test.mock.mockito.MockitoTestExecutionListener@1e236278, org.springframework.boot.test.autoconfigure.SpringBootDependencyInjectionTestExecutionListener@44fff386, org.springframework.test.context.support.DirtiesContextTestExecutionListener@1fc713c9, org.springframework.test.context.transaction.TransactionalTestExecutionListener@7301eebe, org.springframework.test.context.jdbc.SqlScriptsTestExecutionListener@76b47204, org.springframework.test.context.event.EventPublishingTestExecutionListener@4d6ccc97, org.springframework.boot.test.autoconfigure.restdocs.RestDocsTestExecutionListener@6a12c7a8, org.springframework.boot.test.autoconfigure.web.client.MockRestServiceServerResetTestExecutionListener@161aa04a, org.springframework.boot.test.autoconfigure.web.servlet.MockMvcPrintOnlyOnFailureTestExecutionListener@436bd4df, org.springframework.boot.test.autoconfigure.web.servlet.WebDriverTestExecutionListener@6848a051, org.springframework.boot.test.autoconfigure.webservices.client.MockWebServiceServerTestExecutionListener@149b0577, org.springframework.boot.test.mock.mockito.ResetMocksTestExecutionListener@5740ff5e]
09:46:23.393 [Test worker] DEBUG org.springframework.test.context.support.AbstractDirtiesContextTestExecutionListener - Before test class: context [DefaultTestContext@4d1ff6b1 testClass = ChallengeServiceImpTest, testInstance = [null], testMethod = [null], testException = [null], mergedContextConfiguration = [ReactiveWebMergedContextConfiguration@45f756e6 testClass = ChallengeServiceImpTest, locations = '{}', classes = '{class com.itachallenge.challenge.App}', contextInitializerClasses = '[]', activeProfiles = '{}', propertySourceLocations = '{}', propertySourceProperties = '{org.springframework.boot.test.autoconfigure.web.reactive.WebFluxTestContextBootstrapper=true}', contextCustomizers = set[org.springframework.boot.test.autoconfigure.OverrideAutoConfigurationContextCustomizerFactory$DisableAutoConfigurationContextCustomizer@5e1fc2aa, org.springframework.boot.test.autoconfigure.actuate.metrics.MetricsExportContextCustomizerFactory$DisableMetricExportContextCustomizer@2af46afd, org.springframework.boot.test.autoconfigure.filter.TypeExcludeFiltersContextCustomizer@c6dd0bea, org.springframework.boot.test.autoconfigure.properties.PropertyMappingContextCustomizer@76c2e513, org.springframework.boot.test.autoconfigure.web.servlet.WebDriverContextCustomizerFactory$Customizer@49ede9c7, [ImportsContextCustomizer@329548d0 key = [org.springframework.boot.autoconfigure.cache.CacheAutoConfiguration, org.springframework.boot.autoconfigure.gson.GsonAutoConfiguration, org.springframework.boot.autoconfigure.jackson.JacksonAutoConfiguration, org.springframework.boot.autoconfigure.jsonb.JsonbAutoConfiguration, org.springframework.boot.autoconfigure.context.MessageSourceAutoConfiguration, org.springframework.boot.autoconfigure.freemarker.FreeMarkerAutoConfiguration, org.springframework.boot.autoconfigure.http.codec.CodecsAutoConfiguration, org.springframework.boot.autoconfigure.mustache.MustacheAutoConfiguration, org.springframework.boot.autoconfigure.thymeleaf.ThymeleafAutoConfiguration, org.springframework.boot.autoconfigure.validation.ValidationAutoConfiguration, org.springframework.boot.autoconfigure.web.reactive.WebFluxAutoConfiguration, org.springframework.boot.autoconfigure.web.reactive.error.ErrorWebFluxAutoConfiguration, org.springframework.boot.autoconfigure.security.oauth2.client.reactive.ReactiveOAuth2ClientAutoConfiguration, org.springframework.boot.autoconfigure.security.oauth2.resource.reactive.ReactiveOAuth2ResourceServerAutoConfiguration, org.springframework.boot.autoconfigure.security.reactive.ReactiveSecurityAutoConfiguration, org.springframework.boot.autoconfigure.security.reactive.ReactiveUserDetailsServiceAutoConfiguration, org.springframework.boot.test.autoconfigure.web.reactive.WebTestClientAutoConfiguration]], org.springframework.boot.test.context.filter.ExcludeFilterContextCustomizer@51288417, org.springframework.boot.test.json.DuplicateJsonObjectContextCustomizerFactory$DuplicateJsonObjectContextCustomizer@fd9ebde, org.springframework.boot.test.mock.mockito.MockitoContextCustomizer@9da2cd6, org.springframework.boot.test.context.SpringBootTestArgs@1, org.springframework.boot.test.context.SpringBootTestWebEnvironment@0], contextLoader = 'org.springframework.boot.test.context.SpringBootContextLoader', parent = [null]], attributes = map[[empty]]], class annotated with @DirtiesContext [false] with mode [null].
09:46:29.470 [Test worker] DEBUG org.springframework.boot.ApplicationReactiveWebEnvironment - Activating profiles []
09:46:29.753 [Test worker] DEBUG org.springframework.test.context.support.TestPropertySourceUtils - Adding inlined properties to environment: {spring.jmx.enabled=false, org.springframework.boot.test.autoconfigure.web.reactive.WebFluxTestContextBootstrapper=true}

  .   ____          _            __ _ _
 /\\ / ___'_ __ _ _(_)_ __  __ _ \ \ \ \
( ( )\___ | '_ | '_| | '_ \/ _` | \ \ \ \
 \\/  ___)| |_)| | | | | || (_| |  ) ) ) )
  '  |____| .__|_| |_|_| |_\__, | / / / /
 =========|_|==============|___/=/_/_/_/
 :: Spring Boot ::                (v2.6.2)

2023-05-31 09:46:34.942  INFO 1400 --- [    Test worker] c.i.c.services.ChallengeServiceImpTest   : Starting ChallengeServiceImpTest using Java 17.0.7 on PC-TortoSala with PID 1400 (started by Usuario in C:\Users\Usuario\Desktop\IT Academy\ita-challenges-backend\itachallenge-challenge)
2023-05-31 09:46:34.948  INFO 1400 --- [    Test worker] c.i.c.services.ChallengeServiceImpTest   : No active profile set, falling back to default profiles: default
2023-05-31 09:46:48.288  INFO 1400 --- [    Test worker] c.i.c.services.ChallengeServiceImpTest   : Started ChallengeServiceImpTest in 18.526 seconds (JVM running for 33.14)
2023-05-31 09:46:49.342  INFO 1400 --- [    Test worker] c.i.c.services.ChallengeServiceImp       : Object challenge in getChallengeId(): false
2023-05-31 09:46:49.767  INFO 1400 --- [    Test worker] c.i.c.services.ChallengeServiceImp       : Object challenge in getChallengeId(): true
]]></system-out>
  <system-err><![CDATA[]]></system-err>
</testsuite>
