<?xml version="1.0" encoding="UTF-8"?>
<testsuite name="com.itachallenge.user.repository.UserRepositoryTest" tests="6" skipped="0" failures="0" errors="0" timestamp="2023-06-02T19:02:26" hostname="DESKTOP-95SRRE1" time="2.023">
  <properties/>
  <testcase name="testRoles()" classname="com.itachallenge.user.repository.UserRepositoryTest" time="1.665"/>
  <testcase name="testFindByUuid()" classname="com.itachallenge.user.repository.UserRepositoryTest" time="0.152"/>
  <testcase name="testFindByEmail()" classname="com.itachallenge.user.repository.UserRepositoryTest" time="0.042"/>
  <testcase name="testExistsByUuid()" classname="com.itachallenge.user.repository.UserRepositoryTest" time="0.051"/>
  <testcase name="testUserSaved()" classname="com.itachallenge.user.repository.UserRepositoryTest" time="0.058"/>
  <testcase name="testExistsByEmail()" classname="com.itachallenge.user.repository.UserRepositoryTest" time="0.043"/>
  <system-out><![CDATA[21:02:14.343 [Test worker] DEBUG org.springframework.boot.test.autoconfigure.data.mongo.DataMongoTestContextBootstrapper -- Neither @ContextConfiguration nor @ContextHierarchy found for test class [UserRepositoryTest]: using SpringBootContextLoader
21:02:14.362 [Test worker] DEBUG org.springframework.test.context.support.AbstractContextLoader -- Could not detect default resource locations for test class [com.itachallenge.user.repository.UserRepositoryTest]: no resource found for suffixes {-context.xml, Context.groovy}.
21:02:14.365 [Test worker] INFO org.springframework.test.context.support.AnnotationConfigContextLoaderUtils -- Could not detect default configuration classes for test class [com.itachallenge.user.repository.UserRepositoryTest]: UserRepositoryTest does not declare any static, non-private, non-final, nested classes annotated with @Configuration.
21:02:14.476 [Test worker] DEBUG org.springframework.boot.test.autoconfigure.data.mongo.DataMongoTestContextBootstrapper -- Using ContextCustomizers for test class [UserRepositoryTest]: [DisableAutoConfigurationContextCustomizer, DisableObservabilityContextCustomizer, TypeExcludeFiltersContextCustomizer, PropertyMappingContextCustomizer, Customizer, DynamicPropertiesContextCustomizer, ImportsContextCustomizer, ExcludeFilterContextCustomizer, DuplicateJsonObjectContextCustomizer, MockitoContextCustomizer]
21:02:14.694 [Test worker] DEBUG org.springframework.context.annotation.ClassPathScanningCandidateComponentProvider -- Identified candidate component class: file [C:\Users\Usuario\GIT\ita_challenges_backend\ita-challenges-backend\itachallenge-user\build\classes\java\main\com\itachallenge\user\App.class]
21:02:14.698 [Test worker] INFO org.springframework.boot.test.context.SpringBootTestContextBootstrapper -- Found @SpringBootConfiguration com.itachallenge.user.App for test class com.itachallenge.user.repository.UserRepositoryTest
21:02:14.761 [Test worker] DEBUG org.springframework.boot.test.autoconfigure.data.mongo.DataMongoTestContextBootstrapper -- Using TestExecutionListeners for test class [UserRepositoryTest]: [ServletTestExecutionListener, DirtiesContextBeforeModesTestExecutionListener, ApplicationEventsTestExecutionListener, MockitoTestExecutionListener, DependencyInjectionTestExecutionListener, DirtiesContextTestExecutionListener, TransactionalTestExecutionListener, SqlScriptsTestExecutionListener, EventPublishingTestExecutionListener, RestDocsTestExecutionListener, MockRestServiceServerResetTestExecutionListener, MockMvcPrintOnlyOnFailureTestExecutionListener, WebDriverTestExecutionListener, MockWebServiceServerTestExecutionListener, ResetMocksTestExecutionListener]
21:02:14.766 [Test worker] DEBUG org.springframework.test.context.support.AbstractDirtiesContextTestExecutionListener -- Before test class: class [UserRepositoryTest], class annotated with @DirtiesContext [false] with mode [null]
21:02:14.845 [Test worker] DEBUG org.testcontainers.utility.TestcontainersConfiguration -- Testcontainers configuration overrides will be loaded from file:/C:/Users/Usuario/.testcontainers.properties
21:02:14.861 [Test worker] INFO org.testcontainers.utility.ImageNameSubstitutor -- Image name substitution will be performed by: DefaultImageNameSubstitutor (composite of 'ConfigurationFileImageNameSubstitutor' and 'PrefixingImageNameSubstitutor')
21:02:14.941 [Test worker] INFO org.testcontainers.dockerclient.DockerClientProviderStrategy -- Loaded org.testcontainers.dockerclient.NpipeSocketClientProviderStrategy from ~/.testcontainers.properties, will try it first
21:02:14.944 [Test worker] DEBUG org.testcontainers.dockerclient.DockerClientProviderStrategy -- Trying out strategy: NpipeSocketClientProviderStrategy
21:02:15.688 [Test worker] DEBUG org.testcontainers.shaded.com.github.dockerjava.core.command.AbstrDockerCmd -- Cmd: 
21:02:15.822 [Test worker] DEBUG com.github.dockerjava.zerodep.shaded.org.apache.hc.client5.http.impl.classic.InternalHttpClient -- ex-00000001: preparing request execution
21:02:15.840 [Test worker] DEBUG com.github.dockerjava.zerodep.shaded.org.apache.hc.client5.http.protocol.RequestAddCookies -- Cookie spec selected: strict
21:02:15.854 [Test worker] DEBUG com.github.dockerjava.zerodep.shaded.org.apache.hc.client5.http.protocol.RequestAuthCache -- Auth cache not set in the context
21:02:15.854 [Test worker] DEBUG com.github.dockerjava.zerodep.shaded.org.apache.hc.client5.http.impl.classic.ProtocolExec -- ex-00000001: target auth state: UNCHALLENGED
21:02:15.856 [Test worker] DEBUG com.github.dockerjava.zerodep.shaded.org.apache.hc.client5.http.impl.classic.ProtocolExec -- ex-00000001: proxy auth state: UNCHALLENGED
21:02:15.857 [Test worker] DEBUG com.github.dockerjava.zerodep.shaded.org.apache.hc.client5.http.impl.classic.ConnectExec -- ex-00000001: acquiring connection with route {}->npipe://localhost:2375
21:02:15.857 [Test worker] DEBUG com.github.dockerjava.zerodep.shaded.org.apache.hc.client5.http.impl.classic.InternalHttpClient -- ex-00000001: acquiring endpoint (3 MINUTES)
21:02:15.860 [Test worker] DEBUG com.github.dockerjava.zerodep.shaded.org.apache.hc.client5.http.impl.io.PoolingHttpClientConnectionManager -- ex-00000001: endpoint lease request (3 MINUTES) [route: {}->npipe://localhost:2375][total available: 0; route allocated: 0 of 2147483647; total allocated: 0 of 2147483647]
21:02:15.874 [Test worker] DEBUG com.github.dockerjava.zerodep.shaded.org.apache.hc.client5.http.impl.io.PoolingHttpClientConnectionManager -- ex-00000001: endpoint leased [route: {}->npipe://localhost:2375][total available: 0; route allocated: 1 of 2147483647; total allocated: 1 of 2147483647]
21:02:15.914 [Test worker] DEBUG com.github.dockerjava.zerodep.shaded.org.apache.hc.client5.http.impl.io.PoolingHttpClientConnectionManager -- ex-00000001: acquired ep-00000000
21:02:15.914 [Test worker] DEBUG com.github.dockerjava.zerodep.shaded.org.apache.hc.client5.http.impl.classic.InternalHttpClient -- ex-00000001: acquired endpoint ep-00000000
21:02:15.914 [Test worker] DEBUG com.github.dockerjava.zerodep.shaded.org.apache.hc.client5.http.impl.classic.ConnectExec -- ex-00000001: opening connection {}->npipe://localhost:2375
21:02:15.918 [Test worker] DEBUG com.github.dockerjava.zerodep.shaded.org.apache.hc.client5.http.impl.classic.InternalHttpClient -- ep-00000000: connecting endpoint (3 MINUTES)
21:02:15.918 [Test worker] DEBUG com.github.dockerjava.zerodep.shaded.org.apache.hc.client5.http.impl.io.PoolingHttpClientConnectionManager -- ep-00000000: connecting endpoint to npipe://localhost:2375 (3 MINUTES)
21:02:15.922 [Test worker] DEBUG com.github.dockerjava.zerodep.shaded.org.apache.hc.client5.http.impl.io.DefaultHttpClientConnectionOperator -- http-outgoing-0: connecting to localhost/127.0.0.1:2375
21:02:15.925 [Test worker] DEBUG com.github.dockerjava.zerodep.shaded.org.apache.hc.client5.http.impl.io.DefaultHttpClientConnectionOperator -- http-outgoing-0: connection established 
21:02:15.925 [Test worker] DEBUG com.github.dockerjava.zerodep.shaded.org.apache.hc.client5.http.impl.io.PoolingHttpClientConnectionManager -- ep-00000000: connected http-outgoing-0
21:02:15.926 [Test worker] DEBUG com.github.dockerjava.zerodep.shaded.org.apache.hc.client5.http.impl.classic.InternalHttpClient -- ep-00000000: endpoint connected
21:02:15.927 [Test worker] DEBUG com.github.dockerjava.zerodep.shaded.org.apache.hc.client5.http.impl.classic.MainClientExec -- ex-00000001: executing GET /v1.32/info HTTP/1.1
21:02:15.929 [Test worker] DEBUG com.github.dockerjava.zerodep.shaded.org.apache.hc.client5.http.impl.classic.InternalHttpClient -- ep-00000000: start execution ex-00000001
21:02:15.930 [Test worker] DEBUG com.github.dockerjava.zerodep.shaded.org.apache.hc.client5.http.impl.io.PoolingHttpClientConnectionManager -- ep-00000000: executing exchange ex-00000001 over http-outgoing-0
21:02:15.932 [Test worker] DEBUG com.github.dockerjava.zerodep.shaded.org.apache.hc.client5.http.headers -- http-outgoing-0 >> GET /v1.32/info HTTP/1.1
21:02:15.932 [Test worker] DEBUG com.github.dockerjava.zerodep.shaded.org.apache.hc.client5.http.headers -- http-outgoing-0 >> x-tc-sid: e2b65d14-0dc0-4f11-958a-a33688020ff9
21:02:15.933 [Test worker] DEBUG com.github.dockerjava.zerodep.shaded.org.apache.hc.client5.http.headers -- http-outgoing-0 >> Accept-Encoding: gzip, x-gzip, deflate
21:02:15.933 [Test worker] DEBUG com.github.dockerjava.zerodep.shaded.org.apache.hc.client5.http.headers -- http-outgoing-0 >> Host: localhost:2375
21:02:15.934 [Test worker] DEBUG com.github.dockerjava.zerodep.shaded.org.apache.hc.client5.http.headers -- http-outgoing-0 >> Connection: keep-alive
21:02:15.934 [Test worker] DEBUG com.github.dockerjava.zerodep.shaded.org.apache.hc.client5.http.headers -- http-outgoing-0 >> User-Agent: Apache-HttpClient/5.0.3 (Java/19)
21:02:15.935 [Test worker] DEBUG com.github.dockerjava.zerodep.shaded.org.apache.hc.client5.http.wire -- http-outgoing-0 >> "GET /v1.32/info HTTP/1.1[\r][\n]"
21:02:15.935 [Test worker] DEBUG com.github.dockerjava.zerodep.shaded.org.apache.hc.client5.http.wire -- http-outgoing-0 >> "x-tc-sid: e2b65d14-0dc0-4f11-958a-a33688020ff9[\r][\n]"
21:02:15.935 [Test worker] DEBUG com.github.dockerjava.zerodep.shaded.org.apache.hc.client5.http.wire -- http-outgoing-0 >> "Accept-Encoding: gzip, x-gzip, deflate[\r][\n]"
21:02:15.935 [Test worker] DEBUG com.github.dockerjava.zerodep.shaded.org.apache.hc.client5.http.wire -- http-outgoing-0 >> "Host: localhost:2375[\r][\n]"
21:02:15.936 [Test worker] DEBUG com.github.dockerjava.zerodep.shaded.org.apache.hc.client5.http.wire -- http-outgoing-0 >> "Connection: keep-alive[\r][\n]"
21:02:15.936 [Test worker] DEBUG com.github.dockerjava.zerodep.shaded.org.apache.hc.client5.http.wire -- http-outgoing-0 >> "User-Agent: Apache-HttpClient/5.0.3 (Java/19)[\r][\n]"
21:02:15.936 [Test worker] DEBUG com.github.dockerjava.zerodep.shaded.org.apache.hc.client5.http.wire -- http-outgoing-0 >> "[\r][\n]"
21:02:15.951 [Test worker] DEBUG com.github.dockerjava.zerodep.shaded.org.apache.hc.client5.http.wire -- http-outgoing-0 << "HTTP/1.1 200 OK[\r][\n]"
21:02:15.952 [Test worker] DEBUG com.github.dockerjava.zerodep.shaded.org.apache.hc.client5.http.wire -- http-outgoing-0 << "Api-Version: 1.43[\r][\n]"
21:02:15.952 [Test worker] DEBUG com.github.dockerjava.zerodep.shaded.org.apache.hc.client5.http.wire -- http-outgoing-0 << "Content-Type: application/json[\r][\n]"
21:02:15.952 [Test worker] DEBUG com.github.dockerjava.zerodep.shaded.org.apache.hc.client5.http.wire -- http-outgoing-0 << "Date: Fri, 02 Jun 2023 19:02:15 GMT[\r][\n]"
21:02:15.952 [Test worker] DEBUG com.github.dockerjava.zerodep.shaded.org.apache.hc.client5.http.wire -- http-outgoing-0 << "Docker-Experimental: false[\r][\n]"
21:02:15.952 [Test worker] DEBUG com.github.dockerjava.zerodep.shaded.org.apache.hc.client5.http.wire -- http-outgoing-0 << "Ostype: linux[\r][\n]"
21:02:15.952 [Test worker] DEBUG com.github.dockerjava.zerodep.shaded.org.apache.hc.client5.http.wire -- http-outgoing-0 << "Server: Docker/24.0.2 (linux)[\r][\n]"
21:02:15.952 [Test worker] DEBUG com.github.dockerjava.zerodep.shaded.org.apache.hc.client5.http.wire -- http-outgoing-0 << "Transfer-Encoding: chunked[\r][\n]"
21:02:15.952 [Test worker] DEBUG com.github.dockerjava.zerodep.shaded.org.apache.hc.client5.http.wire -- http-outgoing-0 << "[\r][\n]"
21:02:15.960 [Test worker] DEBUG com.github.dockerjava.zerodep.shaded.org.apache.hc.client5.http.headers -- http-outgoing-0 << HTTP/1.1 200 OK
21:02:15.961 [Test worker] DEBUG com.github.dockerjava.zerodep.shaded.org.apache.hc.client5.http.headers -- http-outgoing-0 << Api-Version: 1.43
21:02:15.961 [Test worker] DEBUG com.github.dockerjava.zerodep.shaded.org.apache.hc.client5.http.headers -- http-outgoing-0 << Content-Type: application/json
21:02:15.961 [Test worker] DEBUG com.github.dockerjava.zerodep.shaded.org.apache.hc.client5.http.headers -- http-outgoing-0 << Date: Fri, 02 Jun 2023 19:02:15 GMT
21:02:15.961 [Test worker] DEBUG com.github.dockerjava.zerodep.shaded.org.apache.hc.client5.http.headers -- http-outgoing-0 << Docker-Experimental: false
21:02:15.962 [Test worker] DEBUG com.github.dockerjava.zerodep.shaded.org.apache.hc.client5.http.headers -- http-outgoing-0 << Ostype: linux
21:02:15.962 [Test worker] DEBUG com.github.dockerjava.zerodep.shaded.org.apache.hc.client5.http.headers -- http-outgoing-0 << Server: Docker/24.0.2 (linux)
21:02:15.963 [Test worker] DEBUG com.github.dockerjava.zerodep.shaded.org.apache.hc.client5.http.headers -- http-outgoing-0 << Transfer-Encoding: chunked
21:02:15.978 [Test worker] DEBUG com.github.dockerjava.zerodep.shaded.org.apache.hc.client5.http.impl.classic.MainClientExec -- ex-00000001: connection can be kept alive for 3 MINUTES
21:02:16.042 [Test worker] DEBUG com.github.dockerjava.zerodep.shaded.org.apache.hc.client5.http.wire -- http-outgoing-0 << "a5e[\r][\n]"
21:02:16.042 [Test worker] DEBUG com.github.dockerjava.zerodep.shaded.org.apache.hc.client5.http.wire -- http-outgoing-0 << "{"ID":"d34b8a4a-8b3d-42cb-9783-c18a253d019a","Containers":1,"ContainersRunning":1,"ContainersPaused":0,"ContainersStopped":0,"Images":4,"Driver":"overlay2","DriverStatus":[["Backing Filesystem","extfs"],["Supports d_type","true"],["Using metacopy","false"],["Native Overlay Diff","true"],["userxattr","false"]],"Plugins":{"Volume":["local"],"Network":["bridge","host","ipvlan","macvlan","null","overlay"],"Authorization":null,"Log":["awslogs","fluentd","gcplogs","gelf","journald","json-file","local","logentries","splunk","syslog"]},"MemoryLimit":true,"SwapLimit":true,"KernelMemory":true,"KernelMemoryTCP":true,"CpuCfsPeriod":true,"CpuCfsQuota":true,"CPUShares":true,"CPUSet":true,"PidsLimit":true,"IPv4Forwarding":true,"BridgeNfIptables":true,"BridgeNfIp6tables":true,"Debug":false,"NFd":54,"OomKillDisable":true,"NGoroutines":79,"SystemTime":"2023-06-02T19:02:15.939636825Z","LoggingDriver":"json-file","CgroupDriver":"cgroupfs","CgroupVersion":"1","NEventsListener":14,"KernelVersion":"5.15.90.1-microsoft-standard-WSL2","OperatingSystem":"Docker Desktop","OSVersion":"","OSType":"linux","Architecture":"x86_64","IndexServerAddress":"https://index.docker.io/v1/","RegistryConfig":{"AllowNondistributableArtifactsCIDRs":null,"AllowNondistributableArtifactsHostnames":null,"InsecureRegistryCIDRs":["127.0.0.0/8"],"IndexConfigs":{"docker.io":{"Name":"docker.io","Mirrors":[],"Secure":true,"Official":true},"hubproxy.docker.internal:5555":{"Name":"hubproxy.docker.internal:5555","Mirrors":[],"Secure":false,"Official":false}},"Mirrors":null},"NCPU":4,"MemTotal":3977007104,"GenericResources":null,"DockerRootDir":"/var/lib/docker","HttpProxy":"http.docker.internal:3128","HttpsProxy":"http.docker.internal:3128","NoProxy":"hubproxy.docker.internal","Name":"docker-desktop","Labels":[],"ExperimentalBuild":false,"ServerVersion":"24.0.2","Runtimes":{"io.containerd.runc.v2":{"path":"runc"},"runc":{"path":"runc"}},"DefaultRuntime":"runc","Swarm":{"NodeID":"","NodeAddr":"","LocalNodeState":"inactive","ControlAvailable":false,"Error":"","RemoteManagers":null},"LiveRestoreEnabled":false,"Isolation":"","InitBinary":"docker-init","ContainerdCommit":{"ID":"3dce8eb055cbb6872793272b4f20ed16117344f8","Expected":"3dce8eb055cbb6872793272b4f20ed16117344f8"},"RuncCommit":{"ID":"v1.1.7-0-g860f061","Expected":"v1.1.7-0-g860f061"},"InitCommit":{"ID":"de40ad0","Expected":"de40ad0"},"SecurityOptions":["name=seccomp,profile=builtin"],"Warnings":["WARNING: No blkio throttle.read_bps_device support","WARNING: No blkio throttle.write_bps_device support","WARNING: No blkio throttle.read_iops_device support","WARNING: No blkio throttle.write_iops_device support"]}[\n]"
21:02:16.043 [Test worker] DEBUG com.github.dockerjava.zerodep.shaded.org.apache.hc.client5.http.wire -- http-outgoing-0 << "[\r][\n]"
21:02:16.043 [Test worker] DEBUG com.github.dockerjava.zerodep.shaded.org.apache.hc.client5.http.wire -- http-outgoing-0 << "0[\r][\n]"
21:02:16.043 [Test worker] DEBUG com.github.dockerjava.zerodep.shaded.org.apache.hc.client5.http.wire -- http-outgoing-0 << "[\r][\n]"
21:02:16.413 [Test worker] DEBUG com.github.dockerjava.zerodep.shaded.org.apache.hc.client5.http.impl.classic.InternalHttpClient -- ep-00000000: releasing valid endpoint
21:02:16.413 [Test worker] DEBUG com.github.dockerjava.zerodep.shaded.org.apache.hc.client5.http.impl.io.PoolingHttpClientConnectionManager -- ep-00000000: releasing endpoint
21:02:16.413 [Test worker] DEBUG com.github.dockerjava.zerodep.shaded.org.apache.hc.client5.http.impl.io.PoolingHttpClientConnectionManager -- ep-00000000: connection http-outgoing-0 can be kept alive for 3 MINUTES
21:02:16.415 [Test worker] DEBUG com.github.dockerjava.zerodep.shaded.org.apache.hc.client5.http.impl.io.PoolingHttpClientConnectionManager -- ep-00000000: connection released [route: {}->npipe://localhost:2375][total available: 1; route allocated: 1 of 2147483647; total allocated: 1 of 2147483647]
21:02:16.416 [Test worker] INFO org.testcontainers.dockerclient.DockerClientProviderStrategy -- Found Docker environment with local Npipe socket (npipe:////./pipe/docker_engine)
21:02:16.417 [Test worker] DEBUG org.testcontainers.dockerclient.DockerClientProviderStrategy -- Transport type: 'httpclient5', Docker host: 'npipe:////./pipe/docker_engine'
21:02:16.417 [Test worker] DEBUG org.testcontainers.dockerclient.DockerClientProviderStrategy -- Checking Docker OS type for local Npipe socket (npipe:////./pipe/docker_engine)
21:02:16.421 [Test worker] INFO org.testcontainers.DockerClientFactory -- Docker host IP address is localhost
21:02:16.421 [Test worker] DEBUG org.testcontainers.DockerClientFactory -- Docker info: {NGoroutines=79, Name=docker-desktop, Swarm={NodeID=, NodeAddr=, LocalNodeState=inactive, ControlAvailable=false, Error=, RemoteManagers=null}, RuncCommit={ID=v1.1.7-0-g860f061, Expected=v1.1.7-0-g860f061}, OSVersion=, Runtimes={io.containerd.runc.v2={path=runc}, runc={path=runc}}, ID=d34b8a4a-8b3d-42cb-9783-c18a253d019a, DriverStatus=[[Backing Filesystem, extfs], [Supports d_type, true], [Using metacopy, false], [Native Overlay Diff, true], [userxattr, false]], BridgeNfIptables=true, LiveRestoreEnabled=false, SystemTime=2023-06-02T19:02:15.939636825Z, NoProxy=hubproxy.docker.internal, Architecture=x86_64, NEventsListener=14, HttpsProxy=http.docker.internal:3128, Images=4, ContainersRunning=1, Labels=[], InitCommit={ID=de40ad0, Expected=de40ad0}, NFd=54, KernelVersion=5.15.90.1-microsoft-standard-WSL2, LoggingDriver=json-file, OSType=linux, SecurityOptions=[name=seccomp,profile=builtin], ContainerdCommit={ID=3dce8eb055cbb6872793272b4f20ed16117344f8, Expected=3dce8eb055cbb6872793272b4f20ed16117344f8}, GenericResources=null, KernelMemory=true, OperatingSystem=Docker Desktop, RegistryConfig={AllowNondistributableArtifactsCIDRs=null, AllowNondistributableArtifactsHostnames=null, InsecureRegistryCIDRs=[127.0.0.0/8], IndexConfigs={docker.io={Name=docker.io, Mirrors=[], Secure=true, Official=true}, hubproxy.docker.internal:5555={Name=hubproxy.docker.internal:5555, Mirrors=[], Secure=false, Official=false}}, Mirrors=null}, ServerVersion=24.0.2, OomKillDisable=true, CpuCfsQuota=true, Containers=1, Driver=overlay2, KernelMemoryTCP=true, IPv4Forwarding=true, ExperimentalBuild=false, DockerRootDir=/var/lib/docker, CPUSet=true, CpuCfsPeriod=true, DefaultRuntime=runc, CPUShares=true, Debug=false, NCPU=4, Plugins={Volume=[local], Network=[bridge, host, ipvlan, macvlan, null, overlay], Authorization=null, Log=[awslogs, fluentd, gcplogs, gelf, journald, json-file, local, logentries, splunk, syslog]}, SwapLimit=true, CgroupDriver=cgroupfs, ContainersPaused=0, MemTotal=3977007104, IndexServerAddress=https://index.docker.io/v1/, MemoryLimit=true, HttpProxy=http.docker.internal:3128, InitBinary=docker-init, CgroupVersion=1, PidsLimit=true, Isolation=, BridgeNfIp6tables=true, Warnings=[WARNING: No blkio throttle.read_bps_device support, WARNING: No blkio throttle.write_bps_device support, WARNING: No blkio throttle.read_iops_device support, WARNING: No blkio throttle.write_iops_device support], ContainersStopped=0}
21:02:16.426 [Test worker] DEBUG org.testcontainers.shaded.com.github.dockerjava.core.command.AbstrDockerCmd -- Cmd: 
21:02:16.434 [Test worker] DEBUG com.github.dockerjava.zerodep.shaded.org.apache.hc.client5.http.impl.classic.InternalHttpClient -- ex-00000002: preparing request execution
21:02:16.435 [Test worker] DEBUG com.github.dockerjava.zerodep.shaded.org.apache.hc.client5.http.protocol.RequestAddCookies -- Cookie spec selected: strict
21:02:16.435 [Test worker] DEBUG com.github.dockerjava.zerodep.shaded.org.apache.hc.client5.http.protocol.RequestAuthCache -- Auth cache not set in the context
21:02:16.435 [Test worker] DEBUG com.github.dockerjava.zerodep.shaded.org.apache.hc.client5.http.impl.classic.ProtocolExec -- ex-00000002: target auth state: UNCHALLENGED
21:02:16.436 [Test worker] DEBUG com.github.dockerjava.zerodep.shaded.org.apache.hc.client5.http.impl.classic.ProtocolExec -- ex-00000002: proxy auth state: UNCHALLENGED
21:02:16.437 [Test worker] DEBUG com.github.dockerjava.zerodep.shaded.org.apache.hc.client5.http.impl.classic.ConnectExec -- ex-00000002: acquiring connection with route {}->npipe://localhost:2375
21:02:16.438 [Test worker] DEBUG com.github.dockerjava.zerodep.shaded.org.apache.hc.client5.http.impl.classic.InternalHttpClient -- ex-00000002: acquiring endpoint (3 MINUTES)
21:02:16.439 [Test worker] DEBUG com.github.dockerjava.zerodep.shaded.org.apache.hc.client5.http.impl.io.PoolingHttpClientConnectionManager -- ex-00000002: endpoint lease request (3 MINUTES) [route: {}->npipe://localhost:2375][total available: 1; route allocated: 1 of 2147483647; total allocated: 1 of 2147483647]
21:02:16.439 [Test worker] DEBUG com.github.dockerjava.zerodep.shaded.org.apache.hc.client5.http.impl.io.PoolingHttpClientConnectionManager -- ex-00000002: endpoint leased [route: {}->npipe://localhost:2375][total available: 0; route allocated: 1 of 2147483647; total allocated: 1 of 2147483647]
21:02:16.441 [Test worker] DEBUG com.github.dockerjava.zerodep.shaded.org.apache.hc.client5.http.impl.io.PoolingHttpClientConnectionManager -- ex-00000002: acquired ep-00000001
21:02:16.441 [Test worker] DEBUG com.github.dockerjava.zerodep.shaded.org.apache.hc.client5.http.impl.classic.InternalHttpClient -- ex-00000002: acquired endpoint ep-00000001
21:02:16.442 [Test worker] DEBUG com.github.dockerjava.zerodep.shaded.org.apache.hc.client5.http.impl.classic.MainClientExec -- ex-00000002: executing GET /v1.32/version HTTP/1.1
21:02:16.442 [Test worker] DEBUG com.github.dockerjava.zerodep.shaded.org.apache.hc.client5.http.impl.classic.InternalHttpClient -- ep-00000001: start execution ex-00000002
21:02:16.442 [Test worker] DEBUG com.github.dockerjava.zerodep.shaded.org.apache.hc.client5.http.impl.io.PoolingHttpClientConnectionManager -- ep-00000001: executing exchange ex-00000002 over http-outgoing-0
21:02:16.443 [Test worker] DEBUG com.github.dockerjava.zerodep.shaded.org.apache.hc.client5.http.headers -- http-outgoing-0 >> GET /v1.32/version HTTP/1.1
21:02:16.443 [Test worker] DEBUG com.github.dockerjava.zerodep.shaded.org.apache.hc.client5.http.headers -- http-outgoing-0 >> accept: application/json
21:02:16.443 [Test worker] DEBUG com.github.dockerjava.zerodep.shaded.org.apache.hc.client5.http.headers -- http-outgoing-0 >> x-tc-sid: e2b65d14-0dc0-4f11-958a-a33688020ff9
21:02:16.444 [Test worker] DEBUG com.github.dockerjava.zerodep.shaded.org.apache.hc.client5.http.headers -- http-outgoing-0 >> Accept-Encoding: gzip, x-gzip, deflate
21:02:16.444 [Test worker] DEBUG com.github.dockerjava.zerodep.shaded.org.apache.hc.client5.http.headers -- http-outgoing-0 >> Host: localhost:2375
21:02:16.444 [Test worker] DEBUG com.github.dockerjava.zerodep.shaded.org.apache.hc.client5.http.headers -- http-outgoing-0 >> Connection: keep-alive
21:02:16.447 [Test worker] DEBUG com.github.dockerjava.zerodep.shaded.org.apache.hc.client5.http.headers -- http-outgoing-0 >> User-Agent: Apache-HttpClient/5.0.3 (Java/19)
21:02:16.447 [Test worker] DEBUG com.github.dockerjava.zerodep.shaded.org.apache.hc.client5.http.wire -- http-outgoing-0 >> "GET /v1.32/version HTTP/1.1[\r][\n]"
21:02:16.448 [Test worker] DEBUG com.github.dockerjava.zerodep.shaded.org.apache.hc.client5.http.wire -- http-outgoing-0 >> "accept: application/json[\r][\n]"
21:02:16.448 [Test worker] DEBUG com.github.dockerjava.zerodep.shaded.org.apache.hc.client5.http.wire -- http-outgoing-0 >> "x-tc-sid: e2b65d14-0dc0-4f11-958a-a33688020ff9[\r][\n]"
21:02:16.449 [Test worker] DEBUG com.github.dockerjava.zerodep.shaded.org.apache.hc.client5.http.wire -- http-outgoing-0 >> "Accept-Encoding: gzip, x-gzip, deflate[\r][\n]"
21:02:16.450 [Test worker] DEBUG com.github.dockerjava.zerodep.shaded.org.apache.hc.client5.http.wire -- http-outgoing-0 >> "Host: localhost:2375[\r][\n]"
21:02:16.451 [Test worker] DEBUG com.github.dockerjava.zerodep.shaded.org.apache.hc.client5.http.wire -- http-outgoing-0 >> "Connection: keep-alive[\r][\n]"
21:02:16.451 [Test worker] DEBUG com.github.dockerjava.zerodep.shaded.org.apache.hc.client5.http.wire -- http-outgoing-0 >> "User-Agent: Apache-HttpClient/5.0.3 (Java/19)[\r][\n]"
21:02:16.451 [Test worker] DEBUG com.github.dockerjava.zerodep.shaded.org.apache.hc.client5.http.wire -- http-outgoing-0 >> "[\r][\n]"
21:02:16.474 [Test worker] DEBUG com.github.dockerjava.zerodep.shaded.org.apache.hc.client5.http.wire -- http-outgoing-0 << "HTTP/1.1 200 OK[\r][\n]"
21:02:16.474 [Test worker] DEBUG com.github.dockerjava.zerodep.shaded.org.apache.hc.client5.http.wire -- http-outgoing-0 << "Api-Version: 1.43[\r][\n]"
21:02:16.474 [Test worker] DEBUG com.github.dockerjava.zerodep.shaded.org.apache.hc.client5.http.wire -- http-outgoing-0 << "Content-Type: application/json[\r][\n]"
21:02:16.474 [Test worker] DEBUG com.github.dockerjava.zerodep.shaded.org.apache.hc.client5.http.wire -- http-outgoing-0 << "Date: Fri, 02 Jun 2023 19:02:16 GMT[\r][\n]"
21:02:16.474 [Test worker] DEBUG com.github.dockerjava.zerodep.shaded.org.apache.hc.client5.http.wire -- http-outgoing-0 << "Docker-Experimental: false[\r][\n]"
21:02:16.474 [Test worker] DEBUG com.github.dockerjava.zerodep.shaded.org.apache.hc.client5.http.wire -- http-outgoing-0 << "Ostype: linux[\r][\n]"
21:02:16.474 [Test worker] DEBUG com.github.dockerjava.zerodep.shaded.org.apache.hc.client5.http.wire -- http-outgoing-0 << "Server: Docker/24.0.2 (linux)[\r][\n]"
21:02:16.475 [Test worker] DEBUG com.github.dockerjava.zerodep.shaded.org.apache.hc.client5.http.wire -- http-outgoing-0 << "Transfer-Encoding: chunked[\r][\n]"
21:02:16.475 [Test worker] DEBUG com.github.dockerjava.zerodep.shaded.org.apache.hc.client5.http.wire -- http-outgoing-0 << "[\r][\n]"
21:02:16.475 [Test worker] DEBUG com.github.dockerjava.zerodep.shaded.org.apache.hc.client5.http.headers -- http-outgoing-0 << HTTP/1.1 200 OK
21:02:16.475 [Test worker] DEBUG com.github.dockerjava.zerodep.shaded.org.apache.hc.client5.http.headers -- http-outgoing-0 << Api-Version: 1.43
21:02:16.475 [Test worker] DEBUG com.github.dockerjava.zerodep.shaded.org.apache.hc.client5.http.headers -- http-outgoing-0 << Content-Type: application/json
21:02:16.476 [Test worker] DEBUG com.github.dockerjava.zerodep.shaded.org.apache.hc.client5.http.headers -- http-outgoing-0 << Date: Fri, 02 Jun 2023 19:02:16 GMT
21:02:16.476 [Test worker] DEBUG com.github.dockerjava.zerodep.shaded.org.apache.hc.client5.http.headers -- http-outgoing-0 << Docker-Experimental: false
21:02:16.476 [Test worker] DEBUG com.github.dockerjava.zerodep.shaded.org.apache.hc.client5.http.headers -- http-outgoing-0 << Ostype: linux
21:02:16.476 [Test worker] DEBUG com.github.dockerjava.zerodep.shaded.org.apache.hc.client5.http.headers -- http-outgoing-0 << Server: Docker/24.0.2 (linux)
21:02:16.476 [Test worker] DEBUG com.github.dockerjava.zerodep.shaded.org.apache.hc.client5.http.headers -- http-outgoing-0 << Transfer-Encoding: chunked
21:02:16.476 [Test worker] DEBUG com.github.dockerjava.zerodep.shaded.org.apache.hc.client5.http.impl.classic.MainClientExec -- ex-00000002: connection can be kept alive for 3 MINUTES
21:02:16.477 [Test worker] DEBUG com.github.dockerjava.zerodep.shaded.org.apache.hc.client5.http.wire -- http-outgoing-0 << "35b[\r][\n]"
21:02:16.478 [Test worker] DEBUG com.github.dockerjava.zerodep.shaded.org.apache.hc.client5.http.wire -- http-outgoing-0 << "{"Platform":{"Name":"Docker Desktop 4.20.0 (109717)"},"Components":[{"Name":"Engine","Version":"24.0.2","Details":{"ApiVersion":"1.43","Arch":"amd64","BuildTime":"2023-05-25T21:52:17.000000000+00:00","Experimental":"false","GitCommit":"659604f","GoVersion":"go1.20.4","KernelVersion":"5.15.90.1-microsoft-standard-WSL2","MinAPIVersion":"1.12","Os":"linux"}},{"Name":"containerd","Version":"1.6.21","Details":{"GitCommit":"3dce8eb055cbb6872793272b4f20ed16117344f8"}},{"Name":"runc","Version":"1.1.7","Details":{"GitCommit":"v1.1.7-0-g860f061"}},{"Name":"docker-init","Version":"0.19.0","Details":{"GitCommit":"de40ad0"}}],"Version":"24.0.2","ApiVersion":"1.43","MinAPIVersion":"1.12","GitCommit":"659604f","GoVersion":"go1.20.4","Os":"linux","Arch":"amd64","KernelVersion":"5.15.90.1-microsoft-standard-WSL2","BuildTime":"2023-05-25T21:52:17.000000000+00:00"}[\n]"
21:02:16.478 [Test worker] DEBUG com.github.dockerjava.zerodep.shaded.org.apache.hc.client5.http.wire -- http-outgoing-0 << "[\r][\n]"
21:02:16.497 [Test worker] DEBUG com.github.dockerjava.zerodep.shaded.org.apache.hc.client5.http.wire -- http-outgoing-0 << "0[\r][\n]"
21:02:16.497 [Test worker] DEBUG com.github.dockerjava.zerodep.shaded.org.apache.hc.client5.http.wire -- http-outgoing-0 << "[\r][\n]"
21:02:16.497 [Test worker] DEBUG com.github.dockerjava.zerodep.shaded.org.apache.hc.client5.http.impl.classic.InternalHttpClient -- ep-00000001: releasing valid endpoint
21:02:16.498 [Test worker] DEBUG com.github.dockerjava.zerodep.shaded.org.apache.hc.client5.http.impl.io.PoolingHttpClientConnectionManager -- ep-00000001: releasing endpoint
21:02:16.498 [Test worker] DEBUG com.github.dockerjava.zerodep.shaded.org.apache.hc.client5.http.impl.io.PoolingHttpClientConnectionManager -- ep-00000001: connection http-outgoing-0 can be kept alive for 3 MINUTES
21:02:16.498 [Test worker] DEBUG com.github.dockerjava.zerodep.shaded.org.apache.hc.client5.http.impl.io.PoolingHttpClientConnectionManager -- ep-00000001: connection released [route: {}->npipe://localhost:2375][total available: 1; route allocated: 1 of 2147483647; total allocated: 1 of 2147483647]
21:02:16.498 [Test worker] DEBUG org.testcontainers.DockerClientFactory -- Docker version: {Components=[{Name=Engine, Version=24.0.2, Details={ApiVersion=1.43, Arch=amd64, BuildTime=2023-05-25T21:52:17.000000000+00:00, Experimental=false, GitCommit=659604f, GoVersion=go1.20.4, KernelVersion=5.15.90.1-microsoft-standard-WSL2, MinAPIVersion=1.12, Os=linux}}, {Name=containerd, Version=1.6.21, Details={GitCommit=3dce8eb055cbb6872793272b4f20ed16117344f8}}, {Name=runc, Version=1.1.7, Details={GitCommit=v1.1.7-0-g860f061}}, {Name=docker-init, Version=0.19.0, Details={GitCommit=de40ad0}}], KernelVersion=5.15.90.1-microsoft-standard-WSL2, ApiVersion=1.43, Platform={Name=Docker Desktop 4.20.0 (109717)}, GitCommit=659604f, Os=linux, Version=24.0.2, MinAPIVersion=1.12, Arch=amd64, GoVersion=go1.20.4, BuildTime=2023-05-25T21:52:17.000000000+00:00}
21:02:16.498 [Test worker] INFO org.testcontainers.DockerClientFactory -- Connected to docker: 
  Server Version: 24.0.2
  API Version: 1.43
  Operating System: Docker Desktop
  Total Memory: 3792 MB
21:02:16.523 [Test worker] DEBUG org.testcontainers.utility.RyukResourceReaper -- Ryuk is enabled
21:02:16.528 [Test worker] DEBUG org.testcontainers.utility.PrefixingImageNameSubstitutor -- No prefix is configured
21:02:16.529 [Test worker] DEBUG org.testcontainers.utility.ImageNameSubstitutor -- Did not find a substitute image for testcontainers/ryuk:0.3.4 (using image substitutor: DefaultImageNameSubstitutor (composite of 'ConfigurationFileImageNameSubstitutor' and 'PrefixingImageNameSubstitutor'))
21:02:16.534 [Test worker] DEBUG org.testcontainers.shaded.com.github.dockerjava.core.command.AbstrDockerCmd -- Cmd: ListImagesCmdImpl[filters=org.testcontainers.shaded.com.github.dockerjava.core.util.FiltersBuilder@0,imageNameFilter=<null>,showAll=false]
21:02:16.542 [Test worker] DEBUG com.github.dockerjava.zerodep.shaded.org.apache.hc.client5.http.impl.classic.InternalHttpClient -- ex-00000003: preparing request execution
21:02:16.543 [Test worker] DEBUG com.github.dockerjava.zerodep.shaded.org.apache.hc.client5.http.protocol.RequestAddCookies -- Cookie spec selected: strict
21:02:16.543 [Test worker] DEBUG com.github.dockerjava.zerodep.shaded.org.apache.hc.client5.http.protocol.RequestAuthCache -- Auth cache not set in the context
21:02:16.543 [Test worker] DEBUG com.github.dockerjava.zerodep.shaded.org.apache.hc.client5.http.impl.classic.ProtocolExec -- ex-00000003: target auth state: UNCHALLENGED
21:02:16.543 [Test worker] DEBUG com.github.dockerjava.zerodep.shaded.org.apache.hc.client5.http.impl.classic.ProtocolExec -- ex-00000003: proxy auth state: UNCHALLENGED
21:02:16.543 [Test worker] DEBUG com.github.dockerjava.zerodep.shaded.org.apache.hc.client5.http.impl.classic.ConnectExec -- ex-00000003: acquiring connection with route {}->npipe://localhost:2375
21:02:16.544 [Test worker] DEBUG com.github.dockerjava.zerodep.shaded.org.apache.hc.client5.http.impl.classic.InternalHttpClient -- ex-00000003: acquiring endpoint (3 MINUTES)
21:02:16.545 [Test worker] DEBUG com.github.dockerjava.zerodep.shaded.org.apache.hc.client5.http.impl.io.PoolingHttpClientConnectionManager -- ex-00000003: endpoint lease request (3 MINUTES) [route: {}->npipe://localhost:2375][total available: 1; route allocated: 1 of 2147483647; total allocated: 1 of 2147483647]
21:02:16.546 [Test worker] DEBUG com.github.dockerjava.zerodep.shaded.org.apache.hc.client5.http.impl.io.PoolingHttpClientConnectionManager -- ex-00000003: endpoint leased [route: {}->npipe://localhost:2375][total available: 0; route allocated: 1 of 2147483647; total allocated: 1 of 2147483647]
21:02:16.546 [Test worker] DEBUG com.github.dockerjava.zerodep.shaded.org.apache.hc.client5.http.impl.io.PoolingHttpClientConnectionManager -- ex-00000003: acquired ep-00000002
21:02:16.547 [Test worker] DEBUG com.github.dockerjava.zerodep.shaded.org.apache.hc.client5.http.impl.classic.InternalHttpClient -- ex-00000003: acquired endpoint ep-00000002
21:02:16.547 [Test worker] DEBUG com.github.dockerjava.zerodep.shaded.org.apache.hc.client5.http.impl.classic.MainClientExec -- ex-00000003: executing GET /v1.32/images/json HTTP/1.1
21:02:16.547 [Test worker] DEBUG com.github.dockerjava.zerodep.shaded.org.apache.hc.client5.http.impl.classic.InternalHttpClient -- ep-00000002: start execution ex-00000003
21:02:16.548 [Test worker] DEBUG com.github.dockerjava.zerodep.shaded.org.apache.hc.client5.http.impl.io.PoolingHttpClientConnectionManager -- ep-00000002: executing exchange ex-00000003 over http-outgoing-0
21:02:16.548 [Test worker] DEBUG com.github.dockerjava.zerodep.shaded.org.apache.hc.client5.http.headers -- http-outgoing-0 >> GET /v1.32/images/json HTTP/1.1
21:02:16.549 [Test worker] DEBUG com.github.dockerjava.zerodep.shaded.org.apache.hc.client5.http.headers -- http-outgoing-0 >> accept: application/json
21:02:16.558 [Test worker] DEBUG com.github.dockerjava.zerodep.shaded.org.apache.hc.client5.http.headers -- http-outgoing-0 >> x-tc-sid: e2b65d14-0dc0-4f11-958a-a33688020ff9
21:02:16.558 [Test worker] DEBUG com.github.dockerjava.zerodep.shaded.org.apache.hc.client5.http.headers -- http-outgoing-0 >> Accept-Encoding: gzip, x-gzip, deflate
21:02:16.558 [Test worker] DEBUG com.github.dockerjava.zerodep.shaded.org.apache.hc.client5.http.headers -- http-outgoing-0 >> Host: localhost:2375
21:02:16.559 [Test worker] DEBUG com.github.dockerjava.zerodep.shaded.org.apache.hc.client5.http.headers -- http-outgoing-0 >> Connection: keep-alive
21:02:16.559 [Test worker] DEBUG com.github.dockerjava.zerodep.shaded.org.apache.hc.client5.http.headers -- http-outgoing-0 >> User-Agent: Apache-HttpClient/5.0.3 (Java/19)
21:02:16.559 [Test worker] DEBUG com.github.dockerjava.zerodep.shaded.org.apache.hc.client5.http.wire -- http-outgoing-0 >> "GET /v1.32/images/json HTTP/1.1[\r][\n]"
21:02:16.560 [Test worker] DEBUG com.github.dockerjava.zerodep.shaded.org.apache.hc.client5.http.wire -- http-outgoing-0 >> "accept: application/json[\r][\n]"
21:02:16.560 [Test worker] DEBUG com.github.dockerjava.zerodep.shaded.org.apache.hc.client5.http.wire -- http-outgoing-0 >> "x-tc-sid: e2b65d14-0dc0-4f11-958a-a33688020ff9[\r][\n]"
21:02:16.560 [Test worker] DEBUG com.github.dockerjava.zerodep.shaded.org.apache.hc.client5.http.wire -- http-outgoing-0 >> "Accept-Encoding: gzip, x-gzip, deflate[\r][\n]"
21:02:16.560 [Test worker] DEBUG com.github.dockerjava.zerodep.shaded.org.apache.hc.client5.http.wire -- http-outgoing-0 >> "Host: localhost:2375[\r][\n]"
21:02:16.560 [Test worker] DEBUG com.github.dockerjava.zerodep.shaded.org.apache.hc.client5.http.wire -- http-outgoing-0 >> "Connection: keep-alive[\r][\n]"
21:02:16.560 [Test worker] DEBUG com.github.dockerjava.zerodep.shaded.org.apache.hc.client5.http.wire -- http-outgoing-0 >> "User-Agent: Apache-HttpClient/5.0.3 (Java/19)[\r][\n]"
21:02:16.561 [Test worker] DEBUG com.github.dockerjava.zerodep.shaded.org.apache.hc.client5.http.wire -- http-outgoing-0 >> "[\r][\n]"
21:02:16.571 [Test worker] DEBUG com.github.dockerjava.zerodep.shaded.org.apache.hc.client5.http.wire -- http-outgoing-0 << "HTTP/1.1 200 OK[\r][\n]"
21:02:16.571 [Test worker] DEBUG com.github.dockerjava.zerodep.shaded.org.apache.hc.client5.http.wire -- http-outgoing-0 << "Api-Version: 1.43[\r][\n]"
21:02:16.572 [Test worker] DEBUG com.github.dockerjava.zerodep.shaded.org.apache.hc.client5.http.wire -- http-outgoing-0 << "Content-Type: application/json[\r][\n]"
21:02:16.572 [Test worker] DEBUG com.github.dockerjava.zerodep.shaded.org.apache.hc.client5.http.wire -- http-outgoing-0 << "Date: Fri, 02 Jun 2023 19:02:16 GMT[\r][\n]"
21:02:16.573 [Test worker] DEBUG com.github.dockerjava.zerodep.shaded.org.apache.hc.client5.http.wire -- http-outgoing-0 << "Docker-Experimental: false[\r][\n]"
21:02:16.573 [Test worker] DEBUG com.github.dockerjava.zerodep.shaded.org.apache.hc.client5.http.wire -- http-outgoing-0 << "Ostype: linux[\r][\n]"
21:02:16.573 [Test worker] DEBUG com.github.dockerjava.zerodep.shaded.org.apache.hc.client5.http.wire -- http-outgoing-0 << "Server: Docker/24.0.2 (linux)[\r][\n]"
21:02:16.573 [Test worker] DEBUG com.github.dockerjava.zerodep.shaded.org.apache.hc.client5.http.wire -- http-outgoing-0 << "Transfer-Encoding: chunked[\r][\n]"
21:02:16.573 [Test worker] DEBUG com.github.dockerjava.zerodep.shaded.org.apache.hc.client5.http.wire -- http-outgoing-0 << "[\r][\n]"
21:02:16.574 [Test worker] DEBUG com.github.dockerjava.zerodep.shaded.org.apache.hc.client5.http.headers -- http-outgoing-0 << HTTP/1.1 200 OK
21:02:16.574 [Test worker] DEBUG com.github.dockerjava.zerodep.shaded.org.apache.hc.client5.http.headers -- http-outgoing-0 << Api-Version: 1.43
21:02:16.574 [Test worker] DEBUG com.github.dockerjava.zerodep.shaded.org.apache.hc.client5.http.headers -- http-outgoing-0 << Content-Type: application/json
21:02:16.574 [Test worker] DEBUG com.github.dockerjava.zerodep.shaded.org.apache.hc.client5.http.headers -- http-outgoing-0 << Date: Fri, 02 Jun 2023 19:02:16 GMT
21:02:16.574 [Test worker] DEBUG com.github.dockerjava.zerodep.shaded.org.apache.hc.client5.http.headers -- http-outgoing-0 << Docker-Experimental: false
21:02:16.574 [Test worker] DEBUG com.github.dockerjava.zerodep.shaded.org.apache.hc.client5.http.headers -- http-outgoing-0 << Ostype: linux
21:02:16.574 [Test worker] DEBUG com.github.dockerjava.zerodep.shaded.org.apache.hc.client5.http.headers -- http-outgoing-0 << Server: Docker/24.0.2 (linux)
21:02:16.574 [Test worker] DEBUG com.github.dockerjava.zerodep.shaded.org.apache.hc.client5.http.headers -- http-outgoing-0 << Transfer-Encoding: chunked
21:02:16.574 [Test worker] DEBUG com.github.dockerjava.zerodep.shaded.org.apache.hc.client5.http.impl.classic.MainClientExec -- ex-00000003: connection can be kept alive for 3 MINUTES
21:02:16.575 [Test worker] DEBUG com.github.dockerjava.zerodep.shaded.org.apache.hc.client5.http.wire -- http-outgoing-0 << "1428[\r][\n]"
21:02:16.575 [Test worker] DEBUG com.github.dockerjava.zerodep.shaded.org.apache.hc.client5.http.wire -- http-outgoing-0 << "[{"Containers":-1,"Created":1685669276,"Id":"sha256:1f4172d248835374a399c83d2f4e6ba8f2e6fa9b6adcb14796f3a22440102c71","Labels":{"org.opencontainers.image.ref.name":"ubuntu","org.opencontainers.image.version":"22.04"},"ParentId":"","RepoDigests":["mongo@sha256:fb0d2e1151b2de653e1d793515a90c09d0aeaa7807b1184be6f5a6981432cc92"],"RepoTags":["mongo:latest"],"SharedSize":-1,"Size":652773343,"VirtualSize":652773343},{"Containers":-1,"Created":1685058798,"Id":"sha256:bb2143440bbd0a424572888cee25f068d8852be1fbc0ec50ac9d62c7eca2526f","Labels":{"com.docker.desktop.extension.api.version":">= 0.2.0","com.docker.desktop.extension.icon":"https://datawire-static-files.s3.amazonaws.com/brand/ambassador-labs-logomark-full-color-rgb.svg","com.docker.extension.additional-urls":"[     {\"title\":\"Documentation\",\"url\":\"https://www.getambassador.io/docs/telepresence/latest/extension/intro/\"},     {\"title\":\"Support\",\"url\":\"https://a8r.io/slack\"},     {\"title\":\"Terms of Service\",\"url\":\"https://www.getambassador.io/terms-of-service/\"},     {\"title\":\"Privacy policy\",\"url\":\"https://www.getambassador.io/privacy-policy/\"}     ]","com.docker.extension.changelog":"</ul><p>Bug Fixes [0xfffffff0][0xffffff9f][0xffffff9b][0xffffffa0]</p><ul>             <li>Upgrade Telepresence to 2.13.3.</li>         </ul>","com.docker.extension.detailed-description":"<div>     <h1>What does Telepresence do?</h1>     <p>Telepresence provides a two-way proxy between your local machine and a remote Kubernetes cluster that enables you to interact with applications and services running in the cluster, fast.</p>     <h1>Why do I need this Extension?</h1>     <p>So you can run integration tests locally instead of waiting on remote deployments! Traditionally, you would build a container within Docker with your code changes, push it, wait for it to upload, deploy the changes, verify them, view them, and repeat that process as you continually test your changes. Telepresence makes it a fast process by directing cluster traffic to your local container.</p>     <h1>How do I use it?</h1>     <ul>     <li><p><b>Connect your cluster to access remote services</b><br>Establish a connection with your remote Kubernetes cluster by selecting the kubeconfig and instantly access remote services from any Docker container on the host network.</p></li>     <li><p><b>Selectively route traffic by creating [0xffffffe2][0xffffff80][0xffffff9c]intercepts[0xffffffe2][0xffffff80][0xffffff9d] and manage them in Docker</b><br>Choose a target namespace and re-route, or [0xffffffe2][0xffffff80][0xffffff9c]intercept[0xffffffe2][0xffffff80][0xffffff9d], a specific service by clicking the [0xffffffe2][0xffffff80][0xffffff9c]Intercept[0xffffffe2][0xffffff80][0xffffff9d] button. Run multiple intercepts, view the list of your intercepted services and their respective namespaces and ports, and manage and keep track of all your intercepts via the Docker UI.</p></li>     <li><p><b>Preview and share your changes before deploying</b><br>Share progress with teammates and stakeholders for quick feedback based on your local code changes: generate shareable and secure URLs to preview your application before you deploy!</p></li>     </ul>     <h1>About Ambassador</h1>     <p>Ambassador Labs builds developer infrastructure that help organizations of every size to adapt to the cloud world. Our mission is to enable developers to code, ship, and run applications faster and easier than ever. Zipcar, HelloFresh, Olo, Daimler, Monday.com, and many others already use Ambassador to develop and run their cloud infrastructure.</p>     <p>Need help with setting up your Telepresence Extension? Schedule a session with our team of experts <a href='https://www.getambassador.io/the-golden-path-pizza-party/'>here</a>.</p>     </div>","com.docker.extension.publisher-url":"https://www.getambassador.io/","com.docker.extension.screenshots":"[     {\"alt\": \"Telepresence in Action\", \"url\": \"https://cdn.sanity.io/images/e3vd3ukt/production/e01af4a2c84bf83919a3f607319d62cc19d81419-1788x825.png\"}     ]","org.opencontainers.image.description":"Instantly bridge your workstation with Kubernetes clusters in the cloud. Test local changes against remote dependencies and share previews with your team.","org.opencontainers.image.title":"Ambassador Telepresence","org.opencontainers.image.vendor":"Ambassador Labs"},"ParentId":"","RepoDigests":["ambassador/telepresence-docker-extension@sha256:b73b3646a921b532066ae716c6a9b0ed4a0d6b6cd428766e0d508928aaf63fff"],"RepoTags":["ambassador/telepresence-docker-extension:1.0.8"],"SharedSize":-1,"Size":528139301,"VirtualSize":528139301},{"Containers":-1,"Created":1685057894,"Id":"sha256:a1a178ca44171b038d36e0cd5744c2cf708da5a525f74d2d3a46134646b1ae59","Labels":null,"ParentId":"","RepoDigests":["ambassador/telepresence-docker-runtime@sha256:b4595cc4f3df568d0b4128675a5de236474dbaefa7a7445ec67a5b80159717e8"],"RepoTags":["ambassador/telepresence-docker-runtime:1.0.8"],"SharedSize":-1,"Size":21278116,"VirtualSize":21278116},{"Containers":-1,"Created":1659017178,"Id":"sha256:7ac27de2f0c441174e7e12a105f876493b902ffd7bbb2a3646aa929c08cc3806","Labels":null,"ParentId":"","RepoDigests":["testcontainers/ryuk@sha256:0c8faa0a3ad1e154f9d8d5d78627b40d7359ff3f7d3f98556aa32157ad8fd924"],"RepoTags":["testcontainers/ryuk:0.3.4"],"SharedSize":-1,"Size":11975796,"VirtualSize":11975796}][\n]"
21:02:16.576 [Test worker] DEBUG com.github.dockerjava.zerodep.shaded.org.apache.hc.client5.http.wire -- http-outgoing-0 << "[\r][\n]"
21:02:16.576 [Test worker] DEBUG com.github.dockerjava.zerodep.shaded.org.apache.hc.client5.http.wire -- http-outgoing-0 << "0[\r][\n]"
21:02:16.576 [Test worker] DEBUG com.github.dockerjava.zerodep.shaded.org.apache.hc.client5.http.wire -- http-outgoing-0 << "[\r][\n]"
21:02:16.591 [Test worker] DEBUG com.github.dockerjava.zerodep.shaded.org.apache.hc.client5.http.impl.classic.InternalHttpClient -- ep-00000002: releasing valid endpoint
21:02:16.592 [Test worker] DEBUG com.github.dockerjava.zerodep.shaded.org.apache.hc.client5.http.impl.io.PoolingHttpClientConnectionManager -- ep-00000002: releasing endpoint
21:02:16.592 [Test worker] DEBUG com.github.dockerjava.zerodep.shaded.org.apache.hc.client5.http.impl.io.PoolingHttpClientConnectionManager -- ep-00000002: connection http-outgoing-0 can be kept alive for 3 MINUTES
21:02:16.592 [Test worker] DEBUG com.github.dockerjava.zerodep.shaded.org.apache.hc.client5.http.impl.io.PoolingHttpClientConnectionManager -- ep-00000002: connection released [route: {}->npipe://localhost:2375][total available: 1; route allocated: 1 of 2147483647; total allocated: 1 of 2147483647]
21:02:16.596 [Test worker] DEBUG org.testcontainers.images.AbstractImagePullPolicy -- Using locally available and not pulling image: testcontainers/ryuk:0.3.4
21:02:16.596 [Test worker] DEBUG docker[testcontainers/ryuk:0.3.4] -- Starting container: testcontainers/ryuk:0.3.4
21:02:16.600 [Test worker] DEBUG docker[testcontainers/ryuk:0.3.4] -- Trying to start container: testcontainers/ryuk:0.3.4 (attempt 1/1)
21:02:16.601 [Test worker] DEBUG docker[testcontainers/ryuk:0.3.4] -- Starting container: testcontainers/ryuk:0.3.4
21:02:16.601 [Test worker] INFO docker[testcontainers/ryuk:0.3.4] -- Creating container for image: testcontainers/ryuk:0.3.4
21:02:16.625 [Test worker] DEBUG org.testcontainers.utility.RegistryAuthLocator -- Looking up auth config for image: testcontainers/ryuk:0.3.4 at registry: https://index.docker.io/v1/
21:02:16.626 [Test worker] DEBUG org.testcontainers.utility.RegistryAuthLocator -- RegistryAuthLocator has configFile: C:\Users\Usuario\.docker\config.json (exists) and commandPathPrefix: 
21:02:16.627 [Test worker] DEBUG org.testcontainers.utility.RegistryAuthLocator -- registryName [https://index.docker.io/v1/] for dockerImageName [testcontainers/ryuk:0.3.4]
21:02:16.627 [Test worker] DEBUG org.testcontainers.utility.RegistryAuthLocator -- Executing docker credential provider: docker-credential-desktop to locate auth config for: https://index.docker.io/v1/
21:02:16.643 [Test worker] DEBUG org.testcontainers.shaded.org.zeroturnaround.exec.ProcessExecutor -- Executing [cmd, /c, docker-credential-desktop, get].
21:02:16.667 [Test worker] DEBUG org.testcontainers.shaded.org.zeroturnaround.exec.ProcessExecutor -- Started Process[pid=11688, exitValue="not exited"]
21:02:16.800 [WaitForProcess-Process[pid=11688, exitValue="not exited"]] DEBUG org.testcontainers.shaded.org.zeroturnaround.exec.WaitForProcess -- Process[pid=11688, exitValue=1] stopped with exit code 1
21:02:16.803 [Test worker] DEBUG org.testcontainers.shaded.org.zeroturnaround.exec.ProcessExecutor -- Executing [cmd, /c, docker-credential-desktop, get].
21:02:16.818 [Test worker] DEBUG org.testcontainers.shaded.org.zeroturnaround.exec.ProcessExecutor -- Started Process[pid=11492, exitValue="not exited"]
21:02:16.924 [WaitForProcess-Process[pid=11492, exitValue="not exited"]] DEBUG org.testcontainers.shaded.org.zeroturnaround.exec.WaitForProcess -- Process[pid=11492, exitValue=1] stopped with exit code 1
21:02:16.925 [Test worker] DEBUG org.testcontainers.utility.RegistryAuthLocator -- Got credentials not found error message from docker credential helper - credentials not found in native keychain
21:02:16.925 [Test worker] INFO org.testcontainers.utility.RegistryAuthLocator -- Credential helper/store (docker-credential-desktop) does not have credentials for https://index.docker.io/v1/
21:02:16.926 [Test worker] DEBUG org.testcontainers.utility.RegistryAuthLocator -- No matching Auth Configs - falling back to defaultAuthConfig [null]
21:02:16.927 [Test worker] DEBUG org.testcontainers.dockerclient.AuthDelegatingDockerClientConfig -- Effective auth config [null]
21:02:16.950 [Test worker] DEBUG org.testcontainers.shaded.com.github.dockerjava.core.command.AbstrDockerCmd -- Cmd: org.testcontainers.shaded.com.github.dockerjava.core.command.CreateContainerCmdImpl@603b9d4b[aliases=<null>,argsEscaped=<null>,attachStderr=<null>,attachStdin=<null>,attachStdout=<null>,authConfig=<null>,cmd={},domainName=<null>,entrypoint=<null>,env={},exposedPorts=ExposedPorts(exposedPorts=[8080/tcp]),healthcheck=<null>,hostConfig=HostConfig(binds=[//var/run/docker.sock:/var/run/docker.sock:rw], blkioWeight=null, blkioWeightDevice=null, blkioDeviceReadBps=null, blkioDeviceWriteBps=null, blkioDeviceReadIOps=null, blkioDeviceWriteIOps=null, memorySwappiness=null, nanoCPUs=null, capAdd=null, capDrop=null, containerIDFile=null, cpuPeriod=null, cpuRealtimePeriod=null, cpuRealtimeRuntime=null, cpuShares=null, cpuQuota=null, cpusetCpus=null, cpusetMems=null, devices=null, deviceCgroupRules=null, deviceRequests=null, diskQuota=null, dns=null, dnsOptions=null, dnsSearch=null, extraHosts=[], groupAdd=null, ipcMode=null, cgroup=null, links=[], logConfig=LogConfig(type=null, config=null), lxcConf=null, memory=null, memorySwap=null, memoryReservation=null, kernelMemory=null, networkMode=null, oomKillDisable=null, init=null, autoRemove=true, oomScoreAdj=null, portBindings={8080/tcp=[Lcom.github.dockerjava.api.model.Ports$Binding;@31c0c7e5}, privileged=false, publishAllPorts=null, readonlyRootfs=null, restartPolicy=null, ulimits=null, cpuCount=null, cpuPercent=null, ioMaximumIOps=null, ioMaximumBandwidth=null, volumesFrom=[], mounts=null, pidMode=null, isolation=null, securityOpts=null, storageOpt=null, cgroupParent=null, volumeDriver=null, shmSize=null, pidsLimit=null, runtime=null, tmpFs=null, utSMode=null, usernsMode=null, sysctls=null, consoleSize=null, cgroupnsMode=null),hostName=<null>,image=testcontainers/ryuk:0.3.4,ipv4Address=<null>,ipv6Address=<null>,labels={org.testcontainers=true, org.testcontainers.lang=java, org.testcontainers.version=1.17.6},macAddress=<null>,name=testcontainers-ryuk-e2b65d14-0dc0-4f11-958a-a33688020ff9,networkDisabled=<null>,networkingConfig=<null>,onBuild=<null>,platform=<null>,portSpecs=<null>,shell=<null>,stdInOnce=<null>,stdinOpen=<null>,stopSignal=<null>,stopTimeout=<null>,tty=<null>,user=<null>,volumes=Volumes(volumes=[]),workingDir=<null>]
21:02:17.107 [Test worker] DEBUG com.github.dockerjava.zerodep.shaded.org.apache.hc.client5.http.impl.classic.InternalHttpClient -- ex-00000004: preparing request execution
21:02:17.107 [Test worker] DEBUG com.github.dockerjava.zerodep.shaded.org.apache.hc.client5.http.protocol.RequestAddCookies -- Cookie spec selected: strict
21:02:17.107 [Test worker] DEBUG com.github.dockerjava.zerodep.shaded.org.apache.hc.client5.http.protocol.RequestAuthCache -- Auth cache not set in the context
21:02:17.108 [Test worker] DEBUG com.github.dockerjava.zerodep.shaded.org.apache.hc.client5.http.impl.classic.ProtocolExec -- ex-00000004: target auth state: UNCHALLENGED
21:02:17.108 [Test worker] DEBUG com.github.dockerjava.zerodep.shaded.org.apache.hc.client5.http.impl.classic.ProtocolExec -- ex-00000004: proxy auth state: UNCHALLENGED
21:02:17.108 [Test worker] DEBUG com.github.dockerjava.zerodep.shaded.org.apache.hc.client5.http.impl.classic.ConnectExec -- ex-00000004: acquiring connection with route {}->npipe://localhost:2375
21:02:17.108 [Test worker] DEBUG com.github.dockerjava.zerodep.shaded.org.apache.hc.client5.http.impl.classic.InternalHttpClient -- ex-00000004: acquiring endpoint (3 MINUTES)
21:02:17.109 [Test worker] DEBUG com.github.dockerjava.zerodep.shaded.org.apache.hc.client5.http.impl.io.PoolingHttpClientConnectionManager -- ex-00000004: endpoint lease request (3 MINUTES) [route: {}->npipe://localhost:2375][total available: 1; route allocated: 1 of 2147483647; total allocated: 1 of 2147483647]
21:02:17.110 [Test worker] DEBUG com.github.dockerjava.zerodep.shaded.org.apache.hc.client5.http.impl.io.PoolingHttpClientConnectionManager -- ex-00000004: endpoint leased [route: {}->npipe://localhost:2375][total available: 0; route allocated: 1 of 2147483647; total allocated: 1 of 2147483647]
21:02:17.110 [Test worker] DEBUG com.github.dockerjava.zerodep.shaded.org.apache.hc.client5.http.impl.io.PoolingHttpClientConnectionManager -- ex-00000004: acquired ep-00000003
21:02:17.111 [Test worker] DEBUG com.github.dockerjava.zerodep.shaded.org.apache.hc.client5.http.impl.classic.InternalHttpClient -- ex-00000004: acquired endpoint ep-00000003
21:02:17.111 [Test worker] DEBUG com.github.dockerjava.zerodep.shaded.org.apache.hc.client5.http.impl.classic.MainClientExec -- ex-00000004: executing POST /v1.32/containers/create?name=testcontainers-ryuk-e2b65d14-0dc0-4f11-958a-a33688020ff9 HTTP/1.1
21:02:17.111 [Test worker] DEBUG com.github.dockerjava.zerodep.shaded.org.apache.hc.client5.http.impl.classic.InternalHttpClient -- ep-00000003: start execution ex-00000004
21:02:17.111 [Test worker] DEBUG com.github.dockerjava.zerodep.shaded.org.apache.hc.client5.http.impl.io.PoolingHttpClientConnectionManager -- ep-00000003: executing exchange ex-00000004 over http-outgoing-0
21:02:17.112 [Test worker] DEBUG com.github.dockerjava.zerodep.shaded.org.apache.hc.client5.http.headers -- http-outgoing-0 >> POST /v1.32/containers/create?name=testcontainers-ryuk-e2b65d14-0dc0-4f11-958a-a33688020ff9 HTTP/1.1
21:02:17.112 [Test worker] DEBUG com.github.dockerjava.zerodep.shaded.org.apache.hc.client5.http.headers -- http-outgoing-0 >> accept: application/json
21:02:17.113 [Test worker] DEBUG com.github.dockerjava.zerodep.shaded.org.apache.hc.client5.http.headers -- http-outgoing-0 >> content-type: application/json
21:02:17.113 [Test worker] DEBUG com.github.dockerjava.zerodep.shaded.org.apache.hc.client5.http.headers -- http-outgoing-0 >> x-tc-sid: e2b65d14-0dc0-4f11-958a-a33688020ff9
21:02:17.113 [Test worker] DEBUG com.github.dockerjava.zerodep.shaded.org.apache.hc.client5.http.headers -- http-outgoing-0 >> Accept-Encoding: gzip, x-gzip, deflate
21:02:17.113 [Test worker] DEBUG com.github.dockerjava.zerodep.shaded.org.apache.hc.client5.http.headers -- http-outgoing-0 >> Content-Length: 1956
21:02:17.113 [Test worker] DEBUG com.github.dockerjava.zerodep.shaded.org.apache.hc.client5.http.headers -- http-outgoing-0 >> Host: localhost:2375
21:02:17.114 [Test worker] DEBUG com.github.dockerjava.zerodep.shaded.org.apache.hc.client5.http.headers -- http-outgoing-0 >> Connection: keep-alive
21:02:17.115 [Test worker] DEBUG com.github.dockerjava.zerodep.shaded.org.apache.hc.client5.http.headers -- http-outgoing-0 >> User-Agent: Apache-HttpClient/5.0.3 (Java/19)
21:02:17.116 [Test worker] DEBUG com.github.dockerjava.zerodep.shaded.org.apache.hc.client5.http.wire -- http-outgoing-0 >> "POST /v1.32/containers/create?name=testcontainers-ryuk-e2b65d14-0dc0-4f11-958a-a33688020ff9 HTTP/1.1[\r][\n]"
21:02:17.116 [Test worker] DEBUG com.github.dockerjava.zerodep.shaded.org.apache.hc.client5.http.wire -- http-outgoing-0 >> "accept: application/json[\r][\n]"
21:02:17.118 [Test worker] DEBUG com.github.dockerjava.zerodep.shaded.org.apache.hc.client5.http.wire -- http-outgoing-0 >> "content-type: application/json[\r][\n]"
21:02:17.118 [Test worker] DEBUG com.github.dockerjava.zerodep.shaded.org.apache.hc.client5.http.wire -- http-outgoing-0 >> "x-tc-sid: e2b65d14-0dc0-4f11-958a-a33688020ff9[\r][\n]"
21:02:17.119 [Test worker] DEBUG com.github.dockerjava.zerodep.shaded.org.apache.hc.client5.http.wire -- http-outgoing-0 >> "Accept-Encoding: gzip, x-gzip, deflate[\r][\n]"
21:02:17.119 [Test worker] DEBUG com.github.dockerjava.zerodep.shaded.org.apache.hc.client5.http.wire -- http-outgoing-0 >> "Content-Length: 1956[\r][\n]"
21:02:17.120 [Test worker] DEBUG com.github.dockerjava.zerodep.shaded.org.apache.hc.client5.http.wire -- http-outgoing-0 >> "Host: localhost:2375[\r][\n]"
21:02:17.120 [Test worker] DEBUG com.github.dockerjava.zerodep.shaded.org.apache.hc.client5.http.wire -- http-outgoing-0 >> "Connection: keep-alive[\r][\n]"
21:02:17.120 [Test worker] DEBUG com.github.dockerjava.zerodep.shaded.org.apache.hc.client5.http.wire -- http-outgoing-0 >> "User-Agent: Apache-HttpClient/5.0.3 (Java/19)[\r][\n]"
21:02:17.122 [Test worker] DEBUG com.github.dockerjava.zerodep.shaded.org.apache.hc.client5.http.wire -- http-outgoing-0 >> "[\r][\n]"
21:02:17.122 [Test worker] DEBUG com.github.dockerjava.zerodep.shaded.org.apache.hc.client5.http.wire -- http-outgoing-0 >> "{"Hostname":null,"Domainname":null,"User":null,"AttachStdin":null,"AttachStdout":null,"AttachStderr":null,"PortSpecs":null,"Tty":null,"OpenStdin":null,"StdinOnce":null,"Env":[],"Cmd":[],"Healthcheck":null,"ArgsEscaped":null,"Entrypoint":null,"Image":"testcontainers/ryuk:0.3.4","Volumes":{},"WorkingDir":null,"MacAddress":null,"OnBuild":null,"NetworkDisabled":null,"ExposedPorts":{"8080/tcp":{}},"StopSignal":null,"StopTimeout":null,"HostConfig":{"Binds":["//var/run/docker.sock:/var/run/docker.sock:rw"],"BlkioWeight":null,"BlkioWeightDevice":null,"BlkioDeviceReadBps":null,"BlkioDeviceWriteBps":null,"BlkioDeviceReadIOps":null,"BlkioDeviceWriteIOps":null,"MemorySwappiness":null,"NanoCpus":null,"CapAdd":null,"CapDrop":null,"ContainerIDFile":null,"CpuPeriod":null,"CpuRealtimePeriod":null,"CpuRealtimeRuntime":null,"CpuShares":null,"CpuQuota":null,"CpusetCpus":null,"CpusetMems":null,"Devices":null,"DeviceCgroupRules":null,"DeviceRequests":null,"DiskQuota":null,"Dns":null,"DnsOptions":null,"DnsSearch":null,"ExtraHosts":[],"GroupAdd":null,"IpcMode":null,"Cgroup":null,"Links":[],"LogConfig":null,"LxcConf":null,"Memory":null,"MemorySwap":null,"MemoryReservation":null,"KernelMemory":null,"NetworkMode":null,"OomKillDisable":null,"Init":null,"AutoRemove":true,"OomScoreAdj":null,"PortBindings":{"8080/tcp":[{"HostIp":"","HostPort":""}]},"Privileged":false,"PublishAllPorts":null,"ReadonlyRootfs":null,"RestartPolicy":null,"Ulimits":null,"CpuCount":null,"CpuPercent":null,"IOMaximumIOps":null,"IOMaximumBandwidth":null,"VolumesFrom":[],"Mounts":null,"PidMode":null,"Isolation":null,"SecurityOpt":null,"StorageOpt":null,"CgroupParent":null,"VolumeDriver":null,"ShmSize":null,"PidsLimit":null,"Runtime":null,"Tmpfs":null,"UTSMode":null,"UsernsMode":null,"Sysctls":null,"ConsoleSize":null,"CgroupnsMode":null},"Labels":{"org.testcontainers":"true","org.testcontainers.lang":"java","org.testcontainers.version":"1.17.6"},"Shell":null,"NetworkingConfig":null}"
21:02:17.403 [Test worker] DEBUG com.github.dockerjava.zerodep.shaded.org.apache.hc.client5.http.wire -- http-outgoing-0 << "HTTP/1.1 201 Created[\r][\n]"
21:02:17.404 [Test worker] DEBUG com.github.dockerjava.zerodep.shaded.org.apache.hc.client5.http.wire -- http-outgoing-0 << "Api-Version: 1.43[\r][\n]"
21:02:17.405 [Test worker] DEBUG com.github.dockerjava.zerodep.shaded.org.apache.hc.client5.http.wire -- http-outgoing-0 << "Content-Type: application/json[\r][\n]"
21:02:17.407 [Test worker] DEBUG com.github.dockerjava.zerodep.shaded.org.apache.hc.client5.http.wire -- http-outgoing-0 << "Date: Fri, 02 Jun 2023 19:02:17 GMT[\r][\n]"
21:02:17.408 [Test worker] DEBUG com.github.dockerjava.zerodep.shaded.org.apache.hc.client5.http.wire -- http-outgoing-0 << "Docker-Experimental: false[\r][\n]"
21:02:17.408 [Test worker] DEBUG com.github.dockerjava.zerodep.shaded.org.apache.hc.client5.http.wire -- http-outgoing-0 << "Ostype: linux[\r][\n]"
21:02:17.409 [Test worker] DEBUG com.github.dockerjava.zerodep.shaded.org.apache.hc.client5.http.wire -- http-outgoing-0 << "Server: Docker/24.0.2 (linux)[\r][\n]"
21:02:17.409 [Test worker] DEBUG com.github.dockerjava.zerodep.shaded.org.apache.hc.client5.http.wire -- http-outgoing-0 << "Transfer-Encoding: chunked[\r][\n]"
21:02:17.410 [Test worker] DEBUG com.github.dockerjava.zerodep.shaded.org.apache.hc.client5.http.wire -- http-outgoing-0 << "[\r][\n]"
21:02:17.412 [Test worker] DEBUG com.github.dockerjava.zerodep.shaded.org.apache.hc.client5.http.headers -- http-outgoing-0 << HTTP/1.1 201 Created
21:02:17.413 [Test worker] DEBUG com.github.dockerjava.zerodep.shaded.org.apache.hc.client5.http.headers -- http-outgoing-0 << Api-Version: 1.43
21:02:17.413 [Test worker] DEBUG com.github.dockerjava.zerodep.shaded.org.apache.hc.client5.http.headers -- http-outgoing-0 << Content-Type: application/json
21:02:17.413 [Test worker] DEBUG com.github.dockerjava.zerodep.shaded.org.apache.hc.client5.http.headers -- http-outgoing-0 << Date: Fri, 02 Jun 2023 19:02:17 GMT
21:02:17.413 [Test worker] DEBUG com.github.dockerjava.zerodep.shaded.org.apache.hc.client5.http.headers -- http-outgoing-0 << Docker-Experimental: false
21:02:17.414 [Test worker] DEBUG com.github.dockerjava.zerodep.shaded.org.apache.hc.client5.http.headers -- http-outgoing-0 << Ostype: linux
21:02:17.414 [Test worker] DEBUG com.github.dockerjava.zerodep.shaded.org.apache.hc.client5.http.headers -- http-outgoing-0 << Server: Docker/24.0.2 (linux)
21:02:17.414 [Test worker] DEBUG com.github.dockerjava.zerodep.shaded.org.apache.hc.client5.http.headers -- http-outgoing-0 << Transfer-Encoding: chunked
21:02:17.415 [Test worker] DEBUG com.github.dockerjava.zerodep.shaded.org.apache.hc.client5.http.impl.classic.MainClientExec -- ex-00000004: connection can be kept alive for 3 MINUTES
21:02:17.416 [Test worker] DEBUG com.github.dockerjava.zerodep.shaded.org.apache.hc.client5.http.wire -- http-outgoing-0 << "58[\r][\n]"
21:02:17.417 [Test worker] DEBUG com.github.dockerjava.zerodep.shaded.org.apache.hc.client5.http.wire -- http-outgoing-0 << "{"Id":"5e447b632235e01b7f309a358d2b199292fca3b20f219518812eb0626680cb22","Warnings":[]}[\n]"
21:02:17.417 [Test worker] DEBUG com.github.dockerjava.zerodep.shaded.org.apache.hc.client5.http.wire -- http-outgoing-0 << "[\r][\n]"
21:02:17.417 [Test worker] DEBUG com.github.dockerjava.zerodep.shaded.org.apache.hc.client5.http.wire -- http-outgoing-0 << "0[\r][\n]"
21:02:17.417 [Test worker] DEBUG com.github.dockerjava.zerodep.shaded.org.apache.hc.client5.http.wire -- http-outgoing-0 << "[\r][\n]"
21:02:17.421 [Test worker] DEBUG com.github.dockerjava.zerodep.shaded.org.apache.hc.client5.http.impl.classic.InternalHttpClient -- ep-00000003: releasing valid endpoint
21:02:17.421 [Test worker] DEBUG com.github.dockerjava.zerodep.shaded.org.apache.hc.client5.http.impl.io.PoolingHttpClientConnectionManager -- ep-00000003: releasing endpoint
21:02:17.422 [Test worker] DEBUG com.github.dockerjava.zerodep.shaded.org.apache.hc.client5.http.impl.io.PoolingHttpClientConnectionManager -- ep-00000003: connection http-outgoing-0 can be kept alive for 3 MINUTES
21:02:17.422 [Test worker] DEBUG com.github.dockerjava.zerodep.shaded.org.apache.hc.client5.http.impl.io.PoolingHttpClientConnectionManager -- ep-00000003: connection released [route: {}->npipe://localhost:2375][total available: 1; route allocated: 1 of 2147483647; total allocated: 1 of 2147483647]
21:02:17.427 [Test worker] INFO docker[testcontainers/ryuk:0.3.4] -- Container testcontainers/ryuk:0.3.4 is starting: 5e447b632235e01b7f309a358d2b199292fca3b20f219518812eb0626680cb22
21:02:17.434 [Test worker] DEBUG org.testcontainers.shaded.com.github.dockerjava.core.command.AbstrDockerCmd -- Cmd: 5e447b632235e01b7f309a358d2b199292fca3b20f219518812eb0626680cb22
21:02:17.436 [Test worker] DEBUG com.github.dockerjava.zerodep.shaded.org.apache.hc.client5.http.impl.classic.InternalHttpClient -- ex-00000005: preparing request execution
21:02:17.436 [Test worker] DEBUG com.github.dockerjava.zerodep.shaded.org.apache.hc.client5.http.protocol.RequestAddCookies -- Cookie spec selected: strict
21:02:17.436 [Test worker] DEBUG com.github.dockerjava.zerodep.shaded.org.apache.hc.client5.http.protocol.RequestAuthCache -- Auth cache not set in the context
21:02:17.436 [Test worker] DEBUG com.github.dockerjava.zerodep.shaded.org.apache.hc.client5.http.impl.classic.ProtocolExec -- ex-00000005: target auth state: UNCHALLENGED
21:02:17.436 [Test worker] DEBUG com.github.dockerjava.zerodep.shaded.org.apache.hc.client5.http.impl.classic.ProtocolExec -- ex-00000005: proxy auth state: UNCHALLENGED
21:02:17.436 [Test worker] DEBUG com.github.dockerjava.zerodep.shaded.org.apache.hc.client5.http.impl.classic.ConnectExec -- ex-00000005: acquiring connection with route {}->npipe://localhost:2375
21:02:17.436 [Test worker] DEBUG com.github.dockerjava.zerodep.shaded.org.apache.hc.client5.http.impl.classic.InternalHttpClient -- ex-00000005: acquiring endpoint (3 MINUTES)
21:02:17.436 [Test worker] DEBUG com.github.dockerjava.zerodep.shaded.org.apache.hc.client5.http.impl.io.PoolingHttpClientConnectionManager -- ex-00000005: endpoint lease request (3 MINUTES) [route: {}->npipe://localhost:2375][total available: 1; route allocated: 1 of 2147483647; total allocated: 1 of 2147483647]
21:02:17.436 [Test worker] DEBUG com.github.dockerjava.zerodep.shaded.org.apache.hc.client5.http.impl.io.PoolingHttpClientConnectionManager -- ex-00000005: endpoint leased [route: {}->npipe://localhost:2375][total available: 0; route allocated: 1 of 2147483647; total allocated: 1 of 2147483647]
21:02:17.437 [Test worker] DEBUG com.github.dockerjava.zerodep.shaded.org.apache.hc.client5.http.impl.io.PoolingHttpClientConnectionManager -- ex-00000005: acquired ep-00000004
21:02:17.437 [Test worker] DEBUG com.github.dockerjava.zerodep.shaded.org.apache.hc.client5.http.impl.classic.InternalHttpClient -- ex-00000005: acquired endpoint ep-00000004
21:02:17.437 [Test worker] DEBUG com.github.dockerjava.zerodep.shaded.org.apache.hc.client5.http.impl.classic.MainClientExec -- ex-00000005: executing POST /v1.32/containers/5e447b632235e01b7f309a358d2b199292fca3b20f219518812eb0626680cb22/start HTTP/1.1
21:02:17.437 [Test worker] DEBUG com.github.dockerjava.zerodep.shaded.org.apache.hc.client5.http.impl.classic.InternalHttpClient -- ep-00000004: start execution ex-00000005
21:02:17.437 [Test worker] DEBUG com.github.dockerjava.zerodep.shaded.org.apache.hc.client5.http.impl.io.PoolingHttpClientConnectionManager -- ep-00000004: executing exchange ex-00000005 over http-outgoing-0
21:02:17.437 [Test worker] DEBUG com.github.dockerjava.zerodep.shaded.org.apache.hc.client5.http.headers -- http-outgoing-0 >> POST /v1.32/containers/5e447b632235e01b7f309a358d2b199292fca3b20f219518812eb0626680cb22/start HTTP/1.1
21:02:17.437 [Test worker] DEBUG com.github.dockerjava.zerodep.shaded.org.apache.hc.client5.http.headers -- http-outgoing-0 >> accept: application/json
21:02:17.437 [Test worker] DEBUG com.github.dockerjava.zerodep.shaded.org.apache.hc.client5.http.headers -- http-outgoing-0 >> content-type: application/json
21:02:17.437 [Test worker] DEBUG com.github.dockerjava.zerodep.shaded.org.apache.hc.client5.http.headers -- http-outgoing-0 >> x-tc-sid: e2b65d14-0dc0-4f11-958a-a33688020ff9
21:02:17.437 [Test worker] DEBUG com.github.dockerjava.zerodep.shaded.org.apache.hc.client5.http.headers -- http-outgoing-0 >> Accept-Encoding: gzip, x-gzip, deflate
21:02:17.437 [Test worker] DEBUG com.github.dockerjava.zerodep.shaded.org.apache.hc.client5.http.headers -- http-outgoing-0 >> Host: localhost:2375
21:02:17.438 [Test worker] DEBUG com.github.dockerjava.zerodep.shaded.org.apache.hc.client5.http.headers -- http-outgoing-0 >> Connection: keep-alive
21:02:17.438 [Test worker] DEBUG com.github.dockerjava.zerodep.shaded.org.apache.hc.client5.http.headers -- http-outgoing-0 >> User-Agent: Apache-HttpClient/5.0.3 (Java/19)
21:02:17.438 [Test worker] DEBUG com.github.dockerjava.zerodep.shaded.org.apache.hc.client5.http.wire -- http-outgoing-0 >> "POST /v1.32/containers/5e447b632235e01b7f309a358d2b199292fca3b20f219518812eb0626680cb22/start HTTP/1.1[\r][\n]"
21:02:17.438 [Test worker] DEBUG com.github.dockerjava.zerodep.shaded.org.apache.hc.client5.http.wire -- http-outgoing-0 >> "accept: application/json[\r][\n]"
21:02:17.438 [Test worker] DEBUG com.github.dockerjava.zerodep.shaded.org.apache.hc.client5.http.wire -- http-outgoing-0 >> "content-type: application/json[\r][\n]"
21:02:17.438 [Test worker] DEBUG com.github.dockerjava.zerodep.shaded.org.apache.hc.client5.http.wire -- http-outgoing-0 >> "x-tc-sid: e2b65d14-0dc0-4f11-958a-a33688020ff9[\r][\n]"
21:02:17.439 [Test worker] DEBUG com.github.dockerjava.zerodep.shaded.org.apache.hc.client5.http.wire -- http-outgoing-0 >> "Accept-Encoding: gzip, x-gzip, deflate[\r][\n]"
21:02:17.440 [Test worker] DEBUG com.github.dockerjava.zerodep.shaded.org.apache.hc.client5.http.wire -- http-outgoing-0 >> "Host: localhost:2375[\r][\n]"
21:02:17.442 [Test worker] DEBUG com.github.dockerjava.zerodep.shaded.org.apache.hc.client5.http.wire -- http-outgoing-0 >> "Connection: keep-alive[\r][\n]"
21:02:17.442 [Test worker] DEBUG com.github.dockerjava.zerodep.shaded.org.apache.hc.client5.http.wire -- http-outgoing-0 >> "User-Agent: Apache-HttpClient/5.0.3 (Java/19)[\r][\n]"
21:02:17.442 [Test worker] DEBUG com.github.dockerjava.zerodep.shaded.org.apache.hc.client5.http.wire -- http-outgoing-0 >> "[\r][\n]"
21:02:17.924 [Test worker] DEBUG com.github.dockerjava.zerodep.shaded.org.apache.hc.client5.http.wire -- http-outgoing-0 << "HTTP/1.1 204 No Content[\r][\n]"
21:02:17.925 [Test worker] DEBUG com.github.dockerjava.zerodep.shaded.org.apache.hc.client5.http.wire -- http-outgoing-0 << "Api-Version: 1.43[\r][\n]"
21:02:17.925 [Test worker] DEBUG com.github.dockerjava.zerodep.shaded.org.apache.hc.client5.http.wire -- http-outgoing-0 << "Date: Fri, 02 Jun 2023 19:02:17 GMT[\r][\n]"
21:02:17.925 [Test worker] DEBUG com.github.dockerjava.zerodep.shaded.org.apache.hc.client5.http.wire -- http-outgoing-0 << "Docker-Experimental: false[\r][\n]"
21:02:17.925 [Test worker] DEBUG com.github.dockerjava.zerodep.shaded.org.apache.hc.client5.http.wire -- http-outgoing-0 << "Ostype: linux[\r][\n]"
21:02:17.925 [Test worker] DEBUG com.github.dockerjava.zerodep.shaded.org.apache.hc.client5.http.wire -- http-outgoing-0 << "Server: Docker/24.0.2 (linux)[\r][\n]"
21:02:17.925 [Test worker] DEBUG com.github.dockerjava.zerodep.shaded.org.apache.hc.client5.http.wire -- http-outgoing-0 << "[\r][\n]"
21:02:17.926 [Test worker] DEBUG com.github.dockerjava.zerodep.shaded.org.apache.hc.client5.http.headers -- http-outgoing-0 << HTTP/1.1 204 No Content
21:02:17.926 [Test worker] DEBUG com.github.dockerjava.zerodep.shaded.org.apache.hc.client5.http.headers -- http-outgoing-0 << Api-Version: 1.43
21:02:17.926 [Test worker] DEBUG com.github.dockerjava.zerodep.shaded.org.apache.hc.client5.http.headers -- http-outgoing-0 << Date: Fri, 02 Jun 2023 19:02:17 GMT
21:02:17.926 [Test worker] DEBUG com.github.dockerjava.zerodep.shaded.org.apache.hc.client5.http.headers -- http-outgoing-0 << Docker-Experimental: false
21:02:17.926 [Test worker] DEBUG com.github.dockerjava.zerodep.shaded.org.apache.hc.client5.http.headers -- http-outgoing-0 << Ostype: linux
21:02:17.926 [Test worker] DEBUG com.github.dockerjava.zerodep.shaded.org.apache.hc.client5.http.headers -- http-outgoing-0 << Server: Docker/24.0.2 (linux)
21:02:17.926 [Test worker] DEBUG com.github.dockerjava.zerodep.shaded.org.apache.hc.client5.http.impl.classic.MainClientExec -- ex-00000005: connection can be kept alive for 3 MINUTES
21:02:17.926 [Test worker] DEBUG com.github.dockerjava.zerodep.shaded.org.apache.hc.client5.http.impl.classic.InternalHttpClient -- ep-00000004: releasing valid endpoint
21:02:17.926 [Test worker] DEBUG com.github.dockerjava.zerodep.shaded.org.apache.hc.client5.http.impl.io.PoolingHttpClientConnectionManager -- ep-00000004: releasing endpoint
21:02:17.926 [Test worker] DEBUG com.github.dockerjava.zerodep.shaded.org.apache.hc.client5.http.impl.io.PoolingHttpClientConnectionManager -- ep-00000004: connection http-outgoing-0 can be kept alive for 3 MINUTES
21:02:17.926 [Test worker] DEBUG com.github.dockerjava.zerodep.shaded.org.apache.hc.client5.http.impl.io.PoolingHttpClientConnectionManager -- ep-00000004: connection released [route: {}->npipe://localhost:2375][total available: 1; route allocated: 1 of 2147483647; total allocated: 1 of 2147483647]
21:02:17.940 [Test worker] DEBUG org.testcontainers.shaded.com.github.dockerjava.core.command.AbstrDockerCmd -- Cmd: 5e447b632235e01b7f309a358d2b199292fca3b20f219518812eb0626680cb22,false
21:02:17.943 [Test worker] DEBUG org.testcontainers.shaded.com.github.dockerjava.core.exec.InspectContainerCmdExec -- GET: DefaultWebTarget{path=[/containers/5e447b632235e01b7f309a358d2b199292fca3b20f219518812eb0626680cb22/json], queryParams={}}
21:02:17.944 [Test worker] DEBUG com.github.dockerjava.zerodep.shaded.org.apache.hc.client5.http.impl.classic.InternalHttpClient -- ex-00000006: preparing request execution
21:02:17.945 [Test worker] DEBUG com.github.dockerjava.zerodep.shaded.org.apache.hc.client5.http.protocol.RequestAddCookies -- Cookie spec selected: strict
21:02:17.945 [Test worker] DEBUG com.github.dockerjava.zerodep.shaded.org.apache.hc.client5.http.protocol.RequestAuthCache -- Auth cache not set in the context
21:02:17.945 [Test worker] DEBUG com.github.dockerjava.zerodep.shaded.org.apache.hc.client5.http.impl.classic.ProtocolExec -- ex-00000006: target auth state: UNCHALLENGED
21:02:17.945 [Test worker] DEBUG com.github.dockerjava.zerodep.shaded.org.apache.hc.client5.http.impl.classic.ProtocolExec -- ex-00000006: proxy auth state: UNCHALLENGED
21:02:17.945 [Test worker] DEBUG com.github.dockerjava.zerodep.shaded.org.apache.hc.client5.http.impl.classic.ConnectExec -- ex-00000006: acquiring connection with route {}->npipe://localhost:2375
21:02:17.945 [Test worker] DEBUG com.github.dockerjava.zerodep.shaded.org.apache.hc.client5.http.impl.classic.InternalHttpClient -- ex-00000006: acquiring endpoint (3 MINUTES)
21:02:17.945 [Test worker] DEBUG com.github.dockerjava.zerodep.shaded.org.apache.hc.client5.http.impl.io.PoolingHttpClientConnectionManager -- ex-00000006: endpoint lease request (3 MINUTES) [route: {}->npipe://localhost:2375][total available: 1; route allocated: 1 of 2147483647; total allocated: 1 of 2147483647]
21:02:17.945 [Test worker] DEBUG com.github.dockerjava.zerodep.shaded.org.apache.hc.client5.http.impl.io.PoolingHttpClientConnectionManager -- ex-00000006: endpoint leased [route: {}->npipe://localhost:2375][total available: 0; route allocated: 1 of 2147483647; total allocated: 1 of 2147483647]
21:02:17.945 [Test worker] DEBUG com.github.dockerjava.zerodep.shaded.org.apache.hc.client5.http.impl.io.PoolingHttpClientConnectionManager -- ex-00000006: acquired ep-00000005
21:02:17.946 [Test worker] DEBUG com.github.dockerjava.zerodep.shaded.org.apache.hc.client5.http.impl.classic.InternalHttpClient -- ex-00000006: acquired endpoint ep-00000005
21:02:17.946 [Test worker] DEBUG com.github.dockerjava.zerodep.shaded.org.apache.hc.client5.http.impl.classic.MainClientExec -- ex-00000006: executing GET /v1.32/containers/5e447b632235e01b7f309a358d2b199292fca3b20f219518812eb0626680cb22/json HTTP/1.1
21:02:17.946 [Test worker] DEBUG com.github.dockerjava.zerodep.shaded.org.apache.hc.client5.http.impl.classic.InternalHttpClient -- ep-00000005: start execution ex-00000006
21:02:17.946 [Test worker] DEBUG com.github.dockerjava.zerodep.shaded.org.apache.hc.client5.http.impl.io.PoolingHttpClientConnectionManager -- ep-00000005: executing exchange ex-00000006 over http-outgoing-0
21:02:17.946 [Test worker] DEBUG com.github.dockerjava.zerodep.shaded.org.apache.hc.client5.http.headers -- http-outgoing-0 >> GET /v1.32/containers/5e447b632235e01b7f309a358d2b199292fca3b20f219518812eb0626680cb22/json HTTP/1.1
21:02:17.946 [Test worker] DEBUG com.github.dockerjava.zerodep.shaded.org.apache.hc.client5.http.headers -- http-outgoing-0 >> accept: application/json
21:02:17.946 [Test worker] DEBUG com.github.dockerjava.zerodep.shaded.org.apache.hc.client5.http.headers -- http-outgoing-0 >> x-tc-sid: e2b65d14-0dc0-4f11-958a-a33688020ff9
21:02:17.946 [Test worker] DEBUG com.github.dockerjava.zerodep.shaded.org.apache.hc.client5.http.headers -- http-outgoing-0 >> Accept-Encoding: gzip, x-gzip, deflate
21:02:17.946 [Test worker] DEBUG com.github.dockerjava.zerodep.shaded.org.apache.hc.client5.http.headers -- http-outgoing-0 >> Host: localhost:2375
21:02:17.946 [Test worker] DEBUG com.github.dockerjava.zerodep.shaded.org.apache.hc.client5.http.headers -- http-outgoing-0 >> Connection: keep-alive
21:02:17.946 [Test worker] DEBUG com.github.dockerjava.zerodep.shaded.org.apache.hc.client5.http.headers -- http-outgoing-0 >> User-Agent: Apache-HttpClient/5.0.3 (Java/19)
21:02:17.946 [Test worker] DEBUG com.github.dockerjava.zerodep.shaded.org.apache.hc.client5.http.wire -- http-outgoing-0 >> "GET /v1.32/containers/5e447b632235e01b7f309a358d2b199292fca3b20f219518812eb0626680cb22/json HTTP/1.1[\r][\n]"
21:02:17.946 [Test worker] DEBUG com.github.dockerjava.zerodep.shaded.org.apache.hc.client5.http.wire -- http-outgoing-0 >> "accept: application/json[\r][\n]"
21:02:17.946 [Test worker] DEBUG com.github.dockerjava.zerodep.shaded.org.apache.hc.client5.http.wire -- http-outgoing-0 >> "x-tc-sid: e2b65d14-0dc0-4f11-958a-a33688020ff9[\r][\n]"
21:02:17.946 [Test worker] DEBUG com.github.dockerjava.zerodep.shaded.org.apache.hc.client5.http.wire -- http-outgoing-0 >> "Accept-Encoding: gzip, x-gzip, deflate[\r][\n]"
21:02:17.946 [Test worker] DEBUG com.github.dockerjava.zerodep.shaded.org.apache.hc.client5.http.wire -- http-outgoing-0 >> "Host: localhost:2375[\r][\n]"
21:02:17.946 [Test worker] DEBUG com.github.dockerjava.zerodep.shaded.org.apache.hc.client5.http.wire -- http-outgoing-0 >> "Connection: keep-alive[\r][\n]"
21:02:17.946 [Test worker] DEBUG com.github.dockerjava.zerodep.shaded.org.apache.hc.client5.http.wire -- http-outgoing-0 >> "User-Agent: Apache-HttpClient/5.0.3 (Java/19)[\r][\n]"
21:02:17.946 [Test worker] DEBUG com.github.dockerjava.zerodep.shaded.org.apache.hc.client5.http.wire -- http-outgoing-0 >> "[\r][\n]"
21:02:17.953 [Test worker] DEBUG com.github.dockerjava.zerodep.shaded.org.apache.hc.client5.http.wire -- http-outgoing-0 << "HTTP/1.1 200 OK[\r][\n]"
21:02:17.953 [Test worker] DEBUG com.github.dockerjava.zerodep.shaded.org.apache.hc.client5.http.wire -- http-outgoing-0 << "Api-Version: 1.43[\r][\n]"
21:02:17.953 [Test worker] DEBUG com.github.dockerjava.zerodep.shaded.org.apache.hc.client5.http.wire -- http-outgoing-0 << "Content-Type: application/json[\r][\n]"
21:02:17.953 [Test worker] DEBUG com.github.dockerjava.zerodep.shaded.org.apache.hc.client5.http.wire -- http-outgoing-0 << "Date: Fri, 02 Jun 2023 19:02:17 GMT[\r][\n]"
21:02:17.953 [Test worker] DEBUG com.github.dockerjava.zerodep.shaded.org.apache.hc.client5.http.wire -- http-outgoing-0 << "Docker-Experimental: false[\r][\n]"
21:02:17.953 [Test worker] DEBUG com.github.dockerjava.zerodep.shaded.org.apache.hc.client5.http.wire -- http-outgoing-0 << "Ostype: linux[\r][\n]"
21:02:17.953 [Test worker] DEBUG com.github.dockerjava.zerodep.shaded.org.apache.hc.client5.http.wire -- http-outgoing-0 << "Server: Docker/24.0.2 (linux)[\r][\n]"
21:02:17.953 [Test worker] DEBUG com.github.dockerjava.zerodep.shaded.org.apache.hc.client5.http.wire -- http-outgoing-0 << "Transfer-Encoding: chunked[\r][\n]"
21:02:17.953 [Test worker] DEBUG com.github.dockerjava.zerodep.shaded.org.apache.hc.client5.http.wire -- http-outgoing-0 << "[\r][\n]"
21:02:17.953 [Test worker] DEBUG com.github.dockerjava.zerodep.shaded.org.apache.hc.client5.http.headers -- http-outgoing-0 << HTTP/1.1 200 OK
21:02:17.954 [Test worker] DEBUG com.github.dockerjava.zerodep.shaded.org.apache.hc.client5.http.headers -- http-outgoing-0 << Api-Version: 1.43
21:02:17.954 [Test worker] DEBUG com.github.dockerjava.zerodep.shaded.org.apache.hc.client5.http.headers -- http-outgoing-0 << Content-Type: application/json
21:02:17.954 [Test worker] DEBUG com.github.dockerjava.zerodep.shaded.org.apache.hc.client5.http.headers -- http-outgoing-0 << Date: Fri, 02 Jun 2023 19:02:17 GMT
21:02:17.955 [Test worker] DEBUG com.github.dockerjava.zerodep.shaded.org.apache.hc.client5.http.headers -- http-outgoing-0 << Docker-Experimental: false
21:02:17.955 [Test worker] DEBUG com.github.dockerjava.zerodep.shaded.org.apache.hc.client5.http.headers -- http-outgoing-0 << Ostype: linux
21:02:17.955 [Test worker] DEBUG com.github.dockerjava.zerodep.shaded.org.apache.hc.client5.http.headers -- http-outgoing-0 << Server: Docker/24.0.2 (linux)
21:02:17.956 [Test worker] DEBUG com.github.dockerjava.zerodep.shaded.org.apache.hc.client5.http.headers -- http-outgoing-0 << Transfer-Encoding: chunked
21:02:17.956 [Test worker] DEBUG com.github.dockerjava.zerodep.shaded.org.apache.hc.client5.http.impl.classic.MainClientExec -- ex-00000006: connection can be kept alive for 3 MINUTES
21:02:17.964 [Test worker] DEBUG com.github.dockerjava.zerodep.shaded.org.apache.hc.client5.http.wire -- http-outgoing-0 << "13ee[\r][\n]"
21:02:17.965 [Test worker] DEBUG com.github.dockerjava.zerodep.shaded.org.apache.hc.client5.http.wire -- http-outgoing-0 << "{"Id":"5e447b632235e01b7f309a358d2b199292fca3b20f219518812eb0626680cb22","Created":"2023-06-02T19:02:17.131929911Z","Path":"/app","Args":[],"State":{"Status":"running","Running":true,"Paused":false,"Restarting":false,"OOMKilled":false,"Dead":false,"Pid":17509,"ExitCode":0,"Error":"","StartedAt":"2023-06-02T19:02:17.873909148Z","FinishedAt":"0001-01-01T00:00:00Z"},"Image":"sha256:7ac27de2f0c441174e7e12a105f876493b902ffd7bbb2a3646aa929c08cc3806","ResolvConfPath":"/var/lib/docker/containers/5e447b632235e01b7f309a358d2b199292fca3b20f219518812eb0626680cb22/resolv.conf","HostnamePath":"/var/lib/docker/containers/5e447b632235e01b7f309a358d2b199292fca3b20f219518812eb0626680cb22/hostname","HostsPath":"/var/lib/docker/containers/5e447b632235e01b7f309a358d2b199292fca3b20f219518812eb0626680cb22/hosts","LogPath":"/var/lib/docker/containers/5e447b632235e01b7f309a358d2b199292fca3b20f219518812eb0626680cb22/5e447b632235e01b7f309a358d2b199292fca3b20f219518812eb0626680cb22-json.log","Name":"/testcontainers-ryuk-e2b65d14-0dc0-4f11-958a-a33688020ff9","RestartCount":0,"Driver":"overlay2","Platform":"linux","MountLabel":"","ProcessLabel":"","AppArmorProfile":"","ExecIDs":null,"HostConfig":{"Binds":["//var/run/docker.sock:/var/run/docker.sock:rw"],"ContainerIDFile":"","LogConfig":{"Type":"json-file","Config":{}},"NetworkMode":"default","PortBindings":{"8080/tcp":[{"HostIp":"0.0.0.0","HostPort":"0"}]},"RestartPolicy":{"Name":"","MaximumRetryCount":0},"AutoRemove":true,"VolumeDriver":"","VolumesFrom":[],"ConsoleSize":[0,0],"CapAdd":null,"CapDrop":null,"CgroupnsMode":"host","Dns":null,"DnsOptions":null,"DnsSearch":null,"ExtraHosts":[],"GroupAdd":null,"IpcMode":"shareable","Cgroup":"","Links":null,"OomScoreAdj":0,"PidMode":"","Privileged":false,"PublishAllPorts":false,"ReadonlyRootfs":false,"SecurityOpt":null,"UTSMode":"","UsernsMode":"","ShmSize":67108864,"Runtime":"runc","Isolation":"","CpuShares":0,"Memory":0,"NanoCpus":0,"CgroupParent":"","BlkioWeight":0,"BlkioWeightDevice":null,"BlkioDeviceReadBps":null,"BlkioDeviceWriteBps":null,"BlkioDeviceReadIOps":null,"BlkioDeviceWriteIOps":null,"CpuPeriod":0,"CpuQuota":0,"CpuRealtimePeriod":0,"CpuRealtimeRuntime":0,"CpusetCpus":"","CpusetMems":"","Devices":null,"DeviceCgroupRules":null,"DeviceRequests":null,"MemoryReservation":0,"MemorySwap":0,"MemorySwappiness":null,"OomKillDisable":false,"PidsLimit":null,"Ulimits":null,"CpuCount":0,"CpuPercent":0,"IOMaximumIOps":0,"IOMaximumBandwidth":0,"MaskedPaths":["/proc/asound","/proc/acpi","/proc/kcore","/proc/keys","/proc/latency_stats","/proc/timer_list","/proc/timer_stats","/proc/sched_debug","/proc/scsi","/sys/firmware"],"ReadonlyPaths":["/proc/bus","/proc/fs","/proc/irq","/proc/sys","/proc/sysrq-trigger"]},"GraphDriver":{"Data":{"LowerDir":"/var/lib/docker/overlay2/017df27de6f0a873962fc67df3f97970906c11a4bab221b107d6e074cbc59217-init/diff:/var/lib/docker/overlay2/dae22d478203be1c4f80d3b5c42739464077ce84adc0684765ecf877c355d916/diff:/var/lib/docker/overlay2/a57c2d580a3203ec9d65cc577a266f7df53db5d1155065d2c6fad71f855659e1/diff:/var/lib/docker/overlay2/c06ed517659dabe3923967b1eb6c3c362fa3aae0425468d05fd604b1db3b9594/diff","MergedDir":"/var/lib/docker/overlay2/017df27de6f0a873962fc67df3f97970906c11a4bab221b107d6e074cbc59217/merged","UpperDir":"/var/lib/docker/overlay2/017df27de6f0a873962fc67df3f97970906c11a4bab221b107d6e074cbc59217/diff","WorkDir":"/var/lib/docker/overlay2/017df27de6f0a873962fc67df3f97970906c11a4bab221b107d6e074cbc59217/work"},"Name":"overlay2"},"Mounts":[{"Type":"bind","Source":"//var/run/docker.sock","Destination":"/var/run/docker.sock","Mode":"rw","RW":true,"Propagation":"rprivate"}],"Config":{"Hostname":"5e447b632235","Domainname":"","User":"","AttachStdin":false,"AttachStdout":false,"AttachStderr":false,"ExposedPorts":{"8080/tcp":{}},"Tty":false,"OpenStdin":false,"StdinOnce":false,"Env":["PATH=/usr/local/sbin:/usr/local/bin:/usr/sbin:/usr/bin:/sbin:/bin"],"Cmd":["/app"],"Image":"testcontainers/ryuk:0.3.4","Volumes":null,"WorkingDir":"","Entrypoint":null,"OnBuild":null,"Labels":{"org.testcontainers":"true","org.testcontainers.lang":"ja"
21:02:18.089 [Test worker] DEBUG com.github.dockerjava.zerodep.shaded.org.apache.hc.client5.http.wire -- http-outgoing-0 << "va","org.testcontainers.version":"1.17.6"}},"NetworkSettings":{"Bridge":"","SandboxID":"ad56ecf6445cc16490153d5f8046103b1cbb940c74c075b1b91f87a7e0eb7cbc","HairpinMode":false,"LinkLocalIPv6Address":"","LinkLocalIPv6PrefixLen":0,"Ports":{"8080/tcp":[]},"SandboxKey":"/var/run/docker/netns/ad56ecf6445c","SecondaryIPAddresses":null,"SecondaryIPv6Addresses":null,"EndpointID":"86e1b100032c5333c98e09aa09a4023541b6be4c90126112237261fa2200a401","Gateway":"172.17.0.1","GlobalIPv6Address":"","GlobalIPv6PrefixLen":0,"IPAddress":"172.17.0.2","IPPrefixLen":16,"IPv6Gateway":"","MacAddress":"02:42:ac:11:00:02","Networks":{"bridge":{"IPAMConfig":null,"Links":null,"Aliases":null,"NetworkID":"74096bbffc9660557319362c8aa6d0a1ae3824e3058da95e870a7a99675845ca","EndpointID":"86e1b100032c5333c98e09aa09a4023541b6be4c90126112237261fa2200a401","Gateway":"172.17.0.1","IPAddress":"172.17.0.2","IPPrefixLen":16,"IPv6Gateway":"","GlobalIPv6Address":"","GlobalIPv6PrefixLen":0,"MacAddress":"02:42:ac:11:00:02","DriverOpts":null}}}}[\n]"
21:02:18.146 [Test worker] DEBUG com.github.dockerjava.zerodep.shaded.org.apache.hc.client5.http.wire -- http-outgoing-0 << "[\r][\n]"
21:02:18.146 [Test worker] DEBUG com.github.dockerjava.zerodep.shaded.org.apache.hc.client5.http.wire -- http-outgoing-0 << "0[\r][\n]"
21:02:18.146 [Test worker] DEBUG com.github.dockerjava.zerodep.shaded.org.apache.hc.client5.http.wire -- http-outgoing-0 << "[\r][\n]"
21:02:18.146 [Test worker] DEBUG com.github.dockerjava.zerodep.shaded.org.apache.hc.client5.http.impl.classic.InternalHttpClient -- ep-00000005: releasing valid endpoint
21:02:18.146 [Test worker] DEBUG com.github.dockerjava.zerodep.shaded.org.apache.hc.client5.http.impl.io.PoolingHttpClientConnectionManager -- ep-00000005: releasing endpoint
21:02:18.146 [Test worker] DEBUG com.github.dockerjava.zerodep.shaded.org.apache.hc.client5.http.impl.io.PoolingHttpClientConnectionManager -- ep-00000005: connection http-outgoing-0 can be kept alive for 3 MINUTES
21:02:18.146 [Test worker] DEBUG com.github.dockerjava.zerodep.shaded.org.apache.hc.client5.http.impl.io.PoolingHttpClientConnectionManager -- ep-00000005: connection released [route: {}->npipe://localhost:2375][total available: 1; route allocated: 1 of 2147483647; total allocated: 1 of 2147483647]
21:02:18.152 [Test worker] DEBUG org.testcontainers.shaded.com.github.dockerjava.core.command.AbstrDockerCmd -- Cmd: 5e447b632235e01b7f309a358d2b199292fca3b20f219518812eb0626680cb22,false
21:02:18.153 [Test worker] DEBUG org.testcontainers.shaded.com.github.dockerjava.core.exec.InspectContainerCmdExec -- GET: DefaultWebTarget{path=[/containers/5e447b632235e01b7f309a358d2b199292fca3b20f219518812eb0626680cb22/json], queryParams={}}
21:02:18.153 [Test worker] DEBUG com.github.dockerjava.zerodep.shaded.org.apache.hc.client5.http.impl.classic.InternalHttpClient -- ex-00000007: preparing request execution
21:02:18.155 [Test worker] DEBUG com.github.dockerjava.zerodep.shaded.org.apache.hc.client5.http.protocol.RequestAddCookies -- Cookie spec selected: strict
21:02:18.155 [Test worker] DEBUG com.github.dockerjava.zerodep.shaded.org.apache.hc.client5.http.protocol.RequestAuthCache -- Auth cache not set in the context
21:02:18.155 [Test worker] DEBUG com.github.dockerjava.zerodep.shaded.org.apache.hc.client5.http.impl.classic.ProtocolExec -- ex-00000007: target auth state: UNCHALLENGED
21:02:18.156 [Test worker] DEBUG com.github.dockerjava.zerodep.shaded.org.apache.hc.client5.http.impl.classic.ProtocolExec -- ex-00000007: proxy auth state: UNCHALLENGED
21:02:18.156 [Test worker] DEBUG com.github.dockerjava.zerodep.shaded.org.apache.hc.client5.http.impl.classic.ConnectExec -- ex-00000007: acquiring connection with route {}->npipe://localhost:2375
21:02:18.156 [Test worker] DEBUG com.github.dockerjava.zerodep.shaded.org.apache.hc.client5.http.impl.classic.InternalHttpClient -- ex-00000007: acquiring endpoint (3 MINUTES)
21:02:18.156 [Test worker] DEBUG com.github.dockerjava.zerodep.shaded.org.apache.hc.client5.http.impl.io.PoolingHttpClientConnectionManager -- ex-00000007: endpoint lease request (3 MINUTES) [route: {}->npipe://localhost:2375][total available: 1; route allocated: 1 of 2147483647; total allocated: 1 of 2147483647]
21:02:18.156 [Test worker] DEBUG com.github.dockerjava.zerodep.shaded.org.apache.hc.client5.http.impl.io.PoolingHttpClientConnectionManager -- ex-00000007: endpoint leased [route: {}->npipe://localhost:2375][total available: 0; route allocated: 1 of 2147483647; total allocated: 1 of 2147483647]
21:02:18.157 [Test worker] DEBUG com.github.dockerjava.zerodep.shaded.org.apache.hc.client5.http.impl.io.PoolingHttpClientConnectionManager -- ex-00000007: acquired ep-00000006
21:02:18.157 [Test worker] DEBUG com.github.dockerjava.zerodep.shaded.org.apache.hc.client5.http.impl.classic.InternalHttpClient -- ex-00000007: acquired endpoint ep-00000006
21:02:18.158 [Test worker] DEBUG com.github.dockerjava.zerodep.shaded.org.apache.hc.client5.http.impl.classic.MainClientExec -- ex-00000007: executing GET /v1.32/containers/5e447b632235e01b7f309a358d2b199292fca3b20f219518812eb0626680cb22/json HTTP/1.1
21:02:18.159 [Test worker] DEBUG com.github.dockerjava.zerodep.shaded.org.apache.hc.client5.http.impl.classic.InternalHttpClient -- ep-00000006: start execution ex-00000007
21:02:18.159 [Test worker] DEBUG com.github.dockerjava.zerodep.shaded.org.apache.hc.client5.http.impl.io.PoolingHttpClientConnectionManager -- ep-00000006: executing exchange ex-00000007 over http-outgoing-0
21:02:18.159 [Test worker] DEBUG com.github.dockerjava.zerodep.shaded.org.apache.hc.client5.http.headers -- http-outgoing-0 >> GET /v1.32/containers/5e447b632235e01b7f309a358d2b199292fca3b20f219518812eb0626680cb22/json HTTP/1.1
21:02:18.160 [Test worker] DEBUG com.github.dockerjava.zerodep.shaded.org.apache.hc.client5.http.headers -- http-outgoing-0 >> accept: application/json
21:02:18.160 [Test worker] DEBUG com.github.dockerjava.zerodep.shaded.org.apache.hc.client5.http.headers -- http-outgoing-0 >> x-tc-sid: e2b65d14-0dc0-4f11-958a-a33688020ff9
21:02:18.160 [Test worker] DEBUG com.github.dockerjava.zerodep.shaded.org.apache.hc.client5.http.headers -- http-outgoing-0 >> Accept-Encoding: gzip, x-gzip, deflate
21:02:18.160 [Test worker] DEBUG com.github.dockerjava.zerodep.shaded.org.apache.hc.client5.http.headers -- http-outgoing-0 >> Host: localhost:2375
21:02:18.160 [Test worker] DEBUG com.github.dockerjava.zerodep.shaded.org.apache.hc.client5.http.headers -- http-outgoing-0 >> Connection: keep-alive
21:02:18.160 [Test worker] DEBUG com.github.dockerjava.zerodep.shaded.org.apache.hc.client5.http.headers -- http-outgoing-0 >> User-Agent: Apache-HttpClient/5.0.3 (Java/19)
21:02:18.160 [Test worker] DEBUG com.github.dockerjava.zerodep.shaded.org.apache.hc.client5.http.wire -- http-outgoing-0 >> "GET /v1.32/containers/5e447b632235e01b7f309a358d2b199292fca3b20f219518812eb0626680cb22/json HTTP/1.1[\r][\n]"
21:02:18.160 [Test worker] DEBUG com.github.dockerjava.zerodep.shaded.org.apache.hc.client5.http.wire -- http-outgoing-0 >> "accept: application/json[\r][\n]"
21:02:18.160 [Test worker] DEBUG com.github.dockerjava.zerodep.shaded.org.apache.hc.client5.http.wire -- http-outgoing-0 >> "x-tc-sid: e2b65d14-0dc0-4f11-958a-a33688020ff9[\r][\n]"
21:02:18.160 [Test worker] DEBUG com.github.dockerjava.zerodep.shaded.org.apache.hc.client5.http.wire -- http-outgoing-0 >> "Accept-Encoding: gzip, x-gzip, deflate[\r][\n]"
21:02:18.160 [Test worker] DEBUG com.github.dockerjava.zerodep.shaded.org.apache.hc.client5.http.wire -- http-outgoing-0 >> "Host: localhost:2375[\r][\n]"
21:02:18.160 [Test worker] DEBUG com.github.dockerjava.zerodep.shaded.org.apache.hc.client5.http.wire -- http-outgoing-0 >> "Connection: keep-alive[\r][\n]"
21:02:18.160 [Test worker] DEBUG com.github.dockerjava.zerodep.shaded.org.apache.hc.client5.http.wire -- http-outgoing-0 >> "User-Agent: Apache-HttpClient/5.0.3 (Java/19)[\r][\n]"
21:02:18.160 [Test worker] DEBUG com.github.dockerjava.zerodep.shaded.org.apache.hc.client5.http.wire -- http-outgoing-0 >> "[\r][\n]"
21:02:18.170 [Test worker] DEBUG com.github.dockerjava.zerodep.shaded.org.apache.hc.client5.http.wire -- http-outgoing-0 << "HTTP/1.1 200 OK[\r][\n]"
21:02:18.170 [Test worker] DEBUG com.github.dockerjava.zerodep.shaded.org.apache.hc.client5.http.wire -- http-outgoing-0 << "Api-Version: 1.43[\r][\n]"
21:02:18.170 [Test worker] DEBUG com.github.dockerjava.zerodep.shaded.org.apache.hc.client5.http.wire -- http-outgoing-0 << "Content-Type: application/json[\r][\n]"
21:02:18.170 [Test worker] DEBUG com.github.dockerjava.zerodep.shaded.org.apache.hc.client5.http.wire -- http-outgoing-0 << "Date: Fri, 02 Jun 2023 19:02:18 GMT[\r][\n]"
21:02:18.170 [Test worker] DEBUG com.github.dockerjava.zerodep.shaded.org.apache.hc.client5.http.wire -- http-outgoing-0 << "Docker-Experimental: false[\r][\n]"
21:02:18.170 [Test worker] DEBUG com.github.dockerjava.zerodep.shaded.org.apache.hc.client5.http.wire -- http-outgoing-0 << "Ostype: linux[\r][\n]"
21:02:18.170 [Test worker] DEBUG com.github.dockerjava.zerodep.shaded.org.apache.hc.client5.http.wire -- http-outgoing-0 << "Server: Docker/24.0.2 (linux)[\r][\n]"
21:02:18.171 [Test worker] DEBUG com.github.dockerjava.zerodep.shaded.org.apache.hc.client5.http.wire -- http-outgoing-0 << "Transfer-Encoding: chunked[\r][\n]"
21:02:18.171 [Test worker] DEBUG com.github.dockerjava.zerodep.shaded.org.apache.hc.client5.http.wire -- http-outgoing-0 << "[\r][\n]"
21:02:18.171 [Test worker] DEBUG com.github.dockerjava.zerodep.shaded.org.apache.hc.client5.http.headers -- http-outgoing-0 << HTTP/1.1 200 OK
21:02:18.171 [Test worker] DEBUG com.github.dockerjava.zerodep.shaded.org.apache.hc.client5.http.headers -- http-outgoing-0 << Api-Version: 1.43
21:02:18.171 [Test worker] DEBUG com.github.dockerjava.zerodep.shaded.org.apache.hc.client5.http.headers -- http-outgoing-0 << Content-Type: application/json
21:02:18.171 [Test worker] DEBUG com.github.dockerjava.zerodep.shaded.org.apache.hc.client5.http.headers -- http-outgoing-0 << Date: Fri, 02 Jun 2023 19:02:18 GMT
21:02:18.172 [Test worker] DEBUG com.github.dockerjava.zerodep.shaded.org.apache.hc.client5.http.headers -- http-outgoing-0 << Docker-Experimental: false
21:02:18.172 [Test worker] DEBUG com.github.dockerjava.zerodep.shaded.org.apache.hc.client5.http.headers -- http-outgoing-0 << Ostype: linux
21:02:18.172 [Test worker] DEBUG com.github.dockerjava.zerodep.shaded.org.apache.hc.client5.http.headers -- http-outgoing-0 << Server: Docker/24.0.2 (linux)
21:02:18.172 [Test worker] DEBUG com.github.dockerjava.zerodep.shaded.org.apache.hc.client5.http.headers -- http-outgoing-0 << Transfer-Encoding: chunked
21:02:18.174 [Test worker] DEBUG com.github.dockerjava.zerodep.shaded.org.apache.hc.client5.http.impl.classic.MainClientExec -- ex-00000007: connection can be kept alive for 3 MINUTES
21:02:18.177 [Test worker] DEBUG com.github.dockerjava.zerodep.shaded.org.apache.hc.client5.http.wire -- http-outgoing-0 << "1415[\r][\n]"
21:02:18.178 [Test worker] DEBUG com.github.dockerjava.zerodep.shaded.org.apache.hc.client5.http.wire -- http-outgoing-0 << "{"Id":"5e447b632235e01b7f309a358d2b199292fca3b20f219518812eb0626680cb22","Created":"2023-06-02T19:02:17.131929911Z","Path":"/app","Args":[],"State":{"Status":"running","Running":true,"Paused":false,"Restarting":false,"OOMKilled":false,"Dead":false,"Pid":17509,"ExitCode":0,"Error":"","StartedAt":"2023-06-02T19:02:17.873909148Z","FinishedAt":"0001-01-01T00:00:00Z"},"Image":"sha256:7ac27de2f0c441174e7e12a105f876493b902ffd7bbb2a3646aa929c08cc3806","ResolvConfPath":"/var/lib/docker/containers/5e447b632235e01b7f309a358d2b199292fca3b20f219518812eb0626680cb22/resolv.conf","HostnamePath":"/var/lib/docker/containers/5e447b632235e01b7f309a358d2b199292fca3b20f219518812eb0626680cb22/hostname","HostsPath":"/var/lib/docker/containers/5e447b632235e01b7f309a358d2b199292fca3b20f219518812eb0626680cb22/hosts","LogPath":"/var/lib/docker/containers/5e447b632235e01b7f309a358d2b199292fca3b20f219518812eb0626680cb22/5e447b632235e01b7f309a358d2b199292fca3b20f219518812eb0626680cb22-json.log","Name":"/testcontainers-ryuk-e2b65d14-0dc0-4f11-958a-a33688020ff9","RestartCount":0,"Driver":"overlay2","Platform":"linux","MountLabel":"","ProcessLabel":"","AppArmorProfile":"","ExecIDs":null,"HostConfig":{"Binds":["//var/run/docker.sock:/var/run/docker.sock:rw"],"ContainerIDFile":"","LogConfig":{"Type":"json-file","Config":{}},"NetworkMode":"default","PortBindings":{"8080/tcp":[{"HostIp":"0.0.0.0","HostPort":"0"}]},"RestartPolicy":{"Name":"","MaximumRetryCount":0},"AutoRemove":true,"VolumeDriver":"","VolumesFrom":[],"ConsoleSize":[0,0],"CapAdd":null,"CapDrop":null,"CgroupnsMode":"host","Dns":null,"DnsOptions":null,"DnsSearch":null,"ExtraHosts":[],"GroupAdd":null,"IpcMode":"shareable","Cgroup":"","Links":null,"OomScoreAdj":0,"PidMode":"","Privileged":false,"PublishAllPorts":false,"ReadonlyRootfs":false,"SecurityOpt":null,"UTSMode":"","UsernsMode":"","ShmSize":67108864,"Runtime":"runc","Isolation":"","CpuShares":0,"Memory":0,"NanoCpus":0,"CgroupParent":"","BlkioWeight":0,"BlkioWeightDevice":null,"BlkioDeviceReadBps":null,"BlkioDeviceWriteBps":null,"BlkioDeviceReadIOps":null,"BlkioDeviceWriteIOps":null,"CpuPeriod":0,"CpuQuota":0,"CpuRealtimePeriod":0,"CpuRealtimeRuntime":0,"CpusetCpus":"","CpusetMems":"","Devices":null,"DeviceCgroupRules":null,"DeviceRequests":null,"MemoryReservation":0,"MemorySwap":0,"MemorySwappiness":null,"OomKillDisable":false,"PidsLimit":null,"Ulimits":null,"CpuCount":0,"CpuPercent":0,"IOMaximumIOps":0,"IOMaximumBandwidth":0,"MaskedPaths":["/proc/asound","/proc/acpi","/proc/kcore","/proc/keys","/proc/latency_stats","/proc/timer_list","/proc/timer_stats","/proc/sched_debug","/proc/scsi","/sys/firmware"],"ReadonlyPaths":["/proc/bus","/proc/fs","/proc/irq","/proc/sys","/proc/sysrq-trigger"]},"GraphDriver":{"Data":{"LowerDir":"/var/lib/docker/overlay2/017df27de6f0a873962fc67df3f97970906c11a4bab221b107d6e074cbc59217-init/diff:/var/lib/docker/overlay2/dae22d478203be1c4f80d3b5c42739464077ce84adc0684765ecf877c355d916/diff:/var/lib/docker/overlay2/a57c2d580a3203ec9d65cc577a266f7df53db5d1155065d2c6fad71f855659e1/diff:/var/lib/docker/overlay2/c06ed517659dabe3923967b1eb6c3c362fa3aae0425468d05fd604b1db3b9594/diff","MergedDir":"/var/lib/docker/overlay2/017df27de6f0a873962fc67df3f97970906c11a4bab221b107d6e074cbc59217/merged","UpperDir":"/var/lib/docker/overlay2/017df27de6f0a873962fc67df3f97970906c11a4bab221b107d6e074cbc59217/diff","WorkDir":"/var/lib/docker/overlay2/017df27de6f0a873962fc67df3f97970906c11a4bab221b107d6e074cbc59217/work"},"Name":"overlay2"},"Mounts":[{"Type":"bind","Source":"//var/run/docker.sock","Destination":"/var/run/docker.sock","Mode":"rw","RW":true,"Propagation":"rprivate"}],"Config":{"Hostname":"5e447b632235","Domainname":"","User":"","AttachStdin":false,"AttachStdout":false,"AttachStderr":false,"ExposedPorts":{"8080/tcp":{}},"Tty":false,"OpenStdin":false,"StdinOnce":false,"Env":["PATH=/usr/local/sbin:/usr/local/bin:/usr/sbin:/usr/bin:/sbin:/bin"],"Cmd":["/app"],"Image":"testcontainers/ryuk:0.3.4","Volumes":null,"WorkingDir":"","Entrypoint":null,"OnBuild":null,"Labels":{"org.testcontainers":"true","org.testcontainers.lang":"ja"
21:02:18.181 [Test worker] DEBUG com.github.dockerjava.zerodep.shaded.org.apache.hc.client5.http.wire -- http-outgoing-0 << "va","org.testcontainers.version":"1.17.6"}},"NetworkSettings":{"Bridge":"","SandboxID":"ad56ecf6445cc16490153d5f8046103b1cbb940c74c075b1b91f87a7e0eb7cbc","HairpinMode":false,"LinkLocalIPv6Address":"","LinkLocalIPv6PrefixLen":0,"Ports":{"8080/tcp":[{"HostIp":"0.0.0.0","HostPort":"53276"}]},"SandboxKey":"/var/run/docker/netns/ad56ecf6445c","SecondaryIPAddresses":null,"SecondaryIPv6Addresses":null,"EndpointID":"86e1b100032c5333c98e09aa09a4023541b6be4c90126112237261fa2200a401","Gateway":"172.17.0.1","GlobalIPv6Address":"","GlobalIPv6PrefixLen":0,"IPAddress":"172.17.0.2","IPPrefixLen":16,"IPv6Gateway":"","MacAddress":"02:42:ac:11:00:02","Networks":{"bridge":{"IPAMConfig":null,"Links":null,"Aliases":null,"NetworkID":"74096bbffc9660557319362c8aa6d0a1ae3824e3058da95e870a7a99675845ca","EndpointID":"86e1b100032c5333c98e09aa09a4023541b6be4c90126112237261fa2200a401","Gateway":"172.17.0.1","IPAddress":"172.17.0.2","IPPrefixLen":16,"IPv6Gateway":"","GlobalIPv6Address":"","GlobalIPv6PrefixLen":0,"MacAddress":"02:42:ac:11:00:02","DriverOpts":null}}}}[\n]"
21:02:18.184 [Test worker] DEBUG com.github.dockerjava.zerodep.shaded.org.apache.hc.client5.http.wire -- http-outgoing-0 << "[\r][\n]"
21:02:18.185 [Test worker] DEBUG com.github.dockerjava.zerodep.shaded.org.apache.hc.client5.http.wire -- http-outgoing-0 << "0[\r][\n]"
21:02:18.185 [Test worker] DEBUG com.github.dockerjava.zerodep.shaded.org.apache.hc.client5.http.wire -- http-outgoing-0 << "[\r][\n]"
21:02:18.185 [Test worker] DEBUG com.github.dockerjava.zerodep.shaded.org.apache.hc.client5.http.impl.classic.InternalHttpClient -- ep-00000006: releasing valid endpoint
21:02:18.185 [Test worker] DEBUG com.github.dockerjava.zerodep.shaded.org.apache.hc.client5.http.impl.io.PoolingHttpClientConnectionManager -- ep-00000006: releasing endpoint
21:02:18.186 [Test worker] DEBUG com.github.dockerjava.zerodep.shaded.org.apache.hc.client5.http.impl.io.PoolingHttpClientConnectionManager -- ep-00000006: connection http-outgoing-0 can be kept alive for 3 MINUTES
21:02:18.186 [Test worker] DEBUG com.github.dockerjava.zerodep.shaded.org.apache.hc.client5.http.impl.io.PoolingHttpClientConnectionManager -- ep-00000006: connection released [route: {}->npipe://localhost:2375][total available: 1; route allocated: 1 of 2147483647; total allocated: 1 of 2147483647]
21:02:18.202 [docker-java-stream--1909468543] DEBUG com.github.dockerjava.zerodep.shaded.org.apache.hc.client5.http.impl.classic.InternalHttpClient -- ex-00000008: preparing request execution
21:02:18.202 [docker-java-stream--1909468543] DEBUG com.github.dockerjava.zerodep.shaded.org.apache.hc.client5.http.protocol.RequestAddCookies -- Cookie spec selected: strict
21:02:18.202 [docker-java-stream--1909468543] DEBUG com.github.dockerjava.zerodep.shaded.org.apache.hc.client5.http.protocol.RequestAuthCache -- Auth cache not set in the context
21:02:18.202 [docker-java-stream--1909468543] DEBUG com.github.dockerjava.zerodep.shaded.org.apache.hc.client5.http.impl.classic.ProtocolExec -- ex-00000008: target auth state: UNCHALLENGED
21:02:18.202 [docker-java-stream--1909468543] DEBUG com.github.dockerjava.zerodep.shaded.org.apache.hc.client5.http.impl.classic.ProtocolExec -- ex-00000008: proxy auth state: UNCHALLENGED
21:02:18.203 [docker-java-stream--1909468543] DEBUG com.github.dockerjava.zerodep.shaded.org.apache.hc.client5.http.impl.classic.ConnectExec -- ex-00000008: acquiring connection with route {}->npipe://localhost:2375
21:02:18.204 [docker-java-stream--1909468543] DEBUG com.github.dockerjava.zerodep.shaded.org.apache.hc.client5.http.impl.classic.InternalHttpClient -- ex-00000008: acquiring endpoint (3 MINUTES)
21:02:18.205 [docker-java-stream--1909468543] DEBUG com.github.dockerjava.zerodep.shaded.org.apache.hc.client5.http.impl.io.PoolingHttpClientConnectionManager -- ex-00000008: endpoint lease request (3 MINUTES) [route: {}->npipe://localhost:2375][total available: 1; route allocated: 1 of 2147483647; total allocated: 1 of 2147483647]
21:02:18.206 [docker-java-stream--1909468543] DEBUG com.github.dockerjava.zerodep.shaded.org.apache.hc.client5.http.impl.io.PoolingHttpClientConnectionManager -- ex-00000008: endpoint leased [route: {}->npipe://localhost:2375][total available: 0; route allocated: 1 of 2147483647; total allocated: 1 of 2147483647]
21:02:18.208 [docker-java-stream--1909468543] DEBUG com.github.dockerjava.zerodep.shaded.org.apache.hc.client5.http.impl.io.PoolingHttpClientConnectionManager -- ex-00000008: acquired ep-00000007
21:02:18.208 [docker-java-stream--1909468543] DEBUG com.github.dockerjava.zerodep.shaded.org.apache.hc.client5.http.impl.classic.InternalHttpClient -- ex-00000008: acquired endpoint ep-00000007
21:02:18.208 [docker-java-stream--1909468543] DEBUG com.github.dockerjava.zerodep.shaded.org.apache.hc.client5.http.impl.classic.MainClientExec -- ex-00000008: executing GET /v1.32/containers/5e447b632235e01b7f309a358d2b199292fca3b20f219518812eb0626680cb22/logs?stdout=true&stderr=true&follow=true&since=0 HTTP/1.1
21:02:18.208 [docker-java-stream--1909468543] DEBUG com.github.dockerjava.zerodep.shaded.org.apache.hc.client5.http.impl.classic.InternalHttpClient -- ep-00000007: start execution ex-00000008
21:02:18.209 [docker-java-stream--1909468543] DEBUG com.github.dockerjava.zerodep.shaded.org.apache.hc.client5.http.impl.io.PoolingHttpClientConnectionManager -- ep-00000007: executing exchange ex-00000008 over http-outgoing-0
21:02:18.209 [docker-java-stream--1909468543] DEBUG com.github.dockerjava.zerodep.shaded.org.apache.hc.client5.http.headers -- http-outgoing-0 >> GET /v1.32/containers/5e447b632235e01b7f309a358d2b199292fca3b20f219518812eb0626680cb22/logs?stdout=true&stderr=true&follow=true&since=0 HTTP/1.1
21:02:18.209 [docker-java-stream--1909468543] DEBUG com.github.dockerjava.zerodep.shaded.org.apache.hc.client5.http.headers -- http-outgoing-0 >> x-tc-sid: e2b65d14-0dc0-4f11-958a-a33688020ff9
21:02:18.209 [docker-java-stream--1909468543] DEBUG com.github.dockerjava.zerodep.shaded.org.apache.hc.client5.http.headers -- http-outgoing-0 >> Accept-Encoding: gzip, x-gzip, deflate
21:02:18.209 [docker-java-stream--1909468543] DEBUG com.github.dockerjava.zerodep.shaded.org.apache.hc.client5.http.headers -- http-outgoing-0 >> Host: localhost:2375
21:02:18.209 [docker-java-stream--1909468543] DEBUG com.github.dockerjava.zerodep.shaded.org.apache.hc.client5.http.headers -- http-outgoing-0 >> Connection: keep-alive
21:02:18.210 [docker-java-stream--1909468543] DEBUG com.github.dockerjava.zerodep.shaded.org.apache.hc.client5.http.headers -- http-outgoing-0 >> User-Agent: Apache-HttpClient/5.0.3 (Java/19)
21:02:18.210 [docker-java-stream--1909468543] DEBUG com.github.dockerjava.zerodep.shaded.org.apache.hc.client5.http.wire -- http-outgoing-0 >> "GET /v1.32/containers/5e447b632235e01b7f309a358d2b199292fca3b20f219518812eb0626680cb22/logs?stdout=true&stderr=true&follow=true&since=0 HTTP/1.1[\r][\n]"
21:02:18.210 [docker-java-stream--1909468543] DEBUG com.github.dockerjava.zerodep.shaded.org.apache.hc.client5.http.wire -- http-outgoing-0 >> "x-tc-sid: e2b65d14-0dc0-4f11-958a-a33688020ff9[\r][\n]"
21:02:18.210 [docker-java-stream--1909468543] DEBUG com.github.dockerjava.zerodep.shaded.org.apache.hc.client5.http.wire -- http-outgoing-0 >> "Accept-Encoding: gzip, x-gzip, deflate[\r][\n]"
21:02:18.210 [docker-java-stream--1909468543] DEBUG com.github.dockerjava.zerodep.shaded.org.apache.hc.client5.http.wire -- http-outgoing-0 >> "Host: localhost:2375[\r][\n]"
21:02:18.211 [docker-java-stream--1909468543] DEBUG com.github.dockerjava.zerodep.shaded.org.apache.hc.client5.http.wire -- http-outgoing-0 >> "Connection: keep-alive[\r][\n]"
21:02:18.211 [docker-java-stream--1909468543] DEBUG com.github.dockerjava.zerodep.shaded.org.apache.hc.client5.http.wire -- http-outgoing-0 >> "User-Agent: Apache-HttpClient/5.0.3 (Java/19)[\r][\n]"
21:02:18.211 [docker-java-stream--1909468543] DEBUG com.github.dockerjava.zerodep.shaded.org.apache.hc.client5.http.wire -- http-outgoing-0 >> "[\r][\n]"
21:02:18.218 [docker-java-stream--1909468543] DEBUG com.github.dockerjava.zerodep.shaded.org.apache.hc.client5.http.wire -- http-outgoing-0 << "HTTP/1.1 200 OK[\r][\n]"
21:02:18.218 [docker-java-stream--1909468543] DEBUG com.github.dockerjava.zerodep.shaded.org.apache.hc.client5.http.wire -- http-outgoing-0 << "Api-Version: 1.43[\r][\n]"
21:02:18.218 [docker-java-stream--1909468543] DEBUG com.github.dockerjava.zerodep.shaded.org.apache.hc.client5.http.wire -- http-outgoing-0 << "Content-Type: application/vnd.docker.raw-stream[\r][\n]"
21:02:18.219 [docker-java-stream--1909468543] DEBUG com.github.dockerjava.zerodep.shaded.org.apache.hc.client5.http.wire -- http-outgoing-0 << "Date: Fri, 02 Jun 2023 19:02:18 GMT[\r][\n]"
21:02:18.219 [docker-java-stream--1909468543] DEBUG com.github.dockerjava.zerodep.shaded.org.apache.hc.client5.http.wire -- http-outgoing-0 << "Docker-Experimental: false[\r][\n]"
21:02:18.219 [docker-java-stream--1909468543] DEBUG com.github.dockerjava.zerodep.shaded.org.apache.hc.client5.http.wire -- http-outgoing-0 << "Ostype: linux[\r][\n]"
21:02:18.219 [docker-java-stream--1909468543] DEBUG com.github.dockerjava.zerodep.shaded.org.apache.hc.client5.http.wire -- http-outgoing-0 << "Server: Docker/24.0.2 (linux)[\r][\n]"
21:02:18.219 [docker-java-stream--1909468543] DEBUG com.github.dockerjava.zerodep.shaded.org.apache.hc.client5.http.wire -- http-outgoing-0 << "Transfer-Encoding: chunked[\r][\n]"
21:02:18.219 [docker-java-stream--1909468543] DEBUG com.github.dockerjava.zerodep.shaded.org.apache.hc.client5.http.wire -- http-outgoing-0 << "[\r][\n]"
21:02:18.219 [docker-java-stream--1909468543] DEBUG com.github.dockerjava.zerodep.shaded.org.apache.hc.client5.http.headers -- http-outgoing-0 << HTTP/1.1 200 OK
21:02:18.219 [docker-java-stream--1909468543] DEBUG com.github.dockerjava.zerodep.shaded.org.apache.hc.client5.http.headers -- http-outgoing-0 << Api-Version: 1.43
21:02:18.219 [docker-java-stream--1909468543] DEBUG com.github.dockerjava.zerodep.shaded.org.apache.hc.client5.http.headers -- http-outgoing-0 << Content-Type: application/vnd.docker.raw-stream
21:02:18.219 [docker-java-stream--1909468543] DEBUG com.github.dockerjava.zerodep.shaded.org.apache.hc.client5.http.headers -- http-outgoing-0 << Date: Fri, 02 Jun 2023 19:02:18 GMT
21:02:18.219 [docker-java-stream--1909468543] DEBUG com.github.dockerjava.zerodep.shaded.org.apache.hc.client5.http.headers -- http-outgoing-0 << Docker-Experimental: false
21:02:18.219 [docker-java-stream--1909468543] DEBUG com.github.dockerjava.zerodep.shaded.org.apache.hc.client5.http.headers -- http-outgoing-0 << Ostype: linux
21:02:18.219 [docker-java-stream--1909468543] DEBUG com.github.dockerjava.zerodep.shaded.org.apache.hc.client5.http.headers -- http-outgoing-0 << Server: Docker/24.0.2 (linux)
21:02:18.219 [docker-java-stream--1909468543] DEBUG com.github.dockerjava.zerodep.shaded.org.apache.hc.client5.http.headers -- http-outgoing-0 << Transfer-Encoding: chunked
21:02:18.220 [docker-java-stream--1909468543] DEBUG com.github.dockerjava.zerodep.shaded.org.apache.hc.client5.http.impl.classic.MainClientExec -- ex-00000008: connection can be kept alive for 3 MINUTES
21:02:18.222 [docker-java-stream--1909468543] DEBUG com.github.dockerjava.zerodep.shaded.org.apache.hc.client5.http.wire -- http-outgoing-0 << "c0[\r][\n]"
21:02:18.222 [docker-java-stream--1909468543] DEBUG com.github.dockerjava.zerodep.shaded.org.apache.hc.client5.http.wire -- http-outgoing-0 << "[0x2][0x0][0x0][0x0][0x0][0x0][0x0]&2023/06/02 19:02:17 Pinging Docker...[\n]"
21:02:18.222 [docker-java-stream--1909468543] DEBUG com.github.dockerjava.zerodep.shaded.org.apache.hc.client5.http.wire -- http-outgoing-0 << "[0x2][0x0][0x0][0x0][0x0][0x0][0x0]02023/06/02 19:02:17 Docker daemon is available![\n]"
21:02:18.222 [docker-java-stream--1909468543] DEBUG com.github.dockerjava.zerodep.shaded.org.apache.hc.client5.http.wire -- http-outgoing-0 << "[0x2][0x0][0x0][0x0][0x0][0x0][0x0]-2023/06/02 19:02:17 Starting on port 8080...[\n]"
21:02:18.222 [docker-java-stream--1909468543] DEBUG com.github.dockerjava.zerodep.shaded.org.apache.hc.client5.http.wire -- http-outgoing-0 << "[0x2][0x0][0x0][0x0][0x0][0x0][0x0][0x1d]2023/06/02 19:02:17 Started![\n]"
21:02:18.222 [docker-java-stream--1909468543] DEBUG com.github.dockerjava.zerodep.shaded.org.apache.hc.client5.http.wire -- http-outgoing-0 << "[\r][\n]"
21:02:18.225 [Test worker] DEBUG org.testcontainers.containers.output.WaitingConsumer -- STDERR: 2023/06/02 19:02:17 Pinging Docker...
21:02:18.226 [Test worker] DEBUG org.testcontainers.containers.output.WaitingConsumer -- STDERR: 2023/06/02 19:02:17 Started!
21:02:18.226 [Test worker] DEBUG com.github.dockerjava.zerodep.shaded.org.apache.hc.client5.http.impl.classic.InternalHttpClient -- ep-00000007: cancel
21:02:18.228 [Test worker] DEBUG com.github.dockerjava.zerodep.shaded.org.apache.hc.client5.http.impl.io.DefaultManagedHttpClientConnection -- http-outgoing-0: close connection IMMEDIATE
21:02:18.228 [Test worker] DEBUG com.github.dockerjava.zerodep.shaded.org.apache.hc.client5.http.impl.classic.InternalHttpClient -- ep-00000007: endpoint closed
21:02:18.228 [Test worker] DEBUG com.github.dockerjava.zerodep.shaded.org.apache.hc.client5.http.impl.classic.InternalHttpClient -- ep-00000007: discarding endpoint
21:02:18.228 [Test worker] DEBUG com.github.dockerjava.zerodep.shaded.org.apache.hc.client5.http.impl.io.PoolingHttpClientConnectionManager -- ep-00000007: releasing endpoint
21:02:18.229 [Test worker] DEBUG com.github.dockerjava.zerodep.shaded.org.apache.hc.client5.http.impl.io.PoolingHttpClientConnectionManager -- ep-00000007: connection is not kept alive
21:02:18.229 [docker-java-stream--1909468543] DEBUG com.github.dockerjava.zerodep.shaded.org.apache.hc.client5.http.wire -- http-outgoing-0 << "end of stream"
21:02:18.229 [Test worker] DEBUG com.github.dockerjava.zerodep.shaded.org.apache.hc.client5.http.impl.io.PoolingHttpClientConnectionManager -- ep-00000007: connection released [route: {}->npipe://localhost:2375][total available: 0; route allocated: 0 of 2147483647; total allocated: 0 of 2147483647]
21:02:18.233 [Test worker] DEBUG com.github.dockerjava.zerodep.shaded.org.apache.hc.client5.http.wire -- http-outgoing-0 << "[read] I/O error: java.nio.channels.ClosedChannelException"
21:02:18.233 [Test worker] DEBUG com.github.dockerjava.zerodep.ApacheDockerHttpClientImpl$ApacheResponse -- Failed to close the response
java.io.IOException: java.nio.channels.ClosedChannelException
	at java.base/java.nio.channels.Channels$1.read(Channels.java:166)
	at com.github.dockerjava.zerodep.shaded.org.apache.hc.client5.http.impl.io.LoggingInputStream.read(LoggingInputStream.java:81)
	at com.github.dockerjava.zerodep.shaded.org.apache.hc.core5.http.impl.io.SessionInputBufferImpl.fillBuffer(SessionInputBufferImpl.java:149)
	at com.github.dockerjava.zerodep.shaded.org.apache.hc.core5.http.impl.io.SessionInputBufferImpl.readLine(SessionInputBufferImpl.java:280)
	at com.github.dockerjava.zerodep.shaded.org.apache.hc.core5.http.impl.io.ChunkedInputStream.getChunkSize(ChunkedInputStream.java:261)
	at com.github.dockerjava.zerodep.shaded.org.apache.hc.core5.http.impl.io.ChunkedInputStream.nextChunk(ChunkedInputStream.java:222)
	at com.github.dockerjava.zerodep.shaded.org.apache.hc.core5.http.impl.io.ChunkedInputStream.read(ChunkedInputStream.java:147)
	at com.github.dockerjava.zerodep.shaded.org.apache.hc.core5.http.impl.io.ChunkedInputStream.close(ChunkedInputStream.java:314)
	at com.github.dockerjava.zerodep.shaded.org.apache.hc.core5.io.Closer.close(Closer.java:48)
	at com.github.dockerjava.zerodep.shaded.org.apache.hc.core5.http.impl.io.IncomingHttpEntity.close(IncomingHttpEntity.java:111)
	at com.github.dockerjava.zerodep.shaded.org.apache.hc.core5.http.io.entity.HttpEntityWrapper.close(HttpEntityWrapper.java:120)
	at com.github.dockerjava.zerodep.shaded.org.apache.hc.core5.io.Closer.close(Closer.java:48)
	at com.github.dockerjava.zerodep.shaded.org.apache.hc.core5.http.message.BasicClassicHttpResponse.close(BasicClassicHttpResponse.java:93)
	at com.github.dockerjava.zerodep.shaded.org.apache.hc.client5.http.impl.classic.CloseableHttpResponse.close(CloseableHttpResponse.java:200)
	at com.github.dockerjava.zerodep.ApacheDockerHttpClientImpl$ApacheResponse.close(ApacheDockerHttpClientImpl.java:256)
	at org.testcontainers.shaded.com.github.dockerjava.core.DefaultInvocationBuilder.lambda$null$0(DefaultInvocationBuilder.java:272)
	at com.github.dockerjava.api.async.ResultCallbackTemplate.close(ResultCallbackTemplate.java:77)
	at org.testcontainers.containers.output.FrameConsumerResultCallback.close(FrameConsumerResultCallback.java:99)
	at org.testcontainers.containers.wait.strategy.LogMessageWaitStrategy.waitUntilReady(LogMessageWaitStrategy.java:49)
	at org.testcontainers.containers.wait.strategy.AbstractWaitStrategy.waitUntilReady(AbstractWaitStrategy.java:52)
	at org.testcontainers.containers.GenericContainer.waitUntilContainerStarted(GenericContainer.java:953)
	at org.testcontainers.containers.GenericContainer.tryStart(GenericContainer.java:485)
	at org.testcontainers.containers.GenericContainer.lambda$doStart$0(GenericContainer.java:344)
	at org.rnorth.ducttape.unreliables.Unreliables.retryUntilSuccess(Unreliables.java:81)
	at org.testcontainers.containers.GenericContainer.doStart(GenericContainer.java:334)
	at org.testcontainers.containers.GenericContainer.start(GenericContainer.java:322)
	at org.testcontainers.utility.RyukResourceReaper.maybeStart(RyukResourceReaper.java:78)
	at org.testcontainers.utility.RyukResourceReaper.init(RyukResourceReaper.java:42)
	at org.testcontainers.DockerClientFactory.client(DockerClientFactory.java:224)
	at org.testcontainers.DockerClientFactory$1.getDockerClient(DockerClientFactory.java:104)
	at com.github.dockerjava.api.DockerClientDelegate.authConfig(DockerClientDelegate.java:108)
	at org.testcontainers.containers.GenericContainer.start(GenericContainer.java:321)
	at org.testcontainers.junit.jupiter.TestcontainersExtension$StoreAdapter.start(TestcontainersExtension.java:242)
	at org.testcontainers.junit.jupiter.TestcontainersExtension$StoreAdapter.access$200(TestcontainersExtension.java:229)
	at org.testcontainers.junit.jupiter.TestcontainersExtension.lambda$null$1(TestcontainersExtension.java:56)
	at org.junit.jupiter.engine.execution.ExtensionValuesStore.lambda$getOrComputeIfAbsent$4(ExtensionValuesStore.java:86)
	at org.junit.jupiter.engine.execution.ExtensionValuesStore$MemoizingSupplier.computeValue(ExtensionValuesStore.java:223)
	at org.junit.jupiter.engine.execution.ExtensionValuesStore$MemoizingSupplier.get(ExtensionValuesStore.java:211)
	at org.junit.jupiter.engine.execution.ExtensionValuesStore$StoredValue.evaluate(ExtensionValuesStore.java:191)
	at org.junit.jupiter.engine.execution.ExtensionValuesStore$StoredValue.access$100(ExtensionValuesStore.java:171)
	at org.junit.jupiter.engine.execution.ExtensionValuesStore.getOrComputeIfAbsent(ExtensionValuesStore.java:89)
	at org.junit.jupiter.engine.execution.NamespaceAwareStore.getOrComputeIfAbsent(NamespaceAwareStore.java:53)
	at org.testcontainers.junit.jupiter.TestcontainersExtension.lambda$beforeAll$2(TestcontainersExtension.java:56)
	at java.base/java.util.ArrayList.forEach(ArrayList.java:1511)
	at org.testcontainers.junit.jupiter.TestcontainersExtension.beforeAll(TestcontainersExtension.java:55)
	at org.junit.jupiter.engine.descriptor.ClassBasedTestDescriptor.lambda$invokeBeforeAllCallbacks$12(ClassBasedTestDescriptor.java:395)
	at org.junit.platform.engine.support.hierarchical.ThrowableCollector.execute(ThrowableCollector.java:73)
	at org.junit.jupiter.engine.descriptor.ClassBasedTestDescriptor.invokeBeforeAllCallbacks(ClassBasedTestDescriptor.java:395)
	at org.junit.jupiter.engine.descriptor.ClassBasedTestDescriptor.before(ClassBasedTestDescriptor.java:211)
	at org.junit.jupiter.engine.descriptor.ClassBasedTestDescriptor.before(ClassBasedTestDescriptor.java:84)
	at org.junit.platform.engine.support.hierarchical.NodeTestTask.lambda$executeRecursively$6(NodeTestTask.java:148)
	at org.junit.platform.engine.support.hierarchical.ThrowableCollector.execute(ThrowableCollector.java:73)
	at org.junit.platform.engine.support.hierarchical.NodeTestTask.lambda$executeRecursively$8(NodeTestTask.java:141)
	at org.junit.platform.engine.support.hierarchical.Node.around(Node.java:137)
	at org.junit.platform.engine.support.hierarchical.NodeTestTask.lambda$executeRecursively$9(NodeTestTask.java:139)
	at org.junit.platform.engine.support.hierarchical.ThrowableCollector.execute(ThrowableCollector.java:73)
	at org.junit.platform.engine.support.hierarchical.NodeTestTask.executeRecursively(NodeTestTask.java:138)
	at org.junit.platform.engine.support.hierarchical.NodeTestTask.execute(NodeTestTask.java:95)
	at java.base/java.util.ArrayList.forEach(ArrayList.java:1511)
	at org.junit.platform.engine.support.hierarchical.SameThreadHierarchicalTestExecutorService.invokeAll(SameThreadHierarchicalTestExecutorService.java:41)
	at org.junit.platform.engine.support.hierarchical.NodeTestTask.lambda$executeRecursively$6(NodeTestTask.java:155)
	at org.junit.platform.engine.support.hierarchical.ThrowableCollector.execute(ThrowableCollector.java:73)
	at org.junit.platform.engine.support.hierarchical.NodeTestTask.lambda$executeRecursively$8(NodeTestTask.java:141)
	at org.junit.platform.engine.support.hierarchical.Node.around(Node.java:137)
	at org.junit.platform.engine.support.hierarchical.NodeTestTask.lambda$executeRecursively$9(NodeTestTask.java:139)
	at org.junit.platform.engine.support.hierarchical.ThrowableCollector.execute(ThrowableCollector.java:73)
	at org.junit.platform.engine.support.hierarchical.NodeTestTask.executeRecursively(NodeTestTask.java:138)
	at org.junit.platform.engine.support.hierarchical.NodeTestTask.execute(NodeTestTask.java:95)
	at org.junit.platform.engine.support.hierarchical.SameThreadHierarchicalTestExecutorService.submit(SameThreadHierarchicalTestExecutorService.java:35)
	at org.junit.platform.engine.support.hierarchical.HierarchicalTestExecutor.execute(HierarchicalTestExecutor.java:57)
	at org.junit.platform.engine.support.hierarchical.HierarchicalTestEngine.execute(HierarchicalTestEngine.java:54)
	at org.junit.platform.launcher.core.EngineExecutionOrchestrator.execute(EngineExecutionOrchestrator.java:107)
	at org.junit.platform.launcher.core.EngineExecutionOrchestrator.execute(EngineExecutionOrchestrator.java:88)
	at org.junit.platform.launcher.core.EngineExecutionOrchestrator.lambda$execute$0(EngineExecutionOrchestrator.java:54)
	at org.junit.platform.launcher.core.EngineExecutionOrchestrator.withInterceptedStreams(EngineExecutionOrchestrator.java:67)
	at org.junit.platform.launcher.core.EngineExecutionOrchestrator.execute(EngineExecutionOrchestrator.java:52)
	at org.junit.platform.launcher.core.DefaultLauncher.execute(DefaultLauncher.java:114)
	at org.junit.platform.launcher.core.DefaultLauncher.execute(DefaultLauncher.java:86)
	at org.junit.platform.launcher.core.DefaultLauncherSession$DelegatingLauncher.execute(DefaultLauncherSession.java:86)
	at org.gradle.api.internal.tasks.testing.junitplatform.JUnitPlatformTestClassProcessor$CollectAllTestClassesExecutor.processAllTestClasses(JUnitPlatformTestClassProcessor.java:110)
	at org.gradle.api.internal.tasks.testing.junitplatform.JUnitPlatformTestClassProcessor$CollectAllTestClassesExecutor.access$000(JUnitPlatformTestClassProcessor.java:90)
	at org.gradle.api.internal.tasks.testing.junitplatform.JUnitPlatformTestClassProcessor.stop(JUnitPlatformTestClassProcessor.java:85)
	at org.gradle.api.internal.tasks.testing.SuiteTestClassProcessor.stop(SuiteTestClassProcessor.java:62)
	at java.base/jdk.internal.reflect.DirectMethodHandleAccessor.invoke(DirectMethodHandleAccessor.java:104)
	at java.base/java.lang.reflect.Method.invoke(Method.java:578)
	at org.gradle.internal.dispatch.ReflectionDispatch.dispatch(ReflectionDispatch.java:36)
	at org.gradle.internal.dispatch.ReflectionDispatch.dispatch(ReflectionDispatch.java:24)
	at org.gradle.internal.dispatch.ContextClassLoaderDispatch.dispatch(ContextClassLoaderDispatch.java:33)
	at org.gradle.internal.dispatch.ProxyDispatchAdapter$DispatchingInvocationHandler.invoke(ProxyDispatchAdapter.java:94)
	at jdk.proxy2/jdk.proxy2.$Proxy5.stop(Unknown Source)
	at org.gradle.api.internal.tasks.testing.worker.TestWorker$3.run(TestWorker.java:193)
	at org.gradle.api.internal.tasks.testing.worker.TestWorker.executeAndMaintainThreadName(TestWorker.java:129)
	at org.gradle.api.internal.tasks.testing.worker.TestWorker.execute(TestWorker.java:100)
	at org.gradle.api.internal.tasks.testing.worker.TestWorker.execute(TestWorker.java:60)
	at org.gradle.process.internal.worker.child.ActionExecutionWorker.execute(ActionExecutionWorker.java:56)
	at org.gradle.process.internal.worker.child.SystemApplicationClassLoaderWorker.call(SystemApplicationClassLoaderWorker.java:113)
	at org.gradle.process.internal.worker.child.SystemApplicationClassLoaderWorker.call(SystemApplicationClassLoaderWorker.java:65)
	at worker.org.gradle.process.internal.worker.GradleWorkerMain.run(GradleWorkerMain.java:69)
	at worker.org.gradle.process.internal.worker.GradleWorkerMain.main(GradleWorkerMain.java:74)
Caused by: java.nio.channels.ClosedChannelException: null
	at java.base/sun.nio.ch.WindowsAsynchronousFileChannelImpl.implRead(WindowsAsynchronousFileChannelImpl.java:521)
	at java.base/sun.nio.ch.AsynchronousFileChannelImpl.read(AsynchronousFileChannelImpl.java:229)
	at com.github.dockerjava.transport.NamedPipeSocket$AsynchronousFileByteChannel.read(NamedPipeSocket.java:117)
	at java.base/java.nio.channels.Channels$1.read(Channels.java:164)
	... 98 common frames omitted
21:02:18.254 [Test worker] INFO docker[testcontainers/ryuk:0.3.4] -- Container testcontainers/ryuk:0.3.4 started in PT1.72863S
21:02:18.278 [docker-java-stream--1909468543] DEBUG com.github.dockerjava.zerodep.shaded.org.apache.hc.client5.http.wire -- http-outgoing-0 << "[read] I/O error: java.nio.channels.ClosedChannelException"
21:02:18.279 [docker-java-stream--1909468543] DEBUG com.github.dockerjava.zerodep.ApacheDockerHttpClientImpl$ApacheResponse -- Failed to close the response
java.io.IOException: java.nio.channels.ClosedChannelException
	at java.base/java.nio.channels.Channels$1.read(Channels.java:166)
	at com.github.dockerjava.zerodep.shaded.org.apache.hc.client5.http.impl.io.LoggingInputStream.read(LoggingInputStream.java:81)
	at com.github.dockerjava.zerodep.shaded.org.apache.hc.core5.http.impl.io.SessionInputBufferImpl.fillBuffer(SessionInputBufferImpl.java:149)
	at com.github.dockerjava.zerodep.shaded.org.apache.hc.core5.http.impl.io.SessionInputBufferImpl.readLine(SessionInputBufferImpl.java:280)
	at com.github.dockerjava.zerodep.shaded.org.apache.hc.core5.http.impl.io.ChunkedInputStream.getChunkSize(ChunkedInputStream.java:261)
	at com.github.dockerjava.zerodep.shaded.org.apache.hc.core5.http.impl.io.ChunkedInputStream.nextChunk(ChunkedInputStream.java:222)
	at com.github.dockerjava.zerodep.shaded.org.apache.hc.core5.http.impl.io.ChunkedInputStream.read(ChunkedInputStream.java:147)
	at com.github.dockerjava.zerodep.shaded.org.apache.hc.core5.http.impl.io.ChunkedInputStream.close(ChunkedInputStream.java:314)
	at com.github.dockerjava.zerodep.shaded.org.apache.hc.core5.io.Closer.close(Closer.java:48)
	at com.github.dockerjava.zerodep.shaded.org.apache.hc.core5.http.impl.io.IncomingHttpEntity.close(IncomingHttpEntity.java:111)
	at com.github.dockerjava.zerodep.shaded.org.apache.hc.core5.http.io.entity.HttpEntityWrapper.close(HttpEntityWrapper.java:120)
	at com.github.dockerjava.zerodep.shaded.org.apache.hc.core5.io.Closer.close(Closer.java:48)
	at com.github.dockerjava.zerodep.shaded.org.apache.hc.core5.http.message.BasicClassicHttpResponse.close(BasicClassicHttpResponse.java:93)
	at com.github.dockerjava.zerodep.shaded.org.apache.hc.client5.http.impl.classic.CloseableHttpResponse.close(CloseableHttpResponse.java:200)
	at com.github.dockerjava.zerodep.ApacheDockerHttpClientImpl$ApacheResponse.close(ApacheDockerHttpClientImpl.java:256)
	at org.testcontainers.shaded.com.github.dockerjava.core.DefaultInvocationBuilder.lambda$executeAndStream$1(DefaultInvocationBuilder.java:277)
	at java.base/java.lang.Thread.run(Thread.java:1589)
Caused by: java.nio.channels.ClosedChannelException: null
	at java.base/sun.nio.ch.WindowsAsynchronousFileChannelImpl.implRead(WindowsAsynchronousFileChannelImpl.java:521)
	at java.base/sun.nio.ch.AsynchronousFileChannelImpl.read(AsynchronousFileChannelImpl.java:229)
	at com.github.dockerjava.transport.NamedPipeSocket$AsynchronousFileByteChannel.read(NamedPipeSocket.java:117)
	at java.base/java.nio.channels.Channels$1.read(Channels.java:164)
	... 16 common frames omitted
21:02:18.286 [testcontainers-ryuk] DEBUG org.testcontainers.utility.ResourceReaper -- Sending 'label=org.testcontainers%3Dtrue&label=org.testcontainers.lang%3Djava&label=org.testcontainers.version%3D1.17.6&label=org.testcontainers.sessionId%3De2b65d14-0dc0-4f11-958a-a33688020ff9' to Ryuk
21:02:18.294 [testcontainers-ryuk] DEBUG org.testcontainers.utility.RyukResourceReaper -- Received 'ACK' from Ryuk
21:02:18.294 [Test worker] INFO org.testcontainers.utility.RyukResourceReaper -- Ryuk started - will monitor and terminate Testcontainers containers on JVM exit
21:02:18.294 [Test worker] DEBUG org.testcontainers.DockerClientFactory -- Checks are enabled
21:02:18.295 [Test worker] INFO org.testcontainers.DockerClientFactory -- Checking the system...
21:02:18.296 [Test worker] INFO org.testcontainers.DockerClientFactory -- ?? Docker server version should be at least 1.6.0
21:02:18.297 [Test worker] DEBUG org.testcontainers.utility.PrefixingImageNameSubstitutor -- No prefix is configured
21:02:18.297 [Test worker] DEBUG org.testcontainers.utility.ImageNameSubstitutor -- Did not find a substitute image for mongo:latest (using image substitutor: DefaultImageNameSubstitutor (composite of 'ConfigurationFileImageNameSubstitutor' and 'PrefixingImageNameSubstitutor'))
21:02:18.298 [Test worker] DEBUG docker[mongo:latest] -- mongo:latest is not in image name cache, updating...
21:02:18.301 [Test worker] DEBUG org.testcontainers.shaded.com.github.dockerjava.core.command.AbstrDockerCmd -- Cmd: mongo:latest
21:02:18.303 [Test worker] DEBUG com.github.dockerjava.zerodep.shaded.org.apache.hc.client5.http.impl.classic.InternalHttpClient -- ex-00000009: preparing request execution
21:02:18.304 [Test worker] DEBUG com.github.dockerjava.zerodep.shaded.org.apache.hc.client5.http.protocol.RequestAddCookies -- Cookie spec selected: strict
21:02:18.304 [Test worker] DEBUG com.github.dockerjava.zerodep.shaded.org.apache.hc.client5.http.protocol.RequestAuthCache -- Auth cache not set in the context
21:02:18.304 [Test worker] DEBUG com.github.dockerjava.zerodep.shaded.org.apache.hc.client5.http.impl.classic.ProtocolExec -- ex-00000009: target auth state: UNCHALLENGED
21:02:18.304 [Test worker] DEBUG com.github.dockerjava.zerodep.shaded.org.apache.hc.client5.http.impl.classic.ProtocolExec -- ex-00000009: proxy auth state: UNCHALLENGED
21:02:18.304 [Test worker] DEBUG com.github.dockerjava.zerodep.shaded.org.apache.hc.client5.http.impl.classic.ConnectExec -- ex-00000009: acquiring connection with route {}->npipe://localhost:2375
21:02:18.304 [Test worker] DEBUG com.github.dockerjava.zerodep.shaded.org.apache.hc.client5.http.impl.classic.InternalHttpClient -- ex-00000009: acquiring endpoint (3 MINUTES)
21:02:18.304 [Test worker] DEBUG com.github.dockerjava.zerodep.shaded.org.apache.hc.client5.http.impl.io.PoolingHttpClientConnectionManager -- ex-00000009: endpoint lease request (3 MINUTES) [route: {}->npipe://localhost:2375][total available: 0; route allocated: 0 of 2147483647; total allocated: 0 of 2147483647]
21:02:18.306 [Test worker] DEBUG com.github.dockerjava.zerodep.shaded.org.apache.hc.client5.http.impl.io.PoolingHttpClientConnectionManager -- ex-00000009: endpoint leased [route: {}->npipe://localhost:2375][total available: 0; route allocated: 1 of 2147483647; total allocated: 1 of 2147483647]
21:02:18.307 [Test worker] DEBUG com.github.dockerjava.zerodep.shaded.org.apache.hc.client5.http.impl.io.PoolingHttpClientConnectionManager -- ex-00000009: acquired ep-00000008
21:02:18.307 [Test worker] DEBUG com.github.dockerjava.zerodep.shaded.org.apache.hc.client5.http.impl.classic.InternalHttpClient -- ex-00000009: acquired endpoint ep-00000008
21:02:18.307 [Test worker] DEBUG com.github.dockerjava.zerodep.shaded.org.apache.hc.client5.http.impl.classic.ConnectExec -- ex-00000009: opening connection {}->npipe://localhost:2375
21:02:18.307 [Test worker] DEBUG com.github.dockerjava.zerodep.shaded.org.apache.hc.client5.http.impl.classic.InternalHttpClient -- ep-00000008: connecting endpoint (3 MINUTES)
21:02:18.307 [Test worker] DEBUG com.github.dockerjava.zerodep.shaded.org.apache.hc.client5.http.impl.io.PoolingHttpClientConnectionManager -- ep-00000008: connecting endpoint to npipe://localhost:2375 (3 MINUTES)
21:02:18.308 [Test worker] DEBUG com.github.dockerjava.zerodep.shaded.org.apache.hc.client5.http.impl.io.DefaultHttpClientConnectionOperator -- http-outgoing-1: connecting to localhost/127.0.0.1:2375
21:02:18.309 [Test worker] DEBUG com.github.dockerjava.zerodep.shaded.org.apache.hc.client5.http.impl.io.DefaultHttpClientConnectionOperator -- http-outgoing-1: connection established 
21:02:18.309 [Test worker] DEBUG com.github.dockerjava.zerodep.shaded.org.apache.hc.client5.http.impl.io.PoolingHttpClientConnectionManager -- ep-00000008: connected http-outgoing-1
21:02:18.309 [Test worker] DEBUG com.github.dockerjava.zerodep.shaded.org.apache.hc.client5.http.impl.classic.InternalHttpClient -- ep-00000008: endpoint connected
21:02:18.309 [Test worker] DEBUG com.github.dockerjava.zerodep.shaded.org.apache.hc.client5.http.impl.classic.MainClientExec -- ex-00000009: executing GET /v1.32/images/mongo:latest/json HTTP/1.1
21:02:18.309 [Test worker] DEBUG com.github.dockerjava.zerodep.shaded.org.apache.hc.client5.http.impl.classic.InternalHttpClient -- ep-00000008: start execution ex-00000009
21:02:18.309 [Test worker] DEBUG com.github.dockerjava.zerodep.shaded.org.apache.hc.client5.http.impl.io.PoolingHttpClientConnectionManager -- ep-00000008: executing exchange ex-00000009 over http-outgoing-1
21:02:18.309 [Test worker] DEBUG com.github.dockerjava.zerodep.shaded.org.apache.hc.client5.http.headers -- http-outgoing-1 >> GET /v1.32/images/mongo:latest/json HTTP/1.1
21:02:18.309 [Test worker] DEBUG com.github.dockerjava.zerodep.shaded.org.apache.hc.client5.http.headers -- http-outgoing-1 >> accept: application/json
21:02:18.309 [Test worker] DEBUG com.github.dockerjava.zerodep.shaded.org.apache.hc.client5.http.headers -- http-outgoing-1 >> x-tc-sid: e2b65d14-0dc0-4f11-958a-a33688020ff9
21:02:18.309 [Test worker] DEBUG com.github.dockerjava.zerodep.shaded.org.apache.hc.client5.http.headers -- http-outgoing-1 >> Accept-Encoding: gzip, x-gzip, deflate
21:02:18.309 [Test worker] DEBUG com.github.dockerjava.zerodep.shaded.org.apache.hc.client5.http.headers -- http-outgoing-1 >> Host: localhost:2375
21:02:18.309 [Test worker] DEBUG com.github.dockerjava.zerodep.shaded.org.apache.hc.client5.http.headers -- http-outgoing-1 >> Connection: keep-alive
21:02:18.309 [Test worker] DEBUG com.github.dockerjava.zerodep.shaded.org.apache.hc.client5.http.headers -- http-outgoing-1 >> User-Agent: Apache-HttpClient/5.0.3 (Java/19)
21:02:18.309 [Test worker] DEBUG com.github.dockerjava.zerodep.shaded.org.apache.hc.client5.http.wire -- http-outgoing-1 >> "GET /v1.32/images/mongo:latest/json HTTP/1.1[\r][\n]"
21:02:18.309 [Test worker] DEBUG com.github.dockerjava.zerodep.shaded.org.apache.hc.client5.http.wire -- http-outgoing-1 >> "accept: application/json[\r][\n]"
21:02:18.309 [Test worker] DEBUG com.github.dockerjava.zerodep.shaded.org.apache.hc.client5.http.wire -- http-outgoing-1 >> "x-tc-sid: e2b65d14-0dc0-4f11-958a-a33688020ff9[\r][\n]"
21:02:18.309 [Test worker] DEBUG com.github.dockerjava.zerodep.shaded.org.apache.hc.client5.http.wire -- http-outgoing-1 >> "Accept-Encoding: gzip, x-gzip, deflate[\r][\n]"
21:02:18.309 [Test worker] DEBUG com.github.dockerjava.zerodep.shaded.org.apache.hc.client5.http.wire -- http-outgoing-1 >> "Host: localhost:2375[\r][\n]"
21:02:18.309 [Test worker] DEBUG com.github.dockerjava.zerodep.shaded.org.apache.hc.client5.http.wire -- http-outgoing-1 >> "Connection: keep-alive[\r][\n]"
21:02:18.309 [Test worker] DEBUG com.github.dockerjava.zerodep.shaded.org.apache.hc.client5.http.wire -- http-outgoing-1 >> "User-Agent: Apache-HttpClient/5.0.3 (Java/19)[\r][\n]"
21:02:18.309 [Test worker] DEBUG com.github.dockerjava.zerodep.shaded.org.apache.hc.client5.http.wire -- http-outgoing-1 >> "[\r][\n]"
21:02:18.323 [Test worker] DEBUG com.github.dockerjava.zerodep.shaded.org.apache.hc.client5.http.wire -- http-outgoing-1 << "HTTP/1.1 200 OK[\r][\n]"
21:02:18.323 [Test worker] DEBUG com.github.dockerjava.zerodep.shaded.org.apache.hc.client5.http.wire -- http-outgoing-1 << "Api-Version: 1.43[\r][\n]"
21:02:18.323 [Test worker] DEBUG com.github.dockerjava.zerodep.shaded.org.apache.hc.client5.http.wire -- http-outgoing-1 << "Content-Type: application/json[\r][\n]"
21:02:18.323 [Test worker] DEBUG com.github.dockerjava.zerodep.shaded.org.apache.hc.client5.http.wire -- http-outgoing-1 << "Date: Fri, 02 Jun 2023 19:02:18 GMT[\r][\n]"
21:02:18.323 [Test worker] DEBUG com.github.dockerjava.zerodep.shaded.org.apache.hc.client5.http.wire -- http-outgoing-1 << "Docker-Experimental: false[\r][\n]"
21:02:18.323 [Test worker] DEBUG com.github.dockerjava.zerodep.shaded.org.apache.hc.client5.http.wire -- http-outgoing-1 << "Ostype: linux[\r][\n]"
21:02:18.323 [Test worker] DEBUG com.github.dockerjava.zerodep.shaded.org.apache.hc.client5.http.wire -- http-outgoing-1 << "Server: Docker/24.0.2 (linux)[\r][\n]"
21:02:18.323 [Test worker] DEBUG com.github.dockerjava.zerodep.shaded.org.apache.hc.client5.http.wire -- http-outgoing-1 << "Transfer-Encoding: chunked[\r][\n]"
21:02:18.323 [Test worker] DEBUG com.github.dockerjava.zerodep.shaded.org.apache.hc.client5.http.wire -- http-outgoing-1 << "[\r][\n]"
21:02:18.323 [Test worker] DEBUG com.github.dockerjava.zerodep.shaded.org.apache.hc.client5.http.headers -- http-outgoing-1 << HTTP/1.1 200 OK
21:02:18.324 [Test worker] DEBUG com.github.dockerjava.zerodep.shaded.org.apache.hc.client5.http.headers -- http-outgoing-1 << Api-Version: 1.43
21:02:18.324 [Test worker] DEBUG com.github.dockerjava.zerodep.shaded.org.apache.hc.client5.http.headers -- http-outgoing-1 << Content-Type: application/json
21:02:18.324 [Test worker] DEBUG com.github.dockerjava.zerodep.shaded.org.apache.hc.client5.http.headers -- http-outgoing-1 << Date: Fri, 02 Jun 2023 19:02:18 GMT
21:02:18.324 [Test worker] DEBUG com.github.dockerjava.zerodep.shaded.org.apache.hc.client5.http.headers -- http-outgoing-1 << Docker-Experimental: false
21:02:18.324 [Test worker] DEBUG com.github.dockerjava.zerodep.shaded.org.apache.hc.client5.http.headers -- http-outgoing-1 << Ostype: linux
21:02:18.324 [Test worker] DEBUG com.github.dockerjava.zerodep.shaded.org.apache.hc.client5.http.headers -- http-outgoing-1 << Server: Docker/24.0.2 (linux)
21:02:18.324 [Test worker] DEBUG com.github.dockerjava.zerodep.shaded.org.apache.hc.client5.http.headers -- http-outgoing-1 << Transfer-Encoding: chunked
21:02:18.324 [Test worker] DEBUG com.github.dockerjava.zerodep.shaded.org.apache.hc.client5.http.impl.classic.MainClientExec -- ex-00000009: connection can be kept alive for 3 MINUTES
21:02:18.327 [Test worker] DEBUG com.github.dockerjava.zerodep.shaded.org.apache.hc.client5.http.wire -- http-outgoing-1 << "f3c[\r][\n]"
21:02:18.328 [Test worker] DEBUG com.github.dockerjava.zerodep.shaded.org.apache.hc.client5.http.wire -- http-outgoing-1 << "{"Id":"sha256:1f4172d248835374a399c83d2f4e6ba8f2e6fa9b6adcb14796f3a22440102c71","RepoTags":["mongo:latest"],"RepoDigests":["mongo@sha256:fb0d2e1151b2de653e1d793515a90c09d0aeaa7807b1184be6f5a6981432cc92"],"Parent":"","Comment":"","Created":"2023-06-02T01:27:56.623769824Z","Container":"5c41571b626c05bd777638943fa8413f5b35002db7d65d3d04f29c7a56ed88ae","ContainerConfig":{"Hostname":"5c41571b626c","Domainname":"","User":"","AttachStdin":false,"AttachStdout":false,"AttachStderr":false,"ExposedPorts":{"27017/tcp":{}},"Tty":false,"OpenStdin":false,"StdinOnce":false,"Env":["PATH=/usr/local/sbin:/usr/local/bin:/usr/sbin:/usr/bin:/sbin:/bin","GOSU_VERSION=1.16","JSYAML_VERSION=3.13.1","MONGO_PACKAGE=mongodb-org","MONGO_REPO=repo.mongodb.org","MONGO_MAJOR=6.0","MONGO_VERSION=6.0.6","HOME=/data/db"],"Cmd":["/bin/sh","-c","#(nop) ","CMD [\"mongod\"]"],"Image":"sha256:8337837266bd2bdeefccbf9b500f06db5a03f6c18d46362abde7f6e7f5300c8c","Volumes":{"/data/configdb":{},"/data/db":{}},"WorkingDir":"","Entrypoint":["docker-entrypoint.sh"],"OnBuild":null,"Labels":{"org.opencontainers.image.ref.name":"ubuntu","org.opencontainers.image.version":"22.04"}},"DockerVersion":"20.10.23","Author":"","Config":{"Hostname":"","Domainname":"","User":"","AttachStdin":false,"AttachStdout":false,"AttachStderr":false,"ExposedPorts":{"27017/tcp":{}},"Tty":false,"OpenStdin":false,"StdinOnce":false,"Env":["PATH=/usr/local/sbin:/usr/local/bin:/usr/sbin:/usr/bin:/sbin:/bin","GOSU_VERSION=1.16","JSYAML_VERSION=3.13.1","MONGO_PACKAGE=mongodb-org","MONGO_REPO=repo.mongodb.org","MONGO_MAJOR=6.0","MONGO_VERSION=6.0.6","HOME=/data/db"],"Cmd":["mongod"],"Image":"sha256:8337837266bd2bdeefccbf9b500f06db5a03f6c18d46362abde7f6e7f5300c8c","Volumes":{"/data/configdb":{},"/data/db":{}},"WorkingDir":"","Entrypoint":["docker-entrypoint.sh"],"OnBuild":null,"Labels":{"org.opencontainers.image.ref.name":"ubuntu","org.opencontainers.image.version":"22.04"}},"Architecture":"amd64","Os":"linux","Size":652773343,"VirtualSize":652773343,"GraphDriver":{"Data":{"LowerDir":"/var/lib/docker/overlay2/892961ddc84772e7dc9be4621185c60ba17e9cf1a6effbe94ffb2076e5f961f1/diff:/var/lib/docker/overlay2/170e29166f134211e54c1aba8a5ec21a5c5ef2dbbeecb8139a4566da06dc656f/diff:/var/lib/docker/overlay2/b39c6165beb5f309ea9bc7536791186055b1439bc187901db5450881d2a7a3e9/diff:/var/lib/docker/overlay2/6ce7e7dfb42f2135cd804f0ae15eefd0236417a0dcc8bef80c30109b3e7ba3db/diff:/var/lib/docker/overlay2/88eafcc8c7702fcab4e0279b643b225a10fc39d956bcf5770aae72e49ef0f5d4/diff:/var/lib/docker/overlay2/43286d31b859add0ead190641f0f21c5de1e31c90c311589f012208106586e7d/diff:/var/lib/docker/overlay2/a32a213432257e67eecd3be3515dbdc024143a0e0a0bfc91c1f782f5b319ab7d/diff:/var/lib/docker/overlay2/c97afee2c89fd2762b10638326d092d182624cb7036f10de719af4e3729b7d53/diff","MergedDir":"/var/lib/docker/overlay2/e88d6543b7009b315ab64294ce7a1302b7f7a6ae1f5ef0f1d57c5f4b40d410ba/merged","UpperDir":"/var/lib/docker/overlay2/e88d6543b7009b315ab64294ce7a1302b7f7a6ae1f5ef0f1d57c5f4b40d410ba/diff","WorkDir":"/var/lib/docker/overlay2/e88d6543b7009b315ab64294ce7a1302b7f7a6ae1f5ef0f1d57c5f4b40d410ba/work"},"Name":"overlay2"},"RootFS":{"Type":"layers","Layers":["sha256:966e94ab6e166fb358a208cfd8169d22dea352501c96700eb7f45092a2962ee6","sha256:829869dcf8adbfc9d54e333e5cabaa2869cccbc528a5d15f59bf88f109b8e77c","sha256:13eaf44559d28d3b6d7ccac9eb97b98edb239242cb3da5d205e0efc681cfa47c","sha256:88ee990d97b2c9fe9cd45b6a1029ee5f8197ecdca505d13ab3bd04ebe901abc9","sha256:f0b020ec6c5b7679789271651c1e03c5785ded11263da69781270a9a0015188a","sha256:1707110a163f864af137366d21be7725861f19bfe6fc909d23282c78f61e3ef4","sha256:178d70899f941e79e8bb4b11eee3065592dfe3a71af8200622e03dfb0db7c4a2","sha256:3a098ed8f6bd6ed2de7a742b7d0e9f2891f159f20d43c4f92f3dc73952db4cf4","sha256:00d0213a2fd412069d566a4bcfa68a9e736983d4ecfda25f9d850fcd79ce32bd"]},"Metadata":{"LastTagTime":"0001-01-01T00:00:00Z"}}[\n]"
21:02:18.328 [Test worker] DEBUG com.github.dockerjava.zerodep.shaded.org.apache.hc.client5.http.wire -- http-outgoing-1 << "[\r][\n]"
21:02:18.346 [Test worker] DEBUG com.github.dockerjava.zerodep.shaded.org.apache.hc.client5.http.wire -- http-outgoing-1 << "0[\r][\n]"
21:02:18.346 [Test worker] DEBUG com.github.dockerjava.zerodep.shaded.org.apache.hc.client5.http.wire -- http-outgoing-1 << "[\r][\n]"
21:02:18.346 [Test worker] DEBUG com.github.dockerjava.zerodep.shaded.org.apache.hc.client5.http.impl.classic.InternalHttpClient -- ep-00000008: releasing valid endpoint
21:02:18.346 [Test worker] DEBUG com.github.dockerjava.zerodep.shaded.org.apache.hc.client5.http.impl.io.PoolingHttpClientConnectionManager -- ep-00000008: releasing endpoint
21:02:18.346 [Test worker] DEBUG com.github.dockerjava.zerodep.shaded.org.apache.hc.client5.http.impl.io.PoolingHttpClientConnectionManager -- ep-00000008: connection http-outgoing-1 can be kept alive for 3 MINUTES
21:02:18.346 [Test worker] DEBUG com.github.dockerjava.zerodep.shaded.org.apache.hc.client5.http.impl.io.PoolingHttpClientConnectionManager -- ep-00000008: connection released [route: {}->npipe://localhost:2375][total available: 1; route allocated: 1 of 2147483647; total allocated: 1 of 2147483647]
21:02:18.351 [Test worker] DEBUG org.testcontainers.images.AbstractImagePullPolicy -- Using locally available and not pulling image: mongo:latest
21:02:18.352 [Test worker] DEBUG docker[mongo:latest] -- Starting container: mongo:latest
21:02:18.352 [Test worker] DEBUG docker[mongo:latest] -- Trying to start container: mongo:latest (attempt 1/1)
21:02:18.352 [Test worker] DEBUG docker[mongo:latest] -- Starting container: mongo:latest
21:02:18.352 [Test worker] INFO docker[mongo:latest] -- Creating container for image: mongo:latest
21:02:18.352 [Test worker] DEBUG org.testcontainers.utility.RegistryAuthLocator -- Looking up auth config for image: mongo:latest at registry: https://index.docker.io/v1/
21:02:18.352 [Test worker] DEBUG org.testcontainers.utility.RegistryAuthLocator -- No matching Auth Configs - falling back to defaultAuthConfig [null]
21:02:18.352 [Test worker] DEBUG org.testcontainers.dockerclient.AuthDelegatingDockerClientConfig -- Effective auth config [null]
21:02:18.353 [Test worker] DEBUG org.testcontainers.shaded.com.github.dockerjava.core.command.AbstrDockerCmd -- Cmd: org.testcontainers.shaded.com.github.dockerjava.core.command.CreateContainerCmdImpl@2c92f094[aliases=<null>,argsEscaped=<null>,attachStderr=<null>,attachStdin=<null>,attachStdout=<null>,authConfig=<null>,cmd={--replSet,docker-rs},domainName=<null>,entrypoint=<null>,env={},exposedPorts=ExposedPorts(exposedPorts=[27017/tcp]),healthcheck=<null>,hostConfig=HostConfig(binds=[], blkioWeight=null, blkioWeightDevice=null, blkioDeviceReadBps=null, blkioDeviceWriteBps=null, blkioDeviceReadIOps=null, blkioDeviceWriteIOps=null, memorySwappiness=null, nanoCPUs=null, capAdd=null, capDrop=null, containerIDFile=null, cpuPeriod=null, cpuRealtimePeriod=null, cpuRealtimeRuntime=null, cpuShares=null, cpuQuota=null, cpusetCpus=null, cpusetMems=null, devices=null, deviceCgroupRules=null, deviceRequests=null, diskQuota=null, dns=null, dnsOptions=null, dnsSearch=null, extraHosts=[], groupAdd=null, ipcMode=null, cgroup=null, links=[], logConfig=LogConfig(type=null, config=null), lxcConf=null, memory=null, memorySwap=null, memoryReservation=null, kernelMemory=null, networkMode=null, oomKillDisable=null, init=null, autoRemove=null, oomScoreAdj=null, portBindings={27017/tcp=[Lcom.github.dockerjava.api.model.Ports$Binding;@7ef7f414}, privileged=null, publishAllPorts=null, readonlyRootfs=null, restartPolicy=null, ulimits=null, cpuCount=null, cpuPercent=null, ioMaximumIOps=null, ioMaximumBandwidth=null, volumesFrom=[], mounts=null, pidMode=null, isolation=null, securityOpts=null, storageOpt=null, cgroupParent=null, volumeDriver=null, shmSize=null, pidsLimit=null, runtime=null, tmpFs=null, utSMode=null, usernsMode=null, sysctls=null, consoleSize=null, cgroupnsMode=null),hostName=<null>,image=mongo:latest,ipv4Address=<null>,ipv6Address=<null>,labels={org.testcontainers=true, org.testcontainers.lang=java, org.testcontainers.version=1.17.6, org.testcontainers.sessionId=e2b65d14-0dc0-4f11-958a-a33688020ff9},macAddress=<null>,name=<null>,networkDisabled=<null>,networkingConfig=<null>,onBuild=<null>,platform=<null>,portSpecs=<null>,shell=<null>,stdInOnce=<null>,stdinOpen=<null>,stopSignal=<null>,stopTimeout=<null>,tty=<null>,user=<null>,volumes=Volumes(volumes=[]),workingDir=<null>]
21:02:18.359 [Test worker] DEBUG com.github.dockerjava.zerodep.shaded.org.apache.hc.client5.http.impl.classic.InternalHttpClient -- ex-0000000A: preparing request execution
21:02:18.360 [Test worker] DEBUG com.github.dockerjava.zerodep.shaded.org.apache.hc.client5.http.protocol.RequestAddCookies -- Cookie spec selected: strict
21:02:18.360 [Test worker] DEBUG com.github.dockerjava.zerodep.shaded.org.apache.hc.client5.http.protocol.RequestAuthCache -- Auth cache not set in the context
21:02:18.360 [Test worker] DEBUG com.github.dockerjava.zerodep.shaded.org.apache.hc.client5.http.impl.classic.ProtocolExec -- ex-0000000A: target auth state: UNCHALLENGED
21:02:18.360 [Test worker] DEBUG com.github.dockerjava.zerodep.shaded.org.apache.hc.client5.http.impl.classic.ProtocolExec -- ex-0000000A: proxy auth state: UNCHALLENGED
21:02:18.360 [Test worker] DEBUG com.github.dockerjava.zerodep.shaded.org.apache.hc.client5.http.impl.classic.ConnectExec -- ex-0000000A: acquiring connection with route {}->npipe://localhost:2375
21:02:18.360 [Test worker] DEBUG com.github.dockerjava.zerodep.shaded.org.apache.hc.client5.http.impl.classic.InternalHttpClient -- ex-0000000A: acquiring endpoint (3 MINUTES)
21:02:18.361 [Test worker] DEBUG com.github.dockerjava.zerodep.shaded.org.apache.hc.client5.http.impl.io.PoolingHttpClientConnectionManager -- ex-0000000A: endpoint lease request (3 MINUTES) [route: {}->npipe://localhost:2375][total available: 1; route allocated: 1 of 2147483647; total allocated: 1 of 2147483647]
21:02:18.361 [Test worker] DEBUG com.github.dockerjava.zerodep.shaded.org.apache.hc.client5.http.impl.io.PoolingHttpClientConnectionManager -- ex-0000000A: endpoint leased [route: {}->npipe://localhost:2375][total available: 0; route allocated: 1 of 2147483647; total allocated: 1 of 2147483647]
21:02:18.361 [Test worker] DEBUG com.github.dockerjava.zerodep.shaded.org.apache.hc.client5.http.impl.io.PoolingHttpClientConnectionManager -- ex-0000000A: acquired ep-00000009
21:02:18.362 [Test worker] DEBUG com.github.dockerjava.zerodep.shaded.org.apache.hc.client5.http.impl.classic.InternalHttpClient -- ex-0000000A: acquired endpoint ep-00000009
21:02:18.362 [Test worker] DEBUG com.github.dockerjava.zerodep.shaded.org.apache.hc.client5.http.impl.classic.MainClientExec -- ex-0000000A: executing POST /v1.32/containers/create HTTP/1.1
21:02:18.362 [Test worker] DEBUG com.github.dockerjava.zerodep.shaded.org.apache.hc.client5.http.impl.classic.InternalHttpClient -- ep-00000009: start execution ex-0000000A
21:02:18.362 [Test worker] DEBUG com.github.dockerjava.zerodep.shaded.org.apache.hc.client5.http.impl.io.PoolingHttpClientConnectionManager -- ep-00000009: executing exchange ex-0000000A over http-outgoing-1
21:02:18.362 [Test worker] DEBUG com.github.dockerjava.zerodep.shaded.org.apache.hc.client5.http.headers -- http-outgoing-1 >> POST /v1.32/containers/create HTTP/1.1
21:02:18.363 [Test worker] DEBUG com.github.dockerjava.zerodep.shaded.org.apache.hc.client5.http.headers -- http-outgoing-1 >> accept: application/json
21:02:18.363 [Test worker] DEBUG com.github.dockerjava.zerodep.shaded.org.apache.hc.client5.http.headers -- http-outgoing-1 >> content-type: application/json
21:02:18.363 [Test worker] DEBUG com.github.dockerjava.zerodep.shaded.org.apache.hc.client5.http.headers -- http-outgoing-1 >> x-tc-sid: e2b65d14-0dc0-4f11-958a-a33688020ff9
21:02:18.363 [Test worker] DEBUG com.github.dockerjava.zerodep.shaded.org.apache.hc.client5.http.headers -- http-outgoing-1 >> Accept-Encoding: gzip, x-gzip, deflate
21:02:18.363 [Test worker] DEBUG com.github.dockerjava.zerodep.shaded.org.apache.hc.client5.http.headers -- http-outgoing-1 >> Content-Length: 1990
21:02:18.363 [Test worker] DEBUG com.github.dockerjava.zerodep.shaded.org.apache.hc.client5.http.headers -- http-outgoing-1 >> Host: localhost:2375
21:02:18.363 [Test worker] DEBUG com.github.dockerjava.zerodep.shaded.org.apache.hc.client5.http.headers -- http-outgoing-1 >> Connection: keep-alive
21:02:18.363 [Test worker] DEBUG com.github.dockerjava.zerodep.shaded.org.apache.hc.client5.http.headers -- http-outgoing-1 >> User-Agent: Apache-HttpClient/5.0.3 (Java/19)
21:02:18.364 [Test worker] DEBUG com.github.dockerjava.zerodep.shaded.org.apache.hc.client5.http.wire -- http-outgoing-1 >> "POST /v1.32/containers/create HTTP/1.1[\r][\n]"
21:02:18.364 [Test worker] DEBUG com.github.dockerjava.zerodep.shaded.org.apache.hc.client5.http.wire -- http-outgoing-1 >> "accept: application/json[\r][\n]"
21:02:18.364 [Test worker] DEBUG com.github.dockerjava.zerodep.shaded.org.apache.hc.client5.http.wire -- http-outgoing-1 >> "content-type: application/json[\r][\n]"
21:02:18.364 [Test worker] DEBUG com.github.dockerjava.zerodep.shaded.org.apache.hc.client5.http.wire -- http-outgoing-1 >> "x-tc-sid: e2b65d14-0dc0-4f11-958a-a33688020ff9[\r][\n]"
21:02:18.364 [Test worker] DEBUG com.github.dockerjava.zerodep.shaded.org.apache.hc.client5.http.wire -- http-outgoing-1 >> "Accept-Encoding: gzip, x-gzip, deflate[\r][\n]"
21:02:18.364 [Test worker] DEBUG com.github.dockerjava.zerodep.shaded.org.apache.hc.client5.http.wire -- http-outgoing-1 >> "Content-Length: 1990[\r][\n]"
21:02:18.364 [Test worker] DEBUG com.github.dockerjava.zerodep.shaded.org.apache.hc.client5.http.wire -- http-outgoing-1 >> "Host: localhost:2375[\r][\n]"
21:02:18.364 [Test worker] DEBUG com.github.dockerjava.zerodep.shaded.org.apache.hc.client5.http.wire -- http-outgoing-1 >> "Connection: keep-alive[\r][\n]"
21:02:18.364 [Test worker] DEBUG com.github.dockerjava.zerodep.shaded.org.apache.hc.client5.http.wire -- http-outgoing-1 >> "User-Agent: Apache-HttpClient/5.0.3 (Java/19)[\r][\n]"
21:02:18.364 [Test worker] DEBUG com.github.dockerjava.zerodep.shaded.org.apache.hc.client5.http.wire -- http-outgoing-1 >> "[\r][\n]"
21:02:18.365 [Test worker] DEBUG com.github.dockerjava.zerodep.shaded.org.apache.hc.client5.http.wire -- http-outgoing-1 >> "{"Hostname":null,"Domainname":null,"User":null,"AttachStdin":null,"AttachStdout":null,"AttachStderr":null,"PortSpecs":null,"Tty":null,"OpenStdin":null,"StdinOnce":null,"Env":[],"Cmd":["--replSet","docker-rs"],"Healthcheck":null,"ArgsEscaped":null,"Entrypoint":null,"Image":"mongo:latest","Volumes":{},"WorkingDir":null,"MacAddress":null,"OnBuild":null,"NetworkDisabled":null,"ExposedPorts":{"27017/tcp":{}},"StopSignal":null,"StopTimeout":null,"HostConfig":{"Binds":[],"BlkioWeight":null,"BlkioWeightDevice":null,"BlkioDeviceReadBps":null,"BlkioDeviceWriteBps":null,"BlkioDeviceReadIOps":null,"BlkioDeviceWriteIOps":null,"MemorySwappiness":null,"NanoCpus":null,"CapAdd":null,"CapDrop":null,"ContainerIDFile":null,"CpuPeriod":null,"CpuRealtimePeriod":null,"CpuRealtimeRuntime":null,"CpuShares":null,"CpuQuota":null,"CpusetCpus":null,"CpusetMems":null,"Devices":null,"DeviceCgroupRules":null,"DeviceRequests":null,"DiskQuota":null,"Dns":null,"DnsOptions":null,"DnsSearch":null,"ExtraHosts":[],"GroupAdd":null,"IpcMode":null,"Cgroup":null,"Links":[],"LogConfig":null,"LxcConf":null,"Memory":null,"MemorySwap":null,"MemoryReservation":null,"KernelMemory":null,"NetworkMode":null,"OomKillDisable":null,"Init":null,"AutoRemove":null,"OomScoreAdj":null,"PortBindings":{"27017/tcp":[{"HostIp":"","HostPort":""}]},"Privileged":null,"PublishAllPorts":null,"ReadonlyRootfs":null,"RestartPolicy":null,"Ulimits":null,"CpuCount":null,"CpuPercent":null,"IOMaximumIOps":null,"IOMaximumBandwidth":null,"VolumesFrom":[],"Mounts":null,"PidMode":null,"Isolation":null,"SecurityOpt":null,"StorageOpt":null,"CgroupParent":null,"VolumeDriver":null,"ShmSize":null,"PidsLimit":null,"Runtime":null,"Tmpfs":null,"UTSMode":null,"UsernsMode":null,"Sysctls":null,"ConsoleSize":null,"CgroupnsMode":null},"Labels":{"org.testcontainers":"true","org.testcontainers.lang":"java","org.testcontainers.version":"1.17.6","org.testcontainers.sessionId":"e2b65d14-0dc0-4f11-958a-a33688020ff9"},"Shell":null,"NetworkingConfig":null}"
21:02:18.841 [Test worker] DEBUG com.github.dockerjava.zerodep.shaded.org.apache.hc.client5.http.wire -- http-outgoing-1 << "HTTP/1.1 201 Created[\r][\n]"
21:02:18.842 [Test worker] DEBUG com.github.dockerjava.zerodep.shaded.org.apache.hc.client5.http.wire -- http-outgoing-1 << "Api-Version: 1.43[\r][\n]"
21:02:18.842 [Test worker] DEBUG com.github.dockerjava.zerodep.shaded.org.apache.hc.client5.http.wire -- http-outgoing-1 << "Content-Type: application/json[\r][\n]"
21:02:18.842 [Test worker] DEBUG com.github.dockerjava.zerodep.shaded.org.apache.hc.client5.http.wire -- http-outgoing-1 << "Date: Fri, 02 Jun 2023 19:02:18 GMT[\r][\n]"
21:02:18.842 [Test worker] DEBUG com.github.dockerjava.zerodep.shaded.org.apache.hc.client5.http.wire -- http-outgoing-1 << "Docker-Experimental: false[\r][\n]"
21:02:18.842 [Test worker] DEBUG com.github.dockerjava.zerodep.shaded.org.apache.hc.client5.http.wire -- http-outgoing-1 << "Ostype: linux[\r][\n]"
21:02:18.842 [Test worker] DEBUG com.github.dockerjava.zerodep.shaded.org.apache.hc.client5.http.wire -- http-outgoing-1 << "Server: Docker/24.0.2 (linux)[\r][\n]"
21:02:18.842 [Test worker] DEBUG com.github.dockerjava.zerodep.shaded.org.apache.hc.client5.http.wire -- http-outgoing-1 << "Transfer-Encoding: chunked[\r][\n]"
21:02:18.842 [Test worker] DEBUG com.github.dockerjava.zerodep.shaded.org.apache.hc.client5.http.wire -- http-outgoing-1 << "[\r][\n]"
21:02:18.843 [Test worker] DEBUG com.github.dockerjava.zerodep.shaded.org.apache.hc.client5.http.headers -- http-outgoing-1 << HTTP/1.1 201 Created
21:02:18.843 [Test worker] DEBUG com.github.dockerjava.zerodep.shaded.org.apache.hc.client5.http.headers -- http-outgoing-1 << Api-Version: 1.43
21:02:18.843 [Test worker] DEBUG com.github.dockerjava.zerodep.shaded.org.apache.hc.client5.http.headers -- http-outgoing-1 << Content-Type: application/json
21:02:18.843 [Test worker] DEBUG com.github.dockerjava.zerodep.shaded.org.apache.hc.client5.http.headers -- http-outgoing-1 << Date: Fri, 02 Jun 2023 19:02:18 GMT
21:02:18.843 [Test worker] DEBUG com.github.dockerjava.zerodep.shaded.org.apache.hc.client5.http.headers -- http-outgoing-1 << Docker-Experimental: false
21:02:18.843 [Test worker] DEBUG com.github.dockerjava.zerodep.shaded.org.apache.hc.client5.http.headers -- http-outgoing-1 << Ostype: linux
21:02:18.843 [Test worker] DEBUG com.github.dockerjava.zerodep.shaded.org.apache.hc.client5.http.headers -- http-outgoing-1 << Server: Docker/24.0.2 (linux)
21:02:18.843 [Test worker] DEBUG com.github.dockerjava.zerodep.shaded.org.apache.hc.client5.http.headers -- http-outgoing-1 << Transfer-Encoding: chunked
21:02:18.843 [Test worker] DEBUG com.github.dockerjava.zerodep.shaded.org.apache.hc.client5.http.impl.classic.MainClientExec -- ex-0000000A: connection can be kept alive for 3 MINUTES
21:02:18.843 [Test worker] DEBUG com.github.dockerjava.zerodep.shaded.org.apache.hc.client5.http.wire -- http-outgoing-1 << "58[\r][\n]"
21:02:18.843 [Test worker] DEBUG com.github.dockerjava.zerodep.shaded.org.apache.hc.client5.http.wire -- http-outgoing-1 << "{"Id":"acc41d27a0edf08b0c317e3c254465cd1d67b93ba89c902a2e4c4fbada19d1d1","Warnings":[]}[\n]"
21:02:18.843 [Test worker] DEBUG com.github.dockerjava.zerodep.shaded.org.apache.hc.client5.http.wire -- http-outgoing-1 << "[\r][\n]"
21:02:18.843 [Test worker] DEBUG com.github.dockerjava.zerodep.shaded.org.apache.hc.client5.http.wire -- http-outgoing-1 << "0[\r][\n]"
21:02:18.843 [Test worker] DEBUG com.github.dockerjava.zerodep.shaded.org.apache.hc.client5.http.wire -- http-outgoing-1 << "[\r][\n]"
21:02:18.844 [Test worker] DEBUG com.github.dockerjava.zerodep.shaded.org.apache.hc.client5.http.impl.classic.InternalHttpClient -- ep-00000009: releasing valid endpoint
21:02:18.844 [Test worker] DEBUG com.github.dockerjava.zerodep.shaded.org.apache.hc.client5.http.impl.io.PoolingHttpClientConnectionManager -- ep-00000009: releasing endpoint
21:02:18.844 [Test worker] DEBUG com.github.dockerjava.zerodep.shaded.org.apache.hc.client5.http.impl.io.PoolingHttpClientConnectionManager -- ep-00000009: connection http-outgoing-1 can be kept alive for 3 MINUTES
21:02:18.844 [Test worker] DEBUG com.github.dockerjava.zerodep.shaded.org.apache.hc.client5.http.impl.io.PoolingHttpClientConnectionManager -- ep-00000009: connection released [route: {}->npipe://localhost:2375][total available: 1; route allocated: 1 of 2147483647; total allocated: 1 of 2147483647]
21:02:18.845 [Test worker] INFO docker[mongo:latest] -- Container mongo:latest is starting: acc41d27a0edf08b0c317e3c254465cd1d67b93ba89c902a2e4c4fbada19d1d1
21:02:18.845 [Test worker] DEBUG org.testcontainers.shaded.com.github.dockerjava.core.command.AbstrDockerCmd -- Cmd: acc41d27a0edf08b0c317e3c254465cd1d67b93ba89c902a2e4c4fbada19d1d1
21:02:18.845 [Test worker] DEBUG com.github.dockerjava.zerodep.shaded.org.apache.hc.client5.http.impl.classic.InternalHttpClient -- ex-0000000B: preparing request execution
21:02:18.846 [Test worker] DEBUG com.github.dockerjava.zerodep.shaded.org.apache.hc.client5.http.protocol.RequestAddCookies -- Cookie spec selected: strict
21:02:18.846 [Test worker] DEBUG com.github.dockerjava.zerodep.shaded.org.apache.hc.client5.http.protocol.RequestAuthCache -- Auth cache not set in the context
21:02:18.846 [Test worker] DEBUG com.github.dockerjava.zerodep.shaded.org.apache.hc.client5.http.impl.classic.ProtocolExec -- ex-0000000B: target auth state: UNCHALLENGED
21:02:18.846 [Test worker] DEBUG com.github.dockerjava.zerodep.shaded.org.apache.hc.client5.http.impl.classic.ProtocolExec -- ex-0000000B: proxy auth state: UNCHALLENGED
21:02:18.846 [Test worker] DEBUG com.github.dockerjava.zerodep.shaded.org.apache.hc.client5.http.impl.classic.ConnectExec -- ex-0000000B: acquiring connection with route {}->npipe://localhost:2375
21:02:18.847 [Test worker] DEBUG com.github.dockerjava.zerodep.shaded.org.apache.hc.client5.http.impl.classic.InternalHttpClient -- ex-0000000B: acquiring endpoint (3 MINUTES)
21:02:18.847 [Test worker] DEBUG com.github.dockerjava.zerodep.shaded.org.apache.hc.client5.http.impl.io.PoolingHttpClientConnectionManager -- ex-0000000B: endpoint lease request (3 MINUTES) [route: {}->npipe://localhost:2375][total available: 1; route allocated: 1 of 2147483647; total allocated: 1 of 2147483647]
21:02:18.847 [Test worker] DEBUG com.github.dockerjava.zerodep.shaded.org.apache.hc.client5.http.impl.io.PoolingHttpClientConnectionManager -- ex-0000000B: endpoint leased [route: {}->npipe://localhost:2375][total available: 0; route allocated: 1 of 2147483647; total allocated: 1 of 2147483647]
21:02:18.847 [Test worker] DEBUG com.github.dockerjava.zerodep.shaded.org.apache.hc.client5.http.impl.io.PoolingHttpClientConnectionManager -- ex-0000000B: acquired ep-0000000A
21:02:18.847 [Test worker] DEBUG com.github.dockerjava.zerodep.shaded.org.apache.hc.client5.http.impl.classic.InternalHttpClient -- ex-0000000B: acquired endpoint ep-0000000A
21:02:18.847 [Test worker] DEBUG com.github.dockerjava.zerodep.shaded.org.apache.hc.client5.http.impl.classic.MainClientExec -- ex-0000000B: executing POST /v1.32/containers/acc41d27a0edf08b0c317e3c254465cd1d67b93ba89c902a2e4c4fbada19d1d1/start HTTP/1.1
21:02:18.847 [Test worker] DEBUG com.github.dockerjava.zerodep.shaded.org.apache.hc.client5.http.impl.classic.InternalHttpClient -- ep-0000000A: start execution ex-0000000B
21:02:18.847 [Test worker] DEBUG com.github.dockerjava.zerodep.shaded.org.apache.hc.client5.http.impl.io.PoolingHttpClientConnectionManager -- ep-0000000A: executing exchange ex-0000000B over http-outgoing-1
21:02:18.848 [Test worker] DEBUG com.github.dockerjava.zerodep.shaded.org.apache.hc.client5.http.headers -- http-outgoing-1 >> POST /v1.32/containers/acc41d27a0edf08b0c317e3c254465cd1d67b93ba89c902a2e4c4fbada19d1d1/start HTTP/1.1
21:02:18.848 [Test worker] DEBUG com.github.dockerjava.zerodep.shaded.org.apache.hc.client5.http.headers -- http-outgoing-1 >> accept: application/json
21:02:18.848 [Test worker] DEBUG com.github.dockerjava.zerodep.shaded.org.apache.hc.client5.http.headers -- http-outgoing-1 >> content-type: application/json
21:02:18.848 [Test worker] DEBUG com.github.dockerjava.zerodep.shaded.org.apache.hc.client5.http.headers -- http-outgoing-1 >> x-tc-sid: e2b65d14-0dc0-4f11-958a-a33688020ff9
21:02:18.848 [Test worker] DEBUG com.github.dockerjava.zerodep.shaded.org.apache.hc.client5.http.headers -- http-outgoing-1 >> Accept-Encoding: gzip, x-gzip, deflate
21:02:18.848 [Test worker] DEBUG com.github.dockerjava.zerodep.shaded.org.apache.hc.client5.http.headers -- http-outgoing-1 >> Host: localhost:2375
21:02:18.848 [Test worker] DEBUG com.github.dockerjava.zerodep.shaded.org.apache.hc.client5.http.headers -- http-outgoing-1 >> Connection: keep-alive
21:02:18.848 [Test worker] DEBUG com.github.dockerjava.zerodep.shaded.org.apache.hc.client5.http.headers -- http-outgoing-1 >> User-Agent: Apache-HttpClient/5.0.3 (Java/19)
21:02:18.848 [Test worker] DEBUG com.github.dockerjava.zerodep.shaded.org.apache.hc.client5.http.wire -- http-outgoing-1 >> "POST /v1.32/containers/acc41d27a0edf08b0c317e3c254465cd1d67b93ba89c902a2e4c4fbada19d1d1/start HTTP/1.1[\r][\n]"
21:02:18.848 [Test worker] DEBUG com.github.dockerjava.zerodep.shaded.org.apache.hc.client5.http.wire -- http-outgoing-1 >> "accept: application/json[\r][\n]"
21:02:18.848 [Test worker] DEBUG com.github.dockerjava.zerodep.shaded.org.apache.hc.client5.http.wire -- http-outgoing-1 >> "content-type: application/json[\r][\n]"
21:02:18.848 [Test worker] DEBUG com.github.dockerjava.zerodep.shaded.org.apache.hc.client5.http.wire -- http-outgoing-1 >> "x-tc-sid: e2b65d14-0dc0-4f11-958a-a33688020ff9[\r][\n]"
21:02:18.848 [Test worker] DEBUG com.github.dockerjava.zerodep.shaded.org.apache.hc.client5.http.wire -- http-outgoing-1 >> "Accept-Encoding: gzip, x-gzip, deflate[\r][\n]"
21:02:18.848 [Test worker] DEBUG com.github.dockerjava.zerodep.shaded.org.apache.hc.client5.http.wire -- http-outgoing-1 >> "Host: localhost:2375[\r][\n]"
21:02:18.848 [Test worker] DEBUG com.github.dockerjava.zerodep.shaded.org.apache.hc.client5.http.wire -- http-outgoing-1 >> "Connection: keep-alive[\r][\n]"
21:02:18.848 [Test worker] DEBUG com.github.dockerjava.zerodep.shaded.org.apache.hc.client5.http.wire -- http-outgoing-1 >> "User-Agent: Apache-HttpClient/5.0.3 (Java/19)[\r][\n]"
21:02:18.848 [Test worker] DEBUG com.github.dockerjava.zerodep.shaded.org.apache.hc.client5.http.wire -- http-outgoing-1 >> "[\r][\n]"
21:02:19.301 [Test worker] DEBUG com.github.dockerjava.zerodep.shaded.org.apache.hc.client5.http.wire -- http-outgoing-1 << "HTTP/1.1 204 No Content[\r][\n]"
21:02:19.302 [Test worker] DEBUG com.github.dockerjava.zerodep.shaded.org.apache.hc.client5.http.wire -- http-outgoing-1 << "Api-Version: 1.43[\r][\n]"
21:02:19.302 [Test worker] DEBUG com.github.dockerjava.zerodep.shaded.org.apache.hc.client5.http.wire -- http-outgoing-1 << "Date: Fri, 02 Jun 2023 19:02:19 GMT[\r][\n]"
21:02:19.302 [Test worker] DEBUG com.github.dockerjava.zerodep.shaded.org.apache.hc.client5.http.wire -- http-outgoing-1 << "Docker-Experimental: false[\r][\n]"
21:02:19.302 [Test worker] DEBUG com.github.dockerjava.zerodep.shaded.org.apache.hc.client5.http.wire -- http-outgoing-1 << "Ostype: linux[\r][\n]"
21:02:19.302 [Test worker] DEBUG com.github.dockerjava.zerodep.shaded.org.apache.hc.client5.http.wire -- http-outgoing-1 << "Server: Docker/24.0.2 (linux)[\r][\n]"
21:02:19.302 [Test worker] DEBUG com.github.dockerjava.zerodep.shaded.org.apache.hc.client5.http.wire -- http-outgoing-1 << "[\r][\n]"
21:02:19.302 [Test worker] DEBUG com.github.dockerjava.zerodep.shaded.org.apache.hc.client5.http.headers -- http-outgoing-1 << HTTP/1.1 204 No Content
21:02:19.302 [Test worker] DEBUG com.github.dockerjava.zerodep.shaded.org.apache.hc.client5.http.headers -- http-outgoing-1 << Api-Version: 1.43
21:02:19.302 [Test worker] DEBUG com.github.dockerjava.zerodep.shaded.org.apache.hc.client5.http.headers -- http-outgoing-1 << Date: Fri, 02 Jun 2023 19:02:19 GMT
21:02:19.302 [Test worker] DEBUG com.github.dockerjava.zerodep.shaded.org.apache.hc.client5.http.headers -- http-outgoing-1 << Docker-Experimental: false
21:02:19.302 [Test worker] DEBUG com.github.dockerjava.zerodep.shaded.org.apache.hc.client5.http.headers -- http-outgoing-1 << Ostype: linux
21:02:19.302 [Test worker] DEBUG com.github.dockerjava.zerodep.shaded.org.apache.hc.client5.http.headers -- http-outgoing-1 << Server: Docker/24.0.2 (linux)
21:02:19.302 [Test worker] DEBUG com.github.dockerjava.zerodep.shaded.org.apache.hc.client5.http.impl.classic.MainClientExec -- ex-0000000B: connection can be kept alive for 3 MINUTES
21:02:19.303 [Test worker] DEBUG com.github.dockerjava.zerodep.shaded.org.apache.hc.client5.http.impl.classic.InternalHttpClient -- ep-0000000A: releasing valid endpoint
21:02:19.303 [Test worker] DEBUG com.github.dockerjava.zerodep.shaded.org.apache.hc.client5.http.impl.io.PoolingHttpClientConnectionManager -- ep-0000000A: releasing endpoint
21:02:19.303 [Test worker] DEBUG com.github.dockerjava.zerodep.shaded.org.apache.hc.client5.http.impl.io.PoolingHttpClientConnectionManager -- ep-0000000A: connection http-outgoing-1 can be kept alive for 3 MINUTES
21:02:19.303 [Test worker] DEBUG com.github.dockerjava.zerodep.shaded.org.apache.hc.client5.http.impl.io.PoolingHttpClientConnectionManager -- ep-0000000A: connection released [route: {}->npipe://localhost:2375][total available: 1; route allocated: 1 of 2147483647; total allocated: 1 of 2147483647]
21:02:19.304 [Test worker] DEBUG org.testcontainers.shaded.com.github.dockerjava.core.command.AbstrDockerCmd -- Cmd: acc41d27a0edf08b0c317e3c254465cd1d67b93ba89c902a2e4c4fbada19d1d1,false
21:02:19.304 [Test worker] DEBUG org.testcontainers.shaded.com.github.dockerjava.core.exec.InspectContainerCmdExec -- GET: DefaultWebTarget{path=[/containers/acc41d27a0edf08b0c317e3c254465cd1d67b93ba89c902a2e4c4fbada19d1d1/json], queryParams={}}
21:02:19.304 [Test worker] DEBUG com.github.dockerjava.zerodep.shaded.org.apache.hc.client5.http.impl.classic.InternalHttpClient -- ex-0000000C: preparing request execution
21:02:19.305 [Test worker] DEBUG com.github.dockerjava.zerodep.shaded.org.apache.hc.client5.http.protocol.RequestAddCookies -- Cookie spec selected: strict
21:02:19.305 [Test worker] DEBUG com.github.dockerjava.zerodep.shaded.org.apache.hc.client5.http.protocol.RequestAuthCache -- Auth cache not set in the context
21:02:19.305 [Test worker] DEBUG com.github.dockerjava.zerodep.shaded.org.apache.hc.client5.http.impl.classic.ProtocolExec -- ex-0000000C: target auth state: UNCHALLENGED
21:02:19.305 [Test worker] DEBUG com.github.dockerjava.zerodep.shaded.org.apache.hc.client5.http.impl.classic.ProtocolExec -- ex-0000000C: proxy auth state: UNCHALLENGED
21:02:19.305 [Test worker] DEBUG com.github.dockerjava.zerodep.shaded.org.apache.hc.client5.http.impl.classic.ConnectExec -- ex-0000000C: acquiring connection with route {}->npipe://localhost:2375
21:02:19.306 [Test worker] DEBUG com.github.dockerjava.zerodep.shaded.org.apache.hc.client5.http.impl.classic.InternalHttpClient -- ex-0000000C: acquiring endpoint (3 MINUTES)
21:02:19.306 [Test worker] DEBUG com.github.dockerjava.zerodep.shaded.org.apache.hc.client5.http.impl.io.PoolingHttpClientConnectionManager -- ex-0000000C: endpoint lease request (3 MINUTES) [route: {}->npipe://localhost:2375][total available: 1; route allocated: 1 of 2147483647; total allocated: 1 of 2147483647]
21:02:19.306 [Test worker] DEBUG com.github.dockerjava.zerodep.shaded.org.apache.hc.client5.http.impl.io.PoolingHttpClientConnectionManager -- ex-0000000C: endpoint leased [route: {}->npipe://localhost:2375][total available: 0; route allocated: 1 of 2147483647; total allocated: 1 of 2147483647]
21:02:19.306 [Test worker] DEBUG com.github.dockerjava.zerodep.shaded.org.apache.hc.client5.http.impl.io.PoolingHttpClientConnectionManager -- ex-0000000C: acquired ep-0000000B
21:02:19.306 [Test worker] DEBUG com.github.dockerjava.zerodep.shaded.org.apache.hc.client5.http.impl.classic.InternalHttpClient -- ex-0000000C: acquired endpoint ep-0000000B
21:02:19.306 [Test worker] DEBUG com.github.dockerjava.zerodep.shaded.org.apache.hc.client5.http.impl.classic.MainClientExec -- ex-0000000C: executing GET /v1.32/containers/acc41d27a0edf08b0c317e3c254465cd1d67b93ba89c902a2e4c4fbada19d1d1/json HTTP/1.1
21:02:19.306 [Test worker] DEBUG com.github.dockerjava.zerodep.shaded.org.apache.hc.client5.http.impl.classic.InternalHttpClient -- ep-0000000B: start execution ex-0000000C
21:02:19.306 [Test worker] DEBUG com.github.dockerjava.zerodep.shaded.org.apache.hc.client5.http.impl.io.PoolingHttpClientConnectionManager -- ep-0000000B: executing exchange ex-0000000C over http-outgoing-1
21:02:19.306 [Test worker] DEBUG com.github.dockerjava.zerodep.shaded.org.apache.hc.client5.http.headers -- http-outgoing-1 >> GET /v1.32/containers/acc41d27a0edf08b0c317e3c254465cd1d67b93ba89c902a2e4c4fbada19d1d1/json HTTP/1.1
21:02:19.306 [Test worker] DEBUG com.github.dockerjava.zerodep.shaded.org.apache.hc.client5.http.headers -- http-outgoing-1 >> accept: application/json
21:02:19.306 [Test worker] DEBUG com.github.dockerjava.zerodep.shaded.org.apache.hc.client5.http.headers -- http-outgoing-1 >> x-tc-sid: e2b65d14-0dc0-4f11-958a-a33688020ff9
21:02:19.306 [Test worker] DEBUG com.github.dockerjava.zerodep.shaded.org.apache.hc.client5.http.headers -- http-outgoing-1 >> Accept-Encoding: gzip, x-gzip, deflate
21:02:19.306 [Test worker] DEBUG com.github.dockerjava.zerodep.shaded.org.apache.hc.client5.http.headers -- http-outgoing-1 >> Host: localhost:2375
21:02:19.306 [Test worker] DEBUG com.github.dockerjava.zerodep.shaded.org.apache.hc.client5.http.headers -- http-outgoing-1 >> Connection: keep-alive
21:02:19.306 [Test worker] DEBUG com.github.dockerjava.zerodep.shaded.org.apache.hc.client5.http.headers -- http-outgoing-1 >> User-Agent: Apache-HttpClient/5.0.3 (Java/19)
21:02:19.306 [Test worker] DEBUG com.github.dockerjava.zerodep.shaded.org.apache.hc.client5.http.wire -- http-outgoing-1 >> "GET /v1.32/containers/acc41d27a0edf08b0c317e3c254465cd1d67b93ba89c902a2e4c4fbada19d1d1/json HTTP/1.1[\r][\n]"
21:02:19.306 [Test worker] DEBUG com.github.dockerjava.zerodep.shaded.org.apache.hc.client5.http.wire -- http-outgoing-1 >> "accept: application/json[\r][\n]"
21:02:19.306 [Test worker] DEBUG com.github.dockerjava.zerodep.shaded.org.apache.hc.client5.http.wire -- http-outgoing-1 >> "x-tc-sid: e2b65d14-0dc0-4f11-958a-a33688020ff9[\r][\n]"
21:02:19.306 [Test worker] DEBUG com.github.dockerjava.zerodep.shaded.org.apache.hc.client5.http.wire -- http-outgoing-1 >> "Accept-Encoding: gzip, x-gzip, deflate[\r][\n]"
21:02:19.306 [Test worker] DEBUG com.github.dockerjava.zerodep.shaded.org.apache.hc.client5.http.wire -- http-outgoing-1 >> "Host: localhost:2375[\r][\n]"
21:02:19.306 [Test worker] DEBUG com.github.dockerjava.zerodep.shaded.org.apache.hc.client5.http.wire -- http-outgoing-1 >> "Connection: keep-alive[\r][\n]"
21:02:19.306 [Test worker] DEBUG com.github.dockerjava.zerodep.shaded.org.apache.hc.client5.http.wire -- http-outgoing-1 >> "User-Agent: Apache-HttpClient/5.0.3 (Java/19)[\r][\n]"
21:02:19.306 [Test worker] DEBUG com.github.dockerjava.zerodep.shaded.org.apache.hc.client5.http.wire -- http-outgoing-1 >> "[\r][\n]"
21:02:19.317 [Test worker] DEBUG com.github.dockerjava.zerodep.shaded.org.apache.hc.client5.http.wire -- http-outgoing-1 << "HTTP/1.1 200 OK[\r][\n]"
21:02:19.317 [Test worker] DEBUG com.github.dockerjava.zerodep.shaded.org.apache.hc.client5.http.wire -- http-outgoing-1 << "Api-Version: 1.43[\r][\n]"
21:02:19.317 [Test worker] DEBUG com.github.dockerjava.zerodep.shaded.org.apache.hc.client5.http.wire -- http-outgoing-1 << "Content-Type: application/json[\r][\n]"
21:02:19.317 [Test worker] DEBUG com.github.dockerjava.zerodep.shaded.org.apache.hc.client5.http.wire -- http-outgoing-1 << "Date: Fri, 02 Jun 2023 19:02:19 GMT[\r][\n]"
21:02:19.317 [Test worker] DEBUG com.github.dockerjava.zerodep.shaded.org.apache.hc.client5.http.wire -- http-outgoing-1 << "Docker-Experimental: false[\r][\n]"
21:02:19.317 [Test worker] DEBUG com.github.dockerjava.zerodep.shaded.org.apache.hc.client5.http.wire -- http-outgoing-1 << "Ostype: linux[\r][\n]"
21:02:19.317 [Test worker] DEBUG com.github.dockerjava.zerodep.shaded.org.apache.hc.client5.http.wire -- http-outgoing-1 << "Server: Docker/24.0.2 (linux)[\r][\n]"
21:02:19.317 [Test worker] DEBUG com.github.dockerjava.zerodep.shaded.org.apache.hc.client5.http.wire -- http-outgoing-1 << "Transfer-Encoding: chunked[\r][\n]"
21:02:19.317 [Test worker] DEBUG com.github.dockerjava.zerodep.shaded.org.apache.hc.client5.http.wire -- http-outgoing-1 << "[\r][\n]"
21:02:19.318 [Test worker] DEBUG com.github.dockerjava.zerodep.shaded.org.apache.hc.client5.http.headers -- http-outgoing-1 << HTTP/1.1 200 OK
21:02:19.318 [Test worker] DEBUG com.github.dockerjava.zerodep.shaded.org.apache.hc.client5.http.headers -- http-outgoing-1 << Api-Version: 1.43
21:02:19.318 [Test worker] DEBUG com.github.dockerjava.zerodep.shaded.org.apache.hc.client5.http.headers -- http-outgoing-1 << Content-Type: application/json
21:02:19.318 [Test worker] DEBUG com.github.dockerjava.zerodep.shaded.org.apache.hc.client5.http.headers -- http-outgoing-1 << Date: Fri, 02 Jun 2023 19:02:19 GMT
21:02:19.318 [Test worker] DEBUG com.github.dockerjava.zerodep.shaded.org.apache.hc.client5.http.headers -- http-outgoing-1 << Docker-Experimental: false
21:02:19.318 [Test worker] DEBUG com.github.dockerjava.zerodep.shaded.org.apache.hc.client5.http.headers -- http-outgoing-1 << Ostype: linux
21:02:19.318 [Test worker] DEBUG com.github.dockerjava.zerodep.shaded.org.apache.hc.client5.http.headers -- http-outgoing-1 << Server: Docker/24.0.2 (linux)
21:02:19.318 [Test worker] DEBUG com.github.dockerjava.zerodep.shaded.org.apache.hc.client5.http.headers -- http-outgoing-1 << Transfer-Encoding: chunked
21:02:19.318 [Test worker] DEBUG com.github.dockerjava.zerodep.shaded.org.apache.hc.client5.http.impl.classic.MainClientExec -- ex-0000000C: connection can be kept alive for 3 MINUTES
21:02:19.322 [Test worker] DEBUG com.github.dockerjava.zerodep.shaded.org.apache.hc.client5.http.wire -- http-outgoing-1 << "1918[\r][\n]"
21:02:19.322 [Test worker] DEBUG com.github.dockerjava.zerodep.shaded.org.apache.hc.client5.http.wire -- http-outgoing-1 << "{"Id":"acc41d27a0edf08b0c317e3c254465cd1d67b93ba89c902a2e4c4fbada19d1d1","Created":"2023-06-02T19:02:18.375963874Z","Path":"docker-entrypoint.sh","Args":["--replSet","docker-rs"],"State":{"Status":"running","Running":true,"Paused":false,"Restarting":false,"OOMKilled":false,"Dead":false,"Pid":17591,"ExitCode":0,"Error":"","StartedAt":"2023-06-02T19:02:19.280044806Z","FinishedAt":"0001-01-01T00:00:00Z"},"Image":"sha256:1f4172d248835374a399c83d2f4e6ba8f2e6fa9b6adcb14796f3a22440102c71","ResolvConfPath":"/var/lib/docker/containers/acc41d27a0edf08b0c317e3c254465cd1d67b93ba89c902a2e4c4fbada19d1d1/resolv.conf","HostnamePath":"/var/lib/docker/containers/acc41d27a0edf08b0c317e3c254465cd1d67b93ba89c902a2e4c4fbada19d1d1/hostname","HostsPath":"/var/lib/docker/containers/acc41d27a0edf08b0c317e3c254465cd1d67b93ba89c902a2e4c4fbada19d1d1/hosts","LogPath":"/var/lib/docker/containers/acc41d27a0edf08b0c317e3c254465cd1d67b93ba89c902a2e4c4fbada19d1d1/acc41d27a0edf08b0c317e3c254465cd1d67b93ba89c902a2e4c4fbada19d1d1-json.log","Name":"/clever_lumiere","RestartCount":0,"Driver":"overlay2","Platform":"linux","MountLabel":"","ProcessLabel":"","AppArmorProfile":"","ExecIDs":null,"HostConfig":{"Binds":[],"ContainerIDFile":"","LogConfig":{"Type":"json-file","Config":{}},"NetworkMode":"default","PortBindings":{"27017/tcp":[{"HostIp":"0.0.0.0","HostPort":"0"}]},"RestartPolicy":{"Name":"","MaximumRetryCount":0},"AutoRemove":false,"VolumeDriver":"","VolumesFrom":[],"ConsoleSize":[0,0],"CapAdd":null,"CapDrop":null,"CgroupnsMode":"host","Dns":null,"DnsOptions":null,"DnsSearch":null,"ExtraHosts":[],"GroupAdd":null,"IpcMode":"shareable","Cgroup":"","Links":null,"OomScoreAdj":0,"PidMode":"","Privileged":false,"PublishAllPorts":false,"ReadonlyRootfs":false,"SecurityOpt":null,"UTSMode":"","UsernsMode":"","ShmSize":67108864,"Runtime":"runc","Isolation":"","CpuShares":0,"Memory":0,"NanoCpus":0,"CgroupParent":"","BlkioWeight":0,"BlkioWeightDevice":null,"BlkioDeviceReadBps":null,"BlkioDeviceWriteBps":null,"BlkioDeviceReadIOps":null,"BlkioDeviceWriteIOps":null,"CpuPeriod":0,"CpuQuota":0,"CpuRealtimePeriod":0,"CpuRealtimeRuntime":0,"CpusetCpus":"","CpusetMems":"","Devices":null,"DeviceCgroupRules":null,"DeviceRequests":null,"MemoryReservation":0,"MemorySwap":0,"MemorySwappiness":null,"OomKillDisable":false,"PidsLimit":null,"Ulimits":null,"CpuCount":0,"CpuPercent":0,"IOMaximumIOps":0,"IOMaximumBandwidth":0,"MaskedPaths":["/proc/asound","/proc/acpi","/proc/kcore","/proc/keys","/proc/latency_stats","/proc/timer_list","/proc/timer_stats","/proc/sched_debug","/proc/scsi","/sys/firmware"],"ReadonlyPaths":["/proc/bus","/proc/fs","/proc/irq","/proc/sys","/proc/sysrq-trigger"]},"GraphDriver":{"Data":{"LowerDir":"/var/lib/docker/overlay2/a3c87c1b88821f9c61cc6c0e98c42ffa457ffcff9fcefbb923aaec17195d5505-init/diff:/var/lib/docker/overlay2/e88d6543b7009b315ab64294ce7a1302b7f7a6ae1f5ef0f1d57c5f4b40d410ba/diff:/var/lib/docker/overlay2/892961ddc84772e7dc9be4621185c60ba17e9cf1a6effbe94ffb2076e5f961f1/diff:/var/lib/docker/overlay2/170e29166f134211e54c1aba8a5ec21a5c5ef2dbbeecb8139a4566da06dc656f/diff:/var/lib/docker/overlay2/b39c6165beb5f309ea9bc7536791186055b1439bc187901db5450881d2a7a3e9/diff:/var/lib/docker/overlay2/6ce7e7dfb42f2135cd804f0ae15eefd0236417a0dcc8bef80c30109b3e7ba3db/diff:/var/lib/docker/overlay2/88eafcc8c7702fcab4e0279b643b225a10fc39d956bcf5770aae72e49ef0f5d4/diff:/var/lib/docker/overlay2/43286d31b859add0ead190641f0f21c5de1e31c90c311589f012208106586e7d/diff:/var/lib/docker/overlay2/a32a213432257e67eecd3be3515dbdc024143a0e0a0bfc91c1f782f5b319ab7d/diff:/var/lib/docker/overlay2/c97afee2c89fd2762b10638326d092d182624cb7036f10de719af4e3729b7d53/diff","MergedDir":"/var/lib/docker/overlay2/a3c87c1b88821f9c61cc6c0e98c42ffa457ffcff9fcefbb923aaec17195d5505/merged","UpperDir":"/var/lib/docker/overlay2/a3c87c1b88821f9c61cc6c0e98c42ffa457ffcff9fcefbb923aaec17195d5505/diff","WorkDir":"/var/lib/docker/overlay2/a3c87c1b88821f9c61cc6c0e98c42ffa457ffcff9fcefbb923aaec17195d5505/work"},"Name":"overlay2"},"Mounts":[{"Type":"volume","Name":"b101da979eea1f6ca0ea39e708785f98aae791e70ae23df0"
21:02:19.324 [Test worker] DEBUG com.github.dockerjava.zerodep.shaded.org.apache.hc.client5.http.wire -- http-outgoing-1 << "bf35a31d1e83edf9","Source":"/var/lib/docker/volumes/b101da979eea1f6ca0ea39e708785f98aae791e70ae23df0bf35a31d1e83edf9/_data","Destination":"/data/db","Driver":"local","Mode":"","RW":true,"Propagation":""},{"Type":"volume","Name":"2d699c9fcf9b9bf3af7b193936ed032bbe8f31bb3236df4065cb5778fe01c5c2","Source":"/var/lib/docker/volumes/2d699c9fcf9b9bf3af7b193936ed032bbe8f31bb3236df4065cb5778fe01c5c2/_data","Destination":"/data/configdb","Driver":"local","Mode":"","RW":true,"Propagation":""}],"Config":{"Hostname":"acc41d27a0ed","Domainname":"","User":"","AttachStdin":false,"AttachStdout":false,"AttachStderr":false,"ExposedPorts":{"27017/tcp":{}},"Tty":false,"OpenStdin":false,"StdinOnce":false,"Env":["PATH=/usr/local/sbin:/usr/local/bin:/usr/sbin:/usr/bin:/sbin:/bin","GOSU_VERSION=1.16","JSYAML_VERSION=3.13.1","MONGO_PACKAGE=mongodb-org","MONGO_REPO=repo.mongodb.org","MONGO_MAJOR=6.0","MONGO_VERSION=6.0.6","HOME=/data/db"],"Cmd":["--replSet","docker-rs"],"Image":"mongo:latest","Volumes":{"/data/configdb":{},"/data/db":{}},"WorkingDir":"","Entrypoint":["docker-entrypoint.sh"],"OnBuild":null,"Labels":{"org.opencontainers.image.ref.name":"ubuntu","org.opencontainers.image.version":"22.04","org.testcontainers":"true","org.testcontainers.lang":"java","org.testcontainers.sessionId":"e2b65d14-0dc0-4f11-958a-a33688020ff9","org.testcontainers.version":"1.17.6"}},"NetworkSettings":{"Bridge":"","SandboxID":"ae310c973af8a25d84dc2c4d47ce537320170a4fdf91f25e230227e545ca4a5b","HairpinMode":false,"LinkLocalIPv6Address":"","LinkLocalIPv6PrefixLen":0,"Ports":{"27017/tcp":[]},"SandboxKey":"/var/run/docker/netns/ae310c973af8","SecondaryIPAddresses":null,"SecondaryIPv6Addresses":null,"EndpointID":"166089c4643dc680116e63312f19e4168cc19ae66c68bfcb7c7e7781e7d2cc72","Gateway":"172.17.0.1","GlobalIPv6Address":"","GlobalIPv6PrefixLen":0,"IPAddress":"172.17.0.3","IPPrefixLen":16,"IPv6Gateway":"","MacAddress":"02:42:ac:11:00:03","Networks":{"bridge":{"IPAMConfig":null,"Links":null,"Aliases":null,"NetworkID":"74096bbffc9660557319362c8aa6d0a1ae3824e3058da95e870a7a99675845ca","EndpointID":"166089c4643dc680116e63312f19e4168cc19ae66c68bfcb7c7e7781e7d2cc72","Gateway":"172.17.0.1","IPAddress":"172.17.0.3","IPPrefixLen":16,"IPv6Gateway":"","GlobalIPv6Address":"","GlobalIPv6PrefixLen":0,"MacAddress":"02:42:ac:11:00:03","DriverOpts":null}}}}[\n]"
21:02:19.328 [Test worker] DEBUG com.github.dockerjava.zerodep.shaded.org.apache.hc.client5.http.wire -- http-outgoing-1 << "[\r][\n]"
21:02:19.328 [Test worker] DEBUG com.github.dockerjava.zerodep.shaded.org.apache.hc.client5.http.wire -- http-outgoing-1 << "0[\r][\n]"
21:02:19.328 [Test worker] DEBUG com.github.dockerjava.zerodep.shaded.org.apache.hc.client5.http.wire -- http-outgoing-1 << "[\r][\n]"
21:02:19.328 [Test worker] DEBUG com.github.dockerjava.zerodep.shaded.org.apache.hc.client5.http.impl.classic.InternalHttpClient -- ep-0000000B: releasing valid endpoint
21:02:19.328 [Test worker] DEBUG com.github.dockerjava.zerodep.shaded.org.apache.hc.client5.http.impl.io.PoolingHttpClientConnectionManager -- ep-0000000B: releasing endpoint
21:02:19.329 [Test worker] DEBUG com.github.dockerjava.zerodep.shaded.org.apache.hc.client5.http.impl.io.PoolingHttpClientConnectionManager -- ep-0000000B: connection http-outgoing-1 can be kept alive for 3 MINUTES
21:02:19.329 [Test worker] DEBUG com.github.dockerjava.zerodep.shaded.org.apache.hc.client5.http.impl.io.PoolingHttpClientConnectionManager -- ep-0000000B: connection released [route: {}->npipe://localhost:2375][total available: 1; route allocated: 1 of 2147483647; total allocated: 1 of 2147483647]
21:02:19.355 [Test worker] DEBUG org.testcontainers.shaded.com.github.dockerjava.core.command.AbstrDockerCmd -- Cmd: acc41d27a0edf08b0c317e3c254465cd1d67b93ba89c902a2e4c4fbada19d1d1,false
21:02:19.356 [Test worker] DEBUG org.testcontainers.shaded.com.github.dockerjava.core.exec.InspectContainerCmdExec -- GET: DefaultWebTarget{path=[/containers/acc41d27a0edf08b0c317e3c254465cd1d67b93ba89c902a2e4c4fbada19d1d1/json], queryParams={}}
21:02:19.357 [Test worker] DEBUG com.github.dockerjava.zerodep.shaded.org.apache.hc.client5.http.impl.classic.InternalHttpClient -- ex-0000000D: preparing request execution
21:02:19.357 [Test worker] DEBUG com.github.dockerjava.zerodep.shaded.org.apache.hc.client5.http.protocol.RequestAddCookies -- Cookie spec selected: strict
21:02:19.357 [Test worker] DEBUG com.github.dockerjava.zerodep.shaded.org.apache.hc.client5.http.protocol.RequestAuthCache -- Auth cache not set in the context
21:02:19.357 [Test worker] DEBUG com.github.dockerjava.zerodep.shaded.org.apache.hc.client5.http.impl.classic.ProtocolExec -- ex-0000000D: target auth state: UNCHALLENGED
21:02:19.357 [Test worker] DEBUG com.github.dockerjava.zerodep.shaded.org.apache.hc.client5.http.impl.classic.ProtocolExec -- ex-0000000D: proxy auth state: UNCHALLENGED
21:02:19.357 [Test worker] DEBUG com.github.dockerjava.zerodep.shaded.org.apache.hc.client5.http.impl.classic.ConnectExec -- ex-0000000D: acquiring connection with route {}->npipe://localhost:2375
21:02:19.357 [Test worker] DEBUG com.github.dockerjava.zerodep.shaded.org.apache.hc.client5.http.impl.classic.InternalHttpClient -- ex-0000000D: acquiring endpoint (3 MINUTES)
21:02:19.357 [Test worker] DEBUG com.github.dockerjava.zerodep.shaded.org.apache.hc.client5.http.impl.io.PoolingHttpClientConnectionManager -- ex-0000000D: endpoint lease request (3 MINUTES) [route: {}->npipe://localhost:2375][total available: 1; route allocated: 1 of 2147483647; total allocated: 1 of 2147483647]
21:02:19.357 [Test worker] DEBUG com.github.dockerjava.zerodep.shaded.org.apache.hc.client5.http.impl.io.PoolingHttpClientConnectionManager -- ex-0000000D: endpoint leased [route: {}->npipe://localhost:2375][total available: 0; route allocated: 1 of 2147483647; total allocated: 1 of 2147483647]
21:02:19.358 [Test worker] DEBUG com.github.dockerjava.zerodep.shaded.org.apache.hc.client5.http.impl.io.PoolingHttpClientConnectionManager -- ex-0000000D: acquired ep-0000000C
21:02:19.358 [Test worker] DEBUG com.github.dockerjava.zerodep.shaded.org.apache.hc.client5.http.impl.classic.InternalHttpClient -- ex-0000000D: acquired endpoint ep-0000000C
21:02:19.358 [Test worker] DEBUG com.github.dockerjava.zerodep.shaded.org.apache.hc.client5.http.impl.classic.MainClientExec -- ex-0000000D: executing GET /v1.32/containers/acc41d27a0edf08b0c317e3c254465cd1d67b93ba89c902a2e4c4fbada19d1d1/json HTTP/1.1
21:02:19.358 [Test worker] DEBUG com.github.dockerjava.zerodep.shaded.org.apache.hc.client5.http.impl.classic.InternalHttpClient -- ep-0000000C: start execution ex-0000000D
21:02:19.358 [Test worker] DEBUG com.github.dockerjava.zerodep.shaded.org.apache.hc.client5.http.impl.io.PoolingHttpClientConnectionManager -- ep-0000000C: executing exchange ex-0000000D over http-outgoing-1
21:02:19.358 [Test worker] DEBUG com.github.dockerjava.zerodep.shaded.org.apache.hc.client5.http.headers -- http-outgoing-1 >> GET /v1.32/containers/acc41d27a0edf08b0c317e3c254465cd1d67b93ba89c902a2e4c4fbada19d1d1/json HTTP/1.1
21:02:19.358 [Test worker] DEBUG com.github.dockerjava.zerodep.shaded.org.apache.hc.client5.http.headers -- http-outgoing-1 >> accept: application/json
21:02:19.358 [Test worker] DEBUG com.github.dockerjava.zerodep.shaded.org.apache.hc.client5.http.headers -- http-outgoing-1 >> x-tc-sid: e2b65d14-0dc0-4f11-958a-a33688020ff9
21:02:19.358 [Test worker] DEBUG com.github.dockerjava.zerodep.shaded.org.apache.hc.client5.http.headers -- http-outgoing-1 >> Accept-Encoding: gzip, x-gzip, deflate
21:02:19.358 [Test worker] DEBUG com.github.dockerjava.zerodep.shaded.org.apache.hc.client5.http.headers -- http-outgoing-1 >> Host: localhost:2375
21:02:19.358 [Test worker] DEBUG com.github.dockerjava.zerodep.shaded.org.apache.hc.client5.http.headers -- http-outgoing-1 >> Connection: keep-alive
21:02:19.358 [Test worker] DEBUG com.github.dockerjava.zerodep.shaded.org.apache.hc.client5.http.headers -- http-outgoing-1 >> User-Agent: Apache-HttpClient/5.0.3 (Java/19)
21:02:19.358 [Test worker] DEBUG com.github.dockerjava.zerodep.shaded.org.apache.hc.client5.http.wire -- http-outgoing-1 >> "GET /v1.32/containers/acc41d27a0edf08b0c317e3c254465cd1d67b93ba89c902a2e4c4fbada19d1d1/json HTTP/1.1[\r][\n]"
21:02:19.358 [Test worker] DEBUG com.github.dockerjava.zerodep.shaded.org.apache.hc.client5.http.wire -- http-outgoing-1 >> "accept: application/json[\r][\n]"
21:02:19.358 [Test worker] DEBUG com.github.dockerjava.zerodep.shaded.org.apache.hc.client5.http.wire -- http-outgoing-1 >> "x-tc-sid: e2b65d14-0dc0-4f11-958a-a33688020ff9[\r][\n]"
21:02:19.358 [Test worker] DEBUG com.github.dockerjava.zerodep.shaded.org.apache.hc.client5.http.wire -- http-outgoing-1 >> "Accept-Encoding: gzip, x-gzip, deflate[\r][\n]"
21:02:19.358 [Test worker] DEBUG com.github.dockerjava.zerodep.shaded.org.apache.hc.client5.http.wire -- http-outgoing-1 >> "Host: localhost:2375[\r][\n]"
21:02:19.358 [Test worker] DEBUG com.github.dockerjava.zerodep.shaded.org.apache.hc.client5.http.wire -- http-outgoing-1 >> "Connection: keep-alive[\r][\n]"
21:02:19.358 [Test worker] DEBUG com.github.dockerjava.zerodep.shaded.org.apache.hc.client5.http.wire -- http-outgoing-1 >> "User-Agent: Apache-HttpClient/5.0.3 (Java/19)[\r][\n]"
21:02:19.358 [Test worker] DEBUG com.github.dockerjava.zerodep.shaded.org.apache.hc.client5.http.wire -- http-outgoing-1 >> "[\r][\n]"
21:02:19.370 [Test worker] DEBUG com.github.dockerjava.zerodep.shaded.org.apache.hc.client5.http.wire -- http-outgoing-1 << "HTTP/1.1 200 OK[\r][\n]"
21:02:19.370 [Test worker] DEBUG com.github.dockerjava.zerodep.shaded.org.apache.hc.client5.http.wire -- http-outgoing-1 << "Api-Version: 1.43[\r][\n]"
21:02:19.370 [Test worker] DEBUG com.github.dockerjava.zerodep.shaded.org.apache.hc.client5.http.wire -- http-outgoing-1 << "Content-Type: application/json[\r][\n]"
21:02:19.370 [Test worker] DEBUG com.github.dockerjava.zerodep.shaded.org.apache.hc.client5.http.wire -- http-outgoing-1 << "Date: Fri, 02 Jun 2023 19:02:19 GMT[\r][\n]"
21:02:19.370 [Test worker] DEBUG com.github.dockerjava.zerodep.shaded.org.apache.hc.client5.http.wire -- http-outgoing-1 << "Docker-Experimental: false[\r][\n]"
21:02:19.370 [Test worker] DEBUG com.github.dockerjava.zerodep.shaded.org.apache.hc.client5.http.wire -- http-outgoing-1 << "Ostype: linux[\r][\n]"
21:02:19.370 [Test worker] DEBUG com.github.dockerjava.zerodep.shaded.org.apache.hc.client5.http.wire -- http-outgoing-1 << "Server: Docker/24.0.2 (linux)[\r][\n]"
21:02:19.370 [Test worker] DEBUG com.github.dockerjava.zerodep.shaded.org.apache.hc.client5.http.wire -- http-outgoing-1 << "Transfer-Encoding: chunked[\r][\n]"
21:02:19.370 [Test worker] DEBUG com.github.dockerjava.zerodep.shaded.org.apache.hc.client5.http.wire -- http-outgoing-1 << "[\r][\n]"
21:02:19.370 [Test worker] DEBUG com.github.dockerjava.zerodep.shaded.org.apache.hc.client5.http.headers -- http-outgoing-1 << HTTP/1.1 200 OK
21:02:19.370 [Test worker] DEBUG com.github.dockerjava.zerodep.shaded.org.apache.hc.client5.http.headers -- http-outgoing-1 << Api-Version: 1.43
21:02:19.370 [Test worker] DEBUG com.github.dockerjava.zerodep.shaded.org.apache.hc.client5.http.headers -- http-outgoing-1 << Content-Type: application/json
21:02:19.370 [Test worker] DEBUG com.github.dockerjava.zerodep.shaded.org.apache.hc.client5.http.headers -- http-outgoing-1 << Date: Fri, 02 Jun 2023 19:02:19 GMT
21:02:19.370 [Test worker] DEBUG com.github.dockerjava.zerodep.shaded.org.apache.hc.client5.http.headers -- http-outgoing-1 << Docker-Experimental: false
21:02:19.370 [Test worker] DEBUG com.github.dockerjava.zerodep.shaded.org.apache.hc.client5.http.headers -- http-outgoing-1 << Ostype: linux
21:02:19.370 [Test worker] DEBUG com.github.dockerjava.zerodep.shaded.org.apache.hc.client5.http.headers -- http-outgoing-1 << Server: Docker/24.0.2 (linux)
21:02:19.370 [Test worker] DEBUG com.github.dockerjava.zerodep.shaded.org.apache.hc.client5.http.headers -- http-outgoing-1 << Transfer-Encoding: chunked
21:02:19.370 [Test worker] DEBUG com.github.dockerjava.zerodep.shaded.org.apache.hc.client5.http.impl.classic.MainClientExec -- ex-0000000D: connection can be kept alive for 3 MINUTES
21:02:19.373 [Test worker] DEBUG com.github.dockerjava.zerodep.shaded.org.apache.hc.client5.http.wire -- http-outgoing-1 << "193f[\r][\n]"
21:02:19.374 [Test worker] DEBUG com.github.dockerjava.zerodep.shaded.org.apache.hc.client5.http.wire -- http-outgoing-1 << "{"Id":"acc41d27a0edf08b0c317e3c254465cd1d67b93ba89c902a2e4c4fbada19d1d1","Created":"2023-06-02T19:02:18.375963874Z","Path":"docker-entrypoint.sh","Args":["--replSet","docker-rs"],"State":{"Status":"running","Running":true,"Paused":false,"Restarting":false,"OOMKilled":false,"Dead":false,"Pid":17591,"ExitCode":0,"Error":"","StartedAt":"2023-06-02T19:02:19.280044806Z","FinishedAt":"0001-01-01T00:00:00Z"},"Image":"sha256:1f4172d248835374a399c83d2f4e6ba8f2e6fa9b6adcb14796f3a22440102c71","ResolvConfPath":"/var/lib/docker/containers/acc41d27a0edf08b0c317e3c254465cd1d67b93ba89c902a2e4c4fbada19d1d1/resolv.conf","HostnamePath":"/var/lib/docker/containers/acc41d27a0edf08b0c317e3c254465cd1d67b93ba89c902a2e4c4fbada19d1d1/hostname","HostsPath":"/var/lib/docker/containers/acc41d27a0edf08b0c317e3c254465cd1d67b93ba89c902a2e4c4fbada19d1d1/hosts","LogPath":"/var/lib/docker/containers/acc41d27a0edf08b0c317e3c254465cd1d67b93ba89c902a2e4c4fbada19d1d1/acc41d27a0edf08b0c317e3c254465cd1d67b93ba89c902a2e4c4fbada19d1d1-json.log","Name":"/clever_lumiere","RestartCount":0,"Driver":"overlay2","Platform":"linux","MountLabel":"","ProcessLabel":"","AppArmorProfile":"","ExecIDs":null,"HostConfig":{"Binds":[],"ContainerIDFile":"","LogConfig":{"Type":"json-file","Config":{}},"NetworkMode":"default","PortBindings":{"27017/tcp":[{"HostIp":"0.0.0.0","HostPort":"0"}]},"RestartPolicy":{"Name":"","MaximumRetryCount":0},"AutoRemove":false,"VolumeDriver":"","VolumesFrom":[],"ConsoleSize":[0,0],"CapAdd":null,"CapDrop":null,"CgroupnsMode":"host","Dns":null,"DnsOptions":null,"DnsSearch":null,"ExtraHosts":[],"GroupAdd":null,"IpcMode":"shareable","Cgroup":"","Links":null,"OomScoreAdj":0,"PidMode":"","Privileged":false,"PublishAllPorts":false,"ReadonlyRootfs":false,"SecurityOpt":null,"UTSMode":"","UsernsMode":"","ShmSize":67108864,"Runtime":"runc","Isolation":"","CpuShares":0,"Memory":0,"NanoCpus":0,"CgroupParent":"","BlkioWeight":0,"BlkioWeightDevice":null,"BlkioDeviceReadBps":null,"BlkioDeviceWriteBps":null,"BlkioDeviceReadIOps":null,"BlkioDeviceWriteIOps":null,"CpuPeriod":0,"CpuQuota":0,"CpuRealtimePeriod":0,"CpuRealtimeRuntime":0,"CpusetCpus":"","CpusetMems":"","Devices":null,"DeviceCgroupRules":null,"DeviceRequests":null,"MemoryReservation":0,"MemorySwap":0,"MemorySwappiness":null,"OomKillDisable":false,"PidsLimit":null,"Ulimits":null,"CpuCount":0,"CpuPercent":0,"IOMaximumIOps":0,"IOMaximumBandwidth":0,"MaskedPaths":["/proc/asound","/proc/acpi","/proc/kcore","/proc/keys","/proc/latency_stats","/proc/timer_list","/proc/timer_stats","/proc/sched_debug","/proc/scsi","/sys/firmware"],"ReadonlyPaths":["/proc/bus","/proc/fs","/proc/irq","/proc/sys","/proc/sysrq-trigger"]},"GraphDriver":{"Data":{"LowerDir":"/var/lib/docker/overlay2/a3c87c1b88821f9c61cc6c0e98c42ffa457ffcff9fcefbb923aaec17195d5505-init/diff:/var/lib/docker/overlay2/e88d6543b7009b315ab64294ce7a1302b7f7a6ae1f5ef0f1d57c5f4b40d410ba/diff:/var/lib/docker/overlay2/892961ddc84772e7dc9be4621185c60ba17e9cf1a6effbe94ffb2076e5f961f1/diff:/var/lib/docker/overlay2/170e29166f134211e54c1aba8a5ec21a5c5ef2dbbeecb8139a4566da06dc656f/diff:/var/lib/docker/overlay2/b39c6165beb5f309ea9bc7536791186055b1439bc187901db5450881d2a7a3e9/diff:/var/lib/docker/overlay2/6ce7e7dfb42f2135cd804f0ae15eefd0236417a0dcc8bef80c30109b3e7ba3db/diff:/var/lib/docker/overlay2/88eafcc8c7702fcab4e0279b643b225a10fc39d956bcf5770aae72e49ef0f5d4/diff:/var/lib/docker/overlay2/43286d31b859add0ead190641f0f21c5de1e31c90c311589f012208106586e7d/diff:/var/lib/docker/overlay2/a32a213432257e67eecd3be3515dbdc024143a0e0a0bfc91c1f782f5b319ab7d/diff:/var/lib/docker/overlay2/c97afee2c89fd2762b10638326d092d182624cb7036f10de719af4e3729b7d53/diff","MergedDir":"/var/lib/docker/overlay2/a3c87c1b88821f9c61cc6c0e98c42ffa457ffcff9fcefbb923aaec17195d5505/merged","UpperDir":"/var/lib/docker/overlay2/a3c87c1b88821f9c61cc6c0e98c42ffa457ffcff9fcefbb923aaec17195d5505/diff","WorkDir":"/var/lib/docker/overlay2/a3c87c1b88821f9c61cc6c0e98c42ffa457ffcff9fcefbb923aaec17195d5505/work"},"Name":"overlay2"},"Mounts":[{"Type":"volume","Name":"2d699c9fcf9b9bf3af7b193936ed032bbe8f31bb3236df40"
21:02:19.376 [Test worker] DEBUG com.github.dockerjava.zerodep.shaded.org.apache.hc.client5.http.wire -- http-outgoing-1 << "65cb5778fe01c5c2","Source":"/var/lib/docker/volumes/2d699c9fcf9b9bf3af7b193936ed032bbe8f31bb3236df4065cb5778fe01c5c2/_data","Destination":"/data/configdb","Driver":"local","Mode":"","RW":true,"Propagation":""},{"Type":"volume","Name":"b101da979eea1f6ca0ea39e708785f98aae791e70ae23df0bf35a31d1e83edf9","Source":"/var/lib/docker/volumes/b101da979eea1f6ca0ea39e708785f98aae791e70ae23df0bf35a31d1e83edf9/_data","Destination":"/data/db","Driver":"local","Mode":"","RW":true,"Propagation":""}],"Config":{"Hostname":"acc41d27a0ed","Domainname":"","User":"","AttachStdin":false,"AttachStdout":false,"AttachStderr":false,"ExposedPorts":{"27017/tcp":{}},"Tty":false,"OpenStdin":false,"StdinOnce":false,"Env":["PATH=/usr/local/sbin:/usr/local/bin:/usr/sbin:/usr/bin:/sbin:/bin","GOSU_VERSION=1.16","JSYAML_VERSION=3.13.1","MONGO_PACKAGE=mongodb-org","MONGO_REPO=repo.mongodb.org","MONGO_MAJOR=6.0","MONGO_VERSION=6.0.6","HOME=/data/db"],"Cmd":["--replSet","docker-rs"],"Image":"mongo:latest","Volumes":{"/data/configdb":{},"/data/db":{}},"WorkingDir":"","Entrypoint":["docker-entrypoint.sh"],"OnBuild":null,"Labels":{"org.opencontainers.image.ref.name":"ubuntu","org.opencontainers.image.version":"22.04","org.testcontainers":"true","org.testcontainers.lang":"java","org.testcontainers.sessionId":"e2b65d14-0dc0-4f11-958a-a33688020ff9","org.testcontainers.version":"1.17.6"}},"NetworkSettings":{"Bridge":"","SandboxID":"ae310c973af8a25d84dc2c4d47ce537320170a4fdf91f25e230227e545ca4a5b","HairpinMode":false,"LinkLocalIPv6Address":"","LinkLocalIPv6PrefixLen":0,"Ports":{"27017/tcp":[{"HostIp":"0.0.0.0","HostPort":"53278"}]},"SandboxKey":"/var/run/docker/netns/ae310c973af8","SecondaryIPAddresses":null,"SecondaryIPv6Addresses":null,"EndpointID":"166089c4643dc680116e63312f19e4168cc19ae66c68bfcb7c7e7781e7d2cc72","Gateway":"172.17.0.1","GlobalIPv6Address":"","GlobalIPv6PrefixLen":0,"IPAddress":"172.17.0.3","IPPrefixLen":16,"IPv6Gateway":"","MacAddress":"02:42:ac:11:00:03","Networks":{"bridge":{"IPAMConfig":null,"Links":null,"Aliases":null,"NetworkID":"74096bbffc9660557319362c8aa6d0a1ae3824e3058da95e870a7a99675845ca","EndpointID":"166089c4643dc680116e63312f19e4168cc19ae66c68bfcb7c7e7781e7d2cc72","Gateway":"172.17.0.1","IPAddress":"172.17.0.3","IPPrefixLen":16,"IPv6Gateway":"","GlobalIPv6Address":"","GlobalIPv6PrefixLen":0,"MacAddress":"02:42:ac:11:00:03","DriverOpts":null}}}}[\n]"
21:02:19.379 [Test worker] DEBUG com.github.dockerjava.zerodep.shaded.org.apache.hc.client5.http.wire -- http-outgoing-1 << "[\r][\n]"
21:02:19.379 [Test worker] DEBUG com.github.dockerjava.zerodep.shaded.org.apache.hc.client5.http.wire -- http-outgoing-1 << "0[\r][\n]"
21:02:19.379 [Test worker] DEBUG com.github.dockerjava.zerodep.shaded.org.apache.hc.client5.http.wire -- http-outgoing-1 << "[\r][\n]"
21:02:19.379 [Test worker] DEBUG com.github.dockerjava.zerodep.shaded.org.apache.hc.client5.http.impl.classic.InternalHttpClient -- ep-0000000C: releasing valid endpoint
21:02:19.379 [Test worker] DEBUG com.github.dockerjava.zerodep.shaded.org.apache.hc.client5.http.impl.io.PoolingHttpClientConnectionManager -- ep-0000000C: releasing endpoint
21:02:19.380 [Test worker] DEBUG com.github.dockerjava.zerodep.shaded.org.apache.hc.client5.http.impl.io.PoolingHttpClientConnectionManager -- ep-0000000C: connection http-outgoing-1 can be kept alive for 3 MINUTES
21:02:19.380 [Test worker] DEBUG com.github.dockerjava.zerodep.shaded.org.apache.hc.client5.http.impl.io.PoolingHttpClientConnectionManager -- ep-0000000C: connection released [route: {}->npipe://localhost:2375][total available: 1; route allocated: 1 of 2147483647; total allocated: 1 of 2147483647]
21:02:19.381 [docker-java-stream-230524277] DEBUG com.github.dockerjava.zerodep.shaded.org.apache.hc.client5.http.impl.classic.InternalHttpClient -- ex-0000000E: preparing request execution
21:02:19.382 [docker-java-stream-230524277] DEBUG com.github.dockerjava.zerodep.shaded.org.apache.hc.client5.http.protocol.RequestAddCookies -- Cookie spec selected: strict
21:02:19.382 [docker-java-stream-230524277] DEBUG com.github.dockerjava.zerodep.shaded.org.apache.hc.client5.http.protocol.RequestAuthCache -- Auth cache not set in the context
21:02:19.383 [docker-java-stream-230524277] DEBUG com.github.dockerjava.zerodep.shaded.org.apache.hc.client5.http.impl.classic.ProtocolExec -- ex-0000000E: target auth state: UNCHALLENGED
21:02:19.383 [docker-java-stream-230524277] DEBUG com.github.dockerjava.zerodep.shaded.org.apache.hc.client5.http.impl.classic.ProtocolExec -- ex-0000000E: proxy auth state: UNCHALLENGED
21:02:19.383 [docker-java-stream-230524277] DEBUG com.github.dockerjava.zerodep.shaded.org.apache.hc.client5.http.impl.classic.ConnectExec -- ex-0000000E: acquiring connection with route {}->npipe://localhost:2375
21:02:19.383 [docker-java-stream-230524277] DEBUG com.github.dockerjava.zerodep.shaded.org.apache.hc.client5.http.impl.classic.InternalHttpClient -- ex-0000000E: acquiring endpoint (3 MINUTES)
21:02:19.383 [docker-java-stream-230524277] DEBUG com.github.dockerjava.zerodep.shaded.org.apache.hc.client5.http.impl.io.PoolingHttpClientConnectionManager -- ex-0000000E: endpoint lease request (3 MINUTES) [route: {}->npipe://localhost:2375][total available: 1; route allocated: 1 of 2147483647; total allocated: 1 of 2147483647]
21:02:19.384 [docker-java-stream-230524277] DEBUG com.github.dockerjava.zerodep.shaded.org.apache.hc.client5.http.impl.io.PoolingHttpClientConnectionManager -- ex-0000000E: endpoint leased [route: {}->npipe://localhost:2375][total available: 0; route allocated: 1 of 2147483647; total allocated: 1 of 2147483647]
21:02:19.384 [docker-java-stream-230524277] DEBUG com.github.dockerjava.zerodep.shaded.org.apache.hc.client5.http.impl.io.PoolingHttpClientConnectionManager -- ex-0000000E: acquired ep-0000000D
21:02:19.384 [docker-java-stream-230524277] DEBUG com.github.dockerjava.zerodep.shaded.org.apache.hc.client5.http.impl.classic.InternalHttpClient -- ex-0000000E: acquired endpoint ep-0000000D
21:02:19.384 [docker-java-stream-230524277] DEBUG com.github.dockerjava.zerodep.shaded.org.apache.hc.client5.http.impl.classic.MainClientExec -- ex-0000000E: executing GET /v1.32/containers/acc41d27a0edf08b0c317e3c254465cd1d67b93ba89c902a2e4c4fbada19d1d1/logs?stdout=true&stderr=true&follow=true&since=0 HTTP/1.1
21:02:19.385 [docker-java-stream-230524277] DEBUG com.github.dockerjava.zerodep.shaded.org.apache.hc.client5.http.impl.classic.InternalHttpClient -- ep-0000000D: start execution ex-0000000E
21:02:19.385 [docker-java-stream-230524277] DEBUG com.github.dockerjava.zerodep.shaded.org.apache.hc.client5.http.impl.io.PoolingHttpClientConnectionManager -- ep-0000000D: executing exchange ex-0000000E over http-outgoing-1
21:02:19.385 [docker-java-stream-230524277] DEBUG com.github.dockerjava.zerodep.shaded.org.apache.hc.client5.http.headers -- http-outgoing-1 >> GET /v1.32/containers/acc41d27a0edf08b0c317e3c254465cd1d67b93ba89c902a2e4c4fbada19d1d1/logs?stdout=true&stderr=true&follow=true&since=0 HTTP/1.1
21:02:19.385 [docker-java-stream-230524277] DEBUG com.github.dockerjava.zerodep.shaded.org.apache.hc.client5.http.headers -- http-outgoing-1 >> x-tc-sid: e2b65d14-0dc0-4f11-958a-a33688020ff9
21:02:19.385 [docker-java-stream-230524277] DEBUG com.github.dockerjava.zerodep.shaded.org.apache.hc.client5.http.headers -- http-outgoing-1 >> Accept-Encoding: gzip, x-gzip, deflate
21:02:19.385 [docker-java-stream-230524277] DEBUG com.github.dockerjava.zerodep.shaded.org.apache.hc.client5.http.headers -- http-outgoing-1 >> Host: localhost:2375
21:02:19.385 [docker-java-stream-230524277] DEBUG com.github.dockerjava.zerodep.shaded.org.apache.hc.client5.http.headers -- http-outgoing-1 >> Connection: keep-alive
21:02:19.385 [docker-java-stream-230524277] DEBUG com.github.dockerjava.zerodep.shaded.org.apache.hc.client5.http.headers -- http-outgoing-1 >> User-Agent: Apache-HttpClient/5.0.3 (Java/19)
21:02:19.385 [docker-java-stream-230524277] DEBUG com.github.dockerjava.zerodep.shaded.org.apache.hc.client5.http.wire -- http-outgoing-1 >> "GET /v1.32/containers/acc41d27a0edf08b0c317e3c254465cd1d67b93ba89c902a2e4c4fbada19d1d1/logs?stdout=true&stderr=true&follow=true&since=0 HTTP/1.1[\r][\n]"
21:02:19.385 [docker-java-stream-230524277] DEBUG com.github.dockerjava.zerodep.shaded.org.apache.hc.client5.http.wire -- http-outgoing-1 >> "x-tc-sid: e2b65d14-0dc0-4f11-958a-a33688020ff9[\r][\n]"
21:02:19.385 [docker-java-stream-230524277] DEBUG com.github.dockerjava.zerodep.shaded.org.apache.hc.client5.http.wire -- http-outgoing-1 >> "Accept-Encoding: gzip, x-gzip, deflate[\r][\n]"
21:02:19.385 [docker-java-stream-230524277] DEBUG com.github.dockerjava.zerodep.shaded.org.apache.hc.client5.http.wire -- http-outgoing-1 >> "Host: localhost:2375[\r][\n]"
21:02:19.386 [docker-java-stream-230524277] DEBUG com.github.dockerjava.zerodep.shaded.org.apache.hc.client5.http.wire -- http-outgoing-1 >> "Connection: keep-alive[\r][\n]"
21:02:19.386 [docker-java-stream-230524277] DEBUG com.github.dockerjava.zerodep.shaded.org.apache.hc.client5.http.wire -- http-outgoing-1 >> "User-Agent: Apache-HttpClient/5.0.3 (Java/19)[\r][\n]"
21:02:19.386 [docker-java-stream-230524277] DEBUG com.github.dockerjava.zerodep.shaded.org.apache.hc.client5.http.wire -- http-outgoing-1 >> "[\r][\n]"
21:02:19.390 [docker-java-stream-230524277] DEBUG com.github.dockerjava.zerodep.shaded.org.apache.hc.client5.http.wire -- http-outgoing-1 << "HTTP/1.1 200 OK[\r][\n]"
21:02:19.390 [docker-java-stream-230524277] DEBUG com.github.dockerjava.zerodep.shaded.org.apache.hc.client5.http.wire -- http-outgoing-1 << "Api-Version: 1.43[\r][\n]"
21:02:19.390 [docker-java-stream-230524277] DEBUG com.github.dockerjava.zerodep.shaded.org.apache.hc.client5.http.wire -- http-outgoing-1 << "Content-Type: application/vnd.docker.raw-stream[\r][\n]"
21:02:19.390 [docker-java-stream-230524277] DEBUG com.github.dockerjava.zerodep.shaded.org.apache.hc.client5.http.wire -- http-outgoing-1 << "Date: Fri, 02 Jun 2023 19:02:19 GMT[\r][\n]"
21:02:19.390 [docker-java-stream-230524277] DEBUG com.github.dockerjava.zerodep.shaded.org.apache.hc.client5.http.wire -- http-outgoing-1 << "Docker-Experimental: false[\r][\n]"
21:02:19.390 [docker-java-stream-230524277] DEBUG com.github.dockerjava.zerodep.shaded.org.apache.hc.client5.http.wire -- http-outgoing-1 << "Ostype: linux[\r][\n]"
21:02:19.390 [docker-java-stream-230524277] DEBUG com.github.dockerjava.zerodep.shaded.org.apache.hc.client5.http.wire -- http-outgoing-1 << "Server: Docker/24.0.2 (linux)[\r][\n]"
21:02:19.391 [docker-java-stream-230524277] DEBUG com.github.dockerjava.zerodep.shaded.org.apache.hc.client5.http.wire -- http-outgoing-1 << "Transfer-Encoding: chunked[\r][\n]"
21:02:19.391 [docker-java-stream-230524277] DEBUG com.github.dockerjava.zerodep.shaded.org.apache.hc.client5.http.wire -- http-outgoing-1 << "[\r][\n]"
21:02:19.391 [docker-java-stream-230524277] DEBUG com.github.dockerjava.zerodep.shaded.org.apache.hc.client5.http.headers -- http-outgoing-1 << HTTP/1.1 200 OK
21:02:19.392 [docker-java-stream-230524277] DEBUG com.github.dockerjava.zerodep.shaded.org.apache.hc.client5.http.headers -- http-outgoing-1 << Api-Version: 1.43
21:02:19.392 [docker-java-stream-230524277] DEBUG com.github.dockerjava.zerodep.shaded.org.apache.hc.client5.http.headers -- http-outgoing-1 << Content-Type: application/vnd.docker.raw-stream
21:02:19.392 [docker-java-stream-230524277] DEBUG com.github.dockerjava.zerodep.shaded.org.apache.hc.client5.http.headers -- http-outgoing-1 << Date: Fri, 02 Jun 2023 19:02:19 GMT
21:02:19.392 [docker-java-stream-230524277] DEBUG com.github.dockerjava.zerodep.shaded.org.apache.hc.client5.http.headers -- http-outgoing-1 << Docker-Experimental: false
21:02:19.392 [docker-java-stream-230524277] DEBUG com.github.dockerjava.zerodep.shaded.org.apache.hc.client5.http.headers -- http-outgoing-1 << Ostype: linux
21:02:19.392 [docker-java-stream-230524277] DEBUG com.github.dockerjava.zerodep.shaded.org.apache.hc.client5.http.headers -- http-outgoing-1 << Server: Docker/24.0.2 (linux)
21:02:19.392 [docker-java-stream-230524277] DEBUG com.github.dockerjava.zerodep.shaded.org.apache.hc.client5.http.headers -- http-outgoing-1 << Transfer-Encoding: chunked
21:02:19.392 [docker-java-stream-230524277] DEBUG com.github.dockerjava.zerodep.shaded.org.apache.hc.client5.http.impl.classic.MainClientExec -- ex-0000000E: connection can be kept alive for 3 MINUTES
21:02:19.393 [docker-java-stream-230524277] DEBUG com.github.dockerjava.zerodep.shaded.org.apache.hc.client5.http.wire -- http-outgoing-1 << "ef4[\r][\n]"
21:02:19.393 [docker-java-stream-230524277] DEBUG com.github.dockerjava.zerodep.shaded.org.apache.hc.client5.http.wire -- http-outgoing-1 << "[0x1][0x0][0x0][0x0][0x0][0x0][0x0][0xffffffc9]{"t":{"$date":"2023-06-02T19:02:19.338+00:00"},"s":"I",  "c":"CONTROL",  "id":23285,   "ctx":"-","msg":"Automatically disabling TLS 1.0, to force-enable TLS 1.0 specify --sslDisabledProtocols 'none'"}[\n]"
21:02:19.393 [docker-java-stream-230524277] DEBUG com.github.dockerjava.zerodep.shaded.org.apache.hc.client5.http.wire -- http-outgoing-1 << "[0x1][0x0][0x0][0x0][0x0][0x0][0x1]n{"t":{"$date":"2023-06-02T19:02:19.339+00:00"},"s":"I",  "c":"NETWORK",  "id":4915701, "ctx":"main","msg":"Initialized wire specification","attr":{"spec":{"incomingExternalClient":{"minWireVersion":0,"maxWireVersion":17},"incomingInternalClient":{"minWireVersion":0,"maxWireVersion":17},"outgoing":{"minWireVersion":6,"maxWireVersion":17},"isInternalClient":true}}}[\n]"
21:02:19.393 [docker-java-stream-230524277] DEBUG com.github.dockerjava.zerodep.shaded.org.apache.hc.client5.http.wire -- http-outgoing-1 << "[0x1][0x0][0x0][0x0][0x0][0x0][0x0][0xfffffff1]{"t":{"$date":"2023-06-02T19:02:19.339+00:00"},"s":"I",  "c":"NETWORK",  "id":4648601, "ctx":"main","msg":"Implicit TCP FastOpen unavailable. If TCP FastOpen is required, set tcpFastOpenServer, tcpFastOpenClient, and tcpFastOpenQueueSize."}[\n]"
21:02:19.393 [docker-java-stream-230524277] DEBUG com.github.dockerjava.zerodep.shaded.org.apache.hc.client5.http.wire -- http-outgoing-1 << "[0x1][0x0][0x0][0x0][0x0][0x0][0x0][0xfffffff4]{"t":{"$date":"2023-06-02T19:02:19.340+00:00"},"s":"I",  "c":"REPL",     "id":5123008, "ctx":"main","msg":"Successfully registered PrimaryOnlyService","attr":{"service":"TenantMigrationDonorService","namespace":"config.tenantMigrationDonors"}}[\n]"
21:02:19.393 [docker-java-stream-230524277] DEBUG com.github.dockerjava.zerodep.shaded.org.apache.hc.client5.http.wire -- http-outgoing-1 << "[0x1][0x0][0x0][0x0][0x0][0x0][0x0][0xfffffffc]{"t":{"$date":"2023-06-02T19:02:19.340+00:00"},"s":"I",  "c":"REPL",     "id":5123008, "ctx":"main","msg":"Successfully registered PrimaryOnlyService","attr":{"service":"TenantMigrationRecipientService","namespace":"config.tenantMigrationRecipients"}}[\n]"
21:02:19.393 [docker-java-stream-230524277] DEBUG com.github.dockerjava.zerodep.shaded.org.apache.hc.client5.http.wire -- http-outgoing-1 << "[0x1][0x0][0x0][0x0][0x0][0x0][0x0][0xffffffeb]{"t":{"$date":"2023-06-02T19:02:19.340+00:00"},"s":"I",  "c":"REPL",     "id":5123008, "ctx":"main","msg":"Successfully registered PrimaryOnlyService","attr":{"service":"ShardSplitDonorService","namespace":"config.tenantSplitDonors"}}[\n]"
21:02:19.393 [docker-java-stream-230524277] DEBUG com.github.dockerjava.zerodep.shaded.org.apache.hc.client5.http.wire -- http-outgoing-1 << "[0x1][0x0][0x0][0x0][0x0][0x0][0x0][0xffffff89]{"t":{"$date":"2023-06-02T19:02:19.340+00:00"},"s":"I",  "c":"CONTROL",  "id":5945603, "ctx":"main","msg":"Multi threading initialized"}[\n]"
21:02:19.393 [docker-java-stream-230524277] DEBUG com.github.dockerjava.zerodep.shaded.org.apache.hc.client5.http.wire -- http-outgoing-1 << "[0x1][0x0][0x0][0x0][0x0][0x0][0x0][0xffffffe7]{"t":{"$date":"2023-06-02T19:02:19.340+00:00"},"s":"I",  "c":"CONTROL",  "id":4615611, "ctx":"initandlisten","msg":"MongoDB starting","attr":{"pid":1,"port":27017,"dbPath":"/data/db","architecture":"64-bit","host":"acc41d27a0ed"}}[\n]"
21:02:19.393 [docker-java-stream-230524277] DEBUG com.github.dockerjava.zerodep.shaded.org.apache.hc.client5.http.wire -- http-outgoing-1 << "[0x1][0x0][0x0][0x0][0x0][0x0][0x1][0xffffff85]{"t":{"$date":"2023-06-02T19:02:19.340+00:00"},"s":"I",  "c":"CONTROL",  "id":23403,   "ctx":"initandlisten","msg":"Build Info","attr":{"buildInfo":{"version":"6.0.6","gitVersion":"26b4851a412cc8b9b4a18cdb6cd0f9f642e06aa7","openSSLVersion":"OpenSSL 3.0.2 15 Mar 2022","modules":[],"allocator":"tcmalloc","environment":{"distmod":"ubuntu2204","distarch":"x86_64","target_arch":"x86_64"}}}}[\n]"
21:02:19.393 [docker-java-stream-230524277] DEBUG com.github.dockerjava.zerodep.shaded.org.apache.hc.client5.http.wire -- http-outgoing-1 << "[0x1][0x0][0x0][0x0][0x0][0x0][0x0][0xffffffb9]{"t":{"$date":"2023-06-02T19:02:19.340+00:00"},"s":"I",  "c":"CONTROL",  "id":51765,   "ctx":"initandlisten","msg":"Operating System","attr":{"os":{"name":"Ubuntu","version":"22.04"}}}[\n]"
21:02:19.394 [docker-java-stream-230524277] DEBUG com.github.dockerjava.zerodep.shaded.org.apache.hc.client5.http.wire -- http-outgoing-1 << "[0x1][0x0][0x0][0x0][0x0][0x0][0x0][0xffffffe2]{"t":{"$date":"2023-06-02T19:02:19.340+00:00"},"s":"I",  "c":"CONTROL",  "id":21951,   "ctx":"initandlisten","msg":"Options set by command line","attr":{"options":{"net":{"bindIp":"*"},"replication":{"replSet":"docker-rs"}}}}[\n]"
21:02:19.394 [docker-java-stream-230524277] DEBUG com.github.dockerjava.zerodep.shaded.org.apache.hc.client5.http.wire -- http-outgoing-1 << "[0x1][0x0][0x0][0x0][0x0][0x0][0x1][0x1e]{"t":{"$date":"2023-06-02T19:02:19.342+00:00"},"s":"I",  "c":"STORAGE",  "id":22297,   "ctx":"initandlisten","msg":"Using the XFS filesystem is strongly recommended with the WiredTiger storage engine. See http://dochub.mongodb.org/core/prodnotes-filesystem","tags":["startupWarnings"]}[\n]"
21:02:19.394 [docker-java-stream-230524277] DEBUG com.github.dockerjava.zerodep.shaded.org.apache.hc.client5.http.wire -- http-outgoing-1 << "[0x1][0x0][0x0][0x0][0x0][0x0][0x2][0xffffffdb]{"t":{"$date":"2023-06-02T19:02:19.342+00:00"},"s":"I",  "c":"STORAGE",  "id":22315,   "ctx":"initandlisten","msg":"Opening WiredTiger","attr":{"config":"create,cache_size=1384M,session_max=33000,eviction=(threads_min=4,threads_max=4),config_base=false,statistics=(fast),log=(enabled=true,remove=true,path=journal,compressor=snappy),builtin_extension_config=(zstd=(compression_level=6)),file_manager=(close_idle_time=600,close_scan_interval=10,close_handle_minimum=2000),statistics_log=(wait=0),json_output=(error,message),verbose=[recovery_progress:1,checkpoint_progress:1,compact_progress:1,backup:0,checkpoint:0,compact:0,evict:0,history_store:0,recovery:0,rts:0,salvage:0,tiered:0,timestamp:0,transaction:0,verify:0,log:0],"}}[\n]"
21:02:19.394 [docker-java-stream-230524277] DEBUG com.github.dockerjava.zerodep.shaded.org.apache.hc.client5.http.wire -- http-outgoing-1 << "[\r][\n]"
21:02:19.394 [Test worker] DEBUG org.testcontainers.containers.output.WaitingConsumer -- STDOUT: {"t":{"$date":"2023-06-02T19:02:19.338+00:00"},"s":"I",  "c":"CONTROL",  "id":23285,   "ctx":"-","msg":"Automatically disabling TLS 1.0, to force-enable TLS 1.0 specify --sslDisabledProtocols 'none'"}
21:02:19.394 [Test worker] DEBUG org.testcontainers.containers.output.WaitingConsumer -- STDOUT: {"t":{"$date":"2023-06-02T19:02:19.342+00:00"},"s":"I",  "c":"STORAGE",  "id":22315,   "ctx":"initandlisten","msg":"Opening WiredTiger","attr":{"config":"create,cache_size=1384M,session_max=33000,eviction=(threads_min=4,threads_max=4),config_base=false,statistics=(fast),log=(enabled=true,remove=true,path=journal,compressor=snappy),builtin_extension_config=(zstd=(compression_level=6)),file_manager=(close_idle_time=600,close_scan_interval=10,close_handle_minimum=2000),statistics_log=(wait=0),json_output=(error,message),verbose=[recovery_progress:1,checkpoint_progress:1,compact_progress:1,backup:0,checkpoint:0,compact:0,evict:0,history_store:0,recovery:0,rts:0,salvage:0,tiered:0,timestamp:0,transaction:0,verify:0,log:0],"}}
21:02:19.395 [Test worker] DEBUG org.testcontainers.containers.output.WaitingConsumer -- STDOUT: {"t":{"$date":"2023-06-02T19:02:19.342+00:00"},"s":"I",  "c":"STORAGE",  "id":22297,   "ctx":"initandlisten","msg":"Using the XFS filesystem is strongly recommended with the WiredTiger storage engine. See http://dochub.mongodb.org/core/prodnotes-filesystem","tags":["startupWarnings"]}
21:02:19.395 [Test worker] DEBUG org.testcontainers.containers.output.WaitingConsumer -- STDOUT: {"t":{"$date":"2023-06-02T19:02:19.340+00:00"},"s":"I",  "c":"CONTROL",  "id":21951,   "ctx":"initandlisten","msg":"Options set by command line","attr":{"options":{"net":{"bindIp":"*"},"replication":{"replSet":"docker-rs"}}}}
21:02:19.395 [Test worker] DEBUG org.testcontainers.containers.output.WaitingConsumer -- STDOUT: {"t":{"$date":"2023-06-02T19:02:19.340+00:00"},"s":"I",  "c":"CONTROL",  "id":51765,   "ctx":"initandlisten","msg":"Operating System","attr":{"os":{"name":"Ubuntu","version":"22.04"}}}
21:02:19.396 [Test worker] DEBUG org.testcontainers.containers.output.WaitingConsumer -- STDOUT: {"t":{"$date":"2023-06-02T19:02:19.340+00:00"},"s":"I",  "c":"CONTROL",  "id":23403,   "ctx":"initandlisten","msg":"Build Info","attr":{"buildInfo":{"version":"6.0.6","gitVersion":"26b4851a412cc8b9b4a18cdb6cd0f9f642e06aa7","openSSLVersion":"OpenSSL 3.0.2 15 Mar 2022","modules":[],"allocator":"tcmalloc","environment":{"distmod":"ubuntu2204","distarch":"x86_64","target_arch":"x86_64"}}}}
21:02:19.396 [Test worker] DEBUG org.testcontainers.containers.output.WaitingConsumer -- STDOUT: {"t":{"$date":"2023-06-02T19:02:19.340+00:00"},"s":"I",  "c":"CONTROL",  "id":4615611, "ctx":"initandlisten","msg":"MongoDB starting","attr":{"pid":1,"port":27017,"dbPath":"/data/db","architecture":"64-bit","host":"acc41d27a0ed"}}
21:02:19.397 [Test worker] DEBUG org.testcontainers.containers.output.WaitingConsumer -- STDOUT: {"t":{"$date":"2023-06-02T19:02:19.340+00:00"},"s":"I",  "c":"CONTROL",  "id":5945603, "ctx":"main","msg":"Multi threading initialized"}
21:02:19.397 [Test worker] DEBUG org.testcontainers.containers.output.WaitingConsumer -- STDOUT: {"t":{"$date":"2023-06-02T19:02:19.340+00:00"},"s":"I",  "c":"REPL",     "id":5123008, "ctx":"main","msg":"Successfully registered PrimaryOnlyService","attr":{"service":"ShardSplitDonorService","namespace":"config.tenantSplitDonors"}}
21:02:19.397 [Test worker] DEBUG org.testcontainers.containers.output.WaitingConsumer -- STDOUT: {"t":{"$date":"2023-06-02T19:02:19.340+00:00"},"s":"I",  "c":"REPL",     "id":5123008, "ctx":"main","msg":"Successfully registered PrimaryOnlyService","attr":{"service":"TenantMigrationRecipientService","namespace":"config.tenantMigrationRecipients"}}
21:02:19.397 [Test worker] DEBUG org.testcontainers.containers.output.WaitingConsumer -- STDOUT: {"t":{"$date":"2023-06-02T19:02:19.340+00:00"},"s":"I",  "c":"REPL",     "id":5123008, "ctx":"main","msg":"Successfully registered PrimaryOnlyService","attr":{"service":"TenantMigrationDonorService","namespace":"config.tenantMigrationDonors"}}
21:02:19.397 [Test worker] DEBUG org.testcontainers.containers.output.WaitingConsumer -- STDOUT: {"t":{"$date":"2023-06-02T19:02:19.339+00:00"},"s":"I",  "c":"NETWORK",  "id":4648601, "ctx":"main","msg":"Implicit TCP FastOpen unavailable. If TCP FastOpen is required, set tcpFastOpenServer, tcpFastOpenClient, and tcpFastOpenQueueSize."}
21:02:19.397 [Test worker] DEBUG org.testcontainers.containers.output.WaitingConsumer -- STDOUT: {"t":{"$date":"2023-06-02T19:02:19.339+00:00"},"s":"I",  "c":"NETWORK",  "id":4915701, "ctx":"main","msg":"Initialized wire specification","attr":{"spec":{"incomingExternalClient":{"minWireVersion":0,"maxWireVersion":17},"incomingInternalClient":{"minWireVersion":0,"maxWireVersion":17},"outgoing":{"minWireVersion":6,"maxWireVersion":17},"isInternalClient":true}}}
21:02:20.091 [docker-java-stream-230524277] DEBUG com.github.dockerjava.zerodep.shaded.org.apache.hc.client5.http.wire -- http-outgoing-1 << "183[\r][\n]"
21:02:20.091 [docker-java-stream-230524277] DEBUG com.github.dockerjava.zerodep.shaded.org.apache.hc.client5.http.wire -- http-outgoing-1 << "[0x1][0x0][0x0][0x0][0x0][0x0][0x0][0xffffffa6]{"t":{"$date":"2023-06-02T19:02:20.083+00:00"},"s":"I",  "c":"STORAGE",  "id":4795906, "ctx":"initandlisten","msg":"WiredTiger opened","attr":{"durationMillis":741}}[\n]"
21:02:20.091 [docker-java-stream-230524277] DEBUG com.github.dockerjava.zerodep.shaded.org.apache.hc.client5.http.wire -- http-outgoing-1 << "[0x1][0x0][0x0][0x0][0x0][0x0][0x0][0xffffffcd]{"t":{"$date":"2023-06-02T19:02:20.083+00:00"},"s":"I",  "c":"RECOVERY", "id":23987,   "ctx":"initandlisten","msg":"WiredTiger recoveryTimestamp","attr":{"recoveryTimestamp":{"$timestamp":{"t":0,"i":0}}}}[\n]"
21:02:20.091 [docker-java-stream-230524277] DEBUG com.github.dockerjava.zerodep.shaded.org.apache.hc.client5.http.wire -- http-outgoing-1 << "[\r][\n]"
21:02:20.092 [Test worker] DEBUG org.testcontainers.containers.output.WaitingConsumer -- STDOUT: {"t":{"$date":"2023-06-02T19:02:20.083+00:00"},"s":"I",  "c":"RECOVERY", "id":23987,   "ctx":"initandlisten","msg":"WiredTiger recoveryTimestamp","attr":{"recoveryTimestamp":{"$timestamp":{"t":0,"i":0}}}}
21:02:20.092 [Test worker] DEBUG org.testcontainers.containers.output.WaitingConsumer -- STDOUT: {"t":{"$date":"2023-06-02T19:02:20.083+00:00"},"s":"I",  "c":"STORAGE",  "id":4795906, "ctx":"initandlisten","msg":"WiredTiger opened","attr":{"durationMillis":741}}
21:02:20.170 [docker-java-stream-230524277] DEBUG com.github.dockerjava.zerodep.shaded.org.apache.hc.client5.http.wire -- http-outgoing-1 << "109[\r][\n]"
21:02:20.170 [docker-java-stream-230524277] DEBUG com.github.dockerjava.zerodep.shaded.org.apache.hc.client5.http.wire -- http-outgoing-1 << "[0x1][0x0][0x0][0x0][0x0][0x0][0x1][0x1]{"t":{"$date":"2023-06-02T19:02:20.162+00:00"},"s":"W",  "c":"CONTROL",  "id":22120,   "ctx":"initandlisten","msg":"Access control is not enabled for the database. Read and write access to data and configuration is unrestricted","tags":["startupWarnings"]}[\n]"
21:02:20.170 [docker-java-stream-230524277] DEBUG com.github.dockerjava.zerodep.shaded.org.apache.hc.client5.http.wire -- http-outgoing-1 << "[\r][\n]"
21:02:20.171 [docker-java-stream-230524277] DEBUG com.github.dockerjava.zerodep.shaded.org.apache.hc.client5.http.wire -- http-outgoing-1 << "376[\r][\n]"
21:02:20.171 [docker-java-stream-230524277] DEBUG com.github.dockerjava.zerodep.shaded.org.apache.hc.client5.http.wire -- http-outgoing-1 << "[0x1][0x0][0x0][0x0][0x0][0x0][0x0][0xffffffeb]{"t":{"$date":"2023-06-02T19:02:20.163+00:00"},"s":"W",  "c":"CONTROL",  "id":22178,   "ctx":"initandlisten","msg":"/sys/kernel/mm/transparent_hugepage/enabled is 'always'. We suggest setting it to 'never'","tags":["startupWarnings"]}[\n]"
21:02:20.171 [Test worker] DEBUG org.testcontainers.containers.output.WaitingConsumer -- STDOUT: {"t":{"$date":"2023-06-02T19:02:20.162+00:00"},"s":"W",  "c":"CONTROL",  "id":22120,   "ctx":"initandlisten","msg":"Access control is not enabled for the database. Read and write access to data and configuration is unrestricted","tags":["startupWarnings"]}
21:02:20.171 [docker-java-stream-230524277] DEBUG com.github.dockerjava.zerodep.shaded.org.apache.hc.client5.http.wire -- http-outgoing-1 << "[0x1][0x0][0x0][0x0][0x0][0x0][0x0][0xfffffffa]{"t":{"$date":"2023-06-02T19:02:20.163+00:00"},"s":"W",  "c":"CONTROL",  "id":5123300, "ctx":"initandlisten","msg":"vm.max_map_count is too low","attr":{"currentValue":65530,"recommendedMinimum":1677720,"maxConns":838860},"tags":["startupWarnings"]}[\n]"
21:02:20.171 [docker-java-stream-230524277] DEBUG com.github.dockerjava.zerodep.shaded.org.apache.hc.client5.http.wire -- http-outgoing-1 << "[0x1][0x0][0x0][0x0][0x0][0x0][0x0][0xffffffe3]{"t":{"$date":"2023-06-02T19:02:20.163+00:00"},"s":"I",  "c":"REPL",     "id":5853300, "ctx":"initandlisten","msg":"current featureCompatibilityVersion value","attr":{"featureCompatibilityVersion":"unset","context":"startup"}}[\n]"
21:02:20.171 [docker-java-stream-230524277] DEBUG com.github.dockerjava.zerodep.shaded.org.apache.hc.client5.http.wire -- http-outgoing-1 << "[0x1][0x0][0x0][0x0][0x0][0x0][0x0][0xffffff8e]{"t":{"$date":"2023-06-02T19:02:20.163+00:00"},"s":"I",  "c":"STORAGE",  "id":5071100, "ctx":"initandlisten","msg":"Clearing temp directory"}[\n]"
21:02:20.171 [docker-java-stream-230524277] DEBUG com.github.dockerjava.zerodep.shaded.org.apache.hc.client5.http.wire -- http-outgoing-1 << "[\r][\n]"
21:02:20.171 [docker-java-stream-230524277] DEBUG com.github.dockerjava.zerodep.shaded.org.apache.hc.client5.http.wire -- http-outgoing-1 << "a9[\r][\n]"
21:02:20.171 [docker-java-stream-230524277] DEBUG com.github.dockerjava.zerodep.shaded.org.apache.hc.client5.http.wire -- http-outgoing-1 << "[0x1][0x0][0x0][0x0][0x0][0x0][0x0][0xffffffa1]{"t":{"$date":"2023-06-02T19:02:20.163+00:00"},"s":"I",  "c":"CONTROL",  "id":20536,   "ctx":"initandlisten","msg":"Flow Control is enabled on this deployment"}[\n]"
21:02:20.171 [docker-java-stream-230524277] DEBUG com.github.dockerjava.zerodep.shaded.org.apache.hc.client5.http.wire -- http-outgoing-1 << "[\r][\n]"
21:02:20.175 [docker-java-stream-230524277] DEBUG com.github.dockerjava.zerodep.shaded.org.apache.hc.client5.http.wire -- http-outgoing-1 << "e1[\r][\n]"
21:02:20.175 [docker-java-stream-230524277] DEBUG com.github.dockerjava.zerodep.shaded.org.apache.hc.client5.http.wire -- http-outgoing-1 << "[0x1][0x0][0x0][0x0][0x0][0x0][0x0][0xffffffd9]{"t":{"$date":"2023-06-02T19:02:20.167+00:00"},"s":"I",  "c":"FTDC",     "id":20625,   "ctx":"initandlisten","msg":"Initializing full-time diagnostic data capture","attr":{"dataDirectory":"/data/db/diagnostic.data"}}[\n]"
21:02:20.175 [docker-java-stream-230524277] DEBUG com.github.dockerjava.zerodep.shaded.org.apache.hc.client5.http.wire -- http-outgoing-1 << "[\r][\n]"
21:02:20.177 [docker-java-stream-230524277] DEBUG com.github.dockerjava.zerodep.shaded.org.apache.hc.client5.http.wire -- http-outgoing-1 << "141[\r][\n]"
21:02:20.177 [docker-java-stream-230524277] DEBUG com.github.dockerjava.zerodep.shaded.org.apache.hc.client5.http.wire -- http-outgoing-1 << "[0x1][0x0][0x0][0x0][0x0][0x0][0x1]9{"t":{"$date":"2023-06-02T19:02:20.169+00:00"},"s":"I",  "c":"STORAGE",  "id":20320,   "ctx":"initandlisten","msg":"createCollection","attr":{"namespace":"local.startup_log","uuidDisposition":"generated","uuid":{"uuid":{"$uuid":"957fab36-6b34-45d1-835b-375c23d355ff"}},"options":{"capped":true,"size":10485760}}}[\n]"
21:02:20.177 [docker-java-stream-230524277] DEBUG com.github.dockerjava.zerodep.shaded.org.apache.hc.client5.http.wire -- http-outgoing-1 << "[\r][\n]"
21:02:20.195 [Test worker] DEBUG org.testcontainers.containers.output.WaitingConsumer -- STDOUT: {"t":{"$date":"2023-06-02T19:02:20.169+00:00"},"s":"I",  "c":"STORAGE",  "id":20320,   "ctx":"initandlisten","msg":"createCollection","attr":{"namespace":"local.startup_log","uuidDisposition":"generated","uuid":{"uuid":{"$uuid":"957fab36-6b34-45d1-835b-375c23d355ff"}},"options":{"capped":true,"size":10485760}}}
21:02:20.195 [Test worker] DEBUG org.testcontainers.containers.output.WaitingConsumer -- STDOUT: {"t":{"$date":"2023-06-02T19:02:20.167+00:00"},"s":"I",  "c":"FTDC",     "id":20625,   "ctx":"initandlisten","msg":"Initializing full-time diagnostic data capture","attr":{"dataDirectory":"/data/db/diagnostic.data"}}
21:02:20.195 [Test worker] DEBUG org.testcontainers.containers.output.WaitingConsumer -- STDOUT: {"t":{"$date":"2023-06-02T19:02:20.163+00:00"},"s":"I",  "c":"CONTROL",  "id":20536,   "ctx":"initandlisten","msg":"Flow Control is enabled on this deployment"}
21:02:20.195 [Test worker] DEBUG org.testcontainers.containers.output.WaitingConsumer -- STDOUT: {"t":{"$date":"2023-06-02T19:02:20.163+00:00"},"s":"I",  "c":"STORAGE",  "id":5071100, "ctx":"initandlisten","msg":"Clearing temp directory"}
21:02:20.195 [Test worker] DEBUG org.testcontainers.containers.output.WaitingConsumer -- STDOUT: {"t":{"$date":"2023-06-02T19:02:20.163+00:00"},"s":"I",  "c":"REPL",     "id":5853300, "ctx":"initandlisten","msg":"current featureCompatibilityVersion value","attr":{"featureCompatibilityVersion":"unset","context":"startup"}}
21:02:20.195 [Test worker] DEBUG org.testcontainers.containers.output.WaitingConsumer -- STDOUT: {"t":{"$date":"2023-06-02T19:02:20.163+00:00"},"s":"W",  "c":"CONTROL",  "id":5123300, "ctx":"initandlisten","msg":"vm.max_map_count is too low","attr":{"currentValue":65530,"recommendedMinimum":1677720,"maxConns":838860},"tags":["startupWarnings"]}
21:02:20.195 [Test worker] DEBUG org.testcontainers.containers.output.WaitingConsumer -- STDOUT: {"t":{"$date":"2023-06-02T19:02:20.163+00:00"},"s":"W",  "c":"CONTROL",  "id":22178,   "ctx":"initandlisten","msg":"/sys/kernel/mm/transparent_hugepage/enabled is 'always'. We suggest setting it to 'never'","tags":["startupWarnings"]}
21:02:20.219 [docker-java-stream-230524277] DEBUG com.github.dockerjava.zerodep.shaded.org.apache.hc.client5.http.wire -- http-outgoing-1 << "19f[\r][\n]"
21:02:20.219 [docker-java-stream-230524277] DEBUG com.github.dockerjava.zerodep.shaded.org.apache.hc.client5.http.wire -- http-outgoing-1 << "[0x1][0x0][0x0][0x0][0x0][0x0][0x1][0xffffff97]{"t":{"$date":"2023-06-02T19:02:20.210+00:00"},"s":"I",  "c":"INDEX",    "id":20345,   "ctx":"initandlisten","msg":"Index build: done building","attr":{"buildUUID":null,"collectionUUID":{"uuid":{"$uuid":"957fab36-6b34-45d1-835b-375c23d355ff"}},"namespace":"local.startup_log","index":"_id_","ident":"index-1-7287853405610340558","collectionIdent":"collection-0-7287853405610340558","commitTimestamp":null}}[\n]"
21:02:20.219 [docker-java-stream-230524277] DEBUG com.github.dockerjava.zerodep.shaded.org.apache.hc.client5.http.wire -- http-outgoing-1 << "[\r][\n]"
21:02:20.219 [Test worker] DEBUG org.testcontainers.containers.output.WaitingConsumer -- STDOUT: {"t":{"$date":"2023-06-02T19:02:20.210+00:00"},"s":"I",  "c":"INDEX",    "id":20345,   "ctx":"initandlisten","msg":"Index build: done building","attr":{"buildUUID":null,"collectionUUID":{"uuid":{"$uuid":"957fab36-6b34-45d1-835b-375c23d355ff"}},"namespace":"local.startup_log","index":"_id_","ident":"index-1-7287853405610340558","collectionIdent":"collection-0-7287853405610340558","commitTimestamp":null}}
21:02:20.220 [docker-java-stream-230524277] DEBUG com.github.dockerjava.zerodep.shaded.org.apache.hc.client5.http.wire -- http-outgoing-1 << "2b1[\r][\n]"
21:02:20.220 [docker-java-stream-230524277] DEBUG com.github.dockerjava.zerodep.shaded.org.apache.hc.client5.http.wire -- http-outgoing-1 << "[0x1][0x0][0x0][0x0][0x0][0x0][0x0][0xffffffd9]{"t":{"$date":"2023-06-02T19:02:20.211+00:00"},"s":"I",  "c":"REPL",     "id":6015317, "ctx":"initandlisten","msg":"Setting new configuration state","attr":{"newState":"ConfigStartingUp","oldState":"ConfigPreStart"}}[\n]"
21:02:20.220 [docker-java-stream-230524277] DEBUG com.github.dockerjava.zerodep.shaded.org.apache.hc.client5.http.wire -- http-outgoing-1 << "[0x1][0x0][0x0][0x0][0x0][0x0][0x1]#{"t":{"$date":"2023-06-02T19:02:20.211+00:00"},"s":"I",  "c":"-",        "id":4939300, "ctx":"monitoring-keys-for-HMAC","msg":"Failed to refresh key cache","attr":{"error":"ReadConcernMajorityNotAvailableYet: Read concern majority reads are currently not possible.","nextWakeupMillis":200}}[\n]"
21:02:20.220 [docker-java-stream-230524277] DEBUG com.github.dockerjava.zerodep.shaded.org.apache.hc.client5.http.wire -- http-outgoing-1 << "[0x1][0x0][0x0][0x0][0x0][0x0][0x0][0xffffff9d]{"t":{"$date":"2023-06-02T19:02:20.211+00:00"},"s":"I",  "c":"REPL",     "id":6005300, "ctx":"initandlisten","msg":"Starting up replica set aware services"}[\n]"
21:02:20.220 [docker-java-stream-230524277] DEBUG com.github.dockerjava.zerodep.shaded.org.apache.hc.client5.http.wire -- http-outgoing-1 << "[\r][\n]"
21:02:20.220 [docker-java-stream-230524277] DEBUG com.github.dockerjava.zerodep.shaded.org.apache.hc.client5.http.wire -- http-outgoing-1 << "1ec[\r][\n]"
21:02:20.220 [docker-java-stream-230524277] DEBUG com.github.dockerjava.zerodep.shaded.org.apache.hc.client5.http.wire -- http-outgoing-1 << "[0x1][0x0][0x0][0x0][0x0][0x0][0x0][0xffffffac]{"t":{"$date":"2023-06-02T19:02:20.212+00:00"},"s":"I",  "c":"REPL",     "id":4280500, "ctx":"initandlisten","msg":"Attempting to create internal replication collections"}[\n]"
21:02:20.220 [docker-java-stream-230524277] DEBUG com.github.dockerjava.zerodep.shaded.org.apache.hc.client5.http.wire -- http-outgoing-1 << "[0x1][0x0][0x0][0x0][0x0][0x0][0x1]0{"t":{"$date":"2023-06-02T19:02:20.212+00:00"},"s":"I",  "c":"STORAGE",  "id":20320,   "ctx":"initandlisten","msg":"createCollection","attr":{"namespace":"local.replset.oplogTruncateAfterPoint","uuidDisposition":"generated","uuid":{"uuid":{"$uuid":"1bd7e5e3-e1f1-4fd1-89c7-8ca9aba76b50"}},"options":{}}}[\n]"
21:02:20.220 [docker-java-stream-230524277] DEBUG com.github.dockerjava.zerodep.shaded.org.apache.hc.client5.http.wire -- http-outgoing-1 << "[\r][\n]"
21:02:20.241 [Test worker] DEBUG org.testcontainers.containers.output.WaitingConsumer -- STDOUT: {"t":{"$date":"2023-06-02T19:02:20.212+00:00"},"s":"I",  "c":"STORAGE",  "id":20320,   "ctx":"initandlisten","msg":"createCollection","attr":{"namespace":"local.replset.oplogTruncateAfterPoint","uuidDisposition":"generated","uuid":{"uuid":{"$uuid":"1bd7e5e3-e1f1-4fd1-89c7-8ca9aba76b50"}},"options":{}}}
21:02:20.241 [Test worker] DEBUG org.testcontainers.containers.output.WaitingConsumer -- STDOUT: {"t":{"$date":"2023-06-02T19:02:20.212+00:00"},"s":"I",  "c":"REPL",     "id":4280500, "ctx":"initandlisten","msg":"Attempting to create internal replication collections"}
21:02:20.241 [Test worker] DEBUG org.testcontainers.containers.output.WaitingConsumer -- STDOUT: {"t":{"$date":"2023-06-02T19:02:20.211+00:00"},"s":"I",  "c":"REPL",     "id":6005300, "ctx":"initandlisten","msg":"Starting up replica set aware services"}
21:02:20.241 [Test worker] DEBUG org.testcontainers.containers.output.WaitingConsumer -- STDOUT: {"t":{"$date":"2023-06-02T19:02:20.211+00:00"},"s":"I",  "c":"-",        "id":4939300, "ctx":"monitoring-keys-for-HMAC","msg":"Failed to refresh key cache","attr":{"error":"ReadConcernMajorityNotAvailableYet: Read concern majority reads are currently not possible.","nextWakeupMillis":200}}
21:02:20.241 [Test worker] DEBUG org.testcontainers.containers.output.WaitingConsumer -- STDOUT: {"t":{"$date":"2023-06-02T19:02:20.211+00:00"},"s":"I",  "c":"REPL",     "id":6015317, "ctx":"initandlisten","msg":"Setting new configuration state","attr":{"newState":"ConfigStartingUp","oldState":"ConfigPreStart"}}
21:02:20.262 [docker-java-stream-230524277] DEBUG com.github.dockerjava.zerodep.shaded.org.apache.hc.client5.http.wire -- http-outgoing-1 << "2dc[\r][\n]"
21:02:20.262 [docker-java-stream-230524277] DEBUG com.github.dockerjava.zerodep.shaded.org.apache.hc.client5.http.wire -- http-outgoing-1 << "[0x1][0x0][0x0][0x0][0x0][0x0][0x1][0xffffffab]{"t":{"$date":"2023-06-02T19:02:20.254+00:00"},"s":"I",  "c":"INDEX",    "id":20345,   "ctx":"initandlisten","msg":"Index build: done building","attr":{"buildUUID":null,"collectionUUID":{"uuid":{"$uuid":"1bd7e5e3-e1f1-4fd1-89c7-8ca9aba76b50"}},"namespace":"local.replset.oplogTruncateAfterPoint","index":"_id_","ident":"index-3-7287853405610340558","collectionIdent":"collection-2-7287853405610340558","commitTimestamp":null}}[\n]"
21:02:20.262 [docker-java-stream-230524277] DEBUG com.github.dockerjava.zerodep.shaded.org.apache.hc.client5.http.wire -- http-outgoing-1 << "[0x1][0x0][0x0][0x0][0x0][0x0][0x1]!{"t":{"$date":"2023-06-02T19:02:20.254+00:00"},"s":"I",  "c":"STORAGE",  "id":20320,   "ctx":"initandlisten","msg":"createCollection","attr":{"namespace":"local.replset.minvalid","uuidDisposition":"generated","uuid":{"uuid":{"$uuid":"ac954133-7f10-4bc0-bf0d-0abc20e0dcd8"}},"options":{}}}[\n]"
21:02:20.262 [docker-java-stream-230524277] DEBUG com.github.dockerjava.zerodep.shaded.org.apache.hc.client5.http.wire -- http-outgoing-1 << "[\r][\n]"
21:02:20.263 [Test worker] DEBUG org.testcontainers.containers.output.WaitingConsumer -- STDOUT: {"t":{"$date":"2023-06-02T19:02:20.254+00:00"},"s":"I",  "c":"STORAGE",  "id":20320,   "ctx":"initandlisten","msg":"createCollection","attr":{"namespace":"local.replset.minvalid","uuidDisposition":"generated","uuid":{"uuid":{"$uuid":"ac954133-7f10-4bc0-bf0d-0abc20e0dcd8"}},"options":{}}}
21:02:20.263 [Test worker] DEBUG org.testcontainers.containers.output.WaitingConsumer -- STDOUT: {"t":{"$date":"2023-06-02T19:02:20.254+00:00"},"s":"I",  "c":"INDEX",    "id":20345,   "ctx":"initandlisten","msg":"Index build: done building","attr":{"buildUUID":null,"collectionUUID":{"uuid":{"$uuid":"1bd7e5e3-e1f1-4fd1-89c7-8ca9aba76b50"}},"namespace":"local.replset.oplogTruncateAfterPoint","index":"_id_","ident":"index-3-7287853405610340558","collectionIdent":"collection-2-7287853405610340558","commitTimestamp":null}}
21:02:20.298 [docker-java-stream-230524277] DEBUG com.github.dockerjava.zerodep.shaded.org.apache.hc.client5.http.wire -- http-outgoing-1 << "1a4[\r][\n]"
21:02:20.298 [docker-java-stream-230524277] DEBUG com.github.dockerjava.zerodep.shaded.org.apache.hc.client5.http.wire -- http-outgoing-1 << "[0x1][0x0][0x0][0x0][0x0][0x0][0x1][0xffffff9c]{"t":{"$date":"2023-06-02T19:02:20.291+00:00"},"s":"I",  "c":"INDEX",    "id":20345,   "ctx":"initandlisten","msg":"Index build: done building","attr":{"buildUUID":null,"collectionUUID":{"uuid":{"$uuid":"ac954133-7f10-4bc0-bf0d-0abc20e0dcd8"}},"namespace":"local.replset.minvalid","index":"_id_","ident":"index-5-7287853405610340558","collectionIdent":"collection-4-7287853405610340558","commitTimestamp":null}}[\n]"
21:02:20.298 [docker-java-stream-230524277] DEBUG com.github.dockerjava.zerodep.shaded.org.apache.hc.client5.http.wire -- http-outgoing-1 << "[\r][\n]"
21:02:20.299 [Test worker] DEBUG org.testcontainers.containers.output.WaitingConsumer -- STDOUT: {"t":{"$date":"2023-06-02T19:02:20.291+00:00"},"s":"I",  "c":"INDEX",    "id":20345,   "ctx":"initandlisten","msg":"Index build: done building","attr":{"buildUUID":null,"collectionUUID":{"uuid":{"$uuid":"ac954133-7f10-4bc0-bf0d-0abc20e0dcd8"}},"namespace":"local.replset.minvalid","index":"_id_","ident":"index-5-7287853405610340558","collectionIdent":"collection-4-7287853405610340558","commitTimestamp":null}}
21:02:20.299 [docker-java-stream-230524277] DEBUG com.github.dockerjava.zerodep.shaded.org.apache.hc.client5.http.wire -- http-outgoing-1 << "129[\r][\n]"
21:02:20.299 [docker-java-stream-230524277] DEBUG com.github.dockerjava.zerodep.shaded.org.apache.hc.client5.http.wire -- http-outgoing-1 << "[0x1][0x0][0x0][0x0][0x0][0x0][0x1]!{"t":{"$date":"2023-06-02T19:02:20.291+00:00"},"s":"I",  "c":"STORAGE",  "id":20320,   "ctx":"initandlisten","msg":"createCollection","attr":{"namespace":"local.replset.election","uuidDisposition":"generated","uuid":{"uuid":{"$uuid":"3e481a60-a7ee-45a0-9e62-975039576669"}},"options":{}}}[\n]"
21:02:20.299 [docker-java-stream-230524277] DEBUG com.github.dockerjava.zerodep.shaded.org.apache.hc.client5.http.wire -- http-outgoing-1 << "[\r][\n]"
21:02:20.319 [Test worker] DEBUG org.testcontainers.containers.output.WaitingConsumer -- STDOUT: {"t":{"$date":"2023-06-02T19:02:20.291+00:00"},"s":"I",  "c":"STORAGE",  "id":20320,   "ctx":"initandlisten","msg":"createCollection","attr":{"namespace":"local.replset.election","uuidDisposition":"generated","uuid":{"uuid":{"$uuid":"3e481a60-a7ee-45a0-9e62-975039576669"}},"options":{}}}
21:02:20.344 [docker-java-stream-230524277] DEBUG com.github.dockerjava.zerodep.shaded.org.apache.hc.client5.http.wire -- http-outgoing-1 << "1a4[\r][\n]"
21:02:20.344 [docker-java-stream-230524277] DEBUG com.github.dockerjava.zerodep.shaded.org.apache.hc.client5.http.wire -- http-outgoing-1 << "[0x1][0x0][0x0][0x0][0x0][0x0][0x1][0xffffff9c]{"t":{"$date":"2023-06-02T19:02:20.335+00:00"},"s":"I",  "c":"INDEX",    "id":20345,   "ctx":"initandlisten","msg":"Index build: done building","attr":{"buildUUID":null,"collectionUUID":{"uuid":{"$uuid":"3e481a60-a7ee-45a0-9e62-975039576669"}},"namespace":"local.replset.election","index":"_id_","ident":"index-7-7287853405610340558","collectionIdent":"collection-6-7287853405610340558","commitTimestamp":null}}[\n]"
21:02:20.344 [docker-java-stream-230524277] DEBUG com.github.dockerjava.zerodep.shaded.org.apache.hc.client5.http.wire -- http-outgoing-1 << "[\r][\n]"
21:02:20.344 [Test worker] DEBUG org.testcontainers.containers.output.WaitingConsumer -- STDOUT: {"t":{"$date":"2023-06-02T19:02:20.335+00:00"},"s":"I",  "c":"INDEX",    "id":20345,   "ctx":"initandlisten","msg":"Index build: done building","attr":{"buildUUID":null,"collectionUUID":{"uuid":{"$uuid":"3e481a60-a7ee-45a0-9e62-975039576669"}},"namespace":"local.replset.election","index":"_id_","ident":"index-7-7287853405610340558","collectionIdent":"collection-6-7287853405610340558","commitTimestamp":null}}
21:02:20.344 [docker-java-stream-230524277] DEBUG com.github.dockerjava.zerodep.shaded.org.apache.hc.client5.http.wire -- http-outgoing-1 << "3f6[\r][\n]"
21:02:20.344 [docker-java-stream-230524277] DEBUG com.github.dockerjava.zerodep.shaded.org.apache.hc.client5.http.wire -- http-outgoing-1 << "[0x1][0x0][0x0][0x0][0x0][0x0][0x0][0xffffffa2]{"t":{"$date":"2023-06-02T19:02:20.336+00:00"},"s":"I",  "c":"REPL",     "id":4280501, "ctx":"initandlisten","msg":"Attempting to load local voted for document"}[\n]"
21:02:20.344 [docker-java-stream-230524277] DEBUG com.github.dockerjava.zerodep.shaded.org.apache.hc.client5.http.wire -- http-outgoing-1 << "[0x1][0x0][0x0][0x0][0x0][0x0][0x0][0xffffffb3]{"t":{"$date":"2023-06-02T19:02:20.336+00:00"},"s":"I",  "c":"REPL",     "id":21311,   "ctx":"initandlisten","msg":"Did not find local initialized voted for document at startup"}[\n]"
21:02:20.344 [docker-java-stream-230524277] DEBUG com.github.dockerjava.zerodep.shaded.org.apache.hc.client5.http.wire -- http-outgoing-1 << "[0x1][0x0][0x0][0x0][0x0][0x0][0x0][0xffffff9f]{"t":{"$date":"2023-06-02T19:02:20.336+00:00"},"s":"I",  "c":"REPL",     "id":4280502, "ctx":"initandlisten","msg":"Searching for local Rollback ID document"}[\n]"
21:02:20.344 [docker-java-stream-230524277] DEBUG com.github.dockerjava.zerodep.shaded.org.apache.hc.client5.http.wire -- http-outgoing-1 << "[0x1][0x0][0x0][0x0][0x0][0x0][0x0][0xffffffb7]{"t":{"$date":"2023-06-02T19:02:20.336+00:00"},"s":"I",  "c":"REPL",     "id":21312,   "ctx":"initandlisten","msg":"Did not find local Rollback ID document at startup. Creating one"}[\n]"
21:02:20.344 [docker-java-stream-230524277] DEBUG com.github.dockerjava.zerodep.shaded.org.apache.hc.client5.http.wire -- http-outgoing-1 << "[0x1][0x0][0x0][0x0][0x0][0x0][0x1]#{"t":{"$date":"2023-06-02T19:02:20.336+00:00"},"s":"I",  "c":"STORAGE",  "id":20320,   "ctx":"initandlisten","msg":"createCollection","attr":{"namespace":"local.system.rollback.id","uuidDisposition":"generated","uuid":{"uuid":{"$uuid":"c21482d2-5d28-451a-b77f-df1ed325d8d7"}},"options":{}}}[\n]"
21:02:20.344 [docker-java-stream-230524277] DEBUG com.github.dockerjava.zerodep.shaded.org.apache.hc.client5.http.wire -- http-outgoing-1 << "[\r][\n]"
21:02:20.366 [Test worker] DEBUG org.testcontainers.containers.output.WaitingConsumer -- STDOUT: {"t":{"$date":"2023-06-02T19:02:20.336+00:00"},"s":"I",  "c":"STORAGE",  "id":20320,   "ctx":"initandlisten","msg":"createCollection","attr":{"namespace":"local.system.rollback.id","uuidDisposition":"generated","uuid":{"uuid":{"$uuid":"c21482d2-5d28-451a-b77f-df1ed325d8d7"}},"options":{}}}
21:02:20.366 [Test worker] DEBUG org.testcontainers.containers.output.WaitingConsumer -- STDOUT: {"t":{"$date":"2023-06-02T19:02:20.336+00:00"},"s":"I",  "c":"REPL",     "id":21312,   "ctx":"initandlisten","msg":"Did not find local Rollback ID document at startup. Creating one"}
21:02:20.366 [Test worker] DEBUG org.testcontainers.containers.output.WaitingConsumer -- STDOUT: {"t":{"$date":"2023-06-02T19:02:20.336+00:00"},"s":"I",  "c":"REPL",     "id":4280502, "ctx":"initandlisten","msg":"Searching for local Rollback ID document"}
21:02:20.366 [Test worker] DEBUG org.testcontainers.containers.output.WaitingConsumer -- STDOUT: {"t":{"$date":"2023-06-02T19:02:20.336+00:00"},"s":"I",  "c":"REPL",     "id":21311,   "ctx":"initandlisten","msg":"Did not find local initialized voted for document at startup"}
21:02:20.366 [Test worker] DEBUG org.testcontainers.containers.output.WaitingConsumer -- STDOUT: {"t":{"$date":"2023-06-02T19:02:20.336+00:00"},"s":"I",  "c":"REPL",     "id":4280501, "ctx":"initandlisten","msg":"Attempting to load local voted for document"}
21:02:20.384 [docker-java-stream-230524277] DEBUG com.github.dockerjava.zerodep.shaded.org.apache.hc.client5.http.wire -- http-outgoing-1 << "487[\r][\n]"
21:02:20.385 [docker-java-stream-230524277] DEBUG com.github.dockerjava.zerodep.shaded.org.apache.hc.client5.http.wire -- http-outgoing-1 << "[0x1][0x0][0x0][0x0][0x0][0x0][0x1][0xffffff9e]{"t":{"$date":"2023-06-02T19:02:20.377+00:00"},"s":"I",  "c":"INDEX",    "id":20345,   "ctx":"initandlisten","msg":"Index build: done building","attr":{"buildUUID":null,"collectionUUID":{"uuid":{"$uuid":"c21482d2-5d28-451a-b77f-df1ed325d8d7"}},"namespace":"local.system.rollback.id","index":"_id_","ident":"index-9-7287853405610340558","collectionIdent":"collection-8-7287853405610340558","commitTimestamp":null}}[\n]"
21:02:20.385 [docker-java-stream-230524277] DEBUG com.github.dockerjava.zerodep.shaded.org.apache.hc.client5.http.wire -- http-outgoing-1 << "[0x1][0x0][0x0][0x0][0x0][0x0][0x0][0xffffffa4]{"t":{"$date":"2023-06-02T19:02:20.377+00:00"},"s":"I",  "c":"REPL",     "id":21531,   "ctx":"initandlisten","msg":"Initialized the rollback ID","attr":{"rbid":1}}[\n]"
21:02:20.385 [docker-java-stream-230524277] DEBUG com.github.dockerjava.zerodep.shaded.org.apache.hc.client5.http.wire -- http-outgoing-1 << "[0x1][0x0][0x0][0x0][0x0][0x0][0x1]G{"t":{"$date":"2023-06-02T19:02:20.377+00:00"},"s":"I",  "c":"REPL",     "id":21313,   "ctx":"initandlisten","msg":"Did not find local replica set configuration document at startup","attr":{"error":{"code":47,"codeName":"NoMatchingDocument","errmsg":"Did not find replica set configuration document in local.system.replset"}}}[\n]"
21:02:20.385 [docker-java-stream-230524277] DEBUG com.github.dockerjava.zerodep.shaded.org.apache.hc.client5.http.wire -- http-outgoing-1 << "[0x1][0x0][0x0][0x0][0x0][0x0][0x0][0xffffffde]{"t":{"$date":"2023-06-02T19:02:20.377+00:00"},"s":"I",  "c":"REPL",     "id":6015317, "ctx":"initandlisten","msg":"Setting new configuration state","attr":{"newState":"ConfigUninitialized","oldState":"ConfigStartingUp"}}[\n]"
21:02:20.385 [docker-java-stream-230524277] DEBUG com.github.dockerjava.zerodep.shaded.org.apache.hc.client5.http.wire -- http-outgoing-1 << "[\r][\n]"
21:02:20.385 [Test worker] DEBUG org.testcontainers.containers.output.WaitingConsumer -- STDOUT: {"t":{"$date":"2023-06-02T19:02:20.377+00:00"},"s":"I",  "c":"REPL",     "id":21313,   "ctx":"initandlisten","msg":"Did not find local replica set configuration document at startup","attr":{"error":{"code":47,"codeName":"NoMatchingDocument","errmsg":"Did not find replica set configuration document in local.system.replset"}}}
21:02:20.385 [Test worker] DEBUG org.testcontainers.containers.output.WaitingConsumer -- STDOUT: {"t":{"$date":"2023-06-02T19:02:20.377+00:00"},"s":"I",  "c":"REPL",     "id":6015317, "ctx":"initandlisten","msg":"Setting new configuration state","attr":{"newState":"ConfigUninitialized","oldState":"ConfigStartingUp"}}
21:02:20.385 [Test worker] DEBUG org.testcontainers.containers.output.WaitingConsumer -- STDOUT: {"t":{"$date":"2023-06-02T19:02:20.377+00:00"},"s":"I",  "c":"REPL",     "id":21531,   "ctx":"initandlisten","msg":"Initialized the rollback ID","attr":{"rbid":1}}
21:02:20.385 [Test worker] DEBUG org.testcontainers.containers.output.WaitingConsumer -- STDOUT: {"t":{"$date":"2023-06-02T19:02:20.377+00:00"},"s":"I",  "c":"INDEX",    "id":20345,   "ctx":"initandlisten","msg":"Index build: done building","attr":{"buildUUID":null,"collectionUUID":{"uuid":{"$uuid":"c21482d2-5d28-451a-b77f-df1ed325d8d7"}},"namespace":"local.system.rollback.id","index":"_id_","ident":"index-9-7287853405610340558","collectionIdent":"collection-8-7287853405610340558","commitTimestamp":null}}
21:02:20.385 [docker-java-stream-230524277] DEBUG com.github.dockerjava.zerodep.shaded.org.apache.hc.client5.http.wire -- http-outgoing-1 << "125[\r][\n]"
21:02:20.385 [docker-java-stream-230524277] DEBUG com.github.dockerjava.zerodep.shaded.org.apache.hc.client5.http.wire -- http-outgoing-1 << "[0x1][0x0][0x0][0x0][0x0][0x0][0x1][0x1d]{"t":{"$date":"2023-06-02T19:02:20.377+00:00"},"s":"I",  "c":"STORAGE",  "id":20320,   "ctx":"initandlisten","msg":"createCollection","attr":{"namespace":"local.system.views","uuidDisposition":"generated","uuid":{"uuid":{"$uuid":"346ec8d9-3576-4a7a-8de2-1ea8fe181cc7"}},"options":{}}}[\n]"
21:02:20.385 [docker-java-stream-230524277] DEBUG com.github.dockerjava.zerodep.shaded.org.apache.hc.client5.http.wire -- http-outgoing-1 << "[\r][\n]"
21:02:20.398 [Test worker] DEBUG org.testcontainers.containers.output.WaitingConsumer -- STDOUT: {"t":{"$date":"2023-06-02T19:02:20.377+00:00"},"s":"I",  "c":"STORAGE",  "id":20320,   "ctx":"initandlisten","msg":"createCollection","attr":{"namespace":"local.system.views","uuidDisposition":"generated","uuid":{"uuid":{"$uuid":"346ec8d9-3576-4a7a-8de2-1ea8fe181cc7"}},"options":{}}}
21:02:20.421 [docker-java-stream-230524277] DEBUG com.github.dockerjava.zerodep.shaded.org.apache.hc.client5.http.wire -- http-outgoing-1 << "1a2[\r][\n]"
21:02:20.422 [docker-java-stream-230524277] DEBUG com.github.dockerjava.zerodep.shaded.org.apache.hc.client5.http.wire -- http-outgoing-1 << "[0x1][0x0][0x0][0x0][0x0][0x0][0x1][0xffffff9a]{"t":{"$date":"2023-06-02T19:02:20.414+00:00"},"s":"I",  "c":"INDEX",    "id":20345,   "ctx":"initandlisten","msg":"Index build: done building","attr":{"buildUUID":null,"collectionUUID":{"uuid":{"$uuid":"346ec8d9-3576-4a7a-8de2-1ea8fe181cc7"}},"namespace":"local.system.views","index":"_id_","ident":"index-11-7287853405610340558","collectionIdent":"collection-10-7287853405610340558","commitTimestamp":null}}[\n]"
21:02:20.422 [docker-java-stream-230524277] DEBUG com.github.dockerjava.zerodep.shaded.org.apache.hc.client5.http.wire -- http-outgoing-1 << "[\r][\n]"
21:02:20.422 [Test worker] DEBUG org.testcontainers.containers.output.WaitingConsumer -- STDOUT: {"t":{"$date":"2023-06-02T19:02:20.414+00:00"},"s":"I",  "c":"INDEX",    "id":20345,   "ctx":"initandlisten","msg":"Index build: done building","attr":{"buildUUID":null,"collectionUUID":{"uuid":{"$uuid":"346ec8d9-3576-4a7a-8de2-1ea8fe181cc7"}},"namespace":"local.system.views","index":"_id_","ident":"index-11-7287853405610340558","collectionIdent":"collection-10-7287853405610340558","commitTimestamp":null}}
21:02:20.422 [docker-java-stream-230524277] DEBUG com.github.dockerjava.zerodep.shaded.org.apache.hc.client5.http.wire -- http-outgoing-1 << "1c9[\r][\n]"
21:02:20.423 [docker-java-stream-230524277] DEBUG com.github.dockerjava.zerodep.shaded.org.apache.hc.client5.http.wire -- http-outgoing-1 << "[0x1][0x0][0x0][0x0][0x0][0x0][0x0][0xffffff91]{"t":{"$date":"2023-06-02T19:02:20.414+00:00"},"s":"I",  "c":"STORAGE",  "id":22262,   "ctx":"initandlisten","msg":"Timestamp monitor starting"}[\n]"
21:02:20.423 [docker-java-stream-230524277] DEBUG com.github.dockerjava.zerodep.shaded.org.apache.hc.client5.http.wire -- http-outgoing-1 << "[0x1][0x0][0x0][0x0][0x0][0x0][0x1]({"t":{"$date":"2023-06-02T19:02:20.414+00:00"},"s":"I",  "c":"-",        "id":4939300, "ctx":"monitoring-keys-for-HMAC","msg":"Failed to refresh key cache","attr":{"error":"NotYetInitialized: Cannot use non-local read concern until replica set is finished initializing.","nextWakeupMillis":400}}[\n]"
21:02:20.423 [docker-java-stream-230524277] DEBUG com.github.dockerjava.zerodep.shaded.org.apache.hc.client5.http.wire -- http-outgoing-1 << "[\r][\n]"
21:02:20.424 [docker-java-stream-230524277] DEBUG com.github.dockerjava.zerodep.shaded.org.apache.hc.client5.http.wire -- http-outgoing-1 << "126[\r][\n]"
21:02:20.424 [docker-java-stream-230524277] DEBUG com.github.dockerjava.zerodep.shaded.org.apache.hc.client5.http.wire -- http-outgoing-1 << "[0x1][0x0][0x0][0x0][0x0][0x0][0x1][0x1e]{"t":{"$date":"2023-06-02T19:02:20.415+00:00"},"s":"I",  "c":"CONTROL",  "id":20714,   "ctx":"LogicalSessionCacheRefresh","msg":"Failed to refresh session cache, will try again at the next refresh interval","attr":{"error":"NotYetInitialized: Replication has not yet been configured"}}[\n]"
21:02:20.424 [docker-java-stream-230524277] DEBUG com.github.dockerjava.zerodep.shaded.org.apache.hc.client5.http.wire -- http-outgoing-1 << "[\r][\n]"
21:02:20.424 [docker-java-stream-230524277] DEBUG com.github.dockerjava.zerodep.shaded.org.apache.hc.client5.http.wire -- http-outgoing-1 << "475[\r][\n]"
21:02:20.424 [docker-java-stream-230524277] DEBUG com.github.dockerjava.zerodep.shaded.org.apache.hc.client5.http.wire -- http-outgoing-1 << "[0x1][0x0][0x0][0x0][0x0][0x0][0x0][0xffffff9b]{"t":{"$date":"2023-06-02T19:02:20.415+00:00"},"s":"I",  "c":"REPL",     "id":40440,   "ctx":"initandlisten","msg":"Starting the TopologyVersionObserver"}[\n]"
21:02:20.424 [docker-java-stream-230524277] DEBUG com.github.dockerjava.zerodep.shaded.org.apache.hc.client5.http.wire -- http-outgoing-1 << "[0x1][0x0][0x0][0x0][0x0][0x0][0x1][0x19]{"t":{"$date":"2023-06-02T19:02:20.415+00:00"},"s":"I",  "c":"CONTROL",  "id":20712,   "ctx":"LogicalSessionCacheReap","msg":"Sessions collection is not set up; waiting until next sessions reap interval","attr":{"error":"NamespaceNotFound: config.system.sessions does not exist"}}[\n]"
21:02:20.424 [docker-java-stream-230524277] DEBUG com.github.dockerjava.zerodep.shaded.org.apache.hc.client5.http.wire -- http-outgoing-1 << "[0x1][0x0][0x0][0x0][0x0][0x0][0x0][0xffffffa0]{"t":{"$date":"2023-06-02T19:02:20.415+00:00"},"s":"I",  "c":"REPL",     "id":40445,   "ctx":"TopologyVersionObserver","msg":"Started TopologyVersionObserver"}[\n]"
21:02:20.424 [docker-java-stream-230524277] DEBUG com.github.dockerjava.zerodep.shaded.org.apache.hc.client5.http.wire -- http-outgoing-1 << "[0x1][0x0][0x0][0x0][0x0][0x0][0x0][0xffffffab]{"t":{"$date":"2023-06-02T19:02:20.416+00:00"},"s":"I",  "c":"NETWORK",  "id":23015,   "ctx":"listener","msg":"Listening on","attr":{"address":"/tmp/mongodb-27017.sock"}}[\n]"
21:02:20.424 [docker-java-stream-230524277] DEBUG com.github.dockerjava.zerodep.shaded.org.apache.hc.client5.http.wire -- http-outgoing-1 << "[0x1][0x0][0x0][0x0][0x0][0x0][0x0][0xffffff9b]{"t":{"$date":"2023-06-02T19:02:20.416+00:00"},"s":"I",  "c":"NETWORK",  "id":23015,   "ctx":"listener","msg":"Listening on","attr":{"address":"0.0.0.0"}}[\n]"
21:02:20.424 [docker-java-stream-230524277] DEBUG com.github.dockerjava.zerodep.shaded.org.apache.hc.client5.http.wire -- http-outgoing-1 << "[0x1][0x0][0x0][0x0][0x0][0x0][0x0][0xffffffab]{"t":{"$date":"2023-06-02T19:02:20.416+00:00"},"s":"I",  "c":"NETWORK",  "id":23016,   "ctx":"listener","msg":"Waiting for connections","attr":{"port":27017,"ssl":"off"}}[\n]"
21:02:20.424 [docker-java-stream-230524277] DEBUG com.github.dockerjava.zerodep.shaded.org.apache.hc.client5.http.wire -- http-outgoing-1 << "[\r][\n]"
21:02:20.444 [Test worker] DEBUG org.testcontainers.containers.output.WaitingConsumer -- STDOUT: {"t":{"$date":"2023-06-02T19:02:20.416+00:00"},"s":"I",  "c":"NETWORK",  "id":23016,   "ctx":"listener","msg":"Waiting for connections","attr":{"port":27017,"ssl":"off"}}
21:02:20.444 [Test worker] DEBUG com.github.dockerjava.zerodep.shaded.org.apache.hc.client5.http.impl.classic.InternalHttpClient -- ep-0000000D: cancel
21:02:20.444 [Test worker] DEBUG com.github.dockerjava.zerodep.shaded.org.apache.hc.client5.http.impl.io.DefaultManagedHttpClientConnection -- http-outgoing-1: close connection IMMEDIATE
21:02:20.445 [Test worker] DEBUG com.github.dockerjava.zerodep.shaded.org.apache.hc.client5.http.impl.classic.InternalHttpClient -- ep-0000000D: endpoint closed
21:02:20.445 [Test worker] DEBUG com.github.dockerjava.zerodep.shaded.org.apache.hc.client5.http.impl.classic.InternalHttpClient -- ep-0000000D: discarding endpoint
21:02:20.445 [Test worker] DEBUG com.github.dockerjava.zerodep.shaded.org.apache.hc.client5.http.impl.io.PoolingHttpClientConnectionManager -- ep-0000000D: releasing endpoint
21:02:20.445 [Test worker] DEBUG com.github.dockerjava.zerodep.shaded.org.apache.hc.client5.http.impl.io.PoolingHttpClientConnectionManager -- ep-0000000D: connection is not kept alive
21:02:20.445 [docker-java-stream-230524277] DEBUG com.github.dockerjava.zerodep.shaded.org.apache.hc.client5.http.wire -- http-outgoing-1 << "end of stream"
21:02:20.445 [Test worker] DEBUG com.github.dockerjava.zerodep.shaded.org.apache.hc.client5.http.impl.io.PoolingHttpClientConnectionManager -- ep-0000000D: connection released [route: {}->npipe://localhost:2375][total available: 0; route allocated: 0 of 2147483647; total allocated: 0 of 2147483647]
21:02:20.446 [docker-java-stream-230524277] DEBUG com.github.dockerjava.zerodep.shaded.org.apache.hc.client5.http.wire -- http-outgoing-1 << "[read] I/O error: java.nio.channels.ClosedChannelException"
21:02:20.446 [Test worker] DEBUG com.github.dockerjava.zerodep.shaded.org.apache.hc.client5.http.wire -- http-outgoing-1 << "[read] I/O error: java.nio.channels.ClosedChannelException"
21:02:20.446 [docker-java-stream-230524277] DEBUG com.github.dockerjava.zerodep.ApacheDockerHttpClientImpl$ApacheResponse -- Failed to close the response
java.io.IOException: java.nio.channels.ClosedChannelException
	at java.base/java.nio.channels.Channels$1.read(Channels.java:166)
	at com.github.dockerjava.zerodep.shaded.org.apache.hc.client5.http.impl.io.LoggingInputStream.read(LoggingInputStream.java:81)
	at com.github.dockerjava.zerodep.shaded.org.apache.hc.core5.http.impl.io.SessionInputBufferImpl.fillBuffer(SessionInputBufferImpl.java:149)
	at com.github.dockerjava.zerodep.shaded.org.apache.hc.core5.http.impl.io.SessionInputBufferImpl.readLine(SessionInputBufferImpl.java:280)
	at com.github.dockerjava.zerodep.shaded.org.apache.hc.core5.http.impl.io.ChunkedInputStream.getChunkSize(ChunkedInputStream.java:261)
	at com.github.dockerjava.zerodep.shaded.org.apache.hc.core5.http.impl.io.ChunkedInputStream.nextChunk(ChunkedInputStream.java:222)
	at com.github.dockerjava.zerodep.shaded.org.apache.hc.core5.http.impl.io.ChunkedInputStream.read(ChunkedInputStream.java:147)
	at com.github.dockerjava.zerodep.shaded.org.apache.hc.core5.http.impl.io.ChunkedInputStream.close(ChunkedInputStream.java:314)
	at com.github.dockerjava.zerodep.shaded.org.apache.hc.core5.io.Closer.close(Closer.java:48)
	at com.github.dockerjava.zerodep.shaded.org.apache.hc.core5.http.impl.io.IncomingHttpEntity.close(IncomingHttpEntity.java:111)
	at com.github.dockerjava.zerodep.shaded.org.apache.hc.core5.http.io.entity.HttpEntityWrapper.close(HttpEntityWrapper.java:120)
	at com.github.dockerjava.zerodep.shaded.org.apache.hc.core5.io.Closer.close(Closer.java:48)
	at com.github.dockerjava.zerodep.shaded.org.apache.hc.core5.http.message.BasicClassicHttpResponse.close(BasicClassicHttpResponse.java:93)
	at com.github.dockerjava.zerodep.shaded.org.apache.hc.client5.http.impl.classic.CloseableHttpResponse.close(CloseableHttpResponse.java:200)
	at com.github.dockerjava.zerodep.ApacheDockerHttpClientImpl$ApacheResponse.close(ApacheDockerHttpClientImpl.java:256)
	at org.testcontainers.shaded.com.github.dockerjava.core.DefaultInvocationBuilder.lambda$executeAndStream$1(DefaultInvocationBuilder.java:277)
	at java.base/java.lang.Thread.run(Thread.java:1589)
Caused by: java.nio.channels.ClosedChannelException: null
	at java.base/sun.nio.ch.WindowsAsynchronousFileChannelImpl.implRead(WindowsAsynchronousFileChannelImpl.java:521)
	at java.base/sun.nio.ch.AsynchronousFileChannelImpl.read(AsynchronousFileChannelImpl.java:229)
	at com.github.dockerjava.transport.NamedPipeSocket$AsynchronousFileByteChannel.read(NamedPipeSocket.java:117)
	at java.base/java.nio.channels.Channels$1.read(Channels.java:164)
	... 16 common frames omitted
21:02:20.446 [Test worker] DEBUG com.github.dockerjava.zerodep.ApacheDockerHttpClientImpl$ApacheResponse -- Failed to close the response
java.io.IOException: java.nio.channels.ClosedChannelException
	at java.base/java.nio.channels.Channels$1.read(Channels.java:166)
	at com.github.dockerjava.zerodep.shaded.org.apache.hc.client5.http.impl.io.LoggingInputStream.read(LoggingInputStream.java:81)
	at com.github.dockerjava.zerodep.shaded.org.apache.hc.core5.http.impl.io.SessionInputBufferImpl.fillBuffer(SessionInputBufferImpl.java:149)
	at com.github.dockerjava.zerodep.shaded.org.apache.hc.core5.http.impl.io.SessionInputBufferImpl.readLine(SessionInputBufferImpl.java:280)
	at com.github.dockerjava.zerodep.shaded.org.apache.hc.core5.http.impl.io.ChunkedInputStream.getChunkSize(ChunkedInputStream.java:261)
	at com.github.dockerjava.zerodep.shaded.org.apache.hc.core5.http.impl.io.ChunkedInputStream.nextChunk(ChunkedInputStream.java:222)
	at com.github.dockerjava.zerodep.shaded.org.apache.hc.core5.http.impl.io.ChunkedInputStream.read(ChunkedInputStream.java:147)
	at com.github.dockerjava.zerodep.shaded.org.apache.hc.core5.http.impl.io.ChunkedInputStream.close(ChunkedInputStream.java:314)
	at com.github.dockerjava.zerodep.shaded.org.apache.hc.core5.io.Closer.close(Closer.java:48)
	at com.github.dockerjava.zerodep.shaded.org.apache.hc.core5.http.impl.io.IncomingHttpEntity.close(IncomingHttpEntity.java:111)
	at com.github.dockerjava.zerodep.shaded.org.apache.hc.core5.http.io.entity.HttpEntityWrapper.close(HttpEntityWrapper.java:120)
	at com.github.dockerjava.zerodep.shaded.org.apache.hc.core5.io.Closer.close(Closer.java:48)
	at com.github.dockerjava.zerodep.shaded.org.apache.hc.core5.http.message.BasicClassicHttpResponse.close(BasicClassicHttpResponse.java:93)
	at com.github.dockerjava.zerodep.shaded.org.apache.hc.client5.http.impl.classic.CloseableHttpResponse.close(CloseableHttpResponse.java:200)
	at com.github.dockerjava.zerodep.ApacheDockerHttpClientImpl$ApacheResponse.close(ApacheDockerHttpClientImpl.java:256)
	at org.testcontainers.shaded.com.github.dockerjava.core.DefaultInvocationBuilder.lambda$null$0(DefaultInvocationBuilder.java:272)
	at com.github.dockerjava.api.async.ResultCallbackTemplate.close(ResultCallbackTemplate.java:77)
	at org.testcontainers.containers.output.FrameConsumerResultCallback.close(FrameConsumerResultCallback.java:99)
	at org.testcontainers.containers.wait.strategy.LogMessageWaitStrategy.waitUntilReady(LogMessageWaitStrategy.java:49)
	at org.testcontainers.containers.wait.strategy.AbstractWaitStrategy.waitUntilReady(AbstractWaitStrategy.java:52)
	at org.testcontainers.containers.GenericContainer.waitUntilContainerStarted(GenericContainer.java:953)
	at org.testcontainers.containers.GenericContainer.tryStart(GenericContainer.java:485)
	at org.testcontainers.containers.GenericContainer.lambda$doStart$0(GenericContainer.java:344)
	at org.rnorth.ducttape.unreliables.Unreliables.retryUntilSuccess(Unreliables.java:81)
	at org.testcontainers.containers.GenericContainer.doStart(GenericContainer.java:334)
	at org.testcontainers.containers.GenericContainer.start(GenericContainer.java:322)
	at org.testcontainers.junit.jupiter.TestcontainersExtension$StoreAdapter.start(TestcontainersExtension.java:242)
	at org.testcontainers.junit.jupiter.TestcontainersExtension$StoreAdapter.access$200(TestcontainersExtension.java:229)
	at org.testcontainers.junit.jupiter.TestcontainersExtension.lambda$null$1(TestcontainersExtension.java:56)
	at org.junit.jupiter.engine.execution.ExtensionValuesStore.lambda$getOrComputeIfAbsent$4(ExtensionValuesStore.java:86)
	at org.junit.jupiter.engine.execution.ExtensionValuesStore$MemoizingSupplier.computeValue(ExtensionValuesStore.java:223)
	at org.junit.jupiter.engine.execution.ExtensionValuesStore$MemoizingSupplier.get(ExtensionValuesStore.java:211)
	at org.junit.jupiter.engine.execution.ExtensionValuesStore$StoredValue.evaluate(ExtensionValuesStore.java:191)
	at org.junit.jupiter.engine.execution.ExtensionValuesStore$StoredValue.access$100(ExtensionValuesStore.java:171)
	at org.junit.jupiter.engine.execution.ExtensionValuesStore.getOrComputeIfAbsent(ExtensionValuesStore.java:89)
	at org.junit.jupiter.engine.execution.NamespaceAwareStore.getOrComputeIfAbsent(NamespaceAwareStore.java:53)
	at org.testcontainers.junit.jupiter.TestcontainersExtension.lambda$beforeAll$2(TestcontainersExtension.java:56)
	at java.base/java.util.ArrayList.forEach(ArrayList.java:1511)
	at org.testcontainers.junit.jupiter.TestcontainersExtension.beforeAll(TestcontainersExtension.java:55)
	at org.junit.jupiter.engine.descriptor.ClassBasedTestDescriptor.lambda$invokeBeforeAllCallbacks$12(ClassBasedTestDescriptor.java:395)
	at org.junit.platform.engine.support.hierarchical.ThrowableCollector.execute(ThrowableCollector.java:73)
	at org.junit.jupiter.engine.descriptor.ClassBasedTestDescriptor.invokeBeforeAllCallbacks(ClassBasedTestDescriptor.java:395)
	at org.junit.jupiter.engine.descriptor.ClassBasedTestDescriptor.before(ClassBasedTestDescriptor.java:211)
	at org.junit.jupiter.engine.descriptor.ClassBasedTestDescriptor.before(ClassBasedTestDescriptor.java:84)
	at org.junit.platform.engine.support.hierarchical.NodeTestTask.lambda$executeRecursively$6(NodeTestTask.java:148)
	at org.junit.platform.engine.support.hierarchical.ThrowableCollector.execute(ThrowableCollector.java:73)
	at org.junit.platform.engine.support.hierarchical.NodeTestTask.lambda$executeRecursively$8(NodeTestTask.java:141)
	at org.junit.platform.engine.support.hierarchical.Node.around(Node.java:137)
	at org.junit.platform.engine.support.hierarchical.NodeTestTask.lambda$executeRecursively$9(NodeTestTask.java:139)
	at org.junit.platform.engine.support.hierarchical.ThrowableCollector.execute(ThrowableCollector.java:73)
	at org.junit.platform.engine.support.hierarchical.NodeTestTask.executeRecursively(NodeTestTask.java:138)
	at org.junit.platform.engine.support.hierarchical.NodeTestTask.execute(NodeTestTask.java:95)
	at java.base/java.util.ArrayList.forEach(ArrayList.java:1511)
	at org.junit.platform.engine.support.hierarchical.SameThreadHierarchicalTestExecutorService.invokeAll(SameThreadHierarchicalTestExecutorService.java:41)
	at org.junit.platform.engine.support.hierarchical.NodeTestTask.lambda$executeRecursively$6(NodeTestTask.java:155)
	at org.junit.platform.engine.support.hierarchical.ThrowableCollector.execute(ThrowableCollector.java:73)
	at org.junit.platform.engine.support.hierarchical.NodeTestTask.lambda$executeRecursively$8(NodeTestTask.java:141)
	at org.junit.platform.engine.support.hierarchical.Node.around(Node.java:137)
	at org.junit.platform.engine.support.hierarchical.NodeTestTask.lambda$executeRecursively$9(NodeTestTask.java:139)
	at org.junit.platform.engine.support.hierarchical.ThrowableCollector.execute(ThrowableCollector.java:73)
	at org.junit.platform.engine.support.hierarchical.NodeTestTask.executeRecursively(NodeTestTask.java:138)
	at org.junit.platform.engine.support.hierarchical.NodeTestTask.execute(NodeTestTask.java:95)
	at org.junit.platform.engine.support.hierarchical.SameThreadHierarchicalTestExecutorService.submit(SameThreadHierarchicalTestExecutorService.java:35)
	at org.junit.platform.engine.support.hierarchical.HierarchicalTestExecutor.execute(HierarchicalTestExecutor.java:57)
	at org.junit.platform.engine.support.hierarchical.HierarchicalTestEngine.execute(HierarchicalTestEngine.java:54)
	at org.junit.platform.launcher.core.EngineExecutionOrchestrator.execute(EngineExecutionOrchestrator.java:107)
	at org.junit.platform.launcher.core.EngineExecutionOrchestrator.execute(EngineExecutionOrchestrator.java:88)
	at org.junit.platform.launcher.core.EngineExecutionOrchestrator.lambda$execute$0(EngineExecutionOrchestrator.java:54)
	at org.junit.platform.launcher.core.EngineExecutionOrchestrator.withInterceptedStreams(EngineExecutionOrchestrator.java:67)
	at org.junit.platform.launcher.core.EngineExecutionOrchestrator.execute(EngineExecutionOrchestrator.java:52)
	at org.junit.platform.launcher.core.DefaultLauncher.execute(DefaultLauncher.java:114)
	at org.junit.platform.launcher.core.DefaultLauncher.execute(DefaultLauncher.java:86)
	at org.junit.platform.launcher.core.DefaultLauncherSession$DelegatingLauncher.execute(DefaultLauncherSession.java:86)
	at org.gradle.api.internal.tasks.testing.junitplatform.JUnitPlatformTestClassProcessor$CollectAllTestClassesExecutor.processAllTestClasses(JUnitPlatformTestClassProcessor.java:110)
	at org.gradle.api.internal.tasks.testing.junitplatform.JUnitPlatformTestClassProcessor$CollectAllTestClassesExecutor.access$000(JUnitPlatformTestClassProcessor.java:90)
	at org.gradle.api.internal.tasks.testing.junitplatform.JUnitPlatformTestClassProcessor.stop(JUnitPlatformTestClassProcessor.java:85)
	at org.gradle.api.internal.tasks.testing.SuiteTestClassProcessor.stop(SuiteTestClassProcessor.java:62)
	at java.base/jdk.internal.reflect.DirectMethodHandleAccessor.invoke(DirectMethodHandleAccessor.java:104)
	at java.base/java.lang.reflect.Method.invoke(Method.java:578)
	at org.gradle.internal.dispatch.ReflectionDispatch.dispatch(ReflectionDispatch.java:36)
	at org.gradle.internal.dispatch.ReflectionDispatch.dispatch(ReflectionDispatch.java:24)
	at org.gradle.internal.dispatch.ContextClassLoaderDispatch.dispatch(ContextClassLoaderDispatch.java:33)
	at org.gradle.internal.dispatch.ProxyDispatchAdapter$DispatchingInvocationHandler.invoke(ProxyDispatchAdapter.java:94)
	at jdk.proxy2/jdk.proxy2.$Proxy5.stop(Unknown Source)
	at org.gradle.api.internal.tasks.testing.worker.TestWorker$3.run(TestWorker.java:193)
	at org.gradle.api.internal.tasks.testing.worker.TestWorker.executeAndMaintainThreadName(TestWorker.java:129)
	at org.gradle.api.internal.tasks.testing.worker.TestWorker.execute(TestWorker.java:100)
	at org.gradle.api.internal.tasks.testing.worker.TestWorker.execute(TestWorker.java:60)
	at org.gradle.process.internal.worker.child.ActionExecutionWorker.execute(ActionExecutionWorker.java:56)
	at org.gradle.process.internal.worker.child.SystemApplicationClassLoaderWorker.call(SystemApplicationClassLoaderWorker.java:113)
	at org.gradle.process.internal.worker.child.SystemApplicationClassLoaderWorker.call(SystemApplicationClassLoaderWorker.java:65)
	at worker.org.gradle.process.internal.worker.GradleWorkerMain.run(GradleWorkerMain.java:69)
	at worker.org.gradle.process.internal.worker.GradleWorkerMain.main(GradleWorkerMain.java:74)
Caused by: java.nio.channels.ClosedChannelException: null
	at java.base/sun.nio.ch.WindowsAsynchronousFileChannelImpl.implRead(WindowsAsynchronousFileChannelImpl.java:521)
	at java.base/sun.nio.ch.AsynchronousFileChannelImpl.read(AsynchronousFileChannelImpl.java:229)
	at com.github.dockerjava.transport.NamedPipeSocket$AsynchronousFileByteChannel.read(NamedPipeSocket.java:117)
	at java.base/java.nio.channels.Channels$1.read(Channels.java:164)
	... 92 common frames omitted
21:02:20.448 [Test worker] INFO docker[mongo:latest] -- Container mongo:latest started in PT2.1513688S
21:02:20.448 [Test worker] DEBUG org.testcontainers.containers.MongoDBContainer -- Initializing a single node node replica set...
21:02:20.451 [Test worker] DEBUG org.testcontainers.containers.ExecInContainerPattern -- /clever_lumiere: Running "exec" command: sh -c mongosh mongo --eval "rs.initiate();"  || mongo --eval "rs.initiate();"
21:02:20.453 [Test worker] DEBUG org.testcontainers.shaded.com.github.dockerjava.core.command.AbstrDockerCmd -- Cmd: true,<null>,true,{sh,-c,mongosh mongo --eval "rs.initiate();"  || mongo --eval "rs.initiate();"},acc41d27a0edf08b0c317e3c254465cd1d67b93ba89c902a2e4c4fbada19d1d1,<null>,<null>,<null>,<null>,<null>
21:02:20.460 [Test worker] DEBUG com.github.dockerjava.zerodep.shaded.org.apache.hc.client5.http.impl.classic.InternalHttpClient -- ex-0000000F: preparing request execution
21:02:20.460 [Test worker] DEBUG com.github.dockerjava.zerodep.shaded.org.apache.hc.client5.http.protocol.RequestAddCookies -- Cookie spec selected: strict
21:02:20.460 [Test worker] DEBUG com.github.dockerjava.zerodep.shaded.org.apache.hc.client5.http.protocol.RequestAuthCache -- Auth cache not set in the context
21:02:20.460 [Test worker] DEBUG com.github.dockerjava.zerodep.shaded.org.apache.hc.client5.http.impl.classic.ProtocolExec -- ex-0000000F: target auth state: UNCHALLENGED
21:02:20.460 [Test worker] DEBUG com.github.dockerjava.zerodep.shaded.org.apache.hc.client5.http.impl.classic.ProtocolExec -- ex-0000000F: proxy auth state: UNCHALLENGED
21:02:20.460 [Test worker] DEBUG com.github.dockerjava.zerodep.shaded.org.apache.hc.client5.http.impl.classic.ConnectExec -- ex-0000000F: acquiring connection with route {}->npipe://localhost:2375
21:02:20.460 [Test worker] DEBUG com.github.dockerjava.zerodep.shaded.org.apache.hc.client5.http.impl.classic.InternalHttpClient -- ex-0000000F: acquiring endpoint (3 MINUTES)
21:02:20.460 [Test worker] DEBUG com.github.dockerjava.zerodep.shaded.org.apache.hc.client5.http.impl.io.PoolingHttpClientConnectionManager -- ex-0000000F: endpoint lease request (3 MINUTES) [route: {}->npipe://localhost:2375][total available: 0; route allocated: 0 of 2147483647; total allocated: 0 of 2147483647]
21:02:20.460 [Test worker] DEBUG com.github.dockerjava.zerodep.shaded.org.apache.hc.client5.http.impl.io.PoolingHttpClientConnectionManager -- ex-0000000F: endpoint leased [route: {}->npipe://localhost:2375][total available: 0; route allocated: 1 of 2147483647; total allocated: 1 of 2147483647]
21:02:20.460 [Test worker] DEBUG com.github.dockerjava.zerodep.shaded.org.apache.hc.client5.http.impl.io.PoolingHttpClientConnectionManager -- ex-0000000F: acquired ep-0000000E
21:02:20.460 [Test worker] DEBUG com.github.dockerjava.zerodep.shaded.org.apache.hc.client5.http.impl.classic.InternalHttpClient -- ex-0000000F: acquired endpoint ep-0000000E
21:02:20.460 [Test worker] DEBUG com.github.dockerjava.zerodep.shaded.org.apache.hc.client5.http.impl.classic.ConnectExec -- ex-0000000F: opening connection {}->npipe://localhost:2375
21:02:20.461 [Test worker] DEBUG com.github.dockerjava.zerodep.shaded.org.apache.hc.client5.http.impl.classic.InternalHttpClient -- ep-0000000E: connecting endpoint (3 MINUTES)
21:02:20.461 [Test worker] DEBUG com.github.dockerjava.zerodep.shaded.org.apache.hc.client5.http.impl.io.PoolingHttpClientConnectionManager -- ep-0000000E: connecting endpoint to npipe://localhost:2375 (3 MINUTES)
21:02:20.461 [Test worker] DEBUG com.github.dockerjava.zerodep.shaded.org.apache.hc.client5.http.impl.io.DefaultHttpClientConnectionOperator -- http-outgoing-2: connecting to localhost/127.0.0.1:2375
21:02:20.461 [Test worker] DEBUG com.github.dockerjava.zerodep.shaded.org.apache.hc.client5.http.impl.io.DefaultHttpClientConnectionOperator -- http-outgoing-2: connection established 
21:02:20.461 [Test worker] DEBUG com.github.dockerjava.zerodep.shaded.org.apache.hc.client5.http.impl.io.PoolingHttpClientConnectionManager -- ep-0000000E: connected http-outgoing-2
21:02:20.461 [Test worker] DEBUG com.github.dockerjava.zerodep.shaded.org.apache.hc.client5.http.impl.classic.InternalHttpClient -- ep-0000000E: endpoint connected
21:02:20.461 [Test worker] DEBUG com.github.dockerjava.zerodep.shaded.org.apache.hc.client5.http.impl.classic.MainClientExec -- ex-0000000F: executing POST /v1.32/containers/acc41d27a0edf08b0c317e3c254465cd1d67b93ba89c902a2e4c4fbada19d1d1/exec HTTP/1.1
21:02:20.461 [Test worker] DEBUG com.github.dockerjava.zerodep.shaded.org.apache.hc.client5.http.impl.classic.InternalHttpClient -- ep-0000000E: start execution ex-0000000F
21:02:20.461 [Test worker] DEBUG com.github.dockerjava.zerodep.shaded.org.apache.hc.client5.http.impl.io.PoolingHttpClientConnectionManager -- ep-0000000E: executing exchange ex-0000000F over http-outgoing-2
21:02:20.462 [Test worker] DEBUG com.github.dockerjava.zerodep.shaded.org.apache.hc.client5.http.headers -- http-outgoing-2 >> POST /v1.32/containers/acc41d27a0edf08b0c317e3c254465cd1d67b93ba89c902a2e4c4fbada19d1d1/exec HTTP/1.1
21:02:20.462 [Test worker] DEBUG com.github.dockerjava.zerodep.shaded.org.apache.hc.client5.http.headers -- http-outgoing-2 >> accept: application/json
21:02:20.462 [Test worker] DEBUG com.github.dockerjava.zerodep.shaded.org.apache.hc.client5.http.headers -- http-outgoing-2 >> content-type: application/json
21:02:20.462 [Test worker] DEBUG com.github.dockerjava.zerodep.shaded.org.apache.hc.client5.http.headers -- http-outgoing-2 >> x-tc-sid: e2b65d14-0dc0-4f11-958a-a33688020ff9
21:02:20.462 [Test worker] DEBUG com.github.dockerjava.zerodep.shaded.org.apache.hc.client5.http.headers -- http-outgoing-2 >> Accept-Encoding: gzip, x-gzip, deflate
21:02:20.462 [Test worker] DEBUG com.github.dockerjava.zerodep.shaded.org.apache.hc.client5.http.headers -- http-outgoing-2 >> Content-Length: 307
21:02:20.462 [Test worker] DEBUG com.github.dockerjava.zerodep.shaded.org.apache.hc.client5.http.headers -- http-outgoing-2 >> Host: localhost:2375
21:02:20.462 [Test worker] DEBUG com.github.dockerjava.zerodep.shaded.org.apache.hc.client5.http.headers -- http-outgoing-2 >> Connection: keep-alive
21:02:20.462 [Test worker] DEBUG com.github.dockerjava.zerodep.shaded.org.apache.hc.client5.http.headers -- http-outgoing-2 >> User-Agent: Apache-HttpClient/5.0.3 (Java/19)
21:02:20.462 [Test worker] DEBUG com.github.dockerjava.zerodep.shaded.org.apache.hc.client5.http.wire -- http-outgoing-2 >> "POST /v1.32/containers/acc41d27a0edf08b0c317e3c254465cd1d67b93ba89c902a2e4c4fbada19d1d1/exec HTTP/1.1[\r][\n]"
21:02:20.462 [Test worker] DEBUG com.github.dockerjava.zerodep.shaded.org.apache.hc.client5.http.wire -- http-outgoing-2 >> "accept: application/json[\r][\n]"
21:02:20.462 [Test worker] DEBUG com.github.dockerjava.zerodep.shaded.org.apache.hc.client5.http.wire -- http-outgoing-2 >> "content-type: application/json[\r][\n]"
21:02:20.462 [Test worker] DEBUG com.github.dockerjava.zerodep.shaded.org.apache.hc.client5.http.wire -- http-outgoing-2 >> "x-tc-sid: e2b65d14-0dc0-4f11-958a-a33688020ff9[\r][\n]"
21:02:20.462 [Test worker] DEBUG com.github.dockerjava.zerodep.shaded.org.apache.hc.client5.http.wire -- http-outgoing-2 >> "Accept-Encoding: gzip, x-gzip, deflate[\r][\n]"
21:02:20.462 [Test worker] DEBUG com.github.dockerjava.zerodep.shaded.org.apache.hc.client5.http.wire -- http-outgoing-2 >> "Content-Length: 307[\r][\n]"
21:02:20.462 [Test worker] DEBUG com.github.dockerjava.zerodep.shaded.org.apache.hc.client5.http.wire -- http-outgoing-2 >> "Host: localhost:2375[\r][\n]"
21:02:20.462 [Test worker] DEBUG com.github.dockerjava.zerodep.shaded.org.apache.hc.client5.http.wire -- http-outgoing-2 >> "Connection: keep-alive[\r][\n]"
21:02:20.462 [Test worker] DEBUG com.github.dockerjava.zerodep.shaded.org.apache.hc.client5.http.wire -- http-outgoing-2 >> "User-Agent: Apache-HttpClient/5.0.3 (Java/19)[\r][\n]"
21:02:20.462 [Test worker] DEBUG com.github.dockerjava.zerodep.shaded.org.apache.hc.client5.http.wire -- http-outgoing-2 >> "[\r][\n]"
21:02:20.462 [Test worker] DEBUG com.github.dockerjava.zerodep.shaded.org.apache.hc.client5.http.wire -- http-outgoing-2 >> "{"containerId":"acc41d27a0edf08b0c317e3c254465cd1d67b93ba89c902a2e4c4fbada19d1d1","AttachStdin":null,"AttachStdout":true,"AttachStderr":true,"Tty":null,"Privileged":null,"User":null,"Cmd":["sh","-c","mongosh mongo --eval \"rs.initiate();\"  || mongo --eval \"rs.initiate();\""],"Env":null,"WorkingDir":null}"
21:02:20.469 [Test worker] DEBUG com.github.dockerjava.zerodep.shaded.org.apache.hc.client5.http.wire -- http-outgoing-2 << "HTTP/1.1 201 Created[\r][\n]"
21:02:20.469 [Test worker] DEBUG com.github.dockerjava.zerodep.shaded.org.apache.hc.client5.http.wire -- http-outgoing-2 << "Api-Version: 1.43[\r][\n]"
21:02:20.469 [Test worker] DEBUG com.github.dockerjava.zerodep.shaded.org.apache.hc.client5.http.wire -- http-outgoing-2 << "Content-Type: application/json[\r][\n]"
21:02:20.470 [Test worker] DEBUG com.github.dockerjava.zerodep.shaded.org.apache.hc.client5.http.wire -- http-outgoing-2 << "Date: Fri, 02 Jun 2023 19:02:20 GMT[\r][\n]"
21:02:20.470 [Test worker] DEBUG com.github.dockerjava.zerodep.shaded.org.apache.hc.client5.http.wire -- http-outgoing-2 << "Docker-Experimental: false[\r][\n]"
21:02:20.470 [Test worker] DEBUG com.github.dockerjava.zerodep.shaded.org.apache.hc.client5.http.wire -- http-outgoing-2 << "Ostype: linux[\r][\n]"
21:02:20.470 [Test worker] DEBUG com.github.dockerjava.zerodep.shaded.org.apache.hc.client5.http.wire -- http-outgoing-2 << "Server: Docker/24.0.2 (linux)[\r][\n]"
21:02:20.470 [Test worker] DEBUG com.github.dockerjava.zerodep.shaded.org.apache.hc.client5.http.wire -- http-outgoing-2 << "Transfer-Encoding: chunked[\r][\n]"
21:02:20.470 [Test worker] DEBUG com.github.dockerjava.zerodep.shaded.org.apache.hc.client5.http.wire -- http-outgoing-2 << "[\r][\n]"
21:02:20.470 [Test worker] DEBUG com.github.dockerjava.zerodep.shaded.org.apache.hc.client5.http.headers -- http-outgoing-2 << HTTP/1.1 201 Created
21:02:20.470 [Test worker] DEBUG com.github.dockerjava.zerodep.shaded.org.apache.hc.client5.http.headers -- http-outgoing-2 << Api-Version: 1.43
21:02:20.470 [Test worker] DEBUG com.github.dockerjava.zerodep.shaded.org.apache.hc.client5.http.headers -- http-outgoing-2 << Content-Type: application/json
21:02:20.470 [Test worker] DEBUG com.github.dockerjava.zerodep.shaded.org.apache.hc.client5.http.headers -- http-outgoing-2 << Date: Fri, 02 Jun 2023 19:02:20 GMT
21:02:20.470 [Test worker] DEBUG com.github.dockerjava.zerodep.shaded.org.apache.hc.client5.http.headers -- http-outgoing-2 << Docker-Experimental: false
21:02:20.470 [Test worker] DEBUG com.github.dockerjava.zerodep.shaded.org.apache.hc.client5.http.headers -- http-outgoing-2 << Ostype: linux
21:02:20.470 [Test worker] DEBUG com.github.dockerjava.zerodep.shaded.org.apache.hc.client5.http.headers -- http-outgoing-2 << Server: Docker/24.0.2 (linux)
21:02:20.470 [Test worker] DEBUG com.github.dockerjava.zerodep.shaded.org.apache.hc.client5.http.headers -- http-outgoing-2 << Transfer-Encoding: chunked
21:02:20.470 [Test worker] DEBUG com.github.dockerjava.zerodep.shaded.org.apache.hc.client5.http.impl.classic.MainClientExec -- ex-0000000F: connection can be kept alive for 3 MINUTES
21:02:20.471 [Test worker] DEBUG com.github.dockerjava.zerodep.shaded.org.apache.hc.client5.http.wire -- http-outgoing-2 << "4a[\r][\n]"
21:02:20.472 [Test worker] DEBUG com.github.dockerjava.zerodep.shaded.org.apache.hc.client5.http.wire -- http-outgoing-2 << "{"Id":"bd036ecd0022e6c75f14952c3330a9d2d19cfdfe61c623d298f0ea0706910405"}[\n]"
21:02:20.472 [Test worker] DEBUG com.github.dockerjava.zerodep.shaded.org.apache.hc.client5.http.wire -- http-outgoing-2 << "[\r][\n]"
21:02:20.474 [Test worker] DEBUG com.github.dockerjava.zerodep.shaded.org.apache.hc.client5.http.wire -- http-outgoing-2 << "0[\r][\n]"
21:02:20.474 [Test worker] DEBUG com.github.dockerjava.zerodep.shaded.org.apache.hc.client5.http.wire -- http-outgoing-2 << "[\r][\n]"
21:02:20.474 [Test worker] DEBUG com.github.dockerjava.zerodep.shaded.org.apache.hc.client5.http.impl.classic.InternalHttpClient -- ep-0000000E: releasing valid endpoint
21:02:20.474 [Test worker] DEBUG com.github.dockerjava.zerodep.shaded.org.apache.hc.client5.http.impl.io.PoolingHttpClientConnectionManager -- ep-0000000E: releasing endpoint
21:02:20.474 [Test worker] DEBUG com.github.dockerjava.zerodep.shaded.org.apache.hc.client5.http.impl.io.PoolingHttpClientConnectionManager -- ep-0000000E: connection http-outgoing-2 can be kept alive for 3 MINUTES
21:02:20.474 [Test worker] DEBUG com.github.dockerjava.zerodep.shaded.org.apache.hc.client5.http.impl.io.PoolingHttpClientConnectionManager -- ep-0000000E: connection released [route: {}->npipe://localhost:2375][total available: 1; route allocated: 1 of 2147483647; total allocated: 1 of 2147483647]
21:02:20.480 [docker-java-stream-850541753] DEBUG com.github.dockerjava.zerodep.shaded.org.apache.hc.client5.http.impl.classic.InternalHttpClient -- ex-00000010: preparing request execution
21:02:20.480 [docker-java-stream-850541753] DEBUG com.github.dockerjava.zerodep.shaded.org.apache.hc.client5.http.protocol.RequestAddCookies -- Cookie spec selected: strict
21:02:20.480 [docker-java-stream-850541753] DEBUG com.github.dockerjava.zerodep.shaded.org.apache.hc.client5.http.protocol.RequestAuthCache -- Auth cache not set in the context
21:02:20.480 [docker-java-stream-850541753] DEBUG com.github.dockerjava.zerodep.shaded.org.apache.hc.client5.http.impl.classic.ProtocolExec -- ex-00000010: target auth state: UNCHALLENGED
21:02:20.480 [docker-java-stream-850541753] DEBUG com.github.dockerjava.zerodep.shaded.org.apache.hc.client5.http.impl.classic.ProtocolExec -- ex-00000010: proxy auth state: UNCHALLENGED
21:02:20.480 [docker-java-stream-850541753] DEBUG com.github.dockerjava.zerodep.shaded.org.apache.hc.client5.http.impl.classic.ConnectExec -- ex-00000010: acquiring connection with route {}->npipe://localhost:2375
21:02:20.480 [docker-java-stream-850541753] DEBUG com.github.dockerjava.zerodep.shaded.org.apache.hc.client5.http.impl.classic.InternalHttpClient -- ex-00000010: acquiring endpoint (3 MINUTES)
21:02:20.481 [docker-java-stream-850541753] DEBUG com.github.dockerjava.zerodep.shaded.org.apache.hc.client5.http.impl.io.PoolingHttpClientConnectionManager -- ex-00000010: endpoint lease request (3 MINUTES) [route: {}->npipe://localhost:2375][total available: 1; route allocated: 1 of 2147483647; total allocated: 1 of 2147483647]
21:02:20.481 [docker-java-stream-850541753] DEBUG com.github.dockerjava.zerodep.shaded.org.apache.hc.client5.http.impl.io.PoolingHttpClientConnectionManager -- ex-00000010: endpoint leased [route: {}->npipe://localhost:2375][total available: 0; route allocated: 1 of 2147483647; total allocated: 1 of 2147483647]
21:02:20.481 [docker-java-stream-850541753] DEBUG com.github.dockerjava.zerodep.shaded.org.apache.hc.client5.http.impl.io.PoolingHttpClientConnectionManager -- ex-00000010: acquired ep-0000000F
21:02:20.481 [docker-java-stream-850541753] DEBUG com.github.dockerjava.zerodep.shaded.org.apache.hc.client5.http.impl.classic.InternalHttpClient -- ex-00000010: acquired endpoint ep-0000000F
21:02:20.481 [docker-java-stream-850541753] DEBUG com.github.dockerjava.zerodep.shaded.org.apache.hc.client5.http.impl.classic.MainClientExec -- ex-00000010: executing POST /v1.32/exec/bd036ecd0022e6c75f14952c3330a9d2d19cfdfe61c623d298f0ea0706910405/start HTTP/1.1
21:02:20.481 [docker-java-stream-850541753] DEBUG com.github.dockerjava.zerodep.shaded.org.apache.hc.client5.http.impl.classic.InternalHttpClient -- ep-0000000F: start execution ex-00000010
21:02:20.481 [docker-java-stream-850541753] DEBUG com.github.dockerjava.zerodep.shaded.org.apache.hc.client5.http.impl.io.PoolingHttpClientConnectionManager -- ep-0000000F: executing exchange ex-00000010 over http-outgoing-2
21:02:20.482 [docker-java-stream-850541753] DEBUG com.github.dockerjava.zerodep.shaded.org.apache.hc.client5.http.headers -- http-outgoing-2 >> POST /v1.32/exec/bd036ecd0022e6c75f14952c3330a9d2d19cfdfe61c623d298f0ea0706910405/start HTTP/1.1
21:02:20.482 [docker-java-stream-850541753] DEBUG com.github.dockerjava.zerodep.shaded.org.apache.hc.client5.http.headers -- http-outgoing-2 >> accept: application/json
21:02:20.482 [docker-java-stream-850541753] DEBUG com.github.dockerjava.zerodep.shaded.org.apache.hc.client5.http.headers -- http-outgoing-2 >> content-type: application/json
21:02:20.482 [docker-java-stream-850541753] DEBUG com.github.dockerjava.zerodep.shaded.org.apache.hc.client5.http.headers -- http-outgoing-2 >> x-tc-sid: e2b65d14-0dc0-4f11-958a-a33688020ff9
21:02:20.482 [docker-java-stream-850541753] DEBUG com.github.dockerjava.zerodep.shaded.org.apache.hc.client5.http.headers -- http-outgoing-2 >> Accept-Encoding: gzip, x-gzip, deflate
21:02:20.482 [docker-java-stream-850541753] DEBUG com.github.dockerjava.zerodep.shaded.org.apache.hc.client5.http.headers -- http-outgoing-2 >> Content-Length: 26
21:02:20.482 [docker-java-stream-850541753] DEBUG com.github.dockerjava.zerodep.shaded.org.apache.hc.client5.http.headers -- http-outgoing-2 >> Host: localhost:2375
21:02:20.482 [docker-java-stream-850541753] DEBUG com.github.dockerjava.zerodep.shaded.org.apache.hc.client5.http.headers -- http-outgoing-2 >> Connection: keep-alive
21:02:20.482 [docker-java-stream-850541753] DEBUG com.github.dockerjava.zerodep.shaded.org.apache.hc.client5.http.headers -- http-outgoing-2 >> User-Agent: Apache-HttpClient/5.0.3 (Java/19)
21:02:20.482 [docker-java-stream-850541753] DEBUG com.github.dockerjava.zerodep.shaded.org.apache.hc.client5.http.wire -- http-outgoing-2 >> "POST /v1.32/exec/bd036ecd0022e6c75f14952c3330a9d2d19cfdfe61c623d298f0ea0706910405/start HTTP/1.1[\r][\n]"
21:02:20.482 [docker-java-stream-850541753] DEBUG com.github.dockerjava.zerodep.shaded.org.apache.hc.client5.http.wire -- http-outgoing-2 >> "accept: application/json[\r][\n]"
21:02:20.482 [docker-java-stream-850541753] DEBUG com.github.dockerjava.zerodep.shaded.org.apache.hc.client5.http.wire -- http-outgoing-2 >> "content-type: application/json[\r][\n]"
21:02:20.482 [docker-java-stream-850541753] DEBUG com.github.dockerjava.zerodep.shaded.org.apache.hc.client5.http.wire -- http-outgoing-2 >> "x-tc-sid: e2b65d14-0dc0-4f11-958a-a33688020ff9[\r][\n]"
21:02:20.482 [docker-java-stream-850541753] DEBUG com.github.dockerjava.zerodep.shaded.org.apache.hc.client5.http.wire -- http-outgoing-2 >> "Accept-Encoding: gzip, x-gzip, deflate[\r][\n]"
21:02:20.482 [docker-java-stream-850541753] DEBUG com.github.dockerjava.zerodep.shaded.org.apache.hc.client5.http.wire -- http-outgoing-2 >> "Content-Length: 26[\r][\n]"
21:02:20.482 [docker-java-stream-850541753] DEBUG com.github.dockerjava.zerodep.shaded.org.apache.hc.client5.http.wire -- http-outgoing-2 >> "Host: localhost:2375[\r][\n]"
21:02:20.482 [docker-java-stream-850541753] DEBUG com.github.dockerjava.zerodep.shaded.org.apache.hc.client5.http.wire -- http-outgoing-2 >> "Connection: keep-alive[\r][\n]"
21:02:20.482 [docker-java-stream-850541753] DEBUG com.github.dockerjava.zerodep.shaded.org.apache.hc.client5.http.wire -- http-outgoing-2 >> "User-Agent: Apache-HttpClient/5.0.3 (Java/19)[\r][\n]"
21:02:20.482 [docker-java-stream-850541753] DEBUG com.github.dockerjava.zerodep.shaded.org.apache.hc.client5.http.wire -- http-outgoing-2 >> "[\r][\n]"
21:02:20.482 [docker-java-stream-850541753] DEBUG com.github.dockerjava.zerodep.shaded.org.apache.hc.client5.http.wire -- http-outgoing-2 >> "{"Detach":null,"Tty":null}"
21:02:20.486 [docker-java-stream-850541753] DEBUG com.github.dockerjava.zerodep.shaded.org.apache.hc.client5.http.wire -- http-outgoing-2 << "HTTP/1.1 200 OK[\r][\n]"
21:02:20.486 [docker-java-stream-850541753] DEBUG com.github.dockerjava.zerodep.shaded.org.apache.hc.client5.http.wire -- http-outgoing-2 << "Api-Version: 1.43[\r][\n]"
21:02:20.487 [docker-java-stream-850541753] DEBUG com.github.dockerjava.zerodep.shaded.org.apache.hc.client5.http.wire -- http-outgoing-2 << "Content-Type: application/vnd.docker.raw-stream[\r][\n]"
21:02:20.487 [docker-java-stream-850541753] DEBUG com.github.dockerjava.zerodep.shaded.org.apache.hc.client5.http.wire -- http-outgoing-2 << "Date: Fri, 02 Jun 2023 19:02:20 GMT[\r][\n]"
21:02:20.487 [docker-java-stream-850541753] DEBUG com.github.dockerjava.zerodep.shaded.org.apache.hc.client5.http.wire -- http-outgoing-2 << "Docker-Experimental: false[\r][\n]"
21:02:20.487 [docker-java-stream-850541753] DEBUG com.github.dockerjava.zerodep.shaded.org.apache.hc.client5.http.wire -- http-outgoing-2 << "Ostype: linux[\r][\n]"
21:02:20.487 [docker-java-stream-850541753] DEBUG com.github.dockerjava.zerodep.shaded.org.apache.hc.client5.http.wire -- http-outgoing-2 << "Server: Docker/24.0.2 (linux)[\r][\n]"
21:02:20.487 [docker-java-stream-850541753] DEBUG com.github.dockerjava.zerodep.shaded.org.apache.hc.client5.http.wire -- http-outgoing-2 << "Transfer-Encoding: chunked[\r][\n]"
21:02:20.487 [docker-java-stream-850541753] DEBUG com.github.dockerjava.zerodep.shaded.org.apache.hc.client5.http.wire -- http-outgoing-2 << "[\r][\n]"
21:02:20.487 [docker-java-stream-850541753] DEBUG com.github.dockerjava.zerodep.shaded.org.apache.hc.client5.http.headers -- http-outgoing-2 << HTTP/1.1 200 OK
21:02:20.487 [docker-java-stream-850541753] DEBUG com.github.dockerjava.zerodep.shaded.org.apache.hc.client5.http.headers -- http-outgoing-2 << Api-Version: 1.43
21:02:20.487 [docker-java-stream-850541753] DEBUG com.github.dockerjava.zerodep.shaded.org.apache.hc.client5.http.headers -- http-outgoing-2 << Content-Type: application/vnd.docker.raw-stream
21:02:20.487 [docker-java-stream-850541753] DEBUG com.github.dockerjava.zerodep.shaded.org.apache.hc.client5.http.headers -- http-outgoing-2 << Date: Fri, 02 Jun 2023 19:02:20 GMT
21:02:20.487 [docker-java-stream-850541753] DEBUG com.github.dockerjava.zerodep.shaded.org.apache.hc.client5.http.headers -- http-outgoing-2 << Docker-Experimental: false
21:02:20.487 [docker-java-stream-850541753] DEBUG com.github.dockerjava.zerodep.shaded.org.apache.hc.client5.http.headers -- http-outgoing-2 << Ostype: linux
21:02:20.487 [docker-java-stream-850541753] DEBUG com.github.dockerjava.zerodep.shaded.org.apache.hc.client5.http.headers -- http-outgoing-2 << Server: Docker/24.0.2 (linux)
21:02:20.487 [docker-java-stream-850541753] DEBUG com.github.dockerjava.zerodep.shaded.org.apache.hc.client5.http.headers -- http-outgoing-2 << Transfer-Encoding: chunked
21:02:20.487 [docker-java-stream-850541753] DEBUG com.github.dockerjava.zerodep.shaded.org.apache.hc.client5.http.impl.classic.MainClientExec -- ex-00000010: connection can be kept alive for 3 MINUTES
21:02:20.890 [docker-java-stream-850541753] DEBUG com.github.dockerjava.zerodep.shaded.org.apache.hc.client5.http.wire -- http-outgoing-2 << "39[\r][\n]"
21:02:20.890 [docker-java-stream-850541753] DEBUG com.github.dockerjava.zerodep.shaded.org.apache.hc.client5.http.wire -- http-outgoing-2 << "[0x1][0x0][0x0][0x0][0x0][0x0][0x0]1Current Mongosh Log ID:[0x9]647a3cbc0fa596529277655e[\n]"
21:02:20.890 [docker-java-stream-850541753] DEBUG com.github.dockerjava.zerodep.shaded.org.apache.hc.client5.http.wire -- http-outgoing-2 << "[\r][\n]"
21:02:20.900 [docker-java-stream-850541753] DEBUG com.github.dockerjava.zerodep.shaded.org.apache.hc.client5.http.wire -- http-outgoing-2 << "82[\r][\n]"
21:02:20.900 [docker-java-stream-850541753] DEBUG com.github.dockerjava.zerodep.shaded.org.apache.hc.client5.http.wire -- http-outgoing-2 << "[0x1][0x0][0x0][0x0][0x0][0x0][0x0]zConnecting to:[0x9][0x9]mongodb://127.0.0.1:27017/mongo?directConnection=true&serverSelectionTimeoutMS=2000&appName=mongosh+1.9.1[\n]"
21:02:20.900 [docker-java-stream-850541753] DEBUG com.github.dockerjava.zerodep.shaded.org.apache.hc.client5.http.wire -- http-outgoing-2 << "[\r][\n]"
21:02:20.945 [docker-java-stream-850541753] DEBUG com.github.dockerjava.zerodep.shaded.org.apache.hc.client5.http.wire -- http-outgoing-2 << "142[\r][\n]"
21:02:20.945 [docker-java-stream-850541753] DEBUG com.github.dockerjava.zerodep.shaded.org.apache.hc.client5.http.wire -- http-outgoing-2 << "[0x1][0x0][0x0][0x0][0x0][0x0][0x1]:Using MongoDB:[0x9][0x9]6.0.6[\n]"
21:02:20.945 [docker-java-stream-850541753] DEBUG com.github.dockerjava.zerodep.shaded.org.apache.hc.client5.http.wire -- http-outgoing-2 << "Using Mongosh:[0x9][0x9]1.9.1[\n]"
21:02:20.945 [docker-java-stream-850541753] DEBUG com.github.dockerjava.zerodep.shaded.org.apache.hc.client5.http.wire -- http-outgoing-2 << "[\n]"
21:02:20.945 [docker-java-stream-850541753] DEBUG com.github.dockerjava.zerodep.shaded.org.apache.hc.client5.http.wire -- http-outgoing-2 << "For mongosh info see: https://docs.mongodb.com/mongodb-shell/[\n]"
21:02:20.945 [docker-java-stream-850541753] DEBUG com.github.dockerjava.zerodep.shaded.org.apache.hc.client5.http.wire -- http-outgoing-2 << "[\n]"
21:02:20.946 [docker-java-stream-850541753] DEBUG com.github.dockerjava.zerodep.shaded.org.apache.hc.client5.http.wire -- http-outgoing-2 << "[\n]"
21:02:20.946 [docker-java-stream-850541753] DEBUG com.github.dockerjava.zerodep.shaded.org.apache.hc.client5.http.wire -- http-outgoing-2 << "To help improve our products, anonymous usage data is collected and sent to MongoDB periodically (https://www.mongodb.com/legal/privacy-policy).[\n]"
21:02:20.946 [docker-java-stream-850541753] DEBUG com.github.dockerjava.zerodep.shaded.org.apache.hc.client5.http.wire -- http-outgoing-2 << "You can opt-out by running the disableTelemetry() command.[\n]"
21:02:20.946 [docker-java-stream-850541753] DEBUG com.github.dockerjava.zerodep.shaded.org.apache.hc.client5.http.wire -- http-outgoing-2 << "[\n]"
21:02:20.946 [docker-java-stream-850541753] DEBUG com.github.dockerjava.zerodep.shaded.org.apache.hc.client5.http.wire -- http-outgoing-2 << "[\r][\n]"
21:02:20.968 [docker-java-stream-850541753] DEBUG com.github.dockerjava.zerodep.shaded.org.apache.hc.client5.http.wire -- http-outgoing-2 << "24e[\r][\n]"
21:02:20.968 [docker-java-stream-850541753] DEBUG com.github.dockerjava.zerodep.shaded.org.apache.hc.client5.http.wire -- http-outgoing-2 << "[0x1][0x0][0x0][0x0][0x0][0x0][0x2]F------[\n]"
21:02:20.968 [docker-java-stream-850541753] DEBUG com.github.dockerjava.zerodep.shaded.org.apache.hc.client5.http.wire -- http-outgoing-2 << "   The server generated these startup warnings when booting[\n]"
21:02:20.968 [docker-java-stream-850541753] DEBUG com.github.dockerjava.zerodep.shaded.org.apache.hc.client5.http.wire -- http-outgoing-2 << "   2023-06-02T19:02:19.342+00:00: Using the XFS filesystem is strongly recommended with the WiredTiger storage engine. See http://dochub.mongodb.org/core/prodnotes-filesystem[\n]"
21:02:20.968 [docker-java-stream-850541753] DEBUG com.github.dockerjava.zerodep.shaded.org.apache.hc.client5.http.wire -- http-outgoing-2 << "   2023-06-02T19:02:20.162+00:00: Access control is not enabled for the database. Read and write access to data and configuration is unrestricted[\n]"
21:02:20.968 [docker-java-stream-850541753] DEBUG com.github.dockerjava.zerodep.shaded.org.apache.hc.client5.http.wire -- http-outgoing-2 << "   2023-06-02T19:02:20.163+00:00: /sys/kernel/mm/transparent_hugepage/enabled is 'always'. We suggest setting it to 'never'[\n]"
21:02:20.968 [docker-java-stream-850541753] DEBUG com.github.dockerjava.zerodep.shaded.org.apache.hc.client5.http.wire -- http-outgoing-2 << "   2023-06-02T19:02:20.163+00:00: vm.max_map_count is too low[\n]"
21:02:20.968 [docker-java-stream-850541753] DEBUG com.github.dockerjava.zerodep.shaded.org.apache.hc.client5.http.wire -- http-outgoing-2 << "------[\n]"
21:02:20.968 [docker-java-stream-850541753] DEBUG com.github.dockerjava.zerodep.shaded.org.apache.hc.client5.http.wire -- http-outgoing-2 << "[\n]"
21:02:20.968 [docker-java-stream-850541753] DEBUG com.github.dockerjava.zerodep.shaded.org.apache.hc.client5.http.wire -- http-outgoing-2 << "[\r][\n]"
21:02:21.566 [docker-java-stream-850541753] DEBUG com.github.dockerjava.zerodep.shaded.org.apache.hc.client5.http.wire -- http-outgoing-2 << "82[\r][\n]"
21:02:21.566 [docker-java-stream-850541753] DEBUG com.github.dockerjava.zerodep.shaded.org.apache.hc.client5.http.wire -- http-outgoing-2 << "[0x1][0x0][0x0][0x0][0x0][0x0][0x0]z{[\n]"
21:02:21.566 [docker-java-stream-850541753] DEBUG com.github.dockerjava.zerodep.shaded.org.apache.hc.client5.http.wire -- http-outgoing-2 << "  info2: 'no configuration specified. Using a default configuration for the set',[\n]"
21:02:21.566 [docker-java-stream-850541753] DEBUG com.github.dockerjava.zerodep.shaded.org.apache.hc.client5.http.wire -- http-outgoing-2 << "  me: 'acc41d27a0ed:27017',[\n]"
21:02:21.566 [docker-java-stream-850541753] DEBUG com.github.dockerjava.zerodep.shaded.org.apache.hc.client5.http.wire -- http-outgoing-2 << "  ok: 1[\n]"
21:02:21.566 [docker-java-stream-850541753] DEBUG com.github.dockerjava.zerodep.shaded.org.apache.hc.client5.http.wire -- http-outgoing-2 << "}[\n]"
21:02:21.567 [docker-java-stream-850541753] DEBUG com.github.dockerjava.zerodep.shaded.org.apache.hc.client5.http.wire -- http-outgoing-2 << "[\r][\n]"
21:02:21.579 [docker-java-stream-850541753] DEBUG com.github.dockerjava.zerodep.shaded.org.apache.hc.client5.http.wire -- http-outgoing-2 << "0[\r][\n]"
21:02:21.580 [docker-java-stream-850541753] DEBUG com.github.dockerjava.zerodep.shaded.org.apache.hc.client5.http.wire -- http-outgoing-2 << "[\r][\n]"
21:02:21.580 [docker-java-stream-850541753] DEBUG com.github.dockerjava.zerodep.shaded.org.apache.hc.client5.http.impl.classic.InternalHttpClient -- ep-0000000F: releasing valid endpoint
21:02:21.580 [docker-java-stream-850541753] DEBUG com.github.dockerjava.zerodep.shaded.org.apache.hc.client5.http.impl.io.PoolingHttpClientConnectionManager -- ep-0000000F: releasing endpoint
21:02:21.580 [docker-java-stream-850541753] DEBUG com.github.dockerjava.zerodep.shaded.org.apache.hc.client5.http.impl.io.PoolingHttpClientConnectionManager -- ep-0000000F: connection http-outgoing-2 can be kept alive for 3 MINUTES
21:02:21.580 [docker-java-stream-850541753] DEBUG com.github.dockerjava.zerodep.shaded.org.apache.hc.client5.http.impl.io.PoolingHttpClientConnectionManager -- ep-0000000F: connection released [route: {}->npipe://localhost:2375][total available: 1; route allocated: 1 of 2147483647; total allocated: 1 of 2147483647]
21:02:21.583 [Test worker] DEBUG org.testcontainers.shaded.com.github.dockerjava.core.command.AbstrDockerCmd -- Cmd: bd036ecd0022e6c75f14952c3330a9d2d19cfdfe61c623d298f0ea0706910405
21:02:21.584 [Test worker] DEBUG org.testcontainers.shaded.com.github.dockerjava.core.exec.InspectExecCmdExec -- GET: DefaultWebTarget{path=[/exec/bd036ecd0022e6c75f14952c3330a9d2d19cfdfe61c623d298f0ea0706910405/json], queryParams={}}
21:02:21.586 [Test worker] DEBUG com.github.dockerjava.zerodep.shaded.org.apache.hc.client5.http.impl.classic.InternalHttpClient -- ex-00000011: preparing request execution
21:02:21.586 [Test worker] DEBUG com.github.dockerjava.zerodep.shaded.org.apache.hc.client5.http.protocol.RequestAddCookies -- Cookie spec selected: strict
21:02:21.586 [Test worker] DEBUG com.github.dockerjava.zerodep.shaded.org.apache.hc.client5.http.protocol.RequestAuthCache -- Auth cache not set in the context
21:02:21.586 [Test worker] DEBUG com.github.dockerjava.zerodep.shaded.org.apache.hc.client5.http.impl.classic.ProtocolExec -- ex-00000011: target auth state: UNCHALLENGED
21:02:21.586 [Test worker] DEBUG com.github.dockerjava.zerodep.shaded.org.apache.hc.client5.http.impl.classic.ProtocolExec -- ex-00000011: proxy auth state: UNCHALLENGED
21:02:21.586 [Test worker] DEBUG com.github.dockerjava.zerodep.shaded.org.apache.hc.client5.http.impl.classic.ConnectExec -- ex-00000011: acquiring connection with route {}->npipe://localhost:2375
21:02:21.586 [Test worker] DEBUG com.github.dockerjava.zerodep.shaded.org.apache.hc.client5.http.impl.classic.InternalHttpClient -- ex-00000011: acquiring endpoint (3 MINUTES)
21:02:21.586 [Test worker] DEBUG com.github.dockerjava.zerodep.shaded.org.apache.hc.client5.http.impl.io.PoolingHttpClientConnectionManager -- ex-00000011: endpoint lease request (3 MINUTES) [route: {}->npipe://localhost:2375][total available: 1; route allocated: 1 of 2147483647; total allocated: 1 of 2147483647]
21:02:21.586 [Test worker] DEBUG com.github.dockerjava.zerodep.shaded.org.apache.hc.client5.http.impl.io.PoolingHttpClientConnectionManager -- ex-00000011: endpoint leased [route: {}->npipe://localhost:2375][total available: 0; route allocated: 1 of 2147483647; total allocated: 1 of 2147483647]
21:02:21.586 [Test worker] DEBUG com.github.dockerjava.zerodep.shaded.org.apache.hc.client5.http.impl.io.PoolingHttpClientConnectionManager -- ex-00000011: acquired ep-00000010
21:02:21.586 [Test worker] DEBUG com.github.dockerjava.zerodep.shaded.org.apache.hc.client5.http.impl.classic.InternalHttpClient -- ex-00000011: acquired endpoint ep-00000010
21:02:21.586 [Test worker] DEBUG com.github.dockerjava.zerodep.shaded.org.apache.hc.client5.http.impl.classic.MainClientExec -- ex-00000011: executing GET /v1.32/exec/bd036ecd0022e6c75f14952c3330a9d2d19cfdfe61c623d298f0ea0706910405/json HTTP/1.1
21:02:21.586 [Test worker] DEBUG com.github.dockerjava.zerodep.shaded.org.apache.hc.client5.http.impl.classic.InternalHttpClient -- ep-00000010: start execution ex-00000011
21:02:21.586 [Test worker] DEBUG com.github.dockerjava.zerodep.shaded.org.apache.hc.client5.http.impl.io.PoolingHttpClientConnectionManager -- ep-00000010: executing exchange ex-00000011 over http-outgoing-2
21:02:21.586 [Test worker] DEBUG com.github.dockerjava.zerodep.shaded.org.apache.hc.client5.http.headers -- http-outgoing-2 >> GET /v1.32/exec/bd036ecd0022e6c75f14952c3330a9d2d19cfdfe61c623d298f0ea0706910405/json HTTP/1.1
21:02:21.586 [Test worker] DEBUG com.github.dockerjava.zerodep.shaded.org.apache.hc.client5.http.headers -- http-outgoing-2 >> accept: application/json
21:02:21.586 [Test worker] DEBUG com.github.dockerjava.zerodep.shaded.org.apache.hc.client5.http.headers -- http-outgoing-2 >> x-tc-sid: e2b65d14-0dc0-4f11-958a-a33688020ff9
21:02:21.586 [Test worker] DEBUG com.github.dockerjava.zerodep.shaded.org.apache.hc.client5.http.headers -- http-outgoing-2 >> Accept-Encoding: gzip, x-gzip, deflate
21:02:21.586 [Test worker] DEBUG com.github.dockerjava.zerodep.shaded.org.apache.hc.client5.http.headers -- http-outgoing-2 >> Host: localhost:2375
21:02:21.586 [Test worker] DEBUG com.github.dockerjava.zerodep.shaded.org.apache.hc.client5.http.headers -- http-outgoing-2 >> Connection: keep-alive
21:02:21.586 [Test worker] DEBUG com.github.dockerjava.zerodep.shaded.org.apache.hc.client5.http.headers -- http-outgoing-2 >> User-Agent: Apache-HttpClient/5.0.3 (Java/19)
21:02:21.586 [Test worker] DEBUG com.github.dockerjava.zerodep.shaded.org.apache.hc.client5.http.wire -- http-outgoing-2 >> "GET /v1.32/exec/bd036ecd0022e6c75f14952c3330a9d2d19cfdfe61c623d298f0ea0706910405/json HTTP/1.1[\r][\n]"
21:02:21.586 [Test worker] DEBUG com.github.dockerjava.zerodep.shaded.org.apache.hc.client5.http.wire -- http-outgoing-2 >> "accept: application/json[\r][\n]"
21:02:21.586 [Test worker] DEBUG com.github.dockerjava.zerodep.shaded.org.apache.hc.client5.http.wire -- http-outgoing-2 >> "x-tc-sid: e2b65d14-0dc0-4f11-958a-a33688020ff9[\r][\n]"
21:02:21.587 [Test worker] DEBUG com.github.dockerjava.zerodep.shaded.org.apache.hc.client5.http.wire -- http-outgoing-2 >> "Accept-Encoding: gzip, x-gzip, deflate[\r][\n]"
21:02:21.587 [Test worker] DEBUG com.github.dockerjava.zerodep.shaded.org.apache.hc.client5.http.wire -- http-outgoing-2 >> "Host: localhost:2375[\r][\n]"
21:02:21.587 [Test worker] DEBUG com.github.dockerjava.zerodep.shaded.org.apache.hc.client5.http.wire -- http-outgoing-2 >> "Connection: keep-alive[\r][\n]"
21:02:21.587 [Test worker] DEBUG com.github.dockerjava.zerodep.shaded.org.apache.hc.client5.http.wire -- http-outgoing-2 >> "User-Agent: Apache-HttpClient/5.0.3 (Java/19)[\r][\n]"
21:02:21.587 [Test worker] DEBUG com.github.dockerjava.zerodep.shaded.org.apache.hc.client5.http.wire -- http-outgoing-2 >> "[\r][\n]"
21:02:21.594 [Test worker] DEBUG com.github.dockerjava.zerodep.shaded.org.apache.hc.client5.http.wire -- http-outgoing-2 << "HTTP/1.1 200 OK[\r][\n]"
21:02:21.594 [Test worker] DEBUG com.github.dockerjava.zerodep.shaded.org.apache.hc.client5.http.wire -- http-outgoing-2 << "Api-Version: 1.43[\r][\n]"
21:02:21.594 [Test worker] DEBUG com.github.dockerjava.zerodep.shaded.org.apache.hc.client5.http.wire -- http-outgoing-2 << "Content-Type: application/json[\r][\n]"
21:02:21.594 [Test worker] DEBUG com.github.dockerjava.zerodep.shaded.org.apache.hc.client5.http.wire -- http-outgoing-2 << "Date: Fri, 02 Jun 2023 19:02:21 GMT[\r][\n]"
21:02:21.594 [Test worker] DEBUG com.github.dockerjava.zerodep.shaded.org.apache.hc.client5.http.wire -- http-outgoing-2 << "Docker-Experimental: false[\r][\n]"
21:02:21.594 [Test worker] DEBUG com.github.dockerjava.zerodep.shaded.org.apache.hc.client5.http.wire -- http-outgoing-2 << "Ostype: linux[\r][\n]"
21:02:21.594 [Test worker] DEBUG com.github.dockerjava.zerodep.shaded.org.apache.hc.client5.http.wire -- http-outgoing-2 << "Server: Docker/24.0.2 (linux)[\r][\n]"
21:02:21.594 [Test worker] DEBUG com.github.dockerjava.zerodep.shaded.org.apache.hc.client5.http.wire -- http-outgoing-2 << "Transfer-Encoding: chunked[\r][\n]"
21:02:21.594 [Test worker] DEBUG com.github.dockerjava.zerodep.shaded.org.apache.hc.client5.http.wire -- http-outgoing-2 << "[\r][\n]"
21:02:21.595 [Test worker] DEBUG com.github.dockerjava.zerodep.shaded.org.apache.hc.client5.http.headers -- http-outgoing-2 << HTTP/1.1 200 OK
21:02:21.595 [Test worker] DEBUG com.github.dockerjava.zerodep.shaded.org.apache.hc.client5.http.headers -- http-outgoing-2 << Api-Version: 1.43
21:02:21.595 [Test worker] DEBUG com.github.dockerjava.zerodep.shaded.org.apache.hc.client5.http.headers -- http-outgoing-2 << Content-Type: application/json
21:02:21.595 [Test worker] DEBUG com.github.dockerjava.zerodep.shaded.org.apache.hc.client5.http.headers -- http-outgoing-2 << Date: Fri, 02 Jun 2023 19:02:21 GMT
21:02:21.595 [Test worker] DEBUG com.github.dockerjava.zerodep.shaded.org.apache.hc.client5.http.headers -- http-outgoing-2 << Docker-Experimental: false
21:02:21.595 [Test worker] DEBUG com.github.dockerjava.zerodep.shaded.org.apache.hc.client5.http.headers -- http-outgoing-2 << Ostype: linux
21:02:21.595 [Test worker] DEBUG com.github.dockerjava.zerodep.shaded.org.apache.hc.client5.http.headers -- http-outgoing-2 << Server: Docker/24.0.2 (linux)
21:02:21.595 [Test worker] DEBUG com.github.dockerjava.zerodep.shaded.org.apache.hc.client5.http.headers -- http-outgoing-2 << Transfer-Encoding: chunked
21:02:21.595 [Test worker] DEBUG com.github.dockerjava.zerodep.shaded.org.apache.hc.client5.http.impl.classic.MainClientExec -- ex-00000011: connection can be kept alive for 3 MINUTES
21:02:21.596 [Test worker] DEBUG com.github.dockerjava.zerodep.shaded.org.apache.hc.client5.http.wire -- http-outgoing-2 << "1c0[\r][\n]"
21:02:21.596 [Test worker] DEBUG com.github.dockerjava.zerodep.shaded.org.apache.hc.client5.http.wire -- http-outgoing-2 << "{"ID":"bd036ecd0022e6c75f14952c3330a9d2d19cfdfe61c623d298f0ea0706910405","Running":false,"ExitCode":0,"ProcessConfig":{"tty":false,"entrypoint":"sh","arguments":["-c","mongosh mongo --eval \"rs.initiate();\"  || mongo --eval \"rs.initiate();\""],"privileged":false},"OpenStdin":false,"OpenStderr":true,"OpenStdout":true,"CanRemove":false,"ContainerID":"acc41d27a0edf08b0c317e3c254465cd1d67b93ba89c902a2e4c4fbada19d1d1","DetachKeys":"","Pid":17691}[\n]"
21:02:21.596 [Test worker] DEBUG com.github.dockerjava.zerodep.shaded.org.apache.hc.client5.http.wire -- http-outgoing-2 << "[\r][\n]"
21:02:21.608 [Test worker] DEBUG com.github.dockerjava.zerodep.shaded.org.apache.hc.client5.http.wire -- http-outgoing-2 << "0[\r][\n]"
21:02:21.608 [Test worker] DEBUG com.github.dockerjava.zerodep.shaded.org.apache.hc.client5.http.wire -- http-outgoing-2 << "[\r][\n]"
21:02:21.608 [Test worker] DEBUG com.github.dockerjava.zerodep.shaded.org.apache.hc.client5.http.impl.classic.InternalHttpClient -- ep-00000010: releasing valid endpoint
21:02:21.608 [Test worker] DEBUG com.github.dockerjava.zerodep.shaded.org.apache.hc.client5.http.impl.io.PoolingHttpClientConnectionManager -- ep-00000010: releasing endpoint
21:02:21.608 [Test worker] DEBUG com.github.dockerjava.zerodep.shaded.org.apache.hc.client5.http.impl.io.PoolingHttpClientConnectionManager -- ep-00000010: connection http-outgoing-2 can be kept alive for 3 MINUTES
21:02:21.608 [Test worker] DEBUG com.github.dockerjava.zerodep.shaded.org.apache.hc.client5.http.impl.io.PoolingHttpClientConnectionManager -- ep-00000010: connection released [route: {}->npipe://localhost:2375][total available: 1; route allocated: 1 of 2147483647; total allocated: 1 of 2147483647]
21:02:21.609 [Test worker] DEBUG org.testcontainers.containers.MongoDBContainer -- Current Mongosh Log ID:	647a3cbc0fa596529277655e
Connecting to:		mongodb://127.0.0.1:27017/mongo?directConnection=true&serverSelectionTimeoutMS=2000&appName=mongosh+1.9.1
Using MongoDB:		6.0.6
Using Mongosh:		1.9.1

For mongosh info see: https://docs.mongodb.com/mongodb-shell/


To help improve our products, anonymous usage data is collected and sent to MongoDB periodically (https://www.mongodb.com/legal/privacy-policy).
You can opt-out by running the disableTelemetry() command.

------
   The server generated these startup warnings when booting
   2023-06-02T19:02:19.342+00:00: Using the XFS filesystem is strongly recommended with the WiredTiger storage engine. See http://dochub.mongodb.org/core/prodnotes-filesystem
   2023-06-02T19:02:20.162+00:00: Access control is not enabled for the database. Read and write access to data and configuration is unrestricted
   2023-06-02T19:02:20.163+00:00: /sys/kernel/mm/transparent_hugepage/enabled is 'always'. We suggest setting it to 'never'
   2023-06-02T19:02:20.163+00:00: vm.max_map_count is too low
------

{
  info2: 'no configuration specified. Using a default configuration for the set',
  me: 'acc41d27a0ed:27017',
  ok: 1
}

21:02:21.609 [Test worker] DEBUG org.testcontainers.containers.MongoDBContainer -- Awaiting for a single node replica set initialization up to 60 attempts
21:02:21.610 [Test worker] DEBUG org.testcontainers.containers.ExecInContainerPattern -- /clever_lumiere: Running "exec" command: sh -c mongosh mongo --eval "var attempt = 0; while(db.runCommand( { isMaster: 1 } ).ismaster==false) { if (attempt > 60) {quit(1);} print('An attempt to await for a single node replica set initialization: ' + attempt); sleep(100);  attempt++;  }"  || mongo --eval "var attempt = 0; while(db.runCommand( { isMaster: 1 } ).ismaster==false) { if (attempt > 60) {quit(1);} print('An attempt to await for a single node replica set initialization: ' + attempt); sleep(100);  attempt++;  }"
21:02:21.610 [Test worker] DEBUG org.testcontainers.shaded.com.github.dockerjava.core.command.AbstrDockerCmd -- Cmd: true,<null>,true,{sh,-c,mongosh mongo --eval "var attempt = 0; while(db.runCommand( { isMaster: 1 } ).ismaster==false) { if (attempt > 60) {quit(1);} print('An attempt to await for a single node replica set initialization: ' + attempt); sleep(100);  attempt++;  }"  || mongo --eval "var attempt = 0; while(db.runCommand( { isMaster: 1 } ).ismaster==false) { if (attempt > 60) {quit(1);} print('An attempt to await for a single node replica set initialization: ' + attempt); sleep(100);  attempt++;  }"},acc41d27a0edf08b0c317e3c254465cd1d67b93ba89c902a2e4c4fbada19d1d1,<null>,<null>,<null>,<null>,<null>
21:02:21.612 [Test worker] DEBUG com.github.dockerjava.zerodep.shaded.org.apache.hc.client5.http.impl.classic.InternalHttpClient -- ex-00000012: preparing request execution
21:02:21.613 [Test worker] DEBUG com.github.dockerjava.zerodep.shaded.org.apache.hc.client5.http.protocol.RequestAddCookies -- Cookie spec selected: strict
21:02:21.613 [Test worker] DEBUG com.github.dockerjava.zerodep.shaded.org.apache.hc.client5.http.protocol.RequestAuthCache -- Auth cache not set in the context
21:02:21.613 [Test worker] DEBUG com.github.dockerjava.zerodep.shaded.org.apache.hc.client5.http.impl.classic.ProtocolExec -- ex-00000012: target auth state: UNCHALLENGED
21:02:21.613 [Test worker] DEBUG com.github.dockerjava.zerodep.shaded.org.apache.hc.client5.http.impl.classic.ProtocolExec -- ex-00000012: proxy auth state: UNCHALLENGED
21:02:21.613 [Test worker] DEBUG com.github.dockerjava.zerodep.shaded.org.apache.hc.client5.http.impl.classic.ConnectExec -- ex-00000012: acquiring connection with route {}->npipe://localhost:2375
21:02:21.613 [Test worker] DEBUG com.github.dockerjava.zerodep.shaded.org.apache.hc.client5.http.impl.classic.InternalHttpClient -- ex-00000012: acquiring endpoint (3 MINUTES)
21:02:21.613 [Test worker] DEBUG com.github.dockerjava.zerodep.shaded.org.apache.hc.client5.http.impl.io.PoolingHttpClientConnectionManager -- ex-00000012: endpoint lease request (3 MINUTES) [route: {}->npipe://localhost:2375][total available: 1; route allocated: 1 of 2147483647; total allocated: 1 of 2147483647]
21:02:21.614 [Test worker] DEBUG com.github.dockerjava.zerodep.shaded.org.apache.hc.client5.http.impl.io.PoolingHttpClientConnectionManager -- ex-00000012: endpoint leased [route: {}->npipe://localhost:2375][total available: 0; route allocated: 1 of 2147483647; total allocated: 1 of 2147483647]
21:02:21.614 [Test worker] DEBUG com.github.dockerjava.zerodep.shaded.org.apache.hc.client5.http.impl.io.PoolingHttpClientConnectionManager -- ex-00000012: acquired ep-00000011
21:02:21.614 [Test worker] DEBUG com.github.dockerjava.zerodep.shaded.org.apache.hc.client5.http.impl.classic.InternalHttpClient -- ex-00000012: acquired endpoint ep-00000011
21:02:21.614 [Test worker] DEBUG com.github.dockerjava.zerodep.shaded.org.apache.hc.client5.http.impl.classic.MainClientExec -- ex-00000012: executing POST /v1.32/containers/acc41d27a0edf08b0c317e3c254465cd1d67b93ba89c902a2e4c4fbada19d1d1/exec HTTP/1.1
21:02:21.614 [Test worker] DEBUG com.github.dockerjava.zerodep.shaded.org.apache.hc.client5.http.impl.classic.InternalHttpClient -- ep-00000011: start execution ex-00000012
21:02:21.614 [Test worker] DEBUG com.github.dockerjava.zerodep.shaded.org.apache.hc.client5.http.impl.io.PoolingHttpClientConnectionManager -- ep-00000011: executing exchange ex-00000012 over http-outgoing-2
21:02:21.615 [Test worker] DEBUG com.github.dockerjava.zerodep.shaded.org.apache.hc.client5.http.headers -- http-outgoing-2 >> POST /v1.32/containers/acc41d27a0edf08b0c317e3c254465cd1d67b93ba89c902a2e4c4fbada19d1d1/exec HTTP/1.1
21:02:21.616 [Test worker] DEBUG com.github.dockerjava.zerodep.shaded.org.apache.hc.client5.http.headers -- http-outgoing-2 >> accept: application/json
21:02:21.616 [Test worker] DEBUG com.github.dockerjava.zerodep.shaded.org.apache.hc.client5.http.headers -- http-outgoing-2 >> content-type: application/json
21:02:21.616 [Test worker] DEBUG com.github.dockerjava.zerodep.shaded.org.apache.hc.client5.http.headers -- http-outgoing-2 >> x-tc-sid: e2b65d14-0dc0-4f11-958a-a33688020ff9
21:02:21.616 [Test worker] DEBUG com.github.dockerjava.zerodep.shaded.org.apache.hc.client5.http.headers -- http-outgoing-2 >> Accept-Encoding: gzip, x-gzip, deflate
21:02:21.616 [Test worker] DEBUG com.github.dockerjava.zerodep.shaded.org.apache.hc.client5.http.headers -- http-outgoing-2 >> Content-Length: 713
21:02:21.616 [Test worker] DEBUG com.github.dockerjava.zerodep.shaded.org.apache.hc.client5.http.headers -- http-outgoing-2 >> Host: localhost:2375
21:02:21.616 [Test worker] DEBUG com.github.dockerjava.zerodep.shaded.org.apache.hc.client5.http.headers -- http-outgoing-2 >> Connection: keep-alive
21:02:21.616 [Test worker] DEBUG com.github.dockerjava.zerodep.shaded.org.apache.hc.client5.http.headers -- http-outgoing-2 >> User-Agent: Apache-HttpClient/5.0.3 (Java/19)
21:02:21.616 [Test worker] DEBUG com.github.dockerjava.zerodep.shaded.org.apache.hc.client5.http.wire -- http-outgoing-2 >> "POST /v1.32/containers/acc41d27a0edf08b0c317e3c254465cd1d67b93ba89c902a2e4c4fbada19d1d1/exec HTTP/1.1[\r][\n]"
21:02:21.616 [Test worker] DEBUG com.github.dockerjava.zerodep.shaded.org.apache.hc.client5.http.wire -- http-outgoing-2 >> "accept: application/json[\r][\n]"
21:02:21.616 [Test worker] DEBUG com.github.dockerjava.zerodep.shaded.org.apache.hc.client5.http.wire -- http-outgoing-2 >> "content-type: application/json[\r][\n]"
21:02:21.616 [Test worker] DEBUG com.github.dockerjava.zerodep.shaded.org.apache.hc.client5.http.wire -- http-outgoing-2 >> "x-tc-sid: e2b65d14-0dc0-4f11-958a-a33688020ff9[\r][\n]"
21:02:21.616 [Test worker] DEBUG com.github.dockerjava.zerodep.shaded.org.apache.hc.client5.http.wire -- http-outgoing-2 >> "Accept-Encoding: gzip, x-gzip, deflate[\r][\n]"
21:02:21.616 [Test worker] DEBUG com.github.dockerjava.zerodep.shaded.org.apache.hc.client5.http.wire -- http-outgoing-2 >> "Content-Length: 713[\r][\n]"
21:02:21.616 [Test worker] DEBUG com.github.dockerjava.zerodep.shaded.org.apache.hc.client5.http.wire -- http-outgoing-2 >> "Host: localhost:2375[\r][\n]"
21:02:21.616 [Test worker] DEBUG com.github.dockerjava.zerodep.shaded.org.apache.hc.client5.http.wire -- http-outgoing-2 >> "Connection: keep-alive[\r][\n]"
21:02:21.616 [Test worker] DEBUG com.github.dockerjava.zerodep.shaded.org.apache.hc.client5.http.wire -- http-outgoing-2 >> "User-Agent: Apache-HttpClient/5.0.3 (Java/19)[\r][\n]"
21:02:21.616 [Test worker] DEBUG com.github.dockerjava.zerodep.shaded.org.apache.hc.client5.http.wire -- http-outgoing-2 >> "[\r][\n]"
21:02:21.616 [Test worker] DEBUG com.github.dockerjava.zerodep.shaded.org.apache.hc.client5.http.wire -- http-outgoing-2 >> "{"containerId":"acc41d27a0edf08b0c317e3c254465cd1d67b93ba89c902a2e4c4fbada19d1d1","AttachStdin":null,"AttachStdout":true,"AttachStderr":true,"Tty":null,"Privileged":null,"User":null,"Cmd":["sh","-c","mongosh mongo --eval \"var attempt = 0; while(db.runCommand( { isMaster: 1 } ).ismaster==false) { if (attempt > 60) {quit(1);} print('An attempt to await for a single node replica set initialization: ' + attempt); sleep(100);  attempt++;  }\"  || mongo --eval \"var attempt = 0; while(db.runCommand( { isMaster: 1 } ).ismaster==false) { if (attempt > 60) {quit(1);} print('An attempt to await for a single node replica set initialization: ' + attempt); sleep(100);  attempt++;  }\""],"Env":null,"WorkingDir":null}"
21:02:21.623 [Test worker] DEBUG com.github.dockerjava.zerodep.shaded.org.apache.hc.client5.http.wire -- http-outgoing-2 << "HTTP/1.1 201 Created[\r][\n]"
21:02:21.623 [Test worker] DEBUG com.github.dockerjava.zerodep.shaded.org.apache.hc.client5.http.wire -- http-outgoing-2 << "Api-Version: 1.43[\r][\n]"
21:02:21.623 [Test worker] DEBUG com.github.dockerjava.zerodep.shaded.org.apache.hc.client5.http.wire -- http-outgoing-2 << "Content-Type: application/json[\r][\n]"
21:02:21.623 [Test worker] DEBUG com.github.dockerjava.zerodep.shaded.org.apache.hc.client5.http.wire -- http-outgoing-2 << "Date: Fri, 02 Jun 2023 19:02:21 GMT[\r][\n]"
21:02:21.623 [Test worker] DEBUG com.github.dockerjava.zerodep.shaded.org.apache.hc.client5.http.wire -- http-outgoing-2 << "Docker-Experimental: false[\r][\n]"
21:02:21.623 [Test worker] DEBUG com.github.dockerjava.zerodep.shaded.org.apache.hc.client5.http.wire -- http-outgoing-2 << "Ostype: linux[\r][\n]"
21:02:21.623 [Test worker] DEBUG com.github.dockerjava.zerodep.shaded.org.apache.hc.client5.http.wire -- http-outgoing-2 << "Server: Docker/24.0.2 (linux)[\r][\n]"
21:02:21.623 [Test worker] DEBUG com.github.dockerjava.zerodep.shaded.org.apache.hc.client5.http.wire -- http-outgoing-2 << "Transfer-Encoding: chunked[\r][\n]"
21:02:21.623 [Test worker] DEBUG com.github.dockerjava.zerodep.shaded.org.apache.hc.client5.http.wire -- http-outgoing-2 << "[\r][\n]"
21:02:21.624 [Test worker] DEBUG com.github.dockerjava.zerodep.shaded.org.apache.hc.client5.http.headers -- http-outgoing-2 << HTTP/1.1 201 Created
21:02:21.624 [Test worker] DEBUG com.github.dockerjava.zerodep.shaded.org.apache.hc.client5.http.headers -- http-outgoing-2 << Api-Version: 1.43
21:02:21.624 [Test worker] DEBUG com.github.dockerjava.zerodep.shaded.org.apache.hc.client5.http.headers -- http-outgoing-2 << Content-Type: application/json
21:02:21.624 [Test worker] DEBUG com.github.dockerjava.zerodep.shaded.org.apache.hc.client5.http.headers -- http-outgoing-2 << Date: Fri, 02 Jun 2023 19:02:21 GMT
21:02:21.624 [Test worker] DEBUG com.github.dockerjava.zerodep.shaded.org.apache.hc.client5.http.headers -- http-outgoing-2 << Docker-Experimental: false
21:02:21.624 [Test worker] DEBUG com.github.dockerjava.zerodep.shaded.org.apache.hc.client5.http.headers -- http-outgoing-2 << Ostype: linux
21:02:21.624 [Test worker] DEBUG com.github.dockerjava.zerodep.shaded.org.apache.hc.client5.http.headers -- http-outgoing-2 << Server: Docker/24.0.2 (linux)
21:02:21.624 [Test worker] DEBUG com.github.dockerjava.zerodep.shaded.org.apache.hc.client5.http.headers -- http-outgoing-2 << Transfer-Encoding: chunked
21:02:21.624 [Test worker] DEBUG com.github.dockerjava.zerodep.shaded.org.apache.hc.client5.http.impl.classic.MainClientExec -- ex-00000012: connection can be kept alive for 3 MINUTES
21:02:21.625 [Test worker] DEBUG com.github.dockerjava.zerodep.shaded.org.apache.hc.client5.http.wire -- http-outgoing-2 << "4a[\r][\n]"
21:02:21.625 [Test worker] DEBUG com.github.dockerjava.zerodep.shaded.org.apache.hc.client5.http.wire -- http-outgoing-2 << "{"Id":"b08420f423e69acec7bc3d76df28c80ab182f04f5b67ab2f780e78acac35a4f2"}[\n]"
21:02:21.625 [Test worker] DEBUG com.github.dockerjava.zerodep.shaded.org.apache.hc.client5.http.wire -- http-outgoing-2 << "[\r][\n]"
21:02:21.625 [Test worker] DEBUG com.github.dockerjava.zerodep.shaded.org.apache.hc.client5.http.wire -- http-outgoing-2 << "0[\r][\n]"
21:02:21.625 [Test worker] DEBUG com.github.dockerjava.zerodep.shaded.org.apache.hc.client5.http.wire -- http-outgoing-2 << "[\r][\n]"
21:02:21.625 [Test worker] DEBUG com.github.dockerjava.zerodep.shaded.org.apache.hc.client5.http.impl.classic.InternalHttpClient -- ep-00000011: releasing valid endpoint
21:02:21.625 [Test worker] DEBUG com.github.dockerjava.zerodep.shaded.org.apache.hc.client5.http.impl.io.PoolingHttpClientConnectionManager -- ep-00000011: releasing endpoint
21:02:21.625 [Test worker] DEBUG com.github.dockerjava.zerodep.shaded.org.apache.hc.client5.http.impl.io.PoolingHttpClientConnectionManager -- ep-00000011: connection http-outgoing-2 can be kept alive for 3 MINUTES
21:02:21.625 [Test worker] DEBUG com.github.dockerjava.zerodep.shaded.org.apache.hc.client5.http.impl.io.PoolingHttpClientConnectionManager -- ep-00000011: connection released [route: {}->npipe://localhost:2375][total available: 1; route allocated: 1 of 2147483647; total allocated: 1 of 2147483647]
21:02:21.629 [docker-java-stream--607974876] DEBUG com.github.dockerjava.zerodep.shaded.org.apache.hc.client5.http.impl.classic.InternalHttpClient -- ex-00000013: preparing request execution
21:02:21.630 [docker-java-stream--607974876] DEBUG com.github.dockerjava.zerodep.shaded.org.apache.hc.client5.http.protocol.RequestAddCookies -- Cookie spec selected: strict
21:02:21.630 [docker-java-stream--607974876] DEBUG com.github.dockerjava.zerodep.shaded.org.apache.hc.client5.http.protocol.RequestAuthCache -- Auth cache not set in the context
21:02:21.630 [docker-java-stream--607974876] DEBUG com.github.dockerjava.zerodep.shaded.org.apache.hc.client5.http.impl.classic.ProtocolExec -- ex-00000013: target auth state: UNCHALLENGED
21:02:21.630 [docker-java-stream--607974876] DEBUG com.github.dockerjava.zerodep.shaded.org.apache.hc.client5.http.impl.classic.ProtocolExec -- ex-00000013: proxy auth state: UNCHALLENGED
21:02:21.630 [docker-java-stream--607974876] DEBUG com.github.dockerjava.zerodep.shaded.org.apache.hc.client5.http.impl.classic.ConnectExec -- ex-00000013: acquiring connection with route {}->npipe://localhost:2375
21:02:21.630 [docker-java-stream--607974876] DEBUG com.github.dockerjava.zerodep.shaded.org.apache.hc.client5.http.impl.classic.InternalHttpClient -- ex-00000013: acquiring endpoint (3 MINUTES)
21:02:21.631 [docker-java-stream--607974876] DEBUG com.github.dockerjava.zerodep.shaded.org.apache.hc.client5.http.impl.io.PoolingHttpClientConnectionManager -- ex-00000013: endpoint lease request (3 MINUTES) [route: {}->npipe://localhost:2375][total available: 1; route allocated: 1 of 2147483647; total allocated: 1 of 2147483647]
21:02:21.632 [docker-java-stream--607974876] DEBUG com.github.dockerjava.zerodep.shaded.org.apache.hc.client5.http.impl.io.PoolingHttpClientConnectionManager -- ex-00000013: endpoint leased [route: {}->npipe://localhost:2375][total available: 0; route allocated: 1 of 2147483647; total allocated: 1 of 2147483647]
21:02:21.632 [docker-java-stream--607974876] DEBUG com.github.dockerjava.zerodep.shaded.org.apache.hc.client5.http.impl.io.PoolingHttpClientConnectionManager -- ex-00000013: acquired ep-00000012
21:02:21.632 [docker-java-stream--607974876] DEBUG com.github.dockerjava.zerodep.shaded.org.apache.hc.client5.http.impl.classic.InternalHttpClient -- ex-00000013: acquired endpoint ep-00000012
21:02:21.632 [docker-java-stream--607974876] DEBUG com.github.dockerjava.zerodep.shaded.org.apache.hc.client5.http.impl.classic.MainClientExec -- ex-00000013: executing POST /v1.32/exec/b08420f423e69acec7bc3d76df28c80ab182f04f5b67ab2f780e78acac35a4f2/start HTTP/1.1
21:02:21.633 [docker-java-stream--607974876] DEBUG com.github.dockerjava.zerodep.shaded.org.apache.hc.client5.http.impl.classic.InternalHttpClient -- ep-00000012: start execution ex-00000013
21:02:21.633 [docker-java-stream--607974876] DEBUG com.github.dockerjava.zerodep.shaded.org.apache.hc.client5.http.impl.io.PoolingHttpClientConnectionManager -- ep-00000012: executing exchange ex-00000013 over http-outgoing-2
21:02:21.633 [docker-java-stream--607974876] DEBUG com.github.dockerjava.zerodep.shaded.org.apache.hc.client5.http.headers -- http-outgoing-2 >> POST /v1.32/exec/b08420f423e69acec7bc3d76df28c80ab182f04f5b67ab2f780e78acac35a4f2/start HTTP/1.1
21:02:21.633 [docker-java-stream--607974876] DEBUG com.github.dockerjava.zerodep.shaded.org.apache.hc.client5.http.headers -- http-outgoing-2 >> accept: application/json
21:02:21.633 [docker-java-stream--607974876] DEBUG com.github.dockerjava.zerodep.shaded.org.apache.hc.client5.http.headers -- http-outgoing-2 >> content-type: application/json
21:02:21.633 [docker-java-stream--607974876] DEBUG com.github.dockerjava.zerodep.shaded.org.apache.hc.client5.http.headers -- http-outgoing-2 >> x-tc-sid: e2b65d14-0dc0-4f11-958a-a33688020ff9
21:02:21.633 [docker-java-stream--607974876] DEBUG com.github.dockerjava.zerodep.shaded.org.apache.hc.client5.http.headers -- http-outgoing-2 >> Accept-Encoding: gzip, x-gzip, deflate
21:02:21.634 [docker-java-stream--607974876] DEBUG com.github.dockerjava.zerodep.shaded.org.apache.hc.client5.http.headers -- http-outgoing-2 >> Content-Length: 26
21:02:21.634 [docker-java-stream--607974876] DEBUG com.github.dockerjava.zerodep.shaded.org.apache.hc.client5.http.headers -- http-outgoing-2 >> Host: localhost:2375
21:02:21.634 [docker-java-stream--607974876] DEBUG com.github.dockerjava.zerodep.shaded.org.apache.hc.client5.http.headers -- http-outgoing-2 >> Connection: keep-alive
21:02:21.635 [docker-java-stream--607974876] DEBUG com.github.dockerjava.zerodep.shaded.org.apache.hc.client5.http.headers -- http-outgoing-2 >> User-Agent: Apache-HttpClient/5.0.3 (Java/19)
21:02:21.635 [docker-java-stream--607974876] DEBUG com.github.dockerjava.zerodep.shaded.org.apache.hc.client5.http.wire -- http-outgoing-2 >> "POST /v1.32/exec/b08420f423e69acec7bc3d76df28c80ab182f04f5b67ab2f780e78acac35a4f2/start HTTP/1.1[\r][\n]"
21:02:21.635 [docker-java-stream--607974876] DEBUG com.github.dockerjava.zerodep.shaded.org.apache.hc.client5.http.wire -- http-outgoing-2 >> "accept: application/json[\r][\n]"
21:02:21.635 [docker-java-stream--607974876] DEBUG com.github.dockerjava.zerodep.shaded.org.apache.hc.client5.http.wire -- http-outgoing-2 >> "content-type: application/json[\r][\n]"
21:02:21.635 [docker-java-stream--607974876] DEBUG com.github.dockerjava.zerodep.shaded.org.apache.hc.client5.http.wire -- http-outgoing-2 >> "x-tc-sid: e2b65d14-0dc0-4f11-958a-a33688020ff9[\r][\n]"
21:02:21.635 [docker-java-stream--607974876] DEBUG com.github.dockerjava.zerodep.shaded.org.apache.hc.client5.http.wire -- http-outgoing-2 >> "Accept-Encoding: gzip, x-gzip, deflate[\r][\n]"
21:02:21.635 [docker-java-stream--607974876] DEBUG com.github.dockerjava.zerodep.shaded.org.apache.hc.client5.http.wire -- http-outgoing-2 >> "Content-Length: 26[\r][\n]"
21:02:21.635 [docker-java-stream--607974876] DEBUG com.github.dockerjava.zerodep.shaded.org.apache.hc.client5.http.wire -- http-outgoing-2 >> "Host: localhost:2375[\r][\n]"
21:02:21.635 [docker-java-stream--607974876] DEBUG com.github.dockerjava.zerodep.shaded.org.apache.hc.client5.http.wire -- http-outgoing-2 >> "Connection: keep-alive[\r][\n]"
21:02:21.635 [docker-java-stream--607974876] DEBUG com.github.dockerjava.zerodep.shaded.org.apache.hc.client5.http.wire -- http-outgoing-2 >> "User-Agent: Apache-HttpClient/5.0.3 (Java/19)[\r][\n]"
21:02:21.635 [docker-java-stream--607974876] DEBUG com.github.dockerjava.zerodep.shaded.org.apache.hc.client5.http.wire -- http-outgoing-2 >> "[\r][\n]"
21:02:21.635 [docker-java-stream--607974876] DEBUG com.github.dockerjava.zerodep.shaded.org.apache.hc.client5.http.wire -- http-outgoing-2 >> "{"Detach":null,"Tty":null}"
21:02:21.642 [docker-java-stream--607974876] DEBUG com.github.dockerjava.zerodep.shaded.org.apache.hc.client5.http.wire -- http-outgoing-2 << "HTTP/1.1 200 OK[\r][\n]"
21:02:21.642 [docker-java-stream--607974876] DEBUG com.github.dockerjava.zerodep.shaded.org.apache.hc.client5.http.wire -- http-outgoing-2 << "Api-Version: 1.43[\r][\n]"
21:02:21.642 [docker-java-stream--607974876] DEBUG com.github.dockerjava.zerodep.shaded.org.apache.hc.client5.http.wire -- http-outgoing-2 << "Content-Type: application/vnd.docker.raw-stream[\r][\n]"
21:02:21.642 [docker-java-stream--607974876] DEBUG com.github.dockerjava.zerodep.shaded.org.apache.hc.client5.http.wire -- http-outgoing-2 << "Date: Fri, 02 Jun 2023 19:02:21 GMT[\r][\n]"
21:02:21.642 [docker-java-stream--607974876] DEBUG com.github.dockerjava.zerodep.shaded.org.apache.hc.client5.http.wire -- http-outgoing-2 << "Docker-Experimental: false[\r][\n]"
21:02:21.642 [docker-java-stream--607974876] DEBUG com.github.dockerjava.zerodep.shaded.org.apache.hc.client5.http.wire -- http-outgoing-2 << "Ostype: linux[\r][\n]"
21:02:21.642 [docker-java-stream--607974876] DEBUG com.github.dockerjava.zerodep.shaded.org.apache.hc.client5.http.wire -- http-outgoing-2 << "Server: Docker/24.0.2 (linux)[\r][\n]"
21:02:21.642 [docker-java-stream--607974876] DEBUG com.github.dockerjava.zerodep.shaded.org.apache.hc.client5.http.wire -- http-outgoing-2 << "Transfer-Encoding: chunked[\r][\n]"
21:02:21.642 [docker-java-stream--607974876] DEBUG com.github.dockerjava.zerodep.shaded.org.apache.hc.client5.http.wire -- http-outgoing-2 << "[\r][\n]"
21:02:21.642 [docker-java-stream--607974876] DEBUG com.github.dockerjava.zerodep.shaded.org.apache.hc.client5.http.headers -- http-outgoing-2 << HTTP/1.1 200 OK
21:02:21.642 [docker-java-stream--607974876] DEBUG com.github.dockerjava.zerodep.shaded.org.apache.hc.client5.http.headers -- http-outgoing-2 << Api-Version: 1.43
21:02:21.642 [docker-java-stream--607974876] DEBUG com.github.dockerjava.zerodep.shaded.org.apache.hc.client5.http.headers -- http-outgoing-2 << Content-Type: application/vnd.docker.raw-stream
21:02:21.642 [docker-java-stream--607974876] DEBUG com.github.dockerjava.zerodep.shaded.org.apache.hc.client5.http.headers -- http-outgoing-2 << Date: Fri, 02 Jun 2023 19:02:21 GMT
21:02:21.642 [docker-java-stream--607974876] DEBUG com.github.dockerjava.zerodep.shaded.org.apache.hc.client5.http.headers -- http-outgoing-2 << Docker-Experimental: false
21:02:21.642 [docker-java-stream--607974876] DEBUG com.github.dockerjava.zerodep.shaded.org.apache.hc.client5.http.headers -- http-outgoing-2 << Ostype: linux
21:02:21.642 [docker-java-stream--607974876] DEBUG com.github.dockerjava.zerodep.shaded.org.apache.hc.client5.http.headers -- http-outgoing-2 << Server: Docker/24.0.2 (linux)
21:02:21.642 [docker-java-stream--607974876] DEBUG com.github.dockerjava.zerodep.shaded.org.apache.hc.client5.http.headers -- http-outgoing-2 << Transfer-Encoding: chunked
21:02:21.642 [docker-java-stream--607974876] DEBUG com.github.dockerjava.zerodep.shaded.org.apache.hc.client5.http.impl.classic.MainClientExec -- ex-00000013: connection can be kept alive for 3 MINUTES
21:02:22.069 [docker-java-stream--607974876] DEBUG com.github.dockerjava.zerodep.shaded.org.apache.hc.client5.http.wire -- http-outgoing-2 << "39[\r][\n]"
21:02:22.069 [docker-java-stream--607974876] DEBUG com.github.dockerjava.zerodep.shaded.org.apache.hc.client5.http.wire -- http-outgoing-2 << "[0x1][0x0][0x0][0x0][0x0][0x0][0x0]1Current Mongosh Log ID:[0x9]647a3cbe584a9e4265bee356[\n]"
21:02:22.069 [docker-java-stream--607974876] DEBUG com.github.dockerjava.zerodep.shaded.org.apache.hc.client5.http.wire -- http-outgoing-2 << "[\r][\n]"
21:02:22.077 [docker-java-stream--607974876] DEBUG com.github.dockerjava.zerodep.shaded.org.apache.hc.client5.http.wire -- http-outgoing-2 << "82[\r][\n]"
21:02:22.077 [docker-java-stream--607974876] DEBUG com.github.dockerjava.zerodep.shaded.org.apache.hc.client5.http.wire -- http-outgoing-2 << "[0x1][0x0][0x0][0x0][0x0][0x0][0x0]zConnecting to:[0x9][0x9]mongodb://127.0.0.1:27017/mongo?directConnection=true&serverSelectionTimeoutMS=2000&appName=mongosh+1.9.1[\n]"
21:02:22.077 [docker-java-stream--607974876] DEBUG com.github.dockerjava.zerodep.shaded.org.apache.hc.client5.http.wire -- http-outgoing-2 << "[\r][\n]"
21:02:22.117 [docker-java-stream--607974876] DEBUG com.github.dockerjava.zerodep.shaded.org.apache.hc.client5.http.wire -- http-outgoing-2 << "74[\r][\n]"
21:02:22.117 [docker-java-stream--607974876] DEBUG com.github.dockerjava.zerodep.shaded.org.apache.hc.client5.http.wire -- http-outgoing-2 << "[0x1][0x0][0x0][0x0][0x0][0x0][0x0]lUsing MongoDB:[0x9][0x9]6.0.6[\n]"
21:02:22.117 [docker-java-stream--607974876] DEBUG com.github.dockerjava.zerodep.shaded.org.apache.hc.client5.http.wire -- http-outgoing-2 << "Using Mongosh:[0x9][0x9]1.9.1[\n]"
21:02:22.117 [docker-java-stream--607974876] DEBUG com.github.dockerjava.zerodep.shaded.org.apache.hc.client5.http.wire -- http-outgoing-2 << "[\n]"
21:02:22.117 [docker-java-stream--607974876] DEBUG com.github.dockerjava.zerodep.shaded.org.apache.hc.client5.http.wire -- http-outgoing-2 << "For mongosh info see: https://docs.mongodb.com/mongodb-shell/[\n]"
21:02:22.117 [docker-java-stream--607974876] DEBUG com.github.dockerjava.zerodep.shaded.org.apache.hc.client5.http.wire -- http-outgoing-2 << "[\n]"
21:02:22.117 [docker-java-stream--607974876] DEBUG com.github.dockerjava.zerodep.shaded.org.apache.hc.client5.http.wire -- http-outgoing-2 << "[\r][\n]"
21:02:22.137 [docker-java-stream--607974876] DEBUG com.github.dockerjava.zerodep.shaded.org.apache.hc.client5.http.wire -- http-outgoing-2 << "24e[\r][\n]"
21:02:22.137 [docker-java-stream--607974876] DEBUG com.github.dockerjava.zerodep.shaded.org.apache.hc.client5.http.wire -- http-outgoing-2 << "[0x1][0x0][0x0][0x0][0x0][0x0][0x2]F------[\n]"
21:02:22.137 [docker-java-stream--607974876] DEBUG com.github.dockerjava.zerodep.shaded.org.apache.hc.client5.http.wire -- http-outgoing-2 << "   The server generated these startup warnings when booting[\n]"
21:02:22.137 [docker-java-stream--607974876] DEBUG com.github.dockerjava.zerodep.shaded.org.apache.hc.client5.http.wire -- http-outgoing-2 << "   2023-06-02T19:02:19.342+00:00: Using the XFS filesystem is strongly recommended with the WiredTiger storage engine. See http://dochub.mongodb.org/core/prodnotes-filesystem[\n]"
21:02:22.137 [docker-java-stream--607974876] DEBUG com.github.dockerjava.zerodep.shaded.org.apache.hc.client5.http.wire -- http-outgoing-2 << "   2023-06-02T19:02:20.162+00:00: Access control is not enabled for the database. Read and write access to data and configuration is unrestricted[\n]"
21:02:22.137 [docker-java-stream--607974876] DEBUG com.github.dockerjava.zerodep.shaded.org.apache.hc.client5.http.wire -- http-outgoing-2 << "   2023-06-02T19:02:20.163+00:00: /sys/kernel/mm/transparent_hugepage/enabled is 'always'. We suggest setting it to 'never'[\n]"
21:02:22.137 [docker-java-stream--607974876] DEBUG com.github.dockerjava.zerodep.shaded.org.apache.hc.client5.http.wire -- http-outgoing-2 << "   2023-06-02T19:02:20.163+00:00: vm.max_map_count is too low[\n]"
21:02:22.137 [docker-java-stream--607974876] DEBUG com.github.dockerjava.zerodep.shaded.org.apache.hc.client5.http.wire -- http-outgoing-2 << "------[\n]"
21:02:22.137 [docker-java-stream--607974876] DEBUG com.github.dockerjava.zerodep.shaded.org.apache.hc.client5.http.wire -- http-outgoing-2 << "[\n]"
21:02:22.137 [docker-java-stream--607974876] DEBUG com.github.dockerjava.zerodep.shaded.org.apache.hc.client5.http.wire -- http-outgoing-2 << "[\r][\n]"
21:02:22.383 [docker-java-stream--607974876] DEBUG com.github.dockerjava.zerodep.shaded.org.apache.hc.client5.http.wire -- http-outgoing-2 << "0[\r][\n]"
21:02:22.383 [docker-java-stream--607974876] DEBUG com.github.dockerjava.zerodep.shaded.org.apache.hc.client5.http.wire -- http-outgoing-2 << "[\r][\n]"
21:02:22.383 [docker-java-stream--607974876] DEBUG com.github.dockerjava.zerodep.shaded.org.apache.hc.client5.http.impl.classic.InternalHttpClient -- ep-00000012: releasing valid endpoint
21:02:22.383 [docker-java-stream--607974876] DEBUG com.github.dockerjava.zerodep.shaded.org.apache.hc.client5.http.impl.io.PoolingHttpClientConnectionManager -- ep-00000012: releasing endpoint
21:02:22.383 [docker-java-stream--607974876] DEBUG com.github.dockerjava.zerodep.shaded.org.apache.hc.client5.http.impl.io.PoolingHttpClientConnectionManager -- ep-00000012: connection http-outgoing-2 can be kept alive for 3 MINUTES
21:02:22.384 [docker-java-stream--607974876] DEBUG com.github.dockerjava.zerodep.shaded.org.apache.hc.client5.http.impl.io.PoolingHttpClientConnectionManager -- ep-00000012: connection released [route: {}->npipe://localhost:2375][total available: 1; route allocated: 1 of 2147483647; total allocated: 1 of 2147483647]
21:02:22.384 [Test worker] DEBUG org.testcontainers.shaded.com.github.dockerjava.core.command.AbstrDockerCmd -- Cmd: b08420f423e69acec7bc3d76df28c80ab182f04f5b67ab2f780e78acac35a4f2
21:02:22.384 [Test worker] DEBUG org.testcontainers.shaded.com.github.dockerjava.core.exec.InspectExecCmdExec -- GET: DefaultWebTarget{path=[/exec/b08420f423e69acec7bc3d76df28c80ab182f04f5b67ab2f780e78acac35a4f2/json], queryParams={}}
21:02:22.385 [Test worker] DEBUG com.github.dockerjava.zerodep.shaded.org.apache.hc.client5.http.impl.classic.InternalHttpClient -- ex-00000014: preparing request execution
21:02:22.385 [Test worker] DEBUG com.github.dockerjava.zerodep.shaded.org.apache.hc.client5.http.protocol.RequestAddCookies -- Cookie spec selected: strict
21:02:22.385 [Test worker] DEBUG com.github.dockerjava.zerodep.shaded.org.apache.hc.client5.http.protocol.RequestAuthCache -- Auth cache not set in the context
21:02:22.385 [Test worker] DEBUG com.github.dockerjava.zerodep.shaded.org.apache.hc.client5.http.impl.classic.ProtocolExec -- ex-00000014: target auth state: UNCHALLENGED
21:02:22.385 [Test worker] DEBUG com.github.dockerjava.zerodep.shaded.org.apache.hc.client5.http.impl.classic.ProtocolExec -- ex-00000014: proxy auth state: UNCHALLENGED
21:02:22.385 [Test worker] DEBUG com.github.dockerjava.zerodep.shaded.org.apache.hc.client5.http.impl.classic.ConnectExec -- ex-00000014: acquiring connection with route {}->npipe://localhost:2375
21:02:22.385 [Test worker] DEBUG com.github.dockerjava.zerodep.shaded.org.apache.hc.client5.http.impl.classic.InternalHttpClient -- ex-00000014: acquiring endpoint (3 MINUTES)
21:02:22.385 [Test worker] DEBUG com.github.dockerjava.zerodep.shaded.org.apache.hc.client5.http.impl.io.PoolingHttpClientConnectionManager -- ex-00000014: endpoint lease request (3 MINUTES) [route: {}->npipe://localhost:2375][total available: 1; route allocated: 1 of 2147483647; total allocated: 1 of 2147483647]
21:02:22.385 [Test worker] DEBUG com.github.dockerjava.zerodep.shaded.org.apache.hc.client5.http.impl.io.PoolingHttpClientConnectionManager -- ex-00000014: endpoint leased [route: {}->npipe://localhost:2375][total available: 0; route allocated: 1 of 2147483647; total allocated: 1 of 2147483647]
21:02:22.385 [Test worker] DEBUG com.github.dockerjava.zerodep.shaded.org.apache.hc.client5.http.impl.io.PoolingHttpClientConnectionManager -- ex-00000014: acquired ep-00000013
21:02:22.385 [Test worker] DEBUG com.github.dockerjava.zerodep.shaded.org.apache.hc.client5.http.impl.classic.InternalHttpClient -- ex-00000014: acquired endpoint ep-00000013
21:02:22.385 [Test worker] DEBUG com.github.dockerjava.zerodep.shaded.org.apache.hc.client5.http.impl.classic.MainClientExec -- ex-00000014: executing GET /v1.32/exec/b08420f423e69acec7bc3d76df28c80ab182f04f5b67ab2f780e78acac35a4f2/json HTTP/1.1
21:02:22.385 [Test worker] DEBUG com.github.dockerjava.zerodep.shaded.org.apache.hc.client5.http.impl.classic.InternalHttpClient -- ep-00000013: start execution ex-00000014
21:02:22.385 [Test worker] DEBUG com.github.dockerjava.zerodep.shaded.org.apache.hc.client5.http.impl.io.PoolingHttpClientConnectionManager -- ep-00000013: executing exchange ex-00000014 over http-outgoing-2
21:02:22.385 [Test worker] DEBUG com.github.dockerjava.zerodep.shaded.org.apache.hc.client5.http.headers -- http-outgoing-2 >> GET /v1.32/exec/b08420f423e69acec7bc3d76df28c80ab182f04f5b67ab2f780e78acac35a4f2/json HTTP/1.1
21:02:22.385 [Test worker] DEBUG com.github.dockerjava.zerodep.shaded.org.apache.hc.client5.http.headers -- http-outgoing-2 >> accept: application/json
21:02:22.385 [Test worker] DEBUG com.github.dockerjava.zerodep.shaded.org.apache.hc.client5.http.headers -- http-outgoing-2 >> x-tc-sid: e2b65d14-0dc0-4f11-958a-a33688020ff9
21:02:22.385 [Test worker] DEBUG com.github.dockerjava.zerodep.shaded.org.apache.hc.client5.http.headers -- http-outgoing-2 >> Accept-Encoding: gzip, x-gzip, deflate
21:02:22.385 [Test worker] DEBUG com.github.dockerjava.zerodep.shaded.org.apache.hc.client5.http.headers -- http-outgoing-2 >> Host: localhost:2375
21:02:22.385 [Test worker] DEBUG com.github.dockerjava.zerodep.shaded.org.apache.hc.client5.http.headers -- http-outgoing-2 >> Connection: keep-alive
21:02:22.385 [Test worker] DEBUG com.github.dockerjava.zerodep.shaded.org.apache.hc.client5.http.headers -- http-outgoing-2 >> User-Agent: Apache-HttpClient/5.0.3 (Java/19)
21:02:22.386 [Test worker] DEBUG com.github.dockerjava.zerodep.shaded.org.apache.hc.client5.http.wire -- http-outgoing-2 >> "GET /v1.32/exec/b08420f423e69acec7bc3d76df28c80ab182f04f5b67ab2f780e78acac35a4f2/json HTTP/1.1[\r][\n]"
21:02:22.386 [Test worker] DEBUG com.github.dockerjava.zerodep.shaded.org.apache.hc.client5.http.wire -- http-outgoing-2 >> "accept: application/json[\r][\n]"
21:02:22.386 [Test worker] DEBUG com.github.dockerjava.zerodep.shaded.org.apache.hc.client5.http.wire -- http-outgoing-2 >> "x-tc-sid: e2b65d14-0dc0-4f11-958a-a33688020ff9[\r][\n]"
21:02:22.386 [Test worker] DEBUG com.github.dockerjava.zerodep.shaded.org.apache.hc.client5.http.wire -- http-outgoing-2 >> "Accept-Encoding: gzip, x-gzip, deflate[\r][\n]"
21:02:22.386 [Test worker] DEBUG com.github.dockerjava.zerodep.shaded.org.apache.hc.client5.http.wire -- http-outgoing-2 >> "Host: localhost:2375[\r][\n]"
21:02:22.386 [Test worker] DEBUG com.github.dockerjava.zerodep.shaded.org.apache.hc.client5.http.wire -- http-outgoing-2 >> "Connection: keep-alive[\r][\n]"
21:02:22.386 [Test worker] DEBUG com.github.dockerjava.zerodep.shaded.org.apache.hc.client5.http.wire -- http-outgoing-2 >> "User-Agent: Apache-HttpClient/5.0.3 (Java/19)[\r][\n]"
21:02:22.386 [Test worker] DEBUG com.github.dockerjava.zerodep.shaded.org.apache.hc.client5.http.wire -- http-outgoing-2 >> "[\r][\n]"
21:02:22.390 [Test worker] DEBUG com.github.dockerjava.zerodep.shaded.org.apache.hc.client5.http.wire -- http-outgoing-2 << "HTTP/1.1 200 OK[\r][\n]"
21:02:22.391 [Test worker] DEBUG com.github.dockerjava.zerodep.shaded.org.apache.hc.client5.http.wire -- http-outgoing-2 << "Api-Version: 1.43[\r][\n]"
21:02:22.391 [Test worker] DEBUG com.github.dockerjava.zerodep.shaded.org.apache.hc.client5.http.wire -- http-outgoing-2 << "Content-Type: application/json[\r][\n]"
21:02:22.391 [Test worker] DEBUG com.github.dockerjava.zerodep.shaded.org.apache.hc.client5.http.wire -- http-outgoing-2 << "Date: Fri, 02 Jun 2023 19:02:22 GMT[\r][\n]"
21:02:22.391 [Test worker] DEBUG com.github.dockerjava.zerodep.shaded.org.apache.hc.client5.http.wire -- http-outgoing-2 << "Docker-Experimental: false[\r][\n]"
21:02:22.391 [Test worker] DEBUG com.github.dockerjava.zerodep.shaded.org.apache.hc.client5.http.wire -- http-outgoing-2 << "Ostype: linux[\r][\n]"
21:02:22.391 [Test worker] DEBUG com.github.dockerjava.zerodep.shaded.org.apache.hc.client5.http.wire -- http-outgoing-2 << "Server: Docker/24.0.2 (linux)[\r][\n]"
21:02:22.391 [Test worker] DEBUG com.github.dockerjava.zerodep.shaded.org.apache.hc.client5.http.wire -- http-outgoing-2 << "Transfer-Encoding: chunked[\r][\n]"
21:02:22.391 [Test worker] DEBUG com.github.dockerjava.zerodep.shaded.org.apache.hc.client5.http.wire -- http-outgoing-2 << "[\r][\n]"
21:02:22.391 [Test worker] DEBUG com.github.dockerjava.zerodep.shaded.org.apache.hc.client5.http.headers -- http-outgoing-2 << HTTP/1.1 200 OK
21:02:22.391 [Test worker] DEBUG com.github.dockerjava.zerodep.shaded.org.apache.hc.client5.http.headers -- http-outgoing-2 << Api-Version: 1.43
21:02:22.391 [Test worker] DEBUG com.github.dockerjava.zerodep.shaded.org.apache.hc.client5.http.headers -- http-outgoing-2 << Content-Type: application/json
21:02:22.391 [Test worker] DEBUG com.github.dockerjava.zerodep.shaded.org.apache.hc.client5.http.headers -- http-outgoing-2 << Date: Fri, 02 Jun 2023 19:02:22 GMT
21:02:22.391 [Test worker] DEBUG com.github.dockerjava.zerodep.shaded.org.apache.hc.client5.http.headers -- http-outgoing-2 << Docker-Experimental: false
21:02:22.391 [Test worker] DEBUG com.github.dockerjava.zerodep.shaded.org.apache.hc.client5.http.headers -- http-outgoing-2 << Ostype: linux
21:02:22.391 [Test worker] DEBUG com.github.dockerjava.zerodep.shaded.org.apache.hc.client5.http.headers -- http-outgoing-2 << Server: Docker/24.0.2 (linux)
21:02:22.391 [Test worker] DEBUG com.github.dockerjava.zerodep.shaded.org.apache.hc.client5.http.headers -- http-outgoing-2 << Transfer-Encoding: chunked
21:02:22.391 [Test worker] DEBUG com.github.dockerjava.zerodep.shaded.org.apache.hc.client5.http.impl.classic.MainClientExec -- ex-00000014: connection can be kept alive for 3 MINUTES
21:02:22.391 [Test worker] DEBUG com.github.dockerjava.zerodep.shaded.org.apache.hc.client5.http.wire -- http-outgoing-2 << "356[\r][\n]"
21:02:22.391 [Test worker] DEBUG com.github.dockerjava.zerodep.shaded.org.apache.hc.client5.http.wire -- http-outgoing-2 << "{"ID":"b08420f423e69acec7bc3d76df28c80ab182f04f5b67ab2f780e78acac35a4f2","Running":false,"ExitCode":0,"ProcessConfig":{"tty":false,"entrypoint":"sh","arguments":["-c","mongosh mongo --eval \"var attempt = 0; while(db.runCommand( { isMaster: 1 } ).ismaster==false) { if (attempt > 60) {quit(1);} print('An attempt to await for a single node replica set initialization: ' + attempt); sleep(100);  attempt++;  }\"  || mongo --eval \"var attempt = 0; while(db.runCommand( { isMaster: 1 } ).ismaster==false) { if (attempt > 60) {quit(1);} print('An attempt to await for a single node replica set initialization: ' + attempt); sleep(100);  attempt++;  }\""],"privileged":false},"OpenStdin":false,"OpenStderr":true,"OpenStdout":true,"CanRemove":false,"ContainerID":"acc41d27a0edf08b0c317e3c254465cd1d67b93ba89c902a2e4c4fbada19d1d1","DetachKeys":"","Pid":17734}[\n]"
21:02:22.391 [Test worker] DEBUG com.github.dockerjava.zerodep.shaded.org.apache.hc.client5.http.wire -- http-outgoing-2 << "[\r][\n]"
21:02:22.391 [Test worker] DEBUG com.github.dockerjava.zerodep.shaded.org.apache.hc.client5.http.wire -- http-outgoing-2 << "0[\r][\n]"
21:02:22.391 [Test worker] DEBUG com.github.dockerjava.zerodep.shaded.org.apache.hc.client5.http.wire -- http-outgoing-2 << "[\r][\n]"
21:02:22.392 [Test worker] DEBUG com.github.dockerjava.zerodep.shaded.org.apache.hc.client5.http.impl.classic.InternalHttpClient -- ep-00000013: releasing valid endpoint
21:02:22.392 [Test worker] DEBUG com.github.dockerjava.zerodep.shaded.org.apache.hc.client5.http.impl.io.PoolingHttpClientConnectionManager -- ep-00000013: releasing endpoint
21:02:22.392 [Test worker] DEBUG com.github.dockerjava.zerodep.shaded.org.apache.hc.client5.http.impl.io.PoolingHttpClientConnectionManager -- ep-00000013: connection http-outgoing-2 can be kept alive for 3 MINUTES
21:02:22.392 [Test worker] DEBUG com.github.dockerjava.zerodep.shaded.org.apache.hc.client5.http.impl.io.PoolingHttpClientConnectionManager -- ep-00000013: connection released [route: {}->npipe://localhost:2375][total available: 1; route allocated: 1 of 2147483647; total allocated: 1 of 2147483647]
21:02:22.392 [Test worker] DEBUG org.testcontainers.containers.MongoDBContainer -- Current Mongosh Log ID:	647a3cbe584a9e4265bee356
Connecting to:		mongodb://127.0.0.1:27017/mongo?directConnection=true&serverSelectionTimeoutMS=2000&appName=mongosh+1.9.1
Using MongoDB:		6.0.6
Using Mongosh:		1.9.1

For mongosh info see: https://docs.mongodb.com/mongodb-shell/

------
   The server generated these startup warnings when booting
   2023-06-02T19:02:19.342+00:00: Using the XFS filesystem is strongly recommended with the WiredTiger storage engine. See http://dochub.mongodb.org/core/prodnotes-filesystem
   2023-06-02T19:02:20.162+00:00: Access control is not enabled for the database. Read and write access to data and configuration is unrestricted
   2023-06-02T19:02:20.163+00:00: /sys/kernel/mm/transparent_hugepage/enabled is 'always'. We suggest setting it to 'never'
   2023-06-02T19:02:20.163+00:00: vm.max_map_count is too low
------


21:02:22.409 [Test worker] DEBUG org.springframework.test.context.support.DependencyInjectionTestExecutionListener -- Performing dependency injection for test class com.itachallenge.user.repository.UserRepositoryTest

  .   ____          _            __ _ _
 /\\ / ___'_ __ _ _(_)_ __  __ _ \ \ \ \
( ( )\___ | '_ | '_| | '_ \/ _` | \ \ \ \
 \\/  ___)| |_)| | | | | || (_| |  ) ) ) )
  '  |____| .__|_| |_|_| |_\__, | / / / /
 =========|_|==============|___/=/_/_/_/
 :: Spring Boot ::                (v3.0.6)

container url: {}mongodb://localhost:53278/itac-users
container host/port: {}/{}localhost - 53278
2023-06-02T21:02:23.590+02:00  INFO 2432 --- [    Test worker] c.i.user.repository.UserRepositoryTest   : Starting UserRepositoryTest using Java 19 with PID 2432 (started by Usuario in C:\Users\Usuario\GIT\ita_challenges_backend\ita-challenges-backend\itachallenge-user)
2023-06-02T21:02:23.595+02:00  INFO 2432 --- [    Test worker] c.i.user.repository.UserRepositoryTest   : No active profile set, falling back to 1 default profile: "default"
2023-06-02T21:02:25.459+02:00  INFO 2432 --- [    Test worker] org.mongodb.driver.client                : MongoClient with metadata {"driver": {"name": "mongo-java-driver|reactive-streams|spring-boot", "version": "4.8.2"}, "os": {"type": "Windows", "name": "Windows 10", "architecture": "amd64", "version": "10.0"}, "platform": "Java/Oracle Corporation/19+36-2238"} created with settings MongoClientSettings{readPreference=primary, writeConcern=WriteConcern{w=null, wTimeout=null ms, journal=null}, retryWrites=true, retryReads=true, readConcern=ReadConcern{level=null}, credential=null, streamFactoryFactory=NettyStreamFactoryFactory{eventLoopGroup=io.netty.channel.nio.NioEventLoopGroup@4920430f, socketChannelClass=class io.netty.channel.socket.nio.NioSocketChannel, allocator=PooledByteBufAllocator(directByDefault: true), sslContext=null}, commandListeners=[], codecRegistry=ProvidersCodecRegistry{codecProviders=[ValueCodecProvider{}, BsonValueCodecProvider{}, DBRefCodecProvider{}, DBObjectCodecProvider{}, DocumentCodecProvider{}, CollectionCodecProvider{}, IterableCodecProvider{}, MapCodecProvider{}, GeoJsonCodecProvider{}, GridFSFileCodecProvider{}, Jsr310CodecProvider{}, JsonObjectCodecProvider{}, BsonCodecProvider{}, EnumCodecProvider{}, com.mongodb.Jep395RecordCodecProvider@5e3c8272]}, clusterSettings={hosts=[localhost:53278], srvServiceName=mongodb, mode=SINGLE, requiredClusterType=UNKNOWN, requiredReplicaSetName='null', serverSelector='null', clusterListeners='[]', serverSelectionTimeout='30000 ms', localThreshold='30000 ms'}, socketSettings=SocketSettings{connectTimeoutMS=10000, readTimeoutMS=0, receiveBufferSize=0, sendBufferSize=0}, heartbeatSocketSettings=SocketSettings{connectTimeoutMS=10000, readTimeoutMS=10000, receiveBufferSize=0, sendBufferSize=0}, connectionPoolSettings=ConnectionPoolSettings{maxSize=100, minSize=0, maxWaitTimeMS=120000, maxConnectionLifeTimeMS=0, maxConnectionIdleTimeMS=0, maintenanceInitialDelayMS=0, maintenanceFrequencyMS=60000, connectionPoolListeners=[], maxConnecting=2}, serverSettings=ServerSettings{heartbeatFrequencyMS=10000, minHeartbeatFrequencyMS=500, serverListeners='[]', serverMonitorListeners='[]'}, sslSettings=SslSettings{enabled=false, invalidHostNameAllowed=false, context=null}, applicationName='null', compressorList=[], uuidRepresentation=JAVA_LEGACY, serverApi=null, autoEncryptionSettings=null, contextProvider=null}
2023-06-02T21:02:25.820+02:00  INFO 2432 --- [localhost:53278] org.mongodb.driver.cluster               : Monitor thread successfully connected to server with description ServerDescription{address=localhost:53278, type=REPLICA_SET_PRIMARY, state=CONNECTED, ok=true, minWireVersion=0, maxWireVersion=17, maxDocumentSize=16777216, logicalSessionTimeoutMinutes=30, roundTripTimeNanos=150747200, setName='docker-rs', canonicalAddress=acc41d27a0ed:27017, hosts=[acc41d27a0ed:27017], passives=[], arbiters=[], primary='acc41d27a0ed:27017', tagSet=TagSet{[]}, electionId=7fffffff0000000000000001, setVersion=1, topologyVersion=TopologyVersion{processId=647a3cbbf1bc18762af9c98e, counter=6}, lastWriteDate=Fri Jun 02 21:02:21 CEST 2023, lastUpdateTimeNanos=7266517828100}
2023-06-02T21:02:26.269+02:00  INFO 2432 --- [    Test worker] c.i.user.repository.UserRepositoryTest   : Started UserRepositoryTest in 3.802 seconds (process running for 14.166)
2023-06-02T21:02:28.353+02:00  INFO 2432 --- [localhost:53278] org.mongodb.driver.cluster               : Exception in monitor thread while connecting to server localhost:53278

com.mongodb.MongoSocketReadException: Exception receiving message
	at com.mongodb.internal.connection.InternalStreamConnection.translateReadException(InternalStreamConnection.java:705) ~[mongodb-driver-core-4.8.2.jar:na]
	at com.mongodb.internal.connection.InternalStreamConnection.receiveMessageWithAdditionalTimeout(InternalStreamConnection.java:577) ~[mongodb-driver-core-4.8.2.jar:na]
	at com.mongodb.internal.connection.InternalStreamConnection.receiveCommandMessageResponse(InternalStreamConnection.java:413) ~[mongodb-driver-core-4.8.2.jar:na]
	at com.mongodb.internal.connection.InternalStreamConnection.receive(InternalStreamConnection.java:372) ~[mongodb-driver-core-4.8.2.jar:na]
	at com.mongodb.internal.connection.DefaultServerMonitor$ServerMonitorRunnable.lookupServerDescription(DefaultServerMonitor.java:226) ~[mongodb-driver-core-4.8.2.jar:na]
	at com.mongodb.internal.connection.DefaultServerMonitor$ServerMonitorRunnable.run(DefaultServerMonitor.java:158) ~[mongodb-driver-core-4.8.2.jar:na]
	at java.base/java.lang.Thread.run(Thread.java:1589) ~[na:na]
Caused by: java.io.IOException: The connection to the server was closed
	at com.mongodb.connection.netty.NettyStream$OpenChannelFutureListener$1.operationComplete(NettyStream.java:511) ~[mongodb-driver-core-4.8.2.jar:na]
	at com.mongodb.connection.netty.NettyStream$OpenChannelFutureListener$1.operationComplete(NettyStream.java:508) ~[mongodb-driver-core-4.8.2.jar:na]
	at io.netty.util.concurrent.DefaultPromise.notifyListener0(DefaultPromise.java:590) ~[netty-common-4.1.91.Final.jar:4.1.91.Final]
	at io.netty.util.concurrent.DefaultPromise.notifyListenersNow(DefaultPromise.java:557) ~[netty-common-4.1.91.Final.jar:4.1.91.Final]
	at io.netty.util.concurrent.DefaultPromise.notifyListeners(DefaultPromise.java:492) ~[netty-common-4.1.91.Final.jar:4.1.91.Final]
	at io.netty.util.concurrent.DefaultPromise.setValue0(DefaultPromise.java:636) ~[netty-common-4.1.91.Final.jar:4.1.91.Final]
	at io.netty.util.concurrent.DefaultPromise.setSuccess0(DefaultPromise.java:625) ~[netty-common-4.1.91.Final.jar:4.1.91.Final]
	at io.netty.util.concurrent.DefaultPromise.trySuccess(DefaultPromise.java:105) ~[netty-common-4.1.91.Final.jar:4.1.91.Final]
	at io.netty.channel.DefaultChannelPromise.trySuccess(DefaultChannelPromise.java:84) ~[netty-transport-4.1.91.Final.jar:4.1.91.Final]
	at io.netty.channel.AbstractChannel$CloseFuture.setClosed(AbstractChannel.java:1164) ~[netty-transport-4.1.91.Final.jar:4.1.91.Final]
	at io.netty.channel.AbstractChannel$AbstractUnsafe.doClose0(AbstractChannel.java:755) ~[netty-transport-4.1.91.Final.jar:4.1.91.Final]
	at io.netty.channel.AbstractChannel$AbstractUnsafe.close(AbstractChannel.java:731) ~[netty-transport-4.1.91.Final.jar:4.1.91.Final]
	at io.netty.channel.AbstractChannel$AbstractUnsafe.close(AbstractChannel.java:620) ~[netty-transport-4.1.91.Final.jar:4.1.91.Final]
	at io.netty.channel.nio.AbstractNioByteChannel$NioByteUnsafe.closeOnRead(AbstractNioByteChannel.java:105) ~[netty-transport-4.1.91.Final.jar:4.1.91.Final]
	at io.netty.channel.nio.AbstractNioByteChannel$NioByteUnsafe.read(AbstractNioByteChannel.java:174) ~[netty-transport-4.1.91.Final.jar:4.1.91.Final]
	at io.netty.channel.nio.NioEventLoop.processSelectedKey(NioEventLoop.java:788) ~[netty-transport-4.1.91.Final.jar:4.1.91.Final]
	at io.netty.channel.nio.NioEventLoop.processSelectedKeysOptimized(NioEventLoop.java:724) ~[netty-transport-4.1.91.Final.jar:4.1.91.Final]
	at io.netty.channel.nio.NioEventLoop.processSelectedKeys(NioEventLoop.java:650) ~[netty-transport-4.1.91.Final.jar:4.1.91.Final]
	at io.netty.channel.nio.NioEventLoop.run(NioEventLoop.java:562) ~[netty-transport-4.1.91.Final.jar:4.1.91.Final]
	at io.netty.util.concurrent.SingleThreadEventExecutor$4.run(SingleThreadEventExecutor.java:997) ~[netty-common-4.1.91.Final.jar:4.1.91.Final]
	at io.netty.util.internal.ThreadExecutorMap$2.run(ThreadExecutorMap.java:74) ~[netty-common-4.1.91.Final.jar:4.1.91.Final]
	at io.netty.util.concurrent.FastThreadLocalRunnable.run(FastThreadLocalRunnable.java:30) ~[netty-common-4.1.91.Final.jar:4.1.91.Final]
	... 1 common frames omitted

]]></system-out>
  <system-err><![CDATA[]]></system-err>
</testsuite>
